2025-12-08 14:56:53 - INFO - Initialized logger for instance: Dominant Item
2025-12-08 14:56:53 - INFO - Run ID: Dominant Item_20251208_145653
2025-12-08 14:56:53 - INFO - ============================================================
2025-12-08 14:56:53 - INFO - Starting branch-and-bound solver
2025-12-08 14:56:53 - INFO - Problem: {'n_job_types': 4, 'machines': 2, 'budget': 10, 'prices': [2, 5, 4, 3], 'durations': [20, 3, 5, 4], 'max_nodes': 100000}
2025-12-08 14:56:53 - INFO - ============================================================
2025-12-08 14:56:53 - INFO - Computing initial heuristic solution...
2025-12-08 14:56:53 - INFO - ==================================================
2025-12-08 14:56:53 - INFO - NEW INCUMBENT: 60.0
2025-12-08 14:56:53 - INFO - Selection: [5, 0, 0, 0]
2025-12-08 14:56:53 - INFO - Found at node: 0
2025-12-08 14:56:53 - INFO - ==================================================
2025-12-08 14:56:53 - INFO - Starting branch-and-bound with max_nodes=100000
2025-12-08 14:56:53 - INFO - Initializing CeilKnapsackSolver with reversed item order...
2025-12-08 14:56:53 - INFO - CeilKnapsackSolver initialized successfully
2025-12-08 14:56:53 - DEBUG - Node 1: {'depth': 0, 'occurrences': [0, 0, 0, 0], 'remaining_budget': 10}
2025-12-08 14:56:53 - DEBUG - Bound computed: 9.00 (ceil_knapsack_dp) at depth 0
2025-12-08 14:56:53 - DEBUG -   -> DP solution (remaining): 9.00
2025-12-08 14:56:53 - DEBUG -   -> Already committed: 0.00
2025-12-08 14:56:53 - DEBUG - Pruned (bound_dominated): {'depth': 0, 'occurrences': [0, 0, 0, 0], 'remaining_budget': 10}
2025-12-08 14:56:53 - DEBUG - Node 2: {'depth': 0, 'occurrences': [1, 0, 0, 0], 'remaining_budget': 8}
2025-12-08 14:56:53 - DEBUG - Bound computed: 29.00 (ceil_knapsack_dp) at depth 0
2025-12-08 14:56:53 - DEBUG -   -> DP solution (remaining): 9.00
2025-12-08 14:56:53 - DEBUG -   -> Already committed: 20.00
2025-12-08 14:56:53 - DEBUG - Pruned (bound_dominated): {'depth': 0, 'occurrences': [1, 0, 0, 0], 'remaining_budget': 8}
2025-12-08 14:56:53 - DEBUG - Node 3: {'depth': 0, 'occurrences': [2, 0, 0, 0], 'remaining_budget': 6}
2025-12-08 14:56:53 - DEBUG - Bound computed: 25.00 (ceil_knapsack_dp) at depth 0
2025-12-08 14:56:53 - DEBUG -   -> DP solution (remaining): 5.00
2025-12-08 14:56:53 - DEBUG -   -> Already committed: 20.00
2025-12-08 14:56:53 - DEBUG - Pruned (bound_dominated): {'depth': 0, 'occurrences': [2, 0, 0, 0], 'remaining_budget': 6}
2025-12-08 14:56:53 - DEBUG - Node 4: {'depth': 0, 'occurrences': [3, 0, 0, 0], 'remaining_budget': 4}
2025-12-08 14:56:53 - DEBUG - Bound computed: 45.00 (ceil_knapsack_dp) at depth 0
2025-12-08 14:56:53 - DEBUG -   -> DP solution (remaining): 5.00
2025-12-08 14:56:53 - DEBUG -   -> Already committed: 40.00
2025-12-08 14:56:53 - DEBUG - Pruned (bound_dominated): {'depth': 0, 'occurrences': [3, 0, 0, 0], 'remaining_budget': 4}
2025-12-08 14:56:53 - DEBUG - Node 5: {'depth': 0, 'occurrences': [4, 0, 0, 0], 'remaining_budget': 2}
2025-12-08 14:56:53 - DEBUG - Bound computed: 40.00 (ceil_knapsack_dp) at depth 0
2025-12-08 14:56:53 - DEBUG -   -> DP solution (remaining): 0.00
2025-12-08 14:56:53 - DEBUG -   -> Already committed: 40.00
2025-12-08 14:56:53 - DEBUG - Pruned (bound_dominated): {'depth': 0, 'occurrences': [4, 0, 0, 0], 'remaining_budget': 2}
2025-12-08 14:56:53 - DEBUG - Node 6: {'depth': 0, 'occurrences': [5, 0, 0, 0], 'remaining_budget': 0}
2025-12-08 14:56:53 - DEBUG - Pruned (budget_infeasible): {'depth': 0, 'child_type': 'right'}
2025-12-08 14:56:53 - DEBUG - Bound computed: 60.00 (ceil_knapsack_dp) at depth 0
2025-12-08 14:56:53 - DEBUG -   -> DP solution (remaining): 0.00
2025-12-08 14:56:53 - DEBUG -   -> Already committed: 60.00
2025-12-08 14:56:53 - DEBUG - Pruned (bound_dominated): {'depth': 0, 'occurrences': [5, 0, 0, 0], 'remaining_budget': 0}
2025-12-08 14:56:53 - INFO - Computing final schedule for best solution...
2025-12-08 14:56:53 - INFO - Metrics saved to: C:\Users\oleda\.vscode\Solving stuff with Gurobi\logs\Dominant Item_20251208_145653_metrics.json
2025-12-08 14:56:53 - INFO - ============================================================
2025-12-08 14:56:53 - INFO - Branch-and-bound completed
2025-12-08 14:56:53 - INFO - Total runtime: 0.002 seconds
2025-12-08 14:56:53 - INFO - Nodes explored: 6
2025-12-08 14:56:53 - INFO - Nodes pruned: 7
2025-12-08 14:56:53 - INFO - Nodes evaluated: 0
2025-12-08 14:56:53 - INFO - Pruning rate: 116.67%
2025-12-08 14:56:53 - INFO - ============================================================

======================================================================
ENUMERATION COMPARISON
======================================================================
BnB nodes explored: 6
Enumeration nodes evaluated: 29
Ratio (BnB/Enum): 0.21x
Enumeration makespan: 60.0
BnB makespan: 60.0
Match: YES
======================================================================
