2025-12-01 09:46:17 - INFO - Initialized logger for instance: Expensive Items
2025-12-01 09:46:17 - INFO - Run ID: Expensive Items_20251201_094617
2025-12-01 09:46:17 - INFO - ============================================================
2025-12-01 09:46:17 - INFO - Starting branch-and-bound solver
2025-12-01 09:46:17 - INFO - Problem: {'n_job_types': 4, 'machines': 2, 'budget': 15, 'prices': [8, 10, 9, 7], 'durations': [3, 5, 4, 2], 'max_nodes': 100000}
2025-12-01 09:46:17 - INFO - ============================================================
2025-12-01 09:46:17 - INFO - Computing initial heuristic solution...
2025-12-01 09:46:17 - INFO - ==================================================
2025-12-01 09:46:17 - INFO - NEW INCUMBENT: 5.0
2025-12-01 09:46:17 - INFO - Selection: [0, 1, 0, 0]
2025-12-01 09:46:17 - INFO - Found at node: 0
2025-12-01 09:46:17 - INFO - ==================================================
2025-12-01 09:46:17 - INFO - Starting branch-and-bound with max_nodes=100000
2025-12-01 09:46:17 - DEBUG - Node 1: {'depth': 0, 'occurrences': [0, 0, 0, 0], 'remaining_budget': 15}
2025-12-01 09:46:17 - DEBUG - Bound computed: 5.00 (exact_ip) at depth 0
2025-12-01 09:46:17 - DEBUG -   -> IP solution (remaining): 5.00
2025-12-01 09:46:17 - DEBUG -   -> Already committed: 0.00
2025-12-01 09:46:17 - DEBUG - Pruned (bound_dominated): {'depth': 0, 'occurrences': [0, 0, 0, 0], 'remaining_budget': 15}
2025-12-01 09:46:17 - DEBUG - Node 2: {'depth': 0, 'occurrences': [1, 0, 0, 0], 'remaining_budget': 7}
2025-12-01 09:46:17 - DEBUG - Pruned (budget_infeasible): {'depth': 0, 'child_type': 'right'}
2025-12-01 09:46:17 - DEBUG - Bound computed: 5.00 (exact_ip) at depth 0
2025-12-01 09:46:17 - DEBUG -   -> IP solution (remaining): 2.00
2025-12-01 09:46:17 - DEBUG -   -> Already committed: 3.00
2025-12-01 09:46:17 - DEBUG - Pruned (bound_dominated): {'depth': 0, 'occurrences': [1, 0, 0, 0], 'remaining_budget': 7}
2025-12-01 09:46:17 - INFO - Computing final schedule for best solution...
2025-12-01 09:46:17 - INFO - Metrics saved to: logs\Expensive Items_20251201_094617_metrics.json
2025-12-01 09:46:17 - INFO - ============================================================
2025-12-01 09:46:17 - INFO - Branch-and-bound completed
2025-12-01 09:46:17 - INFO - Total runtime: 0.002 seconds
2025-12-01 09:46:17 - INFO - Nodes explored: 2
2025-12-01 09:46:17 - INFO - Nodes pruned: 3
2025-12-01 09:46:17 - INFO - Nodes evaluated: 0
2025-12-01 09:46:17 - INFO - Pruning rate: 150.00%
2025-12-01 09:46:17 - INFO - ============================================================
