2025-12-08 16:50:21 - INFO - Initialized logger for instance: Expensive Items
2025-12-08 16:50:21 - INFO - Run ID: Expensive Items_20251208_165021
2025-12-08 16:50:21 - INFO - ============================================================
2025-12-08 16:50:21 - INFO - Starting branch-and-bound solver
2025-12-08 16:50:21 - INFO - Problem: {'n_job_types': 4, 'machines': 2, 'budget': 15, 'prices': [8, 10, 9, 7], 'durations': [3, 5, 4, 2], 'max_nodes': 100000}
2025-12-08 16:50:21 - INFO - ============================================================
2025-12-08 16:50:21 - INFO - Computing initial heuristic solution...
2025-12-08 16:50:21 - INFO - ==================================================
2025-12-08 16:50:21 - INFO - NEW INCUMBENT: 5.0
2025-12-08 16:50:21 - INFO - Selection: [0, 1, 0, 0]
2025-12-08 16:50:21 - INFO - Found at node: 0
2025-12-08 16:50:21 - INFO - ==================================================
2025-12-08 16:50:21 - INFO - Starting branch-and-bound with max_nodes=100000
2025-12-08 16:50:21 - INFO - Initializing CeilKnapsackSolver with reversed item order...
2025-12-08 16:50:21 - INFO - CeilKnapsackSolver initialized successfully
2025-12-08 16:50:21 - DEBUG - Node 1: {'depth': 0, 'occurrences': [0, 0, 0, 0], 'remaining_budget': 15}
2025-12-08 16:50:21 - DEBUG - Bound computed: 5.00 (ceil_knapsack_dp) at depth 0
2025-12-08 16:50:21 - DEBUG -   -> DP solution (remaining): 5.00
2025-12-08 16:50:21 - DEBUG -   -> Already committed: 0.00
2025-12-08 16:50:21 - DEBUG - Pruned (bound_dominated): {'depth': 0, 'occurrences': [0, 0, 0, 0], 'remaining_budget': 15}
2025-12-08 16:50:21 - DEBUG - Node 2: {'depth': 0, 'occurrences': [1, 0, 0, 0], 'remaining_budget': 7}
2025-12-08 16:50:21 - DEBUG - Pruned (budget_infeasible): {'depth': 0, 'child_type': 'right'}
2025-12-08 16:50:21 - DEBUG - Bound computed: 5.00 (ceil_knapsack_dp) at depth 0
2025-12-08 16:50:21 - DEBUG -   -> DP solution (remaining): 2.00
2025-12-08 16:50:21 - DEBUG -   -> Already committed: 3.00
2025-12-08 16:50:21 - DEBUG - Pruned (bound_dominated): {'depth': 0, 'occurrences': [1, 0, 0, 0], 'remaining_budget': 7}
2025-12-08 16:50:21 - INFO - Computing final schedule for best solution...
2025-12-08 16:50:21 - INFO - Metrics saved to: C:\Users\oleda\.vscode\Solving stuff with Gurobi\logs\Expensive Items_20251208_165021_metrics.json
2025-12-08 16:50:21 - INFO - ============================================================
2025-12-08 16:50:21 - INFO - Branch-and-bound completed
2025-12-08 16:50:21 - INFO - Total runtime: 0.002 seconds
2025-12-08 16:50:21 - INFO - Nodes explored: 2
2025-12-08 16:50:21 - INFO - Nodes pruned: 3
2025-12-08 16:50:21 - INFO - Nodes evaluated: 0
2025-12-08 16:50:21 - INFO - Pruning rate: 150.00%
2025-12-08 16:50:21 - INFO - ============================================================

======================================================================
ENUMERATION COMPARISON
======================================================================
BnB nodes explored: 2
Enumeration nodes evaluated: 6
Ratio (BnB/Enum): 0.33x
Enumeration makespan: 5.0
BnB makespan: 5.0
Match: YES
======================================================================
