2025-12-08 14:54:11 - INFO - Initialized logger for instance: Extreme Ratios
2025-12-08 14:54:11 - INFO - Run ID: Extreme Ratios_20251208_145411
2025-12-08 14:54:11 - INFO - ============================================================
2025-12-08 14:54:11 - INFO - Starting branch-and-bound solver
2025-12-08 14:54:11 - INFO - Problem: {'n_job_types': 4, 'machines': 2, 'budget': 12, 'prices': [1, 10, 4, 3], 'durations': [15, 2, 8, 6], 'max_nodes': 100000}
2025-12-08 14:54:11 - INFO - ============================================================
2025-12-08 14:54:11 - INFO - Computing initial heuristic solution...
2025-12-08 14:54:11 - INFO - ==================================================
2025-12-08 14:54:11 - INFO - NEW INCUMBENT: 90.0
2025-12-08 14:54:11 - INFO - Selection: [12, 0, 0, 0]
2025-12-08 14:54:11 - INFO - Found at node: 0
2025-12-08 14:54:11 - INFO - ==================================================
2025-12-08 14:54:11 - INFO - Starting branch-and-bound with max_nodes=100000
2025-12-08 14:54:11 - INFO - Initializing CeilKnapsackSolver with reversed item order...
2025-12-08 14:54:11 - INFO - CeilKnapsackSolver initialized successfully
2025-12-08 14:54:11 - DEBUG - Node 1: {'depth': 0, 'occurrences': [0, 0, 0, 0], 'remaining_budget': 12}
2025-12-08 14:54:11 - DEBUG - Bound computed: 16.00 (ceil_knapsack_dp) at depth 0
2025-12-08 14:54:11 - DEBUG -   -> DP solution (remaining): 16.00
2025-12-08 14:54:11 - DEBUG -   -> Already committed: 0.00
2025-12-08 14:54:11 - DEBUG -   -> Verification: DP and IP match OK
2025-12-08 14:54:11 - WARNING - Bound computation failed: name 'ceil_time' is not defined
2025-12-08 14:54:11 - DEBUG - Node 2: {'depth': 1, 'occurrences': [0, 0, 0, 0], 'remaining_budget': 12}
2025-12-08 14:54:11 - DEBUG - Bound computed: 16.00 (ceil_knapsack_dp) at depth 1
2025-12-08 14:54:11 - DEBUG -   -> DP solution (remaining): 16.00
2025-12-08 14:54:11 - DEBUG -   -> Already committed: 0.00
2025-12-08 14:54:11 - DEBUG -   -> Verification: DP and IP match OK
2025-12-08 14:54:11 - WARNING - Bound computation failed: name 'ceil_time' is not defined
2025-12-08 14:54:11 - DEBUG - Node 3: {'depth': 2, 'occurrences': [0, 0, 0, 0], 'remaining_budget': 12}
2025-12-08 14:54:11 - DEBUG - Bound computed: 12.00 (ceil_knapsack_dp) at depth 2
2025-12-08 14:54:11 - DEBUG -   -> DP solution (remaining): 12.00
2025-12-08 14:54:11 - DEBUG -   -> Already committed: 0.00
2025-12-08 14:54:11 - DEBUG -   -> Verification: DP and IP match OK
2025-12-08 14:54:11 - WARNING - Bound computation failed: name 'ceil_time' is not defined
2025-12-08 14:54:11 - DEBUG - Node 4: {'depth': 3, 'occurrences': [0, 0, 0, 0], 'remaining_budget': 12}
2025-12-08 14:54:11 - DEBUG - Evaluated leaf node: makespan=0.0
2025-12-08 14:54:11 - DEBUG -   Node: {'depth': 3, 'occurrences': [0, 0, 0, 0], 'remaining_budget': 12}
2025-12-08 14:54:11 - DEBUG - Node 5: {'depth': 2, 'occurrences': [0, 0, 1, 0], 'remaining_budget': 8}
2025-12-08 14:54:11 - DEBUG - Bound computed: 14.00 (ceil_knapsack_dp) at depth 2
2025-12-08 14:54:11 - DEBUG -   -> DP solution (remaining): 6.00
2025-12-08 14:54:11 - DEBUG -   -> Already committed: 8.00
2025-12-08 14:54:11 - DEBUG -   -> Verification: DP and IP match OK
2025-12-08 14:54:11 - WARNING - Bound computation failed: name 'ceil_time' is not defined
2025-12-08 14:54:11 - DEBUG - Node 6: {'depth': 3, 'occurrences': [0, 0, 1, 0], 'remaining_budget': 8}
2025-12-08 14:54:11 - DEBUG - Evaluated leaf node: makespan=8.0
2025-12-08 14:54:11 - DEBUG -   Node: {'depth': 3, 'occurrences': [0, 0, 1, 0], 'remaining_budget': 8}
2025-12-08 14:54:11 - DEBUG - Node 7: {'depth': 2, 'occurrences': [0, 0, 2, 0], 'remaining_budget': 4}
2025-12-08 14:54:11 - DEBUG - Bound computed: 14.00 (ceil_knapsack_dp) at depth 2
2025-12-08 14:54:11 - DEBUG -   -> DP solution (remaining): 6.00
2025-12-08 14:54:11 - DEBUG -   -> Already committed: 8.00
2025-12-08 14:54:11 - DEBUG -   -> Verification: DP and IP match OK
2025-12-08 14:54:11 - WARNING - Bound computation failed: name 'ceil_time' is not defined
2025-12-08 14:54:11 - DEBUG - Node 8: {'depth': 3, 'occurrences': [0, 0, 2, 0], 'remaining_budget': 4}
2025-12-08 14:54:11 - DEBUG - Evaluated leaf node: makespan=8.0
2025-12-08 14:54:11 - DEBUG -   Node: {'depth': 3, 'occurrences': [0, 0, 2, 0], 'remaining_budget': 4}
2025-12-08 14:54:11 - DEBUG - Node 9: {'depth': 2, 'occurrences': [0, 0, 3, 0], 'remaining_budget': 0}
2025-12-08 14:54:11 - DEBUG - Pruned (budget_infeasible): {'depth': 2, 'child_type': 'right'}
2025-12-08 14:54:11 - DEBUG - Bound computed: 16.00 (ceil_knapsack_dp) at depth 2
2025-12-08 14:54:11 - DEBUG -   -> DP solution (remaining): 0.00
2025-12-08 14:54:11 - DEBUG -   -> Already committed: 16.00
2025-12-08 14:54:11 - DEBUG -   -> Verification: DP and IP match OK
2025-12-08 14:54:11 - WARNING - Bound computation failed: name 'ceil_time' is not defined
2025-12-08 14:54:11 - DEBUG - Node 10: {'depth': 3, 'occurrences': [0, 0, 3, 0], 'remaining_budget': 0}
2025-12-08 14:54:11 - DEBUG - Evaluated leaf node: makespan=16.0
2025-12-08 14:54:11 - DEBUG -   Node: {'depth': 3, 'occurrences': [0, 0, 3, 0], 'remaining_budget': 0}
2025-12-08 14:54:11 - DEBUG - Node 11: {'depth': 1, 'occurrences': [0, 1, 0, 0], 'remaining_budget': 2}
2025-12-08 14:54:11 - DEBUG - Pruned (budget_infeasible): {'depth': 1, 'child_type': 'right'}
2025-12-08 14:54:11 - DEBUG - Bound computed: 2.00 (ceil_knapsack_dp) at depth 1
2025-12-08 14:54:11 - DEBUG -   -> DP solution (remaining): 0.00
2025-12-08 14:54:11 - DEBUG -   -> Already committed: 2.00
2025-12-08 14:54:11 - DEBUG -   -> Verification: DP and IP match OK
2025-12-08 14:54:11 - WARNING - Bound computation failed: name 'ceil_time' is not defined
2025-12-08 14:54:11 - DEBUG - Node 12: {'depth': 2, 'occurrences': [0, 1, 0, 0], 'remaining_budget': 2}
2025-12-08 14:54:11 - DEBUG - Pruned (budget_infeasible): {'depth': 2, 'child_type': 'right'}
2025-12-08 14:54:11 - DEBUG - Bound computed: 2.00 (ceil_knapsack_dp) at depth 2
2025-12-08 14:54:11 - DEBUG -   -> DP solution (remaining): 0.00
2025-12-08 14:54:11 - DEBUG -   -> Already committed: 2.00
2025-12-08 14:54:11 - DEBUG -   -> Verification: DP and IP match OK
2025-12-08 14:54:11 - WARNING - Bound computation failed: name 'ceil_time' is not defined
2025-12-08 14:54:11 - DEBUG - Node 13: {'depth': 3, 'occurrences': [0, 1, 0, 0], 'remaining_budget': 2}
2025-12-08 14:54:11 - DEBUG - Evaluated leaf node: makespan=2.0
2025-12-08 14:54:11 - DEBUG -   Node: {'depth': 3, 'occurrences': [0, 1, 0, 0], 'remaining_budget': 2}
2025-12-08 14:54:11 - DEBUG - Node 14: {'depth': 0, 'occurrences': [1, 0, 0, 0], 'remaining_budget': 11}
2025-12-08 14:54:11 - DEBUG - Bound computed: 29.00 (ceil_knapsack_dp) at depth 0
2025-12-08 14:54:11 - DEBUG -   -> DP solution (remaining): 14.00
2025-12-08 14:54:11 - DEBUG -   -> Already committed: 15.00
2025-12-08 14:54:11 - DEBUG -   -> Verification: DP and IP match OK
2025-12-08 14:54:11 - WARNING - Bound computation failed: name 'ceil_time' is not defined
2025-12-08 14:54:11 - DEBUG - Node 15: {'depth': 1, 'occurrences': [1, 0, 0, 0], 'remaining_budget': 11}
2025-12-08 14:54:11 - DEBUG - Bound computed: 29.00 (ceil_knapsack_dp) at depth 1
2025-12-08 14:54:11 - DEBUG -   -> DP solution (remaining): 14.00
2025-12-08 14:54:11 - DEBUG -   -> Already committed: 15.00
2025-12-08 14:54:11 - DEBUG -   -> Verification: DP and IP match OK
2025-12-08 14:54:11 - WARNING - Bound computation failed: name 'ceil_time' is not defined
2025-12-08 14:54:11 - DEBUG - Node 16: {'depth': 2, 'occurrences': [1, 0, 0, 0], 'remaining_budget': 11}
2025-12-08 14:54:11 - DEBUG - Bound computed: 27.00 (ceil_knapsack_dp) at depth 2
2025-12-08 14:54:11 - DEBUG -   -> DP solution (remaining): 12.00
2025-12-08 14:54:11 - DEBUG -   -> Already committed: 15.00
2025-12-08 14:54:11 - DEBUG -   -> Verification: DP and IP match OK
2025-12-08 14:54:11 - WARNING - Bound computation failed: name 'ceil_time' is not defined
2025-12-08 14:54:11 - DEBUG - Node 17: {'depth': 3, 'occurrences': [1, 0, 0, 0], 'remaining_budget': 11}
2025-12-08 14:54:11 - DEBUG - Evaluated leaf node: makespan=15.0
2025-12-08 14:54:11 - DEBUG -   Node: {'depth': 3, 'occurrences': [1, 0, 0, 0], 'remaining_budget': 11}
2025-12-08 14:54:11 - DEBUG - Node 18: {'depth': 2, 'occurrences': [1, 0, 1, 0], 'remaining_budget': 7}
2025-12-08 14:54:11 - DEBUG - Bound computed: 21.00 (ceil_knapsack_dp) at depth 2
2025-12-08 14:54:11 - DEBUG -   -> DP solution (remaining): 6.00
2025-12-08 14:54:11 - DEBUG -   -> Already committed: 15.00
2025-12-08 14:54:11 - DEBUG -   -> Verification: DP and IP match OK
2025-12-08 14:54:11 - WARNING - Bound computation failed: name 'ceil_time' is not defined
2025-12-08 14:54:11 - DEBUG - Node 19: {'depth': 3, 'occurrences': [1, 0, 1, 0], 'remaining_budget': 7}
2025-12-08 14:54:11 - DEBUG - Evaluated leaf node: makespan=15.0
2025-12-08 14:54:11 - DEBUG -   Node: {'depth': 3, 'occurrences': [1, 0, 1, 0], 'remaining_budget': 7}
2025-12-08 14:54:11 - DEBUG - Node 20: {'depth': 2, 'occurrences': [1, 0, 2, 0], 'remaining_budget': 3}
2025-12-08 14:54:11 - DEBUG - Pruned (budget_infeasible): {'depth': 2, 'child_type': 'right'}
2025-12-08 14:54:11 - DEBUG - Bound computed: 22.00 (ceil_knapsack_dp) at depth 2
2025-12-08 14:54:11 - DEBUG -   -> DP solution (remaining): 6.00
2025-12-08 14:54:11 - DEBUG -   -> Already committed: 16.00
2025-12-08 14:54:11 - DEBUG -   -> Verification: DP and IP match OK
2025-12-08 14:54:11 - WARNING - Bound computation failed: name 'ceil_time' is not defined
2025-12-08 14:54:11 - DEBUG - Node 21: {'depth': 3, 'occurrences': [1, 0, 2, 0], 'remaining_budget': 3}
2025-12-08 14:54:11 - DEBUG - Evaluated leaf node: makespan=16.0
2025-12-08 14:54:11 - DEBUG -   Node: {'depth': 3, 'occurrences': [1, 0, 2, 0], 'remaining_budget': 3}
2025-12-08 14:54:11 - DEBUG - Node 22: {'depth': 1, 'occurrences': [1, 1, 0, 0], 'remaining_budget': 1}
2025-12-08 14:54:11 - DEBUG - Pruned (budget_infeasible): {'depth': 1, 'child_type': 'right'}
2025-12-08 14:54:11 - DEBUG - Bound computed: 15.00 (ceil_knapsack_dp) at depth 1
2025-12-08 14:54:11 - DEBUG -   -> DP solution (remaining): 0.00
2025-12-08 14:54:11 - DEBUG -   -> Already committed: 15.00
2025-12-08 14:54:11 - DEBUG -   -> Verification: DP and IP match OK
2025-12-08 14:54:11 - WARNING - Bound computation failed: name 'ceil_time' is not defined
2025-12-08 14:54:11 - DEBUG - Node 23: {'depth': 2, 'occurrences': [1, 1, 0, 0], 'remaining_budget': 1}
2025-12-08 14:54:11 - DEBUG - Pruned (budget_infeasible): {'depth': 2, 'child_type': 'right'}
2025-12-08 14:54:11 - DEBUG - Bound computed: 15.00 (ceil_knapsack_dp) at depth 2
2025-12-08 14:54:11 - DEBUG -   -> DP solution (remaining): 0.00
2025-12-08 14:54:11 - DEBUG -   -> Already committed: 15.00
2025-12-08 14:54:11 - DEBUG -   -> Verification: DP and IP match OK
2025-12-08 14:54:11 - WARNING - Bound computation failed: name 'ceil_time' is not defined
2025-12-08 14:54:11 - DEBUG - Node 24: {'depth': 3, 'occurrences': [1, 1, 0, 0], 'remaining_budget': 1}
2025-12-08 14:54:11 - DEBUG - Evaluated leaf node: makespan=15.0
2025-12-08 14:54:11 - DEBUG -   Node: {'depth': 3, 'occurrences': [1, 1, 0, 0], 'remaining_budget': 1}
2025-12-08 14:54:11 - DEBUG - Node 25: {'depth': 0, 'occurrences': [2, 0, 0, 0], 'remaining_budget': 10}
2025-12-08 14:54:11 - DEBUG - Bound computed: 29.00 (ceil_knapsack_dp) at depth 0
2025-12-08 14:54:11 - DEBUG -   -> DP solution (remaining): 14.00
2025-12-08 14:54:11 - DEBUG -   -> Already committed: 15.00
2025-12-08 14:54:11 - DEBUG -   -> Verification: DP and IP match OK
2025-12-08 14:54:11 - WARNING - Bound computation failed: name 'ceil_time' is not defined
2025-12-08 14:54:11 - DEBUG - Node 26: {'depth': 1, 'occurrences': [2, 0, 0, 0], 'remaining_budget': 10}
2025-12-08 14:54:11 - DEBUG - Bound computed: 29.00 (ceil_knapsack_dp) at depth 1
2025-12-08 14:54:11 - DEBUG -   -> DP solution (remaining): 14.00
2025-12-08 14:54:11 - DEBUG -   -> Already committed: 15.00
2025-12-08 14:54:11 - DEBUG -   -> Verification: DP and IP match OK
2025-12-08 14:54:11 - WARNING - Bound computation failed: name 'ceil_time' is not defined
2025-12-08 14:54:11 - DEBUG - Node 27: {'depth': 2, 'occurrences': [2, 0, 0, 0], 'remaining_budget': 10}
2025-12-08 14:54:11 - DEBUG - Bound computed: 27.00 (ceil_knapsack_dp) at depth 2
2025-12-08 14:54:11 - DEBUG -   -> DP solution (remaining): 12.00
2025-12-08 14:54:11 - DEBUG -   -> Already committed: 15.00
2025-12-08 14:54:11 - DEBUG -   -> Verification: DP and IP match OK
2025-12-08 14:54:11 - WARNING - Bound computation failed: name 'ceil_time' is not defined
2025-12-08 14:54:11 - DEBUG - Node 28: {'depth': 3, 'occurrences': [2, 0, 0, 0], 'remaining_budget': 10}
2025-12-08 14:54:11 - DEBUG - Evaluated leaf node: makespan=15.0
2025-12-08 14:54:11 - DEBUG -   Node: {'depth': 3, 'occurrences': [2, 0, 0, 0], 'remaining_budget': 10}
2025-12-08 14:54:11 - DEBUG - Node 29: {'depth': 2, 'occurrences': [2, 0, 1, 0], 'remaining_budget': 6}
2025-12-08 14:54:11 - DEBUG - Bound computed: 29.00 (ceil_knapsack_dp) at depth 2
2025-12-08 14:54:11 - DEBUG -   -> DP solution (remaining): 6.00
2025-12-08 14:54:11 - DEBUG -   -> Already committed: 23.00
2025-12-08 14:54:11 - DEBUG -   -> Verification: DP and IP match OK
2025-12-08 14:54:11 - WARNING - Bound computation failed: name 'ceil_time' is not defined
2025-12-08 14:54:11 - DEBUG - Node 30: {'depth': 3, 'occurrences': [2, 0, 1, 0], 'remaining_budget': 6}
2025-12-08 14:54:11 - DEBUG - Evaluated leaf node: makespan=23.0
2025-12-08 14:54:11 - DEBUG -   Node: {'depth': 3, 'occurrences': [2, 0, 1, 0], 'remaining_budget': 6}
2025-12-08 14:54:11 - DEBUG - Node 31: {'depth': 2, 'occurrences': [2, 0, 2, 0], 'remaining_budget': 2}
2025-12-08 14:54:11 - DEBUG - Pruned (budget_infeasible): {'depth': 2, 'child_type': 'right'}
2025-12-08 14:54:11 - DEBUG - Bound computed: 23.00 (ceil_knapsack_dp) at depth 2
2025-12-08 14:54:11 - DEBUG -   -> DP solution (remaining): 0.00
2025-12-08 14:54:11 - DEBUG -   -> Already committed: 23.00
2025-12-08 14:54:11 - DEBUG -   -> Verification: DP and IP match OK
2025-12-08 14:54:11 - WARNING - Bound computation failed: name 'ceil_time' is not defined
2025-12-08 14:54:11 - DEBUG - Node 32: {'depth': 3, 'occurrences': [2, 0, 2, 0], 'remaining_budget': 2}
2025-12-08 14:54:11 - DEBUG - Evaluated leaf node: makespan=23.0
2025-12-08 14:54:11 - DEBUG -   Node: {'depth': 3, 'occurrences': [2, 0, 2, 0], 'remaining_budget': 2}
2025-12-08 14:54:11 - DEBUG - Node 33: {'depth': 1, 'occurrences': [2, 1, 0, 0], 'remaining_budget': 0}
2025-12-08 14:54:11 - DEBUG - Pruned (budget_infeasible): {'depth': 1, 'child_type': 'right'}
2025-12-08 14:54:11 - DEBUG - Bound computed: 17.00 (ceil_knapsack_dp) at depth 1
2025-12-08 14:54:11 - DEBUG -   -> DP solution (remaining): 0.00
2025-12-08 14:54:11 - DEBUG -   -> Already committed: 17.00
2025-12-08 14:54:11 - DEBUG -   -> Verification: DP and IP match OK
2025-12-08 14:54:11 - WARNING - Bound computation failed: name 'ceil_time' is not defined
2025-12-08 14:54:11 - DEBUG - Node 34: {'depth': 2, 'occurrences': [2, 1, 0, 0], 'remaining_budget': 0}
2025-12-08 14:54:11 - DEBUG - Pruned (budget_infeasible): {'depth': 2, 'child_type': 'right'}
2025-12-08 14:54:11 - DEBUG - Bound computed: 17.00 (ceil_knapsack_dp) at depth 2
2025-12-08 14:54:11 - DEBUG -   -> DP solution (remaining): 0.00
2025-12-08 14:54:11 - DEBUG -   -> Already committed: 17.00
2025-12-08 14:54:11 - DEBUG -   -> Verification: DP and IP match OK
2025-12-08 14:54:11 - WARNING - Bound computation failed: name 'ceil_time' is not defined
2025-12-08 14:54:11 - DEBUG - Node 35: {'depth': 3, 'occurrences': [2, 1, 0, 0], 'remaining_budget': 0}
2025-12-08 14:54:11 - DEBUG - Evaluated leaf node: makespan=17.0
2025-12-08 14:54:11 - DEBUG -   Node: {'depth': 3, 'occurrences': [2, 1, 0, 0], 'remaining_budget': 0}
2025-12-08 14:54:11 - DEBUG - Node 36: {'depth': 0, 'occurrences': [3, 0, 0, 0], 'remaining_budget': 9}
2025-12-08 14:54:11 - DEBUG - Bound computed: 44.00 (ceil_knapsack_dp) at depth 0
2025-12-08 14:54:11 - DEBUG -   -> DP solution (remaining): 14.00
2025-12-08 14:54:11 - DEBUG -   -> Already committed: 30.00
2025-12-08 14:54:11 - DEBUG -   -> Verification: DP and IP match OK
2025-12-08 14:54:11 - WARNING - Bound computation failed: name 'ceil_time' is not defined
2025-12-08 14:54:11 - DEBUG - Node 37: {'depth': 1, 'occurrences': [3, 0, 0, 0], 'remaining_budget': 9}
2025-12-08 14:54:11 - DEBUG - Pruned (budget_infeasible): {'depth': 1, 'child_type': 'right'}
2025-12-08 14:54:11 - DEBUG - Bound computed: 44.00 (ceil_knapsack_dp) at depth 1
2025-12-08 14:54:11 - DEBUG -   -> DP solution (remaining): 14.00
2025-12-08 14:54:11 - DEBUG -   -> Already committed: 30.00
2025-12-08 14:54:11 - DEBUG -   -> Verification: DP and IP match OK
2025-12-08 14:54:11 - WARNING - Bound computation failed: name 'ceil_time' is not defined
2025-12-08 14:54:11 - DEBUG - Node 38: {'depth': 2, 'occurrences': [3, 0, 0, 0], 'remaining_budget': 9}
2025-12-08 14:54:11 - DEBUG - Bound computed: 42.00 (ceil_knapsack_dp) at depth 2
2025-12-08 14:54:11 - DEBUG -   -> DP solution (remaining): 12.00
2025-12-08 14:54:11 - DEBUG -   -> Already committed: 30.00
2025-12-08 14:54:11 - DEBUG -   -> Verification: DP and IP match OK
2025-12-08 14:54:11 - WARNING - Bound computation failed: name 'ceil_time' is not defined
2025-12-08 14:54:11 - DEBUG - Node 39: {'depth': 3, 'occurrences': [3, 0, 0, 0], 'remaining_budget': 9}
2025-12-08 14:54:11 - DEBUG - Evaluated leaf node: makespan=30.0
2025-12-08 14:54:11 - DEBUG -   Node: {'depth': 3, 'occurrences': [3, 0, 0, 0], 'remaining_budget': 9}
2025-12-08 14:54:11 - DEBUG - Node 40: {'depth': 2, 'occurrences': [3, 0, 1, 0], 'remaining_budget': 5}
2025-12-08 14:54:11 - DEBUG - Bound computed: 36.00 (ceil_knapsack_dp) at depth 2
2025-12-08 14:54:11 - DEBUG -   -> DP solution (remaining): 6.00
2025-12-08 14:54:11 - DEBUG -   -> Already committed: 30.00
2025-12-08 14:54:11 - DEBUG -   -> Verification: DP and IP match OK
2025-12-08 14:54:11 - WARNING - Bound computation failed: name 'ceil_time' is not defined
2025-12-08 14:54:11 - DEBUG - Node 41: {'depth': 3, 'occurrences': [3, 0, 1, 0], 'remaining_budget': 5}
2025-12-08 14:54:11 - DEBUG - Evaluated leaf node: makespan=30.0
2025-12-08 14:54:11 - DEBUG -   Node: {'depth': 3, 'occurrences': [3, 0, 1, 0], 'remaining_budget': 5}
2025-12-08 14:54:11 - DEBUG - Node 42: {'depth': 2, 'occurrences': [3, 0, 2, 0], 'remaining_budget': 1}
2025-12-08 14:54:11 - DEBUG - Pruned (budget_infeasible): {'depth': 2, 'child_type': 'right'}
2025-12-08 14:54:11 - DEBUG - Bound computed: 31.00 (ceil_knapsack_dp) at depth 2
2025-12-08 14:54:11 - DEBUG -   -> DP solution (remaining): 0.00
2025-12-08 14:54:11 - DEBUG -   -> Already committed: 31.00
2025-12-08 14:54:11 - DEBUG -   -> Verification: DP and IP match OK
2025-12-08 14:54:11 - WARNING - Bound computation failed: name 'ceil_time' is not defined
2025-12-08 14:54:11 - DEBUG - Node 43: {'depth': 3, 'occurrences': [3, 0, 2, 0], 'remaining_budget': 1}
2025-12-08 14:54:11 - DEBUG - Evaluated leaf node: makespan=31.0
2025-12-08 14:54:11 - DEBUG -   Node: {'depth': 3, 'occurrences': [3, 0, 2, 0], 'remaining_budget': 1}
2025-12-08 14:54:11 - DEBUG - Node 44: {'depth': 0, 'occurrences': [4, 0, 0, 0], 'remaining_budget': 8}
2025-12-08 14:54:11 - DEBUG - Bound computed: 44.00 (ceil_knapsack_dp) at depth 0
2025-12-08 14:54:11 - DEBUG -   -> DP solution (remaining): 14.00
2025-12-08 14:54:11 - DEBUG -   -> Already committed: 30.00
2025-12-08 14:54:11 - DEBUG -   -> Verification: DP and IP match OK
2025-12-08 14:54:11 - WARNING - Bound computation failed: name 'ceil_time' is not defined
2025-12-08 14:54:11 - DEBUG - Node 45: {'depth': 1, 'occurrences': [4, 0, 0, 0], 'remaining_budget': 8}
2025-12-08 14:54:11 - DEBUG - Pruned (budget_infeasible): {'depth': 1, 'child_type': 'right'}
2025-12-08 14:54:11 - DEBUG - Bound computed: 44.00 (ceil_knapsack_dp) at depth 1
2025-12-08 14:54:11 - DEBUG -   -> DP solution (remaining): 14.00
2025-12-08 14:54:11 - DEBUG -   -> Already committed: 30.00
2025-12-08 14:54:11 - DEBUG -   -> Verification: DP and IP match OK
2025-12-08 14:54:11 - WARNING - Bound computation failed: name 'ceil_time' is not defined
2025-12-08 14:54:11 - DEBUG - Node 46: {'depth': 2, 'occurrences': [4, 0, 0, 0], 'remaining_budget': 8}
2025-12-08 14:54:11 - DEBUG - Bound computed: 36.00 (ceil_knapsack_dp) at depth 2
2025-12-08 14:54:11 - DEBUG -   -> DP solution (remaining): 6.00
2025-12-08 14:54:11 - DEBUG -   -> Already committed: 30.00
2025-12-08 14:54:11 - DEBUG -   -> Verification: DP and IP match OK
2025-12-08 14:54:11 - WARNING - Bound computation failed: name 'ceil_time' is not defined
2025-12-08 14:54:11 - DEBUG - Node 47: {'depth': 3, 'occurrences': [4, 0, 0, 0], 'remaining_budget': 8}
2025-12-08 14:54:11 - DEBUG - Evaluated leaf node: makespan=30.0
2025-12-08 14:54:11 - DEBUG -   Node: {'depth': 3, 'occurrences': [4, 0, 0, 0], 'remaining_budget': 8}
2025-12-08 14:54:11 - DEBUG - Node 48: {'depth': 2, 'occurrences': [4, 0, 1, 0], 'remaining_budget': 4}
2025-12-08 14:54:11 - DEBUG - Bound computed: 44.00 (ceil_knapsack_dp) at depth 2
2025-12-08 14:54:11 - DEBUG -   -> DP solution (remaining): 6.00
2025-12-08 14:54:11 - DEBUG -   -> Already committed: 38.00
2025-12-08 14:54:11 - DEBUG -   -> Verification: DP and IP match OK
2025-12-08 14:54:11 - WARNING - Bound computation failed: name 'ceil_time' is not defined
2025-12-08 14:54:11 - DEBUG - Node 49: {'depth': 3, 'occurrences': [4, 0, 1, 0], 'remaining_budget': 4}
2025-12-08 14:54:11 - DEBUG - Evaluated leaf node: makespan=38.0
2025-12-08 14:54:11 - DEBUG -   Node: {'depth': 3, 'occurrences': [4, 0, 1, 0], 'remaining_budget': 4}
2025-12-08 14:54:11 - DEBUG - Node 50: {'depth': 2, 'occurrences': [4, 0, 2, 0], 'remaining_budget': 0}
2025-12-08 14:54:11 - DEBUG - Pruned (budget_infeasible): {'depth': 2, 'child_type': 'right'}
2025-12-08 14:54:11 - DEBUG - Bound computed: 38.00 (ceil_knapsack_dp) at depth 2
2025-12-08 14:54:11 - DEBUG -   -> DP solution (remaining): 0.00
2025-12-08 14:54:11 - DEBUG -   -> Already committed: 38.00
2025-12-08 14:54:11 - DEBUG -   -> Verification: DP and IP match OK
2025-12-08 14:54:11 - WARNING - Bound computation failed: name 'ceil_time' is not defined
2025-12-08 14:54:11 - DEBUG - Node 51: {'depth': 3, 'occurrences': [4, 0, 2, 0], 'remaining_budget': 0}
2025-12-08 14:54:11 - DEBUG - Evaluated leaf node: makespan=38.0
2025-12-08 14:54:11 - DEBUG -   Node: {'depth': 3, 'occurrences': [4, 0, 2, 0], 'remaining_budget': 0}
2025-12-08 14:54:11 - DEBUG - Node 52: {'depth': 0, 'occurrences': [5, 0, 0, 0], 'remaining_budget': 7}
2025-12-08 14:54:11 - DEBUG - Bound computed: 59.00 (ceil_knapsack_dp) at depth 0
2025-12-08 14:54:11 - DEBUG -   -> DP solution (remaining): 14.00
2025-12-08 14:54:11 - DEBUG -   -> Already committed: 45.00
2025-12-08 14:54:11 - DEBUG -   -> Verification: DP and IP match OK
2025-12-08 14:54:11 - WARNING - Bound computation failed: name 'ceil_time' is not defined
2025-12-08 14:54:11 - DEBUG - Node 53: {'depth': 1, 'occurrences': [5, 0, 0, 0], 'remaining_budget': 7}
2025-12-08 14:54:11 - DEBUG - Pruned (budget_infeasible): {'depth': 1, 'child_type': 'right'}
2025-12-08 14:54:11 - DEBUG - Bound computed: 59.00 (ceil_knapsack_dp) at depth 1
2025-12-08 14:54:11 - DEBUG -   -> DP solution (remaining): 14.00
2025-12-08 14:54:11 - DEBUG -   -> Already committed: 45.00
2025-12-08 14:54:11 - DEBUG -   -> Verification: DP and IP match OK
2025-12-08 14:54:11 - WARNING - Bound computation failed: name 'ceil_time' is not defined
2025-12-08 14:54:11 - DEBUG - Node 54: {'depth': 2, 'occurrences': [5, 0, 0, 0], 'remaining_budget': 7}
2025-12-08 14:54:11 - DEBUG - Bound computed: 51.00 (ceil_knapsack_dp) at depth 2
2025-12-08 14:54:11 - DEBUG -   -> DP solution (remaining): 6.00
2025-12-08 14:54:11 - DEBUG -   -> Already committed: 45.00
2025-12-08 14:54:11 - DEBUG -   -> Verification: DP and IP match OK
2025-12-08 14:54:11 - WARNING - Bound computation failed: name 'ceil_time' is not defined
2025-12-08 14:54:11 - DEBUG - Node 55: {'depth': 3, 'occurrences': [5, 0, 0, 0], 'remaining_budget': 7}
2025-12-08 14:54:11 - DEBUG - Evaluated leaf node: makespan=45.0
2025-12-08 14:54:11 - DEBUG -   Node: {'depth': 3, 'occurrences': [5, 0, 0, 0], 'remaining_budget': 7}
2025-12-08 14:54:11 - DEBUG - Node 56: {'depth': 2, 'occurrences': [5, 0, 1, 0], 'remaining_budget': 3}
2025-12-08 14:54:11 - DEBUG - Pruned (budget_infeasible): {'depth': 2, 'child_type': 'right'}
2025-12-08 14:54:11 - DEBUG - Bound computed: 51.00 (ceil_knapsack_dp) at depth 2
2025-12-08 14:54:11 - DEBUG -   -> DP solution (remaining): 6.00
2025-12-08 14:54:11 - DEBUG -   -> Already committed: 45.00
2025-12-08 14:54:11 - DEBUG -   -> Verification: DP and IP match OK
2025-12-08 14:54:11 - WARNING - Bound computation failed: name 'ceil_time' is not defined
2025-12-08 14:54:11 - DEBUG - Node 57: {'depth': 3, 'occurrences': [5, 0, 1, 0], 'remaining_budget': 3}
2025-12-08 14:54:11 - DEBUG - Evaluated leaf node: makespan=45.0
2025-12-08 14:54:11 - DEBUG -   Node: {'depth': 3, 'occurrences': [5, 0, 1, 0], 'remaining_budget': 3}
2025-12-08 14:54:11 - DEBUG - Node 58: {'depth': 0, 'occurrences': [6, 0, 0, 0], 'remaining_budget': 6}
2025-12-08 14:54:11 - DEBUG - Bound computed: 53.00 (ceil_knapsack_dp) at depth 0
2025-12-08 14:54:11 - DEBUG -   -> DP solution (remaining): 8.00
2025-12-08 14:54:11 - DEBUG -   -> Already committed: 45.00
2025-12-08 14:54:11 - DEBUG -   -> Verification: DP and IP match OK
2025-12-08 14:54:11 - WARNING - Bound computation failed: name 'ceil_time' is not defined
2025-12-08 14:54:11 - DEBUG - Node 59: {'depth': 1, 'occurrences': [6, 0, 0, 0], 'remaining_budget': 6}
2025-12-08 14:54:11 - DEBUG - Pruned (budget_infeasible): {'depth': 1, 'child_type': 'right'}
2025-12-08 14:54:11 - DEBUG - Bound computed: 53.00 (ceil_knapsack_dp) at depth 1
2025-12-08 14:54:11 - DEBUG -   -> DP solution (remaining): 8.00
2025-12-08 14:54:11 - DEBUG -   -> Already committed: 45.00
2025-12-08 14:54:11 - DEBUG -   -> Verification: DP and IP match OK
2025-12-08 14:54:11 - WARNING - Bound computation failed: name 'ceil_time' is not defined
2025-12-08 14:54:11 - DEBUG - Node 60: {'depth': 2, 'occurrences': [6, 0, 0, 0], 'remaining_budget': 6}
2025-12-08 14:54:11 - DEBUG - Bound computed: 51.00 (ceil_knapsack_dp) at depth 2
2025-12-08 14:54:11 - DEBUG -   -> DP solution (remaining): 6.00
2025-12-08 14:54:11 - DEBUG -   -> Already committed: 45.00
2025-12-08 14:54:11 - DEBUG -   -> Verification: DP and IP match OK
2025-12-08 14:54:11 - WARNING - Bound computation failed: name 'ceil_time' is not defined
2025-12-08 14:54:11 - DEBUG - Node 61: {'depth': 3, 'occurrences': [6, 0, 0, 0], 'remaining_budget': 6}
2025-12-08 14:54:11 - DEBUG - Evaluated leaf node: makespan=45.0
2025-12-08 14:54:11 - DEBUG -   Node: {'depth': 3, 'occurrences': [6, 0, 0, 0], 'remaining_budget': 6}
2025-12-08 14:54:11 - DEBUG - Node 62: {'depth': 2, 'occurrences': [6, 0, 1, 0], 'remaining_budget': 2}
2025-12-08 14:54:11 - DEBUG - Pruned (budget_infeasible): {'depth': 2, 'child_type': 'right'}
2025-12-08 14:54:11 - DEBUG - Bound computed: 53.00 (ceil_knapsack_dp) at depth 2
2025-12-08 14:54:11 - DEBUG -   -> DP solution (remaining): 0.00
2025-12-08 14:54:11 - DEBUG -   -> Already committed: 53.00
2025-12-08 14:54:11 - DEBUG -   -> Verification: DP and IP match OK
2025-12-08 14:54:11 - WARNING - Bound computation failed: name 'ceil_time' is not defined
2025-12-08 14:54:11 - DEBUG - Node 63: {'depth': 3, 'occurrences': [6, 0, 1, 0], 'remaining_budget': 2}
2025-12-08 14:54:11 - DEBUG - Evaluated leaf node: makespan=53.0
2025-12-08 14:54:11 - DEBUG -   Node: {'depth': 3, 'occurrences': [6, 0, 1, 0], 'remaining_budget': 2}
2025-12-08 14:54:11 - DEBUG - Node 64: {'depth': 0, 'occurrences': [7, 0, 0, 0], 'remaining_budget': 5}
2025-12-08 14:54:11 - DEBUG - Bound computed: 68.00 (ceil_knapsack_dp) at depth 0
2025-12-08 14:54:11 - DEBUG -   -> DP solution (remaining): 8.00
2025-12-08 14:54:11 - DEBUG -   -> Already committed: 60.00
2025-12-08 14:54:11 - DEBUG -   -> Verification: DP and IP match OK
2025-12-08 14:54:11 - WARNING - Bound computation failed: name 'ceil_time' is not defined
2025-12-08 14:54:11 - DEBUG - Node 65: {'depth': 1, 'occurrences': [7, 0, 0, 0], 'remaining_budget': 5}
2025-12-08 14:54:11 - DEBUG - Pruned (budget_infeasible): {'depth': 1, 'child_type': 'right'}
2025-12-08 14:54:11 - DEBUG - Bound computed: 68.00 (ceil_knapsack_dp) at depth 1
2025-12-08 14:54:11 - DEBUG -   -> DP solution (remaining): 8.00
2025-12-08 14:54:11 - DEBUG -   -> Already committed: 60.00
2025-12-08 14:54:11 - DEBUG -   -> Verification: DP and IP match OK
2025-12-08 14:54:11 - WARNING - Bound computation failed: name 'ceil_time' is not defined
2025-12-08 14:54:11 - DEBUG - Node 66: {'depth': 2, 'occurrences': [7, 0, 0, 0], 'remaining_budget': 5}
2025-12-08 14:54:11 - DEBUG - Bound computed: 66.00 (ceil_knapsack_dp) at depth 2
2025-12-08 14:54:11 - DEBUG -   -> DP solution (remaining): 6.00
2025-12-08 14:54:11 - DEBUG -   -> Already committed: 60.00
2025-12-08 14:54:11 - DEBUG -   -> Verification: DP and IP match OK
2025-12-08 14:54:11 - WARNING - Bound computation failed: name 'ceil_time' is not defined
2025-12-08 14:54:11 - DEBUG - Node 67: {'depth': 3, 'occurrences': [7, 0, 0, 0], 'remaining_budget': 5}
2025-12-08 14:54:11 - DEBUG - Evaluated leaf node: makespan=60.0
2025-12-08 14:54:11 - DEBUG -   Node: {'depth': 3, 'occurrences': [7, 0, 0, 0], 'remaining_budget': 5}
2025-12-08 14:54:11 - DEBUG - Node 68: {'depth': 2, 'occurrences': [7, 0, 1, 0], 'remaining_budget': 1}
2025-12-08 14:54:11 - DEBUG - Pruned (budget_infeasible): {'depth': 2, 'child_type': 'right'}
2025-12-08 14:54:11 - DEBUG - Bound computed: 60.00 (ceil_knapsack_dp) at depth 2
2025-12-08 14:54:11 - DEBUG -   -> DP solution (remaining): 0.00
2025-12-08 14:54:11 - DEBUG -   -> Already committed: 60.00
2025-12-08 14:54:11 - DEBUG -   -> Verification: DP and IP match OK
2025-12-08 14:54:11 - WARNING - Bound computation failed: name 'ceil_time' is not defined
2025-12-08 14:54:11 - DEBUG - Node 69: {'depth': 3, 'occurrences': [7, 0, 1, 0], 'remaining_budget': 1}
2025-12-08 14:54:11 - DEBUG - Evaluated leaf node: makespan=60.0
2025-12-08 14:54:11 - DEBUG -   Node: {'depth': 3, 'occurrences': [7, 0, 1, 0], 'remaining_budget': 1}
2025-12-08 14:54:11 - DEBUG - Node 70: {'depth': 0, 'occurrences': [8, 0, 0, 0], 'remaining_budget': 4}
2025-12-08 14:54:11 - DEBUG - Bound computed: 68.00 (ceil_knapsack_dp) at depth 0
2025-12-08 14:54:11 - DEBUG -   -> DP solution (remaining): 8.00
2025-12-08 14:54:11 - DEBUG -   -> Already committed: 60.00
2025-12-08 14:54:11 - DEBUG -   -> Verification: DP and IP match OK
2025-12-08 14:54:11 - WARNING - Bound computation failed: name 'ceil_time' is not defined
2025-12-08 14:54:11 - DEBUG - Node 71: {'depth': 1, 'occurrences': [8, 0, 0, 0], 'remaining_budget': 4}
2025-12-08 14:54:11 - DEBUG - Pruned (budget_infeasible): {'depth': 1, 'child_type': 'right'}
2025-12-08 14:54:11 - DEBUG - Bound computed: 68.00 (ceil_knapsack_dp) at depth 1
2025-12-08 14:54:11 - DEBUG -   -> DP solution (remaining): 8.00
2025-12-08 14:54:11 - DEBUG -   -> Already committed: 60.00
2025-12-08 14:54:11 - DEBUG -   -> Verification: DP and IP match OK
2025-12-08 14:54:11 - WARNING - Bound computation failed: name 'ceil_time' is not defined
2025-12-08 14:54:11 - DEBUG - Node 72: {'depth': 2, 'occurrences': [8, 0, 0, 0], 'remaining_budget': 4}
2025-12-08 14:54:11 - DEBUG - Bound computed: 66.00 (ceil_knapsack_dp) at depth 2
2025-12-08 14:54:11 - DEBUG -   -> DP solution (remaining): 6.00
2025-12-08 14:54:11 - DEBUG -   -> Already committed: 60.00
2025-12-08 14:54:11 - DEBUG -   -> Verification: DP and IP match OK
2025-12-08 14:54:11 - WARNING - Bound computation failed: name 'ceil_time' is not defined
2025-12-08 14:54:11 - DEBUG - Node 73: {'depth': 3, 'occurrences': [8, 0, 0, 0], 'remaining_budget': 4}
2025-12-08 14:54:11 - DEBUG - Evaluated leaf node: makespan=60.0
2025-12-08 14:54:11 - DEBUG -   Node: {'depth': 3, 'occurrences': [8, 0, 0, 0], 'remaining_budget': 4}
2025-12-08 14:54:11 - DEBUG - Node 74: {'depth': 2, 'occurrences': [8, 0, 1, 0], 'remaining_budget': 0}
2025-12-08 14:54:11 - DEBUG - Pruned (budget_infeasible): {'depth': 2, 'child_type': 'right'}
2025-12-08 14:54:11 - DEBUG - Bound computed: 68.00 (ceil_knapsack_dp) at depth 2
2025-12-08 14:54:11 - DEBUG -   -> DP solution (remaining): 0.00
2025-12-08 14:54:11 - DEBUG -   -> Already committed: 68.00
2025-12-08 14:54:11 - DEBUG -   -> Verification: DP and IP match OK
2025-12-08 14:54:11 - WARNING - Bound computation failed: name 'ceil_time' is not defined
2025-12-08 14:54:11 - DEBUG - Node 75: {'depth': 3, 'occurrences': [8, 0, 1, 0], 'remaining_budget': 0}
2025-12-08 14:54:11 - DEBUG - Evaluated leaf node: makespan=68.0
2025-12-08 14:54:11 - DEBUG -   Node: {'depth': 3, 'occurrences': [8, 0, 1, 0], 'remaining_budget': 0}
2025-12-08 14:54:11 - DEBUG - Node 76: {'depth': 0, 'occurrences': [9, 0, 0, 0], 'remaining_budget': 3}
2025-12-08 14:54:11 - DEBUG - Bound computed: 81.00 (ceil_knapsack_dp) at depth 0
2025-12-08 14:54:11 - DEBUG -   -> DP solution (remaining): 6.00
2025-12-08 14:54:11 - DEBUG -   -> Already committed: 75.00
2025-12-08 14:54:11 - DEBUG -   -> Verification: DP and IP match OK
2025-12-08 14:54:11 - WARNING - Bound computation failed: name 'ceil_time' is not defined
2025-12-08 14:54:11 - DEBUG - Node 77: {'depth': 1, 'occurrences': [9, 0, 0, 0], 'remaining_budget': 3}
2025-12-08 14:54:11 - DEBUG - Pruned (budget_infeasible): {'depth': 1, 'child_type': 'right'}
2025-12-08 14:54:11 - DEBUG - Bound computed: 81.00 (ceil_knapsack_dp) at depth 1
2025-12-08 14:54:11 - DEBUG -   -> DP solution (remaining): 6.00
2025-12-08 14:54:11 - DEBUG -   -> Already committed: 75.00
2025-12-08 14:54:11 - DEBUG -   -> Verification: DP and IP match OK
2025-12-08 14:54:11 - WARNING - Bound computation failed: name 'ceil_time' is not defined
2025-12-08 14:54:11 - DEBUG - Node 78: {'depth': 2, 'occurrences': [9, 0, 0, 0], 'remaining_budget': 3}
2025-12-08 14:54:11 - DEBUG - Pruned (budget_infeasible): {'depth': 2, 'child_type': 'right'}
2025-12-08 14:54:11 - DEBUG - Bound computed: 81.00 (ceil_knapsack_dp) at depth 2
2025-12-08 14:54:11 - DEBUG -   -> DP solution (remaining): 6.00
2025-12-08 14:54:11 - DEBUG -   -> Already committed: 75.00
2025-12-08 14:54:11 - DEBUG -   -> Verification: DP and IP match OK
2025-12-08 14:54:11 - WARNING - Bound computation failed: name 'ceil_time' is not defined
2025-12-08 14:54:11 - DEBUG - Node 79: {'depth': 3, 'occurrences': [9, 0, 0, 0], 'remaining_budget': 3}
2025-12-08 14:54:11 - DEBUG - Evaluated leaf node: makespan=75.0
2025-12-08 14:54:11 - DEBUG -   Node: {'depth': 3, 'occurrences': [9, 0, 0, 0], 'remaining_budget': 3}
2025-12-08 14:54:11 - DEBUG - Node 80: {'depth': 0, 'occurrences': [10, 0, 0, 0], 'remaining_budget': 2}
2025-12-08 14:54:11 - DEBUG - Bound computed: 75.00 (ceil_knapsack_dp) at depth 0
2025-12-08 14:54:11 - DEBUG -   -> DP solution (remaining): 0.00
2025-12-08 14:54:11 - DEBUG -   -> Already committed: 75.00
2025-12-08 14:54:11 - DEBUG -   -> Verification: DP and IP match OK
2025-12-08 14:54:11 - WARNING - Bound computation failed: name 'ceil_time' is not defined
2025-12-08 14:54:11 - DEBUG - Node 81: {'depth': 1, 'occurrences': [10, 0, 0, 0], 'remaining_budget': 2}
2025-12-08 14:54:11 - DEBUG - Pruned (budget_infeasible): {'depth': 1, 'child_type': 'right'}
2025-12-08 14:54:11 - DEBUG - Bound computed: 75.00 (ceil_knapsack_dp) at depth 1
2025-12-08 14:54:11 - DEBUG -   -> DP solution (remaining): 0.00
2025-12-08 14:54:11 - DEBUG -   -> Already committed: 75.00
2025-12-08 14:54:11 - DEBUG -   -> Verification: DP and IP match OK
2025-12-08 14:54:11 - WARNING - Bound computation failed: name 'ceil_time' is not defined
2025-12-08 14:54:11 - DEBUG - Node 82: {'depth': 2, 'occurrences': [10, 0, 0, 0], 'remaining_budget': 2}
2025-12-08 14:54:11 - DEBUG - Pruned (budget_infeasible): {'depth': 2, 'child_type': 'right'}
2025-12-08 14:54:11 - DEBUG - Bound computed: 75.00 (ceil_knapsack_dp) at depth 2
2025-12-08 14:54:11 - DEBUG -   -> DP solution (remaining): 0.00
2025-12-08 14:54:11 - DEBUG -   -> Already committed: 75.00
2025-12-08 14:54:11 - DEBUG -   -> Verification: DP and IP match OK
2025-12-08 14:54:11 - WARNING - Bound computation failed: name 'ceil_time' is not defined
2025-12-08 14:54:11 - DEBUG - Node 83: {'depth': 3, 'occurrences': [10, 0, 0, 0], 'remaining_budget': 2}
2025-12-08 14:54:11 - DEBUG - Evaluated leaf node: makespan=75.0
2025-12-08 14:54:11 - DEBUG -   Node: {'depth': 3, 'occurrences': [10, 0, 0, 0], 'remaining_budget': 2}
2025-12-08 14:54:11 - DEBUG - Node 84: {'depth': 0, 'occurrences': [11, 0, 0, 0], 'remaining_budget': 1}
2025-12-08 14:54:11 - DEBUG - Bound computed: 90.00 (ceil_knapsack_dp) at depth 0
2025-12-08 14:54:11 - DEBUG -   -> DP solution (remaining): 0.00
2025-12-08 14:54:11 - DEBUG -   -> Already committed: 90.00
2025-12-08 14:54:11 - DEBUG -   -> Verification: DP and IP match OK
2025-12-08 14:54:11 - WARNING - Bound computation failed: name 'ceil_time' is not defined
2025-12-08 14:54:11 - DEBUG - Node 85: {'depth': 1, 'occurrences': [11, 0, 0, 0], 'remaining_budget': 1}
2025-12-08 14:54:11 - DEBUG - Pruned (budget_infeasible): {'depth': 1, 'child_type': 'right'}
2025-12-08 14:54:11 - DEBUG - Bound computed: 90.00 (ceil_knapsack_dp) at depth 1
2025-12-08 14:54:11 - DEBUG -   -> DP solution (remaining): 0.00
2025-12-08 14:54:11 - DEBUG -   -> Already committed: 90.00
2025-12-08 14:54:11 - DEBUG -   -> Verification: DP and IP match OK
2025-12-08 14:54:11 - WARNING - Bound computation failed: name 'ceil_time' is not defined
2025-12-08 14:54:11 - DEBUG - Node 86: {'depth': 2, 'occurrences': [11, 0, 0, 0], 'remaining_budget': 1}
2025-12-08 14:54:11 - DEBUG - Pruned (budget_infeasible): {'depth': 2, 'child_type': 'right'}
2025-12-08 14:54:11 - DEBUG - Bound computed: 90.00 (ceil_knapsack_dp) at depth 2
2025-12-08 14:54:11 - DEBUG -   -> DP solution (remaining): 0.00
2025-12-08 14:54:11 - DEBUG -   -> Already committed: 90.00
2025-12-08 14:54:11 - DEBUG -   -> Verification: DP and IP match OK
2025-12-08 14:54:11 - WARNING - Bound computation failed: name 'ceil_time' is not defined
2025-12-08 14:54:11 - DEBUG - Node 87: {'depth': 3, 'occurrences': [11, 0, 0, 0], 'remaining_budget': 1}
2025-12-08 14:54:11 - DEBUG - Evaluated leaf node: makespan=90.0
2025-12-08 14:54:11 - DEBUG -   Node: {'depth': 3, 'occurrences': [11, 0, 0, 0], 'remaining_budget': 1}
2025-12-08 14:54:11 - DEBUG - Node 88: {'depth': 0, 'occurrences': [12, 0, 0, 0], 'remaining_budget': 0}
2025-12-08 14:54:11 - DEBUG - Pruned (budget_infeasible): {'depth': 0, 'child_type': 'right'}
2025-12-08 14:54:11 - DEBUG - Bound computed: 90.00 (ceil_knapsack_dp) at depth 0
2025-12-08 14:54:11 - DEBUG -   -> DP solution (remaining): 0.00
2025-12-08 14:54:11 - DEBUG -   -> Already committed: 90.00
2025-12-08 14:54:11 - DEBUG -   -> Verification: DP and IP match OK
2025-12-08 14:54:11 - WARNING - Bound computation failed: name 'ceil_time' is not defined
2025-12-08 14:54:11 - DEBUG - Node 89: {'depth': 1, 'occurrences': [12, 0, 0, 0], 'remaining_budget': 0}
2025-12-08 14:54:11 - DEBUG - Pruned (budget_infeasible): {'depth': 1, 'child_type': 'right'}
2025-12-08 14:54:11 - DEBUG - Bound computed: 90.00 (ceil_knapsack_dp) at depth 1
2025-12-08 14:54:11 - DEBUG -   -> DP solution (remaining): 0.00
2025-12-08 14:54:11 - DEBUG -   -> Already committed: 90.00
2025-12-08 14:54:11 - DEBUG -   -> Verification: DP and IP match OK
2025-12-08 14:54:11 - WARNING - Bound computation failed: name 'ceil_time' is not defined
2025-12-08 14:54:11 - DEBUG - Node 90: {'depth': 2, 'occurrences': [12, 0, 0, 0], 'remaining_budget': 0}
2025-12-08 14:54:11 - DEBUG - Pruned (budget_infeasible): {'depth': 2, 'child_type': 'right'}
2025-12-08 14:54:11 - DEBUG - Bound computed: 90.00 (ceil_knapsack_dp) at depth 2
2025-12-08 14:54:11 - DEBUG -   -> DP solution (remaining): 0.00
2025-12-08 14:54:11 - DEBUG -   -> Already committed: 90.00
2025-12-08 14:54:11 - DEBUG -   -> Verification: DP and IP match OK
2025-12-08 14:54:11 - WARNING - Bound computation failed: name 'ceil_time' is not defined
2025-12-08 14:54:11 - DEBUG - Node 91: {'depth': 3, 'occurrences': [12, 0, 0, 0], 'remaining_budget': 0}
2025-12-08 14:54:11 - DEBUG - Evaluated leaf node: makespan=90.0
2025-12-08 14:54:11 - DEBUG -   Node: {'depth': 3, 'occurrences': [12, 0, 0, 0], 'remaining_budget': 0}
2025-12-08 14:54:11 - INFO - Computing final schedule for best solution...
2025-12-08 14:54:11 - INFO - Metrics saved to: C:\Users\oleda\.vscode\Solving stuff with Gurobi\logs\Extreme Ratios_20251208_145411_metrics.json
2025-12-08 14:54:11 - INFO - ============================================================
2025-12-08 14:54:11 - INFO - Branch-and-bound completed
2025-12-08 14:54:11 - INFO - Total runtime: 0.022 seconds
2025-12-08 14:54:11 - INFO - Nodes explored: 91
2025-12-08 14:54:11 - INFO - Nodes pruned: 30
2025-12-08 14:54:11 - INFO - Nodes evaluated: 31
2025-12-08 14:54:11 - INFO - Pruning rate: 32.97%
2025-12-08 14:54:11 - INFO - ============================================================

======================================================================
ENUMERATION COMPARISON
======================================================================
BnB nodes explored: 91
Enumeration nodes evaluated: 63
Ratio (BnB/Enum): 1.44x
Enumeration makespan: 90.0
BnB makespan: 90.0
Match: YES
======================================================================
