2025-12-09 15:08:24 - INFO - Initialized logger for instance: Five Jobs
2025-12-09 15:08:24 - INFO - Run ID: Five Jobs_20251209_150824
2025-12-09 15:08:24 - INFO - ============================================================
2025-12-09 15:08:24 - INFO - Starting branch-and-bound solver
2025-12-09 15:08:24 - INFO - Problem: {'n_job_types': 5, 'machines': 3, 'budget': 15, 'prices': [2, 3, 5, 4, 3], 'durations': [4, 6, 8, 5, 7], 'max_nodes': 100000}
2025-12-09 15:08:24 - INFO - ============================================================
2025-12-09 15:08:24 - INFO - Computing initial heuristic solution...
2025-12-09 15:08:24 - INFO - ==================================================
2025-12-09 15:08:24 - INFO - NEW INCUMBENT: 14.0
2025-12-09 15:08:24 - INFO - Selection: [0, 0, 0, 0, 5]
2025-12-09 15:08:24 - INFO - Found at node: 0
2025-12-09 15:08:24 - INFO - ==================================================
2025-12-09 15:08:24 - INFO - Initializing CeilKnapsackSolver with reversed item order...
2025-12-09 15:08:24 - INFO - CeilKnapsackSolver initialized successfully
2025-12-09 15:08:24 - INFO - Starting branch-and-bound with max_nodes=100000
2025-12-09 15:08:24 - DEBUG - Node 1: {'depth': 0, 'occurrences': [0, 0, 0, 0, 5], 'remaining_budget': 15, 'node_type': 'root'}
2025-12-09 15:08:24 - DEBUG - Bound: 26.00 (ceil_knapsack_dp) = remaining 26.00 + committed 0.00 at depth 0
2025-12-09 15:08:24 - DEBUG - Node 2: {'depth': 1, 'occurrences': [0, 0, 0, 0, 5], 'remaining_budget': 15, 'node_type': 'root'}
2025-12-09 15:08:24 - DEBUG - Bound: 20.00 (ceil_knapsack_dp) = remaining 20.00 + committed 0.00 at depth 1
2025-12-09 15:08:24 - DEBUG - Node 3: {'depth': 2, 'occurrences': [0, 0, 0, 0, 5], 'remaining_budget': 15, 'node_type': 'root'}
2025-12-09 15:08:24 - DEBUG - Bound: 14.00 (ceil_knapsack_dp) = remaining 14.00 + committed 0.00 at depth 2
2025-12-09 15:08:24 - DEBUG - Pruned by bound_dominated at node 3
2025-12-09 15:08:24 - DEBUG - Node 4: {'depth': 2, 'occurrences': [0, 0, 1, 0, 5], 'remaining_budget': 10, 'node_type': 'right'}
2025-12-09 15:08:24 - DEBUG - Bound: 20.00 (ceil_knapsack_dp) = remaining 12.00 + committed 8.00 at depth 2
2025-12-09 15:08:24 - DEBUG - Node 5: {'depth': 3, 'occurrences': [0, 0, 1, 0, 5], 'remaining_budget': 10, 'node_type': 'root'}
2025-12-09 15:08:24 - DEBUG - Bound: 15.00 (ceil_knapsack_dp) = remaining 7.00 + committed 8.00 at depth 3
2025-12-09 15:08:24 - DEBUG - Node 6: {'depth': 4, 'occurrences': [0, 0, 1, 0, 0], 'remaining_budget': 10, 'node_type': 'root'}
2025-12-09 15:08:24 - DEBUG - Evaluated leaf node: makespan=8.0
2025-12-09 15:08:24 - DEBUG -   Node: {'depth': 4, 'occurrences': [0, 0, 1, 0, 0], 'remaining_budget': 10, 'node_type': 'root'}
2025-12-09 15:08:24 - DEBUG - Node 7: {'depth': 4, 'occurrences': [0, 0, 1, 0, 1], 'remaining_budget': 7, 'node_type': 'right'}
2025-12-09 15:08:24 - DEBUG - Evaluated leaf node: makespan=8.0
2025-12-09 15:08:24 - DEBUG -   Node: {'depth': 4, 'occurrences': [0, 0, 1, 0, 1], 'remaining_budget': 7, 'node_type': 'right'}
2025-12-09 15:08:24 - DEBUG - Node 8: {'depth': 4, 'occurrences': [0, 0, 1, 0, 2], 'remaining_budget': 4, 'node_type': 'right'}
2025-12-09 15:08:24 - DEBUG - Evaluated leaf node: makespan=8.0
2025-12-09 15:08:24 - DEBUG -   Node: {'depth': 4, 'occurrences': [0, 0, 1, 0, 2], 'remaining_budget': 4, 'node_type': 'right'}
2025-12-09 15:08:24 - DEBUG - Node 9: {'depth': 4, 'occurrences': [0, 0, 1, 0, 3], 'remaining_budget': 1, 'node_type': 'right'}
2025-12-09 15:08:24 - DEBUG - Pruned by budget_infeasible at node 9
2025-12-09 15:08:24 - DEBUG - Evaluated leaf node: makespan=14.0
2025-12-09 15:08:24 - DEBUG -   Node: {'depth': 4, 'occurrences': [0, 0, 1, 0, 3], 'remaining_budget': 1, 'node_type': 'right'}
2025-12-09 15:08:24 - DEBUG - Node 10: {'depth': 3, 'occurrences': [0, 0, 1, 1, 5], 'remaining_budget': 6, 'node_type': 'right'}
2025-12-09 15:08:24 - DEBUG - Bound: 15.00 (ceil_knapsack_dp) = remaining 7.00 + committed 8.00 at depth 3
2025-12-09 15:08:24 - DEBUG - Node 11: {'depth': 4, 'occurrences': [0, 0, 1, 1, 0], 'remaining_budget': 6, 'node_type': 'root'}
2025-12-09 15:08:24 - DEBUG - Evaluated leaf node: makespan=8.0
2025-12-09 15:08:24 - DEBUG -   Node: {'depth': 4, 'occurrences': [0, 0, 1, 1, 0], 'remaining_budget': 6, 'node_type': 'root'}
2025-12-09 15:08:24 - DEBUG - Node 12: {'depth': 4, 'occurrences': [0, 0, 1, 1, 1], 'remaining_budget': 3, 'node_type': 'right'}
2025-12-09 15:08:24 - DEBUG - Evaluated leaf node: makespan=8.0
2025-12-09 15:08:24 - DEBUG -   Node: {'depth': 4, 'occurrences': [0, 0, 1, 1, 1], 'remaining_budget': 3, 'node_type': 'right'}
2025-12-09 15:08:24 - DEBUG - Node 13: {'depth': 4, 'occurrences': [0, 0, 1, 1, 2], 'remaining_budget': 0, 'node_type': 'right'}
2025-12-09 15:08:24 - DEBUG - Pruned by budget_infeasible at node 13
2025-12-09 15:08:24 - DEBUG - Evaluated leaf node: makespan=12.0
2025-12-09 15:08:24 - DEBUG -   Node: {'depth': 4, 'occurrences': [0, 0, 1, 1, 2], 'remaining_budget': 0, 'node_type': 'right'}
2025-12-09 15:08:24 - DEBUG - Node 14: {'depth': 3, 'occurrences': [0, 0, 1, 2, 5], 'remaining_budget': 2, 'node_type': 'right'}
2025-12-09 15:08:24 - DEBUG - Pruned by budget_infeasible at node 14
2025-12-09 15:08:24 - DEBUG - Bound: 8.00 (ceil_knapsack_dp) = remaining 0.00 + committed 8.00 at depth 3
2025-12-09 15:08:24 - DEBUG - Pruned by bound_dominated at node 14
2025-12-09 15:08:24 - DEBUG - Node 15: {'depth': 2, 'occurrences': [0, 0, 2, 0, 5], 'remaining_budget': 5, 'node_type': 'right'}
2025-12-09 15:08:24 - DEBUG - Bound: 15.00 (ceil_knapsack_dp) = remaining 7.00 + committed 8.00 at depth 2
2025-12-09 15:08:24 - DEBUG - Node 16: {'depth': 3, 'occurrences': [0, 0, 2, 0, 5], 'remaining_budget': 5, 'node_type': 'root'}
2025-12-09 15:08:24 - DEBUG - Bound: 15.00 (ceil_knapsack_dp) = remaining 7.00 + committed 8.00 at depth 3
2025-12-09 15:08:24 - DEBUG - Node 17: {'depth': 4, 'occurrences': [0, 0, 2, 0, 0], 'remaining_budget': 5, 'node_type': 'root'}
2025-12-09 15:08:24 - DEBUG - Evaluated leaf node: makespan=8.0
2025-12-09 15:08:24 - DEBUG -   Node: {'depth': 4, 'occurrences': [0, 0, 2, 0, 0], 'remaining_budget': 5, 'node_type': 'root'}
2025-12-09 15:08:24 - DEBUG - Node 18: {'depth': 4, 'occurrences': [0, 0, 2, 0, 1], 'remaining_budget': 2, 'node_type': 'right'}
2025-12-09 15:08:24 - DEBUG - Pruned by budget_infeasible at node 18
2025-12-09 15:08:24 - DEBUG - Evaluated leaf node: makespan=8.0
2025-12-09 15:08:24 - DEBUG -   Node: {'depth': 4, 'occurrences': [0, 0, 2, 0, 1], 'remaining_budget': 2, 'node_type': 'right'}
2025-12-09 15:08:24 - DEBUG - Node 19: {'depth': 3, 'occurrences': [0, 0, 2, 1, 5], 'remaining_budget': 1, 'node_type': 'right'}
2025-12-09 15:08:24 - DEBUG - Pruned by budget_infeasible at node 19
2025-12-09 15:08:24 - DEBUG - Bound: 8.00 (ceil_knapsack_dp) = remaining 0.00 + committed 8.00 at depth 3
2025-12-09 15:08:24 - DEBUG - Pruned by bound_dominated at node 19
2025-12-09 15:08:24 - DEBUG - Node 20: {'depth': 2, 'occurrences': [0, 0, 3, 0, 5], 'remaining_budget': 0, 'node_type': 'right'}
2025-12-09 15:08:24 - DEBUG - Pruned by budget_infeasible at node 20
2025-12-09 15:08:24 - DEBUG - Bound: 8.00 (ceil_knapsack_dp) = remaining 0.00 + committed 8.00 at depth 2
2025-12-09 15:08:24 - DEBUG - Pruned by bound_dominated at node 20
2025-12-09 15:08:24 - DEBUG - Node 21: {'depth': 1, 'occurrences': [0, 1, 0, 0, 5], 'remaining_budget': 12, 'node_type': 'right'}
2025-12-09 15:08:24 - DEBUG - Bound: 26.00 (ceil_knapsack_dp) = remaining 20.00 + committed 6.00 at depth 1
2025-12-09 15:08:24 - DEBUG - Node 22: {'depth': 2, 'occurrences': [0, 1, 0, 0, 5], 'remaining_budget': 12, 'node_type': 'root'}
2025-12-09 15:08:24 - DEBUG - Bound: 20.00 (ceil_knapsack_dp) = remaining 14.00 + committed 6.00 at depth 2
2025-12-09 15:08:24 - DEBUG - Node 23: {'depth': 3, 'occurrences': [0, 1, 0, 0, 5], 'remaining_budget': 12, 'node_type': 'root'}
2025-12-09 15:08:24 - DEBUG - Bound: 20.00 (ceil_knapsack_dp) = remaining 14.00 + committed 6.00 at depth 3
2025-12-09 15:08:24 - DEBUG - Node 24: {'depth': 4, 'occurrences': [0, 1, 0, 0, 0], 'remaining_budget': 12, 'node_type': 'root'}
2025-12-09 15:08:24 - DEBUG - Evaluated leaf node: makespan=6.0
2025-12-09 15:08:24 - DEBUG -   Node: {'depth': 4, 'occurrences': [0, 1, 0, 0, 0], 'remaining_budget': 12, 'node_type': 'root'}
2025-12-09 15:08:24 - DEBUG - Node 25: {'depth': 4, 'occurrences': [0, 1, 0, 0, 1], 'remaining_budget': 9, 'node_type': 'right'}
2025-12-09 15:08:24 - DEBUG - Evaluated leaf node: makespan=7.0
2025-12-09 15:08:24 - DEBUG -   Node: {'depth': 4, 'occurrences': [0, 1, 0, 0, 1], 'remaining_budget': 9, 'node_type': 'right'}
2025-12-09 15:08:24 - DEBUG - Node 26: {'depth': 4, 'occurrences': [0, 1, 0, 0, 2], 'remaining_budget': 6, 'node_type': 'right'}
2025-12-09 15:08:24 - DEBUG - Evaluated leaf node: makespan=7.0
2025-12-09 15:08:24 - DEBUG -   Node: {'depth': 4, 'occurrences': [0, 1, 0, 0, 2], 'remaining_budget': 6, 'node_type': 'right'}
2025-12-09 15:08:24 - DEBUG - Node 27: {'depth': 4, 'occurrences': [0, 1, 0, 0, 3], 'remaining_budget': 3, 'node_type': 'right'}
2025-12-09 15:08:24 - DEBUG - Evaluated leaf node: makespan=13.0
2025-12-09 15:08:24 - DEBUG -   Node: {'depth': 4, 'occurrences': [0, 1, 0, 0, 3], 'remaining_budget': 3, 'node_type': 'right'}
2025-12-09 15:08:24 - DEBUG - Node 28: {'depth': 4, 'occurrences': [0, 1, 0, 0, 4], 'remaining_budget': 0, 'node_type': 'right'}
2025-12-09 15:08:24 - DEBUG - Pruned by budget_infeasible at node 28
2025-12-09 15:08:24 - DEBUG - Evaluated leaf node: makespan=14.0
2025-12-09 15:08:24 - DEBUG -   Node: {'depth': 4, 'occurrences': [0, 1, 0, 0, 4], 'remaining_budget': 0, 'node_type': 'right'}
2025-12-09 15:08:24 - DEBUG - Node 29: {'depth': 3, 'occurrences': [0, 1, 0, 1, 5], 'remaining_budget': 8, 'node_type': 'right'}
2025-12-09 15:08:24 - DEBUG - Bound: 13.00 (ceil_knapsack_dp) = remaining 7.00 + committed 6.00 at depth 3
2025-12-09 15:08:24 - DEBUG - Pruned by bound_dominated at node 29
2025-12-09 15:08:24 - DEBUG - Node 30: {'depth': 3, 'occurrences': [0, 1, 0, 2, 5], 'remaining_budget': 4, 'node_type': 'right'}
2025-12-09 15:08:24 - DEBUG - Bound: 13.00 (ceil_knapsack_dp) = remaining 7.00 + committed 6.00 at depth 3
2025-12-09 15:08:24 - DEBUG - Pruned by bound_dominated at node 30
2025-12-09 15:08:24 - DEBUG - Node 31: {'depth': 3, 'occurrences': [0, 1, 0, 3, 5], 'remaining_budget': 0, 'node_type': 'right'}
2025-12-09 15:08:24 - DEBUG - Pruned by budget_infeasible at node 31
2025-12-09 15:08:24 - DEBUG - Bound: 10.00 (ceil_knapsack_dp) = remaining 0.00 + committed 10.00 at depth 3
2025-12-09 15:08:24 - DEBUG - Pruned by bound_dominated at node 31
2025-12-09 15:08:24 - DEBUG - Node 32: {'depth': 2, 'occurrences': [0, 1, 1, 0, 5], 'remaining_budget': 7, 'node_type': 'right'}
2025-12-09 15:08:24 - DEBUG - Bound: 20.00 (ceil_knapsack_dp) = remaining 12.00 + committed 8.00 at depth 2
2025-12-09 15:08:24 - DEBUG - Node 33: {'depth': 3, 'occurrences': [0, 1, 1, 0, 5], 'remaining_budget': 7, 'node_type': 'root'}
2025-12-09 15:08:24 - DEBUG - Bound: 15.00 (ceil_knapsack_dp) = remaining 7.00 + committed 8.00 at depth 3
2025-12-09 15:08:24 - DEBUG - Node 34: {'depth': 4, 'occurrences': [0, 1, 1, 0, 0], 'remaining_budget': 7, 'node_type': 'root'}
2025-12-09 15:08:24 - DEBUG - Evaluated leaf node: makespan=8.0
2025-12-09 15:08:24 - DEBUG -   Node: {'depth': 4, 'occurrences': [0, 1, 1, 0, 0], 'remaining_budget': 7, 'node_type': 'root'}
2025-12-09 15:08:24 - DEBUG - Node 35: {'depth': 4, 'occurrences': [0, 1, 1, 0, 1], 'remaining_budget': 4, 'node_type': 'right'}
2025-12-09 15:08:24 - DEBUG - Evaluated leaf node: makespan=8.0
2025-12-09 15:08:24 - DEBUG -   Node: {'depth': 4, 'occurrences': [0, 1, 1, 0, 1], 'remaining_budget': 4, 'node_type': 'right'}
2025-12-09 15:08:24 - DEBUG - Node 36: {'depth': 4, 'occurrences': [0, 1, 1, 0, 2], 'remaining_budget': 1, 'node_type': 'right'}
2025-12-09 15:08:24 - DEBUG - Pruned by budget_infeasible at node 36
2025-12-09 15:08:24 - DEBUG - Evaluated leaf node: makespan=13.0
2025-12-09 15:08:24 - DEBUG -   Node: {'depth': 4, 'occurrences': [0, 1, 1, 0, 2], 'remaining_budget': 1, 'node_type': 'right'}
2025-12-09 15:08:24 - DEBUG - Node 37: {'depth': 3, 'occurrences': [0, 1, 1, 1, 5], 'remaining_budget': 3, 'node_type': 'right'}
2025-12-09 15:08:24 - DEBUG - Pruned by budget_infeasible at node 37
2025-12-09 15:08:24 - DEBUG - Bound: 15.00 (ceil_knapsack_dp) = remaining 7.00 + committed 8.00 at depth 3
2025-12-09 15:08:24 - DEBUG - Node 38: {'depth': 4, 'occurrences': [0, 1, 1, 1, 0], 'remaining_budget': 3, 'node_type': 'root'}
2025-12-09 15:08:24 - DEBUG - Evaluated leaf node: makespan=8.0
2025-12-09 15:08:24 - DEBUG -   Node: {'depth': 4, 'occurrences': [0, 1, 1, 1, 0], 'remaining_budget': 3, 'node_type': 'root'}
2025-12-09 15:08:24 - DEBUG - Node 39: {'depth': 4, 'occurrences': [0, 1, 1, 1, 1], 'remaining_budget': 0, 'node_type': 'right'}
2025-12-09 15:08:24 - DEBUG - Pruned by budget_infeasible at node 39
2025-12-09 15:08:24 - DEBUG - Evaluated leaf node: makespan=11.0
2025-12-09 15:08:24 - DEBUG -   Node: {'depth': 4, 'occurrences': [0, 1, 1, 1, 1], 'remaining_budget': 0, 'node_type': 'right'}
2025-12-09 15:08:24 - DEBUG - Node 40: {'depth': 2, 'occurrences': [0, 1, 2, 0, 5], 'remaining_budget': 2, 'node_type': 'right'}
2025-12-09 15:08:24 - DEBUG - Pruned by budget_infeasible at node 40
2025-12-09 15:08:24 - DEBUG - Bound: 8.00 (ceil_knapsack_dp) = remaining 0.00 + committed 8.00 at depth 2
2025-12-09 15:08:24 - DEBUG - Pruned by bound_dominated at node 40
2025-12-09 15:08:24 - DEBUG - Node 41: {'depth': 1, 'occurrences': [0, 2, 0, 0, 5], 'remaining_budget': 9, 'node_type': 'right'}
2025-12-09 15:08:24 - DEBUG - Bound: 21.00 (ceil_knapsack_dp) = remaining 15.00 + committed 6.00 at depth 1
2025-12-09 15:08:24 - DEBUG - Node 42: {'depth': 2, 'occurrences': [0, 2, 0, 0, 5], 'remaining_budget': 9, 'node_type': 'root'}
2025-12-09 15:08:24 - DEBUG - Bound: 18.00 (ceil_knapsack_dp) = remaining 12.00 + committed 6.00 at depth 2
2025-12-09 15:08:24 - DEBUG - Node 43: {'depth': 3, 'occurrences': [0, 2, 0, 0, 5], 'remaining_budget': 9, 'node_type': 'root'}
2025-12-09 15:08:24 - DEBUG - Bound: 13.00 (ceil_knapsack_dp) = remaining 7.00 + committed 6.00 at depth 3
2025-12-09 15:08:24 - DEBUG - Pruned by bound_dominated at node 43
2025-12-09 15:08:24 - DEBUG - Node 44: {'depth': 3, 'occurrences': [0, 2, 0, 1, 5], 'remaining_budget': 5, 'node_type': 'right'}
2025-12-09 15:08:24 - DEBUG - Bound: 13.00 (ceil_knapsack_dp) = remaining 7.00 + committed 6.00 at depth 3
2025-12-09 15:08:24 - DEBUG - Pruned by bound_dominated at node 44
2025-12-09 15:08:24 - DEBUG - Node 45: {'depth': 3, 'occurrences': [0, 2, 0, 2, 5], 'remaining_budget': 1, 'node_type': 'right'}
2025-12-09 15:08:24 - DEBUG - Pruned by budget_infeasible at node 45
2025-12-09 15:08:24 - DEBUG - Bound: 10.00 (ceil_knapsack_dp) = remaining 0.00 + committed 10.00 at depth 3
2025-12-09 15:08:24 - DEBUG - Pruned by bound_dominated at node 45
2025-12-09 15:08:24 - DEBUG - Node 46: {'depth': 2, 'occurrences': [0, 2, 1, 0, 5], 'remaining_budget': 4, 'node_type': 'right'}
2025-12-09 15:08:24 - DEBUG - Pruned by budget_infeasible at node 46
2025-12-09 15:08:24 - DEBUG - Bound: 15.00 (ceil_knapsack_dp) = remaining 7.00 + committed 8.00 at depth 2
2025-12-09 15:08:24 - DEBUG - Node 47: {'depth': 3, 'occurrences': [0, 2, 1, 0, 5], 'remaining_budget': 4, 'node_type': 'root'}
2025-12-09 15:08:24 - DEBUG - Bound: 15.00 (ceil_knapsack_dp) = remaining 7.00 + committed 8.00 at depth 3
2025-12-09 15:08:24 - DEBUG - Node 48: {'depth': 4, 'occurrences': [0, 2, 1, 0, 0], 'remaining_budget': 4, 'node_type': 'root'}
2025-12-09 15:08:24 - DEBUG - Evaluated leaf node: makespan=8.0
2025-12-09 15:08:24 - DEBUG -   Node: {'depth': 4, 'occurrences': [0, 2, 1, 0, 0], 'remaining_budget': 4, 'node_type': 'root'}
2025-12-09 15:08:24 - DEBUG - Node 49: {'depth': 4, 'occurrences': [0, 2, 1, 0, 1], 'remaining_budget': 1, 'node_type': 'right'}
2025-12-09 15:08:24 - DEBUG - Pruned by budget_infeasible at node 49
2025-12-09 15:08:24 - DEBUG - Evaluated leaf node: makespan=12.0
2025-12-09 15:08:24 - DEBUG -   Node: {'depth': 4, 'occurrences': [0, 2, 1, 0, 1], 'remaining_budget': 1, 'node_type': 'right'}
2025-12-09 15:08:24 - DEBUG - Node 50: {'depth': 3, 'occurrences': [0, 2, 1, 1, 5], 'remaining_budget': 0, 'node_type': 'right'}
2025-12-09 15:08:24 - DEBUG - Pruned by budget_infeasible at node 50
2025-12-09 15:08:24 - DEBUG - Bound: 11.00 (ceil_knapsack_dp) = remaining 0.00 + committed 11.00 at depth 3
2025-12-09 15:08:24 - DEBUG - Pruned by bound_dominated at node 50
2025-12-09 15:08:24 - DEBUG - Node 51: {'depth': 1, 'occurrences': [0, 3, 0, 0, 5], 'remaining_budget': 6, 'node_type': 'right'}
2025-12-09 15:08:24 - DEBUG - Bound: 14.00 (ceil_knapsack_dp) = remaining 8.00 + committed 6.00 at depth 1
2025-12-09 15:08:24 - DEBUG - Pruned by bound_dominated at node 51
2025-12-09 15:08:24 - DEBUG - Node 52: {'depth': 1, 'occurrences': [0, 4, 0, 0, 5], 'remaining_budget': 3, 'node_type': 'right'}
2025-12-09 15:08:24 - DEBUG - Bound: 19.00 (ceil_knapsack_dp) = remaining 7.00 + committed 12.00 at depth 1
2025-12-09 15:08:24 - DEBUG - Node 53: {'depth': 2, 'occurrences': [0, 4, 0, 0, 5], 'remaining_budget': 3, 'node_type': 'root'}
2025-12-09 15:08:24 - DEBUG - Pruned by budget_infeasible at node 53
2025-12-09 15:08:24 - DEBUG - Bound: 19.00 (ceil_knapsack_dp) = remaining 7.00 + committed 12.00 at depth 2
2025-12-09 15:08:24 - DEBUG - Node 54: {'depth': 3, 'occurrences': [0, 4, 0, 0, 5], 'remaining_budget': 3, 'node_type': 'root'}
2025-12-09 15:08:24 - DEBUG - Pruned by budget_infeasible at node 54
2025-12-09 15:08:24 - DEBUG - Bound: 19.00 (ceil_knapsack_dp) = remaining 7.00 + committed 12.00 at depth 3
2025-12-09 15:08:24 - DEBUG - Node 55: {'depth': 4, 'occurrences': [0, 4, 0, 0, 0], 'remaining_budget': 3, 'node_type': 'root'}
2025-12-09 15:08:24 - DEBUG - Evaluated leaf node: makespan=12.0
2025-12-09 15:08:24 - DEBUG -   Node: {'depth': 4, 'occurrences': [0, 4, 0, 0, 0], 'remaining_budget': 3, 'node_type': 'root'}
2025-12-09 15:08:24 - DEBUG - Node 56: {'depth': 4, 'occurrences': [0, 4, 0, 0, 1], 'remaining_budget': 0, 'node_type': 'right'}
2025-12-09 15:08:24 - DEBUG - Pruned by budget_infeasible at node 56
2025-12-09 15:08:24 - DEBUG - Evaluated leaf node: makespan=12.0
2025-12-09 15:08:24 - DEBUG -   Node: {'depth': 4, 'occurrences': [0, 4, 0, 0, 1], 'remaining_budget': 0, 'node_type': 'right'}
2025-12-09 15:08:24 - DEBUG - Node 57: {'depth': 1, 'occurrences': [0, 5, 0, 0, 5], 'remaining_budget': 0, 'node_type': 'right'}
2025-12-09 15:08:24 - DEBUG - Pruned by budget_infeasible at node 57
2025-12-09 15:08:24 - DEBUG - Bound: 12.00 (ceil_knapsack_dp) = remaining 0.00 + committed 12.00 at depth 1
2025-12-09 15:08:24 - DEBUG - Pruned by bound_dominated at node 57
2025-12-09 15:08:24 - DEBUG - Node 58: {'depth': 0, 'occurrences': [1, 0, 0, 0, 5], 'remaining_budget': 13, 'node_type': 'right'}
2025-12-09 15:08:24 - DEBUG - Bound: 25.00 (ceil_knapsack_dp) = remaining 21.00 + committed 4.00 at depth 0
2025-12-09 15:08:24 - DEBUG - Node 59: {'depth': 1, 'occurrences': [1, 0, 0, 0, 5], 'remaining_budget': 13, 'node_type': 'root'}
2025-12-09 15:08:24 - DEBUG - Bound: 24.00 (ceil_knapsack_dp) = remaining 20.00 + committed 4.00 at depth 1
2025-12-09 15:08:24 - DEBUG - Node 60: {'depth': 2, 'occurrences': [1, 0, 0, 0, 5], 'remaining_budget': 13, 'node_type': 'root'}
2025-12-09 15:08:24 - DEBUG - Bound: 18.00 (ceil_knapsack_dp) = remaining 14.00 + committed 4.00 at depth 2
2025-12-09 15:08:24 - DEBUG - Node 61: {'depth': 3, 'occurrences': [1, 0, 0, 0, 5], 'remaining_budget': 13, 'node_type': 'root'}
2025-12-09 15:08:24 - DEBUG - Bound: 18.00 (ceil_knapsack_dp) = remaining 14.00 + committed 4.00 at depth 3
2025-12-09 15:08:24 - DEBUG - Node 62: {'depth': 4, 'occurrences': [1, 0, 0, 0, 0], 'remaining_budget': 13, 'node_type': 'root'}
2025-12-09 15:08:24 - DEBUG - Evaluated leaf node: makespan=4.0
2025-12-09 15:08:24 - DEBUG -   Node: {'depth': 4, 'occurrences': [1, 0, 0, 0, 0], 'remaining_budget': 13, 'node_type': 'root'}
2025-12-09 15:08:24 - DEBUG - Node 63: {'depth': 4, 'occurrences': [1, 0, 0, 0, 1], 'remaining_budget': 10, 'node_type': 'right'}
2025-12-09 15:08:24 - DEBUG - Evaluated leaf node: makespan=7.0
2025-12-09 15:08:24 - DEBUG -   Node: {'depth': 4, 'occurrences': [1, 0, 0, 0, 1], 'remaining_budget': 10, 'node_type': 'right'}
2025-12-09 15:08:24 - DEBUG - Node 64: {'depth': 4, 'occurrences': [1, 0, 0, 0, 2], 'remaining_budget': 7, 'node_type': 'right'}
2025-12-09 15:08:24 - DEBUG - Evaluated leaf node: makespan=7.0
2025-12-09 15:08:24 - DEBUG -   Node: {'depth': 4, 'occurrences': [1, 0, 0, 0, 2], 'remaining_budget': 7, 'node_type': 'right'}
2025-12-09 15:08:24 - DEBUG - Node 65: {'depth': 4, 'occurrences': [1, 0, 0, 0, 3], 'remaining_budget': 4, 'node_type': 'right'}
2025-12-09 15:08:24 - DEBUG - Evaluated leaf node: makespan=11.0
2025-12-09 15:08:24 - DEBUG -   Node: {'depth': 4, 'occurrences': [1, 0, 0, 0, 3], 'remaining_budget': 4, 'node_type': 'right'}
2025-12-09 15:08:24 - DEBUG - Node 66: {'depth': 4, 'occurrences': [1, 0, 0, 0, 4], 'remaining_budget': 1, 'node_type': 'right'}
2025-12-09 15:08:24 - DEBUG - Pruned by budget_infeasible at node 66
2025-12-09 15:08:24 - DEBUG - Evaluated leaf node: makespan=14.0
2025-12-09 15:08:24 - DEBUG -   Node: {'depth': 4, 'occurrences': [1, 0, 0, 0, 4], 'remaining_budget': 1, 'node_type': 'right'}
2025-12-09 15:08:24 - DEBUG - Node 67: {'depth': 3, 'occurrences': [1, 0, 0, 1, 5], 'remaining_budget': 9, 'node_type': 'right'}
2025-12-09 15:08:24 - DEBUG - Bound: 12.00 (ceil_knapsack_dp) = remaining 7.00 + committed 5.00 at depth 3
2025-12-09 15:08:24 - DEBUG - Pruned by bound_dominated at node 67
2025-12-09 15:08:24 - DEBUG - Node 68: {'depth': 3, 'occurrences': [1, 0, 0, 2, 5], 'remaining_budget': 5, 'node_type': 'right'}
2025-12-09 15:08:24 - DEBUG - Bound: 12.00 (ceil_knapsack_dp) = remaining 7.00 + committed 5.00 at depth 3
2025-12-09 15:08:24 - DEBUG - Pruned by bound_dominated at node 68
2025-12-09 15:08:24 - DEBUG - Node 69: {'depth': 3, 'occurrences': [1, 0, 0, 3, 5], 'remaining_budget': 1, 'node_type': 'right'}
2025-12-09 15:08:24 - DEBUG - Pruned by budget_infeasible at node 69
2025-12-09 15:08:24 - DEBUG - Bound: 9.00 (ceil_knapsack_dp) = remaining 0.00 + committed 9.00 at depth 3
2025-12-09 15:08:24 - DEBUG - Pruned by bound_dominated at node 69
2025-12-09 15:08:24 - DEBUG - Node 70: {'depth': 2, 'occurrences': [1, 0, 1, 0, 5], 'remaining_budget': 8, 'node_type': 'right'}
2025-12-09 15:08:24 - DEBUG - Bound: 20.00 (ceil_knapsack_dp) = remaining 12.00 + committed 8.00 at depth 2
2025-12-09 15:08:24 - DEBUG - Node 71: {'depth': 3, 'occurrences': [1, 0, 1, 0, 5], 'remaining_budget': 8, 'node_type': 'root'}
2025-12-09 15:08:24 - DEBUG - Bound: 15.00 (ceil_knapsack_dp) = remaining 7.00 + committed 8.00 at depth 3
2025-12-09 15:08:24 - DEBUG - Node 72: {'depth': 4, 'occurrences': [1, 0, 1, 0, 0], 'remaining_budget': 8, 'node_type': 'root'}
2025-12-09 15:08:24 - DEBUG - Evaluated leaf node: makespan=8.0
2025-12-09 15:08:24 - DEBUG -   Node: {'depth': 4, 'occurrences': [1, 0, 1, 0, 0], 'remaining_budget': 8, 'node_type': 'root'}
2025-12-09 15:08:24 - DEBUG - Node 73: {'depth': 4, 'occurrences': [1, 0, 1, 0, 1], 'remaining_budget': 5, 'node_type': 'right'}
2025-12-09 15:08:24 - DEBUG - Evaluated leaf node: makespan=8.0
2025-12-09 15:08:24 - DEBUG -   Node: {'depth': 4, 'occurrences': [1, 0, 1, 0, 1], 'remaining_budget': 5, 'node_type': 'right'}
2025-12-09 15:08:24 - DEBUG - Node 74: {'depth': 4, 'occurrences': [1, 0, 1, 0, 2], 'remaining_budget': 2, 'node_type': 'right'}
2025-12-09 15:08:24 - DEBUG - Pruned by budget_infeasible at node 74
2025-12-09 15:08:24 - DEBUG - Evaluated leaf node: makespan=11.0
2025-12-09 15:08:24 - DEBUG -   Node: {'depth': 4, 'occurrences': [1, 0, 1, 0, 2], 'remaining_budget': 2, 'node_type': 'right'}
2025-12-09 15:08:24 - DEBUG - Node 75: {'depth': 3, 'occurrences': [1, 0, 1, 1, 5], 'remaining_budget': 4, 'node_type': 'right'}
2025-12-09 15:08:24 - DEBUG - Bound: 15.00 (ceil_knapsack_dp) = remaining 7.00 + committed 8.00 at depth 3
2025-12-09 15:08:24 - DEBUG - Node 76: {'depth': 4, 'occurrences': [1, 0, 1, 1, 0], 'remaining_budget': 4, 'node_type': 'root'}
2025-12-09 15:08:24 - DEBUG - Evaluated leaf node: makespan=8.0
2025-12-09 15:08:24 - DEBUG -   Node: {'depth': 4, 'occurrences': [1, 0, 1, 1, 0], 'remaining_budget': 4, 'node_type': 'root'}
2025-12-09 15:08:24 - DEBUG - Node 77: {'depth': 4, 'occurrences': [1, 0, 1, 1, 1], 'remaining_budget': 1, 'node_type': 'right'}
2025-12-09 15:08:24 - DEBUG - Pruned by budget_infeasible at node 77
2025-12-09 15:08:24 - DEBUG - Evaluated leaf node: makespan=9.0
2025-12-09 15:08:24 - DEBUG -   Node: {'depth': 4, 'occurrences': [1, 0, 1, 1, 1], 'remaining_budget': 1, 'node_type': 'right'}
2025-12-09 15:08:24 - DEBUG - Node 78: {'depth': 3, 'occurrences': [1, 0, 1, 2, 5], 'remaining_budget': 0, 'node_type': 'right'}
2025-12-09 15:08:24 - DEBUG - Pruned by budget_infeasible at node 78
2025-12-09 15:08:24 - DEBUG - Bound: 9.00 (ceil_knapsack_dp) = remaining 0.00 + committed 9.00 at depth 3
2025-12-09 15:08:24 - DEBUG - Pruned by bound_dominated at node 78
2025-12-09 15:08:24 - DEBUG - Node 79: {'depth': 2, 'occurrences': [1, 0, 2, 0, 5], 'remaining_budget': 3, 'node_type': 'right'}
2025-12-09 15:08:24 - DEBUG - Pruned by budget_infeasible at node 79
2025-12-09 15:08:24 - DEBUG - Bound: 15.00 (ceil_knapsack_dp) = remaining 7.00 + committed 8.00 at depth 2
2025-12-09 15:08:24 - DEBUG - Node 80: {'depth': 3, 'occurrences': [1, 0, 2, 0, 5], 'remaining_budget': 3, 'node_type': 'root'}
2025-12-09 15:08:24 - DEBUG - Pruned by budget_infeasible at node 80
2025-12-09 15:08:24 - DEBUG - Bound: 15.00 (ceil_knapsack_dp) = remaining 7.00 + committed 8.00 at depth 3
2025-12-09 15:08:24 - DEBUG - Node 81: {'depth': 4, 'occurrences': [1, 0, 2, 0, 0], 'remaining_budget': 3, 'node_type': 'root'}
2025-12-09 15:08:24 - DEBUG - Evaluated leaf node: makespan=8.0
2025-12-09 15:08:24 - DEBUG -   Node: {'depth': 4, 'occurrences': [1, 0, 2, 0, 0], 'remaining_budget': 3, 'node_type': 'root'}
2025-12-09 15:08:24 - DEBUG - Node 82: {'depth': 4, 'occurrences': [1, 0, 2, 0, 1], 'remaining_budget': 0, 'node_type': 'right'}
2025-12-09 15:08:24 - DEBUG - Pruned by budget_infeasible at node 82
2025-12-09 15:08:24 - DEBUG - Evaluated leaf node: makespan=11.0
2025-12-09 15:08:24 - DEBUG -   Node: {'depth': 4, 'occurrences': [1, 0, 2, 0, 1], 'remaining_budget': 0, 'node_type': 'right'}
2025-12-09 15:08:24 - DEBUG - Node 83: {'depth': 1, 'occurrences': [1, 1, 0, 0, 5], 'remaining_budget': 10, 'node_type': 'right'}
2025-12-09 15:08:24 - DEBUG - Bound: 21.00 (ceil_knapsack_dp) = remaining 15.00 + committed 6.00 at depth 1
2025-12-09 15:08:24 - DEBUG - Node 84: {'depth': 2, 'occurrences': [1, 1, 0, 0, 5], 'remaining_budget': 10, 'node_type': 'root'}
2025-12-09 15:08:24 - DEBUG - Bound: 18.00 (ceil_knapsack_dp) = remaining 12.00 + committed 6.00 at depth 2
2025-12-09 15:08:24 - DEBUG - Node 85: {'depth': 3, 'occurrences': [1, 1, 0, 0, 5], 'remaining_budget': 10, 'node_type': 'root'}
2025-12-09 15:08:24 - DEBUG - Bound: 13.00 (ceil_knapsack_dp) = remaining 7.00 + committed 6.00 at depth 3
2025-12-09 15:08:24 - DEBUG - Pruned by bound_dominated at node 85
2025-12-09 15:08:24 - DEBUG - Node 86: {'depth': 3, 'occurrences': [1, 1, 0, 1, 5], 'remaining_budget': 6, 'node_type': 'right'}
2025-12-09 15:08:24 - DEBUG - Bound: 13.00 (ceil_knapsack_dp) = remaining 7.00 + committed 6.00 at depth 3
2025-12-09 15:08:24 - DEBUG - Pruned by bound_dominated at node 86
2025-12-09 15:08:24 - DEBUG - Node 87: {'depth': 3, 'occurrences': [1, 1, 0, 2, 5], 'remaining_budget': 2, 'node_type': 'right'}
2025-12-09 15:08:24 - DEBUG - Pruned by budget_infeasible at node 87
2025-12-09 15:08:24 - DEBUG - Bound: 9.00 (ceil_knapsack_dp) = remaining 0.00 + committed 9.00 at depth 3
2025-12-09 15:08:24 - DEBUG - Pruned by bound_dominated at node 87
2025-12-09 15:08:24 - DEBUG - Node 88: {'depth': 2, 'occurrences': [1, 1, 1, 0, 5], 'remaining_budget': 5, 'node_type': 'right'}
2025-12-09 15:08:24 - DEBUG - Bound: 15.00 (ceil_knapsack_dp) = remaining 7.00 + committed 8.00 at depth 2
2025-12-09 15:08:24 - DEBUG - Node 89: {'depth': 3, 'occurrences': [1, 1, 1, 0, 5], 'remaining_budget': 5, 'node_type': 'root'}
2025-12-09 15:08:24 - DEBUG - Bound: 15.00 (ceil_knapsack_dp) = remaining 7.00 + committed 8.00 at depth 3
2025-12-09 15:08:24 - DEBUG - Node 90: {'depth': 4, 'occurrences': [1, 1, 1, 0, 0], 'remaining_budget': 5, 'node_type': 'root'}
2025-12-09 15:08:24 - DEBUG - Evaluated leaf node: makespan=8.0
2025-12-09 15:08:24 - DEBUG -   Node: {'depth': 4, 'occurrences': [1, 1, 1, 0, 0], 'remaining_budget': 5, 'node_type': 'root'}
2025-12-09 15:08:24 - DEBUG - Node 91: {'depth': 4, 'occurrences': [1, 1, 1, 0, 1], 'remaining_budget': 2, 'node_type': 'right'}
2025-12-09 15:08:24 - DEBUG - Pruned by budget_infeasible at node 91
2025-12-09 15:08:24 - DEBUG - Evaluated leaf node: makespan=10.0
2025-12-09 15:08:24 - DEBUG -   Node: {'depth': 4, 'occurrences': [1, 1, 1, 0, 1], 'remaining_budget': 2, 'node_type': 'right'}
2025-12-09 15:08:24 - DEBUG - Node 92: {'depth': 3, 'occurrences': [1, 1, 1, 1, 5], 'remaining_budget': 1, 'node_type': 'right'}
2025-12-09 15:08:24 - DEBUG - Pruned by budget_infeasible at node 92
2025-12-09 15:08:24 - DEBUG - Bound: 9.00 (ceil_knapsack_dp) = remaining 0.00 + committed 9.00 at depth 3
2025-12-09 15:08:24 - DEBUG - Pruned by bound_dominated at node 92
2025-12-09 15:08:24 - DEBUG - Node 93: {'depth': 2, 'occurrences': [1, 1, 2, 0, 5], 'remaining_budget': 0, 'node_type': 'right'}
2025-12-09 15:08:24 - DEBUG - Pruned by budget_infeasible at node 93
2025-12-09 15:08:24 - DEBUG - Bound: 12.00 (ceil_knapsack_dp) = remaining 0.00 + committed 12.00 at depth 2
2025-12-09 15:08:24 - DEBUG - Pruned by bound_dominated at node 93
2025-12-09 15:08:24 - DEBUG - Node 94: {'depth': 1, 'occurrences': [1, 2, 0, 0, 5], 'remaining_budget': 7, 'node_type': 'right'}
2025-12-09 15:08:24 - DEBUG - Bound: 18.00 (ceil_knapsack_dp) = remaining 12.00 + committed 6.00 at depth 1
2025-12-09 15:08:24 - DEBUG - Node 95: {'depth': 2, 'occurrences': [1, 2, 0, 0, 5], 'remaining_budget': 7, 'node_type': 'root'}
2025-12-09 15:08:24 - DEBUG - Bound: 18.00 (ceil_knapsack_dp) = remaining 12.00 + committed 6.00 at depth 2
2025-12-09 15:08:24 - DEBUG - Node 96: {'depth': 3, 'occurrences': [1, 2, 0, 0, 5], 'remaining_budget': 7, 'node_type': 'root'}
2025-12-09 15:08:24 - DEBUG - Bound: 13.00 (ceil_knapsack_dp) = remaining 7.00 + committed 6.00 at depth 3
2025-12-09 15:08:24 - DEBUG - Pruned by bound_dominated at node 96
2025-12-09 15:08:24 - DEBUG - Node 97: {'depth': 3, 'occurrences': [1, 2, 0, 1, 5], 'remaining_budget': 3, 'node_type': 'right'}
2025-12-09 15:08:24 - DEBUG - Pruned by budget_infeasible at node 97
2025-12-09 15:08:24 - DEBUG - Bound: 16.00 (ceil_knapsack_dp) = remaining 7.00 + committed 9.00 at depth 3
2025-12-09 15:08:24 - DEBUG - Node 98: {'depth': 4, 'occurrences': [1, 2, 0, 1, 0], 'remaining_budget': 3, 'node_type': 'root'}
2025-12-09 15:08:24 - DEBUG - Evaluated leaf node: makespan=9.0
2025-12-09 15:08:24 - DEBUG -   Node: {'depth': 4, 'occurrences': [1, 2, 0, 1, 0], 'remaining_budget': 3, 'node_type': 'root'}
2025-12-09 15:08:24 - DEBUG - Node 99: {'depth': 4, 'occurrences': [1, 2, 0, 1, 1], 'remaining_budget': 0, 'node_type': 'right'}
2025-12-09 15:08:24 - DEBUG - Pruned by budget_infeasible at node 99
2025-12-09 15:08:24 - DEBUG - Evaluated leaf node: makespan=11.0
2025-12-09 15:08:24 - DEBUG -   Node: {'depth': 4, 'occurrences': [1, 2, 0, 1, 1], 'remaining_budget': 0, 'node_type': 'right'}
2025-12-09 15:08:24 - DEBUG - Node 100: {'depth': 2, 'occurrences': [1, 2, 1, 0, 5], 'remaining_budget': 2, 'node_type': 'right'}
2025-12-09 15:08:24 - DEBUG - Pruned by budget_infeasible at node 100
2025-12-09 15:08:24 - DEBUG - Bound: 12.00 (ceil_knapsack_dp) = remaining 0.00 + committed 12.00 at depth 2
2025-12-09 15:08:24 - DEBUG - Pruned by bound_dominated at node 100
2025-12-09 15:08:24 - DEBUG - Node 101: {'depth': 1, 'occurrences': [1, 3, 0, 0, 5], 'remaining_budget': 4, 'node_type': 'right'}
2025-12-09 15:08:24 - DEBUG - Bound: 17.00 (ceil_knapsack_dp) = remaining 7.00 + committed 10.00 at depth 1
2025-12-09 15:08:24 - DEBUG - Node 102: {'depth': 2, 'occurrences': [1, 3, 0, 0, 5], 'remaining_budget': 4, 'node_type': 'root'}
2025-12-09 15:08:24 - DEBUG - Pruned by budget_infeasible at node 102
2025-12-09 15:08:24 - DEBUG - Bound: 17.00 (ceil_knapsack_dp) = remaining 7.00 + committed 10.00 at depth 2
2025-12-09 15:08:24 - DEBUG - Node 103: {'depth': 3, 'occurrences': [1, 3, 0, 0, 5], 'remaining_budget': 4, 'node_type': 'root'}
2025-12-09 15:08:24 - DEBUG - Bound: 17.00 (ceil_knapsack_dp) = remaining 7.00 + committed 10.00 at depth 3
2025-12-09 15:08:24 - DEBUG - Node 104: {'depth': 4, 'occurrences': [1, 3, 0, 0, 0], 'remaining_budget': 4, 'node_type': 'root'}
2025-12-09 15:08:24 - DEBUG - Evaluated leaf node: makespan=10.0
2025-12-09 15:08:24 - DEBUG -   Node: {'depth': 4, 'occurrences': [1, 3, 0, 0, 0], 'remaining_budget': 4, 'node_type': 'root'}
2025-12-09 15:08:24 - DEBUG - Node 105: {'depth': 4, 'occurrences': [1, 3, 0, 0, 1], 'remaining_budget': 1, 'node_type': 'right'}
2025-12-09 15:08:24 - DEBUG - Pruned by budget_infeasible at node 105
2025-12-09 15:08:24 - DEBUG - Evaluated leaf node: makespan=12.0
2025-12-09 15:08:24 - DEBUG -   Node: {'depth': 4, 'occurrences': [1, 3, 0, 0, 1], 'remaining_budget': 1, 'node_type': 'right'}
2025-12-09 15:08:24 - DEBUG - Node 106: {'depth': 3, 'occurrences': [1, 3, 0, 1, 5], 'remaining_budget': 0, 'node_type': 'right'}
2025-12-09 15:08:24 - DEBUG - Pruned by budget_infeasible at node 106
2025-12-09 15:08:24 - DEBUG - Bound: 11.00 (ceil_knapsack_dp) = remaining 0.00 + committed 11.00 at depth 3
2025-12-09 15:08:24 - DEBUG - Pruned by bound_dominated at node 106
2025-12-09 15:08:24 - DEBUG - Node 107: {'depth': 1, 'occurrences': [1, 4, 0, 0, 5], 'remaining_budget': 1, 'node_type': 'right'}
2025-12-09 15:08:24 - DEBUG - Pruned by budget_infeasible at node 107
2025-12-09 15:08:24 - DEBUG - Bound: 12.00 (ceil_knapsack_dp) = remaining 0.00 + committed 12.00 at depth 1
2025-12-09 15:08:24 - DEBUG - Pruned by bound_dominated at node 107
2025-12-09 15:08:24 - DEBUG - Node 108: {'depth': 0, 'occurrences': [2, 0, 0, 0, 5], 'remaining_budget': 11, 'node_type': 'right'}
2025-12-09 15:08:24 - DEBUG - Bound: 25.00 (ceil_knapsack_dp) = remaining 21.00 + committed 4.00 at depth 0
2025-12-09 15:08:24 - DEBUG - Node 109: {'depth': 1, 'occurrences': [2, 0, 0, 0, 5], 'remaining_budget': 11, 'node_type': 'root'}
2025-12-09 15:08:24 - DEBUG - Bound: 19.00 (ceil_knapsack_dp) = remaining 15.00 + committed 4.00 at depth 1
2025-12-09 15:08:24 - DEBUG - Node 110: {'depth': 2, 'occurrences': [2, 0, 0, 0, 5], 'remaining_budget': 11, 'node_type': 'root'}
2025-12-09 15:08:24 - DEBUG - Bound: 16.00 (ceil_knapsack_dp) = remaining 12.00 + committed 4.00 at depth 2
2025-12-09 15:08:24 - DEBUG - Node 111: {'depth': 3, 'occurrences': [2, 0, 0, 0, 5], 'remaining_budget': 11, 'node_type': 'root'}
2025-12-09 15:08:24 - DEBUG - Bound: 11.00 (ceil_knapsack_dp) = remaining 7.00 + committed 4.00 at depth 3
2025-12-09 15:08:24 - DEBUG - Pruned by bound_dominated at node 111
2025-12-09 15:08:24 - DEBUG - Node 112: {'depth': 3, 'occurrences': [2, 0, 0, 1, 5], 'remaining_budget': 7, 'node_type': 'right'}
2025-12-09 15:08:24 - DEBUG - Bound: 12.00 (ceil_knapsack_dp) = remaining 7.00 + committed 5.00 at depth 3
2025-12-09 15:08:24 - DEBUG - Pruned by bound_dominated at node 112
2025-12-09 15:08:24 - DEBUG - Node 113: {'depth': 3, 'occurrences': [2, 0, 0, 2, 5], 'remaining_budget': 3, 'node_type': 'right'}
2025-12-09 15:08:24 - DEBUG - Pruned by budget_infeasible at node 113
2025-12-09 15:08:24 - DEBUG - Bound: 16.00 (ceil_knapsack_dp) = remaining 7.00 + committed 9.00 at depth 3
2025-12-09 15:08:24 - DEBUG - Node 114: {'depth': 4, 'occurrences': [2, 0, 0, 2, 0], 'remaining_budget': 3, 'node_type': 'root'}
2025-12-09 15:08:24 - DEBUG - Evaluated leaf node: makespan=8.0
2025-12-09 15:08:24 - DEBUG -   Node: {'depth': 4, 'occurrences': [2, 0, 0, 2, 0], 'remaining_budget': 3, 'node_type': 'root'}
2025-12-09 15:08:24 - DEBUG - Node 115: {'depth': 4, 'occurrences': [2, 0, 0, 2, 1], 'remaining_budget': 0, 'node_type': 'right'}
2025-12-09 15:08:24 - DEBUG - Pruned by budget_infeasible at node 115
2025-12-09 15:08:24 - DEBUG - Evaluated leaf node: makespan=9.0
2025-12-09 15:08:24 - DEBUG -   Node: {'depth': 4, 'occurrences': [2, 0, 0, 2, 1], 'remaining_budget': 0, 'node_type': 'right'}
2025-12-09 15:08:24 - DEBUG - Node 116: {'depth': 2, 'occurrences': [2, 0, 1, 0, 5], 'remaining_budget': 6, 'node_type': 'right'}
2025-12-09 15:08:24 - DEBUG - Bound: 15.00 (ceil_knapsack_dp) = remaining 7.00 + committed 8.00 at depth 2
2025-12-09 15:08:24 - DEBUG - Node 117: {'depth': 3, 'occurrences': [2, 0, 1, 0, 5], 'remaining_budget': 6, 'node_type': 'root'}
2025-12-09 15:08:24 - DEBUG - Bound: 15.00 (ceil_knapsack_dp) = remaining 7.00 + committed 8.00 at depth 3
2025-12-09 15:08:24 - DEBUG - Node 118: {'depth': 4, 'occurrences': [2, 0, 1, 0, 0], 'remaining_budget': 6, 'node_type': 'root'}
2025-12-09 15:08:24 - DEBUG - Evaluated leaf node: makespan=8.0
2025-12-09 15:08:24 - DEBUG -   Node: {'depth': 4, 'occurrences': [2, 0, 1, 0, 0], 'remaining_budget': 6, 'node_type': 'root'}
2025-12-09 15:08:24 - DEBUG - Node 119: {'depth': 4, 'occurrences': [2, 0, 1, 0, 1], 'remaining_budget': 3, 'node_type': 'right'}
2025-12-09 15:08:24 - DEBUG - Evaluated leaf node: makespan=8.0
2025-12-09 15:08:24 - DEBUG -   Node: {'depth': 4, 'occurrences': [2, 0, 1, 0, 1], 'remaining_budget': 3, 'node_type': 'right'}
2025-12-09 15:08:24 - DEBUG - Node 120: {'depth': 4, 'occurrences': [2, 0, 1, 0, 2], 'remaining_budget': 0, 'node_type': 'right'}
2025-12-09 15:08:24 - DEBUG - Pruned by budget_infeasible at node 120
2025-12-09 15:08:24 - DEBUG - Evaluated leaf node: makespan=11.0
2025-12-09 15:08:24 - DEBUG -   Node: {'depth': 4, 'occurrences': [2, 0, 1, 0, 2], 'remaining_budget': 0, 'node_type': 'right'}
2025-12-09 15:08:24 - DEBUG - Node 121: {'depth': 3, 'occurrences': [2, 0, 1, 1, 5], 'remaining_budget': 2, 'node_type': 'right'}
2025-12-09 15:08:24 - DEBUG - Pruned by budget_infeasible at node 121
2025-12-09 15:08:24 - DEBUG - Bound: 9.00 (ceil_knapsack_dp) = remaining 0.00 + committed 9.00 at depth 3
2025-12-09 15:08:24 - DEBUG - Pruned by bound_dominated at node 121
2025-12-09 15:08:24 - DEBUG - Node 122: {'depth': 2, 'occurrences': [2, 0, 2, 0, 5], 'remaining_budget': 1, 'node_type': 'right'}
2025-12-09 15:08:24 - DEBUG - Pruned by budget_infeasible at node 122
2025-12-09 15:08:24 - DEBUG - Bound: 12.00 (ceil_knapsack_dp) = remaining 0.00 + committed 12.00 at depth 2
2025-12-09 15:08:24 - DEBUG - Pruned by bound_dominated at node 122
2025-12-09 15:08:24 - DEBUG - Node 123: {'depth': 1, 'occurrences': [2, 1, 0, 0, 5], 'remaining_budget': 8, 'node_type': 'right'}
2025-12-09 15:08:24 - DEBUG - Bound: 21.00 (ceil_knapsack_dp) = remaining 15.00 + committed 6.00 at depth 1
2025-12-09 15:08:24 - DEBUG - Node 124: {'depth': 2, 'occurrences': [2, 1, 0, 0, 5], 'remaining_budget': 8, 'node_type': 'root'}
2025-12-09 15:08:24 - DEBUG - Bound: 18.00 (ceil_knapsack_dp) = remaining 12.00 + committed 6.00 at depth 2
2025-12-09 15:08:24 - DEBUG - Node 125: {'depth': 3, 'occurrences': [2, 1, 0, 0, 5], 'remaining_budget': 8, 'node_type': 'root'}
2025-12-09 15:08:24 - DEBUG - Bound: 13.00 (ceil_knapsack_dp) = remaining 7.00 + committed 6.00 at depth 3
2025-12-09 15:08:24 - DEBUG - Pruned by bound_dominated at node 125
2025-12-09 15:08:24 - DEBUG - Node 126: {'depth': 3, 'occurrences': [2, 1, 0, 1, 5], 'remaining_budget': 4, 'node_type': 'right'}
2025-12-09 15:08:24 - DEBUG - Bound: 16.00 (ceil_knapsack_dp) = remaining 7.00 + committed 9.00 at depth 3
2025-12-09 15:08:24 - DEBUG - Node 127: {'depth': 4, 'occurrences': [2, 1, 0, 1, 0], 'remaining_budget': 4, 'node_type': 'root'}
2025-12-09 15:08:24 - DEBUG - Evaluated leaf node: makespan=8.0
2025-12-09 15:08:24 - DEBUG -   Node: {'depth': 4, 'occurrences': [2, 1, 0, 1, 0], 'remaining_budget': 4, 'node_type': 'root'}
2025-12-09 15:08:24 - DEBUG - Node 128: {'depth': 4, 'occurrences': [2, 1, 0, 1, 1], 'remaining_budget': 1, 'node_type': 'right'}
2025-12-09 15:08:24 - DEBUG - Pruned by budget_infeasible at node 128
2025-12-09 15:08:24 - DEBUG - Evaluated leaf node: makespan=10.0
2025-12-09 15:08:24 - DEBUG -   Node: {'depth': 4, 'occurrences': [2, 1, 0, 1, 1], 'remaining_budget': 1, 'node_type': 'right'}
2025-12-09 15:08:24 - DEBUG - Node 129: {'depth': 3, 'occurrences': [2, 1, 0, 2, 5], 'remaining_budget': 0, 'node_type': 'right'}
2025-12-09 15:08:24 - DEBUG - Pruned by budget_infeasible at node 129
2025-12-09 15:08:24 - DEBUG - Bound: 9.00 (ceil_knapsack_dp) = remaining 0.00 + committed 9.00 at depth 3
2025-12-09 15:08:24 - DEBUG - Pruned by bound_dominated at node 129
2025-12-09 15:08:24 - DEBUG - Node 130: {'depth': 2, 'occurrences': [2, 1, 1, 0, 5], 'remaining_budget': 3, 'node_type': 'right'}
2025-12-09 15:08:24 - DEBUG - Pruned by budget_infeasible at node 130
2025-12-09 15:08:24 - DEBUG - Bound: 19.00 (ceil_knapsack_dp) = remaining 7.00 + committed 12.00 at depth 2
2025-12-09 15:08:24 - DEBUG - Node 131: {'depth': 3, 'occurrences': [2, 1, 1, 0, 5], 'remaining_budget': 3, 'node_type': 'root'}
2025-12-09 15:08:24 - DEBUG - Pruned by budget_infeasible at node 131
2025-12-09 15:08:24 - DEBUG - Bound: 19.00 (ceil_knapsack_dp) = remaining 7.00 + committed 12.00 at depth 3
2025-12-09 15:08:24 - DEBUG - Node 132: {'depth': 4, 'occurrences': [2, 1, 1, 0, 0], 'remaining_budget': 3, 'node_type': 'root'}
2025-12-09 15:08:24 - DEBUG - Evaluated leaf node: makespan=8.0
2025-12-09 15:08:24 - DEBUG -   Node: {'depth': 4, 'occurrences': [2, 1, 1, 0, 0], 'remaining_budget': 3, 'node_type': 'root'}
2025-12-09 15:08:24 - DEBUG - Node 133: {'depth': 4, 'occurrences': [2, 1, 1, 0, 1], 'remaining_budget': 0, 'node_type': 'right'}
2025-12-09 15:08:24 - DEBUG - Pruned by budget_infeasible at node 133
2025-12-09 15:08:24 - DEBUG - Evaluated leaf node: makespan=11.0
2025-12-09 15:08:24 - DEBUG -   Node: {'depth': 4, 'occurrences': [2, 1, 1, 0, 1], 'remaining_budget': 0, 'node_type': 'right'}
2025-12-09 15:08:24 - DEBUG - Node 134: {'depth': 1, 'occurrences': [2, 2, 0, 0, 5], 'remaining_budget': 5, 'node_type': 'right'}
2025-12-09 15:08:24 - DEBUG - Bound: 18.00 (ceil_knapsack_dp) = remaining 8.00 + committed 10.00 at depth 1
2025-12-09 15:08:24 - DEBUG - Node 135: {'depth': 2, 'occurrences': [2, 2, 0, 0, 5], 'remaining_budget': 5, 'node_type': 'root'}
2025-12-09 15:08:24 - DEBUG - Bound: 17.00 (ceil_knapsack_dp) = remaining 7.00 + committed 10.00 at depth 2
2025-12-09 15:08:24 - DEBUG - Node 136: {'depth': 3, 'occurrences': [2, 2, 0, 0, 5], 'remaining_budget': 5, 'node_type': 'root'}
2025-12-09 15:08:24 - DEBUG - Bound: 17.00 (ceil_knapsack_dp) = remaining 7.00 + committed 10.00 at depth 3
2025-12-09 15:08:24 - DEBUG - Node 137: {'depth': 4, 'occurrences': [2, 2, 0, 0, 0], 'remaining_budget': 5, 'node_type': 'root'}
2025-12-09 15:08:24 - DEBUG - Evaluated leaf node: makespan=8.0
2025-12-09 15:08:24 - DEBUG -   Node: {'depth': 4, 'occurrences': [2, 2, 0, 0, 0], 'remaining_budget': 5, 'node_type': 'root'}
2025-12-09 15:08:24 - DEBUG - Node 138: {'depth': 4, 'occurrences': [2, 2, 0, 0, 1], 'remaining_budget': 2, 'node_type': 'right'}
2025-12-09 15:08:24 - DEBUG - Pruned by budget_infeasible at node 138
2025-12-09 15:08:24 - DEBUG - Evaluated leaf node: makespan=10.0
2025-12-09 15:08:24 - DEBUG -   Node: {'depth': 4, 'occurrences': [2, 2, 0, 0, 1], 'remaining_budget': 2, 'node_type': 'right'}
2025-12-09 15:08:24 - DEBUG - Node 139: {'depth': 3, 'occurrences': [2, 2, 0, 1, 5], 'remaining_budget': 1, 'node_type': 'right'}
2025-12-09 15:08:24 - DEBUG - Pruned by budget_infeasible at node 139
2025-12-09 15:08:24 - DEBUG - Bound: 10.00 (ceil_knapsack_dp) = remaining 0.00 + committed 10.00 at depth 3
2025-12-09 15:08:24 - DEBUG - Pruned by bound_dominated at node 139
2025-12-09 15:08:24 - DEBUG - Node 140: {'depth': 2, 'occurrences': [2, 2, 1, 0, 5], 'remaining_budget': 0, 'node_type': 'right'}
2025-12-09 15:08:24 - DEBUG - Pruned by budget_infeasible at node 140
2025-12-09 15:08:24 - DEBUG - Bound: 12.00 (ceil_knapsack_dp) = remaining 0.00 + committed 12.00 at depth 2
2025-12-09 15:08:24 - DEBUG - Pruned by bound_dominated at node 140
2025-12-09 15:08:24 - DEBUG - Node 141: {'depth': 1, 'occurrences': [2, 3, 0, 0, 5], 'remaining_budget': 2, 'node_type': 'right'}
2025-12-09 15:08:24 - DEBUG - Pruned by budget_infeasible at node 141
2025-12-09 15:08:24 - DEBUG - Bound: 10.00 (ceil_knapsack_dp) = remaining 0.00 + committed 10.00 at depth 1
2025-12-09 15:08:24 - DEBUG - Pruned by bound_dominated at node 141
2025-12-09 15:08:24 - DEBUG - Node 142: {'depth': 0, 'occurrences': [3, 0, 0, 0, 5], 'remaining_budget': 9, 'node_type': 'right'}
2025-12-09 15:08:24 - DEBUG - Bound: 19.00 (ceil_knapsack_dp) = remaining 15.00 + committed 4.00 at depth 0
2025-12-09 15:08:24 - DEBUG - Node 143: {'depth': 1, 'occurrences': [3, 0, 0, 0, 5], 'remaining_budget': 9, 'node_type': 'root'}
2025-12-09 15:08:24 - DEBUG - Bound: 19.00 (ceil_knapsack_dp) = remaining 15.00 + committed 4.00 at depth 1
2025-12-09 15:08:24 - DEBUG - Node 144: {'depth': 2, 'occurrences': [3, 0, 0, 0, 5], 'remaining_budget': 9, 'node_type': 'root'}
2025-12-09 15:08:24 - DEBUG - Bound: 16.00 (ceil_knapsack_dp) = remaining 12.00 + committed 4.00 at depth 2
2025-12-09 15:08:24 - DEBUG - Node 145: {'depth': 3, 'occurrences': [3, 0, 0, 0, 5], 'remaining_budget': 9, 'node_type': 'root'}
2025-12-09 15:08:24 - DEBUG - Bound: 11.00 (ceil_knapsack_dp) = remaining 7.00 + committed 4.00 at depth 3
2025-12-09 15:08:24 - DEBUG - Pruned by bound_dominated at node 145
2025-12-09 15:08:24 - DEBUG - Node 146: {'depth': 3, 'occurrences': [3, 0, 0, 1, 5], 'remaining_budget': 5, 'node_type': 'right'}
2025-12-09 15:08:24 - DEBUG - Bound: 16.00 (ceil_knapsack_dp) = remaining 7.00 + committed 9.00 at depth 3
2025-12-09 15:08:24 - DEBUG - Node 147: {'depth': 4, 'occurrences': [3, 0, 0, 1, 0], 'remaining_budget': 5, 'node_type': 'root'}
2025-12-09 15:08:24 - DEBUG - Evaluated leaf node: makespan=8.0
2025-12-09 15:08:24 - DEBUG -   Node: {'depth': 4, 'occurrences': [3, 0, 0, 1, 0], 'remaining_budget': 5, 'node_type': 'root'}
2025-12-09 15:08:24 - DEBUG - Node 148: {'depth': 4, 'occurrences': [3, 0, 0, 1, 1], 'remaining_budget': 2, 'node_type': 'right'}
2025-12-09 15:08:24 - DEBUG - Pruned by budget_infeasible at node 148
2025-12-09 15:08:24 - DEBUG - Evaluated leaf node: makespan=9.0
2025-12-09 15:08:24 - DEBUG -   Node: {'depth': 4, 'occurrences': [3, 0, 0, 1, 1], 'remaining_budget': 2, 'node_type': 'right'}
2025-12-09 15:08:24 - DEBUG - Node 149: {'depth': 3, 'occurrences': [3, 0, 0, 2, 5], 'remaining_budget': 1, 'node_type': 'right'}
2025-12-09 15:08:24 - DEBUG - Pruned by budget_infeasible at node 149
2025-12-09 15:08:24 - DEBUG - Bound: 9.00 (ceil_knapsack_dp) = remaining 0.00 + committed 9.00 at depth 3
2025-12-09 15:08:24 - DEBUG - Pruned by bound_dominated at node 149
2025-12-09 15:08:24 - DEBUG - Node 150: {'depth': 2, 'occurrences': [3, 0, 1, 0, 5], 'remaining_budget': 4, 'node_type': 'right'}
2025-12-09 15:08:24 - DEBUG - Pruned by budget_infeasible at node 150
2025-12-09 15:08:24 - DEBUG - Bound: 19.00 (ceil_knapsack_dp) = remaining 7.00 + committed 12.00 at depth 2
2025-12-09 15:08:24 - DEBUG - Node 151: {'depth': 3, 'occurrences': [3, 0, 1, 0, 5], 'remaining_budget': 4, 'node_type': 'root'}
2025-12-09 15:08:24 - DEBUG - Bound: 19.00 (ceil_knapsack_dp) = remaining 7.00 + committed 12.00 at depth 3
2025-12-09 15:08:24 - DEBUG - Node 152: {'depth': 4, 'occurrences': [3, 0, 1, 0, 0], 'remaining_budget': 4, 'node_type': 'root'}
2025-12-09 15:08:24 - DEBUG - Evaluated leaf node: makespan=8.0
2025-12-09 15:08:24 - DEBUG -   Node: {'depth': 4, 'occurrences': [3, 0, 1, 0, 0], 'remaining_budget': 4, 'node_type': 'root'}
2025-12-09 15:08:24 - DEBUG - Node 153: {'depth': 4, 'occurrences': [3, 0, 1, 0, 1], 'remaining_budget': 1, 'node_type': 'right'}
2025-12-09 15:08:24 - DEBUG - Pruned by budget_infeasible at node 153
2025-12-09 15:08:24 - DEBUG - Evaluated leaf node: makespan=11.0
2025-12-09 15:08:24 - DEBUG -   Node: {'depth': 4, 'occurrences': [3, 0, 1, 0, 1], 'remaining_budget': 1, 'node_type': 'right'}
2025-12-09 15:08:24 - DEBUG - Node 154: {'depth': 3, 'occurrences': [3, 0, 1, 1, 5], 'remaining_budget': 0, 'node_type': 'right'}
2025-12-09 15:08:24 - DEBUG - Pruned by budget_infeasible at node 154
2025-12-09 15:08:24 - DEBUG - Bound: 12.00 (ceil_knapsack_dp) = remaining 0.00 + committed 12.00 at depth 3
2025-12-09 15:08:24 - DEBUG - Pruned by bound_dominated at node 154
2025-12-09 15:08:24 - DEBUG - Node 155: {'depth': 1, 'occurrences': [3, 1, 0, 0, 5], 'remaining_budget': 6, 'node_type': 'right'}
2025-12-09 15:08:24 - DEBUG - Bound: 18.00 (ceil_knapsack_dp) = remaining 8.00 + committed 10.00 at depth 1
2025-12-09 15:08:24 - DEBUG - Node 156: {'depth': 2, 'occurrences': [3, 1, 0, 0, 5], 'remaining_budget': 6, 'node_type': 'root'}
2025-12-09 15:08:24 - DEBUG - Bound: 17.00 (ceil_knapsack_dp) = remaining 7.00 + committed 10.00 at depth 2
2025-12-09 15:08:24 - DEBUG - Node 157: {'depth': 3, 'occurrences': [3, 1, 0, 0, 5], 'remaining_budget': 6, 'node_type': 'root'}
2025-12-09 15:08:24 - DEBUG - Bound: 17.00 (ceil_knapsack_dp) = remaining 7.00 + committed 10.00 at depth 3
2025-12-09 15:08:24 - DEBUG - Node 158: {'depth': 4, 'occurrences': [3, 1, 0, 0, 0], 'remaining_budget': 6, 'node_type': 'root'}
2025-12-09 15:08:24 - DEBUG - Evaluated leaf node: makespan=8.0
2025-12-09 15:08:24 - DEBUG -   Node: {'depth': 4, 'occurrences': [3, 1, 0, 0, 0], 'remaining_budget': 6, 'node_type': 'root'}
2025-12-09 15:08:24 - DEBUG - Node 159: {'depth': 4, 'occurrences': [3, 1, 0, 0, 1], 'remaining_budget': 3, 'node_type': 'right'}
2025-12-09 15:08:24 - DEBUG - Evaluated leaf node: makespan=10.0
2025-12-09 15:08:24 - DEBUG -   Node: {'depth': 4, 'occurrences': [3, 1, 0, 0, 1], 'remaining_budget': 3, 'node_type': 'right'}
2025-12-09 15:08:24 - DEBUG - Node 160: {'depth': 4, 'occurrences': [3, 1, 0, 0, 2], 'remaining_budget': 0, 'node_type': 'right'}
2025-12-09 15:08:24 - DEBUG - Pruned by budget_infeasible at node 160
2025-12-09 15:08:24 - DEBUG - Evaluated leaf node: makespan=11.0
2025-12-09 15:08:24 - DEBUG -   Node: {'depth': 4, 'occurrences': [3, 1, 0, 0, 2], 'remaining_budget': 0, 'node_type': 'right'}
2025-12-09 15:08:24 - DEBUG - Node 161: {'depth': 3, 'occurrences': [3, 1, 0, 1, 5], 'remaining_budget': 2, 'node_type': 'right'}
2025-12-09 15:08:24 - DEBUG - Pruned by budget_infeasible at node 161
2025-12-09 15:08:24 - DEBUG - Bound: 10.00 (ceil_knapsack_dp) = remaining 0.00 + committed 10.00 at depth 3
2025-12-09 15:08:24 - DEBUG - Pruned by bound_dominated at node 161
2025-12-09 15:08:24 - DEBUG - Node 162: {'depth': 2, 'occurrences': [3, 1, 1, 0, 5], 'remaining_budget': 1, 'node_type': 'right'}
2025-12-09 15:08:24 - DEBUG - Pruned by budget_infeasible at node 162
2025-12-09 15:08:24 - DEBUG - Bound: 12.00 (ceil_knapsack_dp) = remaining 0.00 + committed 12.00 at depth 2
2025-12-09 15:08:24 - DEBUG - Pruned by bound_dominated at node 162
2025-12-09 15:08:24 - DEBUG - Node 163: {'depth': 1, 'occurrences': [3, 2, 0, 0, 5], 'remaining_budget': 3, 'node_type': 'right'}
2025-12-09 15:08:24 - DEBUG - Bound: 17.00 (ceil_knapsack_dp) = remaining 7.00 + committed 10.00 at depth 1
2025-12-09 15:08:24 - DEBUG - Node 164: {'depth': 2, 'occurrences': [3, 2, 0, 0, 5], 'remaining_budget': 3, 'node_type': 'root'}
2025-12-09 15:08:24 - DEBUG - Pruned by budget_infeasible at node 164
2025-12-09 15:08:24 - DEBUG - Bound: 17.00 (ceil_knapsack_dp) = remaining 7.00 + committed 10.00 at depth 2
2025-12-09 15:08:24 - DEBUG - Node 165: {'depth': 3, 'occurrences': [3, 2, 0, 0, 5], 'remaining_budget': 3, 'node_type': 'root'}
2025-12-09 15:08:24 - DEBUG - Pruned by budget_infeasible at node 165
2025-12-09 15:08:24 - DEBUG - Bound: 17.00 (ceil_knapsack_dp) = remaining 7.00 + committed 10.00 at depth 3
2025-12-09 15:08:24 - DEBUG - Node 166: {'depth': 4, 'occurrences': [3, 2, 0, 0, 0], 'remaining_budget': 3, 'node_type': 'root'}
2025-12-09 15:08:24 - DEBUG - Evaluated leaf node: makespan=10.0
2025-12-09 15:08:24 - DEBUG -   Node: {'depth': 4, 'occurrences': [3, 2, 0, 0, 0], 'remaining_budget': 3, 'node_type': 'root'}
2025-12-09 15:08:24 - DEBUG - Node 167: {'depth': 4, 'occurrences': [3, 2, 0, 0, 1], 'remaining_budget': 0, 'node_type': 'right'}
2025-12-09 15:08:24 - DEBUG - Pruned by budget_infeasible at node 167
2025-12-09 15:08:24 - DEBUG - Evaluated leaf node: makespan=11.0
2025-12-09 15:08:24 - DEBUG -   Node: {'depth': 4, 'occurrences': [3, 2, 0, 0, 1], 'remaining_budget': 0, 'node_type': 'right'}
2025-12-09 15:08:24 - DEBUG - Node 168: {'depth': 1, 'occurrences': [3, 3, 0, 0, 5], 'remaining_budget': 0, 'node_type': 'right'}
2025-12-09 15:08:24 - DEBUG - Pruned by budget_infeasible at node 168
2025-12-09 15:08:24 - DEBUG - Bound: 10.00 (ceil_knapsack_dp) = remaining 0.00 + committed 10.00 at depth 1
2025-12-09 15:08:24 - DEBUG - Pruned by bound_dominated at node 168
2025-12-09 15:08:24 - DEBUG - Node 169: {'depth': 0, 'occurrences': [4, 0, 0, 0, 5], 'remaining_budget': 7, 'node_type': 'right'}
2025-12-09 15:08:24 - DEBUG - Bound: 21.00 (ceil_knapsack_dp) = remaining 13.00 + committed 8.00 at depth 0
2025-12-09 15:08:24 - DEBUG - Node 170: {'depth': 1, 'occurrences': [4, 0, 0, 0, 5], 'remaining_budget': 7, 'node_type': 'root'}
2025-12-09 15:08:24 - DEBUG - Bound: 20.00 (ceil_knapsack_dp) = remaining 12.00 + committed 8.00 at depth 1
2025-12-09 15:08:24 - DEBUG - Node 171: {'depth': 2, 'occurrences': [4, 0, 0, 0, 5], 'remaining_budget': 7, 'node_type': 'root'}
2025-12-09 15:08:24 - DEBUG - Bound: 20.00 (ceil_knapsack_dp) = remaining 12.00 + committed 8.00 at depth 2
2025-12-09 15:08:24 - DEBUG - Node 172: {'depth': 3, 'occurrences': [4, 0, 0, 0, 5], 'remaining_budget': 7, 'node_type': 'root'}
2025-12-09 15:08:24 - DEBUG - Bound: 15.00 (ceil_knapsack_dp) = remaining 7.00 + committed 8.00 at depth 3
2025-12-09 15:08:24 - DEBUG - Node 173: {'depth': 4, 'occurrences': [4, 0, 0, 0, 0], 'remaining_budget': 7, 'node_type': 'root'}
2025-12-09 15:08:24 - DEBUG - Evaluated leaf node: makespan=8.0
2025-12-09 15:08:24 - DEBUG -   Node: {'depth': 4, 'occurrences': [4, 0, 0, 0, 0], 'remaining_budget': 7, 'node_type': 'root'}
2025-12-09 15:08:24 - DEBUG - Node 174: {'depth': 4, 'occurrences': [4, 0, 0, 0, 1], 'remaining_budget': 4, 'node_type': 'right'}
2025-12-09 15:08:24 - DEBUG - Evaluated leaf node: makespan=8.0
2025-12-09 15:08:24 - DEBUG -   Node: {'depth': 4, 'occurrences': [4, 0, 0, 0, 1], 'remaining_budget': 4, 'node_type': 'right'}
2025-12-09 15:08:24 - DEBUG - Node 175: {'depth': 4, 'occurrences': [4, 0, 0, 0, 2], 'remaining_budget': 1, 'node_type': 'right'}
2025-12-09 15:08:24 - DEBUG - Pruned by budget_infeasible at node 175
2025-12-09 15:08:24 - DEBUG - Evaluated leaf node: makespan=11.0
2025-12-09 15:08:24 - DEBUG -   Node: {'depth': 4, 'occurrences': [4, 0, 0, 0, 2], 'remaining_budget': 1, 'node_type': 'right'}
2025-12-09 15:08:24 - DEBUG - Node 176: {'depth': 3, 'occurrences': [4, 0, 0, 1, 5], 'remaining_budget': 3, 'node_type': 'right'}
2025-12-09 15:08:24 - DEBUG - Pruned by budget_infeasible at node 176
2025-12-09 15:08:24 - DEBUG - Bound: 16.00 (ceil_knapsack_dp) = remaining 7.00 + committed 9.00 at depth 3
2025-12-09 15:08:24 - DEBUG - Node 177: {'depth': 4, 'occurrences': [4, 0, 0, 1, 0], 'remaining_budget': 3, 'node_type': 'root'}
2025-12-09 15:08:24 - DEBUG - Evaluated leaf node: makespan=8.0
2025-12-09 15:08:24 - DEBUG -   Node: {'depth': 4, 'occurrences': [4, 0, 0, 1, 0], 'remaining_budget': 3, 'node_type': 'root'}
2025-12-09 15:08:24 - DEBUG - Node 178: {'depth': 4, 'occurrences': [4, 0, 0, 1, 1], 'remaining_budget': 0, 'node_type': 'right'}
2025-12-09 15:08:24 - DEBUG - Pruned by budget_infeasible at node 178
2025-12-09 15:08:24 - DEBUG - Evaluated leaf node: makespan=11.0
2025-12-09 15:08:24 - DEBUG -   Node: {'depth': 4, 'occurrences': [4, 0, 0, 1, 1], 'remaining_budget': 0, 'node_type': 'right'}
2025-12-09 15:08:24 - DEBUG - Node 179: {'depth': 2, 'occurrences': [4, 0, 1, 0, 5], 'remaining_budget': 2, 'node_type': 'right'}
2025-12-09 15:08:24 - DEBUG - Pruned by budget_infeasible at node 179
2025-12-09 15:08:24 - DEBUG - Bound: 12.00 (ceil_knapsack_dp) = remaining 0.00 + committed 12.00 at depth 2
2025-12-09 15:08:24 - DEBUG - Pruned by bound_dominated at node 179
2025-12-09 15:08:24 - DEBUG - Node 180: {'depth': 1, 'occurrences': [4, 1, 0, 0, 5], 'remaining_budget': 4, 'node_type': 'right'}
2025-12-09 15:08:24 - DEBUG - Bound: 17.00 (ceil_knapsack_dp) = remaining 7.00 + committed 10.00 at depth 1
2025-12-09 15:08:24 - DEBUG - Node 181: {'depth': 2, 'occurrences': [4, 1, 0, 0, 5], 'remaining_budget': 4, 'node_type': 'root'}
2025-12-09 15:08:24 - DEBUG - Pruned by budget_infeasible at node 181
2025-12-09 15:08:24 - DEBUG - Bound: 17.00 (ceil_knapsack_dp) = remaining 7.00 + committed 10.00 at depth 2
2025-12-09 15:08:24 - DEBUG - Node 182: {'depth': 3, 'occurrences': [4, 1, 0, 0, 5], 'remaining_budget': 4, 'node_type': 'root'}
2025-12-09 15:08:24 - DEBUG - Bound: 17.00 (ceil_knapsack_dp) = remaining 7.00 + committed 10.00 at depth 3
2025-12-09 15:08:24 - DEBUG - Node 183: {'depth': 4, 'occurrences': [4, 1, 0, 0, 0], 'remaining_budget': 4, 'node_type': 'root'}
2025-12-09 15:08:24 - DEBUG - Evaluated leaf node: makespan=8.0
2025-12-09 15:08:24 - DEBUG -   Node: {'depth': 4, 'occurrences': [4, 1, 0, 0, 0], 'remaining_budget': 4, 'node_type': 'root'}
2025-12-09 15:08:24 - DEBUG - Node 184: {'depth': 4, 'occurrences': [4, 1, 0, 0, 1], 'remaining_budget': 1, 'node_type': 'right'}
2025-12-09 15:08:24 - DEBUG - Pruned by budget_infeasible at node 184
2025-12-09 15:08:24 - DEBUG - Evaluated leaf node: makespan=11.0
2025-12-09 15:08:24 - DEBUG -   Node: {'depth': 4, 'occurrences': [4, 1, 0, 0, 1], 'remaining_budget': 1, 'node_type': 'right'}
2025-12-09 15:08:24 - DEBUG - Node 185: {'depth': 3, 'occurrences': [4, 1, 0, 1, 5], 'remaining_budget': 0, 'node_type': 'right'}
2025-12-09 15:08:24 - DEBUG - Pruned by budget_infeasible at node 185
2025-12-09 15:08:24 - DEBUG - Bound: 10.00 (ceil_knapsack_dp) = remaining 0.00 + committed 10.00 at depth 3
2025-12-09 15:08:24 - DEBUG - Pruned by bound_dominated at node 185
2025-12-09 15:08:24 - DEBUG - Node 186: {'depth': 1, 'occurrences': [4, 2, 0, 0, 5], 'remaining_budget': 1, 'node_type': 'right'}
2025-12-09 15:08:24 - DEBUG - Pruned by budget_infeasible at node 186
2025-12-09 15:08:24 - DEBUG - Bound: 10.00 (ceil_knapsack_dp) = remaining 0.00 + committed 10.00 at depth 1
2025-12-09 15:08:24 - DEBUG - Pruned by bound_dominated at node 186
2025-12-09 15:08:24 - DEBUG - Node 187: {'depth': 0, 'occurrences': [5, 0, 0, 0, 5], 'remaining_budget': 5, 'node_type': 'right'}
2025-12-09 15:08:24 - DEBUG - Bound: 16.00 (ceil_knapsack_dp) = remaining 8.00 + committed 8.00 at depth 0
2025-12-09 15:08:24 - DEBUG - Node 188: {'depth': 1, 'occurrences': [5, 0, 0, 0, 5], 'remaining_budget': 5, 'node_type': 'root'}
2025-12-09 15:08:24 - DEBUG - Bound: 16.00 (ceil_knapsack_dp) = remaining 8.00 + committed 8.00 at depth 1
2025-12-09 15:08:24 - DEBUG - Node 189: {'depth': 2, 'occurrences': [5, 0, 0, 0, 5], 'remaining_budget': 5, 'node_type': 'root'}
2025-12-09 15:08:24 - DEBUG - Bound: 15.00 (ceil_knapsack_dp) = remaining 7.00 + committed 8.00 at depth 2
2025-12-09 15:08:24 - DEBUG - Node 190: {'depth': 3, 'occurrences': [5, 0, 0, 0, 5], 'remaining_budget': 5, 'node_type': 'root'}
2025-12-09 15:08:24 - DEBUG - Bound: 15.00 (ceil_knapsack_dp) = remaining 7.00 + committed 8.00 at depth 3
2025-12-09 15:08:24 - DEBUG - Node 191: {'depth': 4, 'occurrences': [5, 0, 0, 0, 0], 'remaining_budget': 5, 'node_type': 'root'}
2025-12-09 15:08:24 - DEBUG - Evaluated leaf node: makespan=8.0
2025-12-09 15:08:24 - DEBUG -   Node: {'depth': 4, 'occurrences': [5, 0, 0, 0, 0], 'remaining_budget': 5, 'node_type': 'root'}
2025-12-09 15:08:24 - DEBUG - Node 192: {'depth': 4, 'occurrences': [5, 0, 0, 0, 1], 'remaining_budget': 2, 'node_type': 'right'}
2025-12-09 15:08:24 - DEBUG - Pruned by budget_infeasible at node 192
2025-12-09 15:08:24 - DEBUG - Evaluated leaf node: makespan=11.0
2025-12-09 15:08:24 - DEBUG -   Node: {'depth': 4, 'occurrences': [5, 0, 0, 0, 1], 'remaining_budget': 2, 'node_type': 'right'}
2025-12-09 15:08:24 - DEBUG - Node 193: {'depth': 3, 'occurrences': [5, 0, 0, 1, 5], 'remaining_budget': 1, 'node_type': 'right'}
2025-12-09 15:08:24 - DEBUG - Pruned by budget_infeasible at node 193
2025-12-09 15:08:24 - DEBUG - Bound: 9.00 (ceil_knapsack_dp) = remaining 0.00 + committed 9.00 at depth 3
2025-12-09 15:08:24 - DEBUG - Pruned by bound_dominated at node 193
2025-12-09 15:08:24 - DEBUG - Node 194: {'depth': 2, 'occurrences': [5, 0, 1, 0, 5], 'remaining_budget': 0, 'node_type': 'right'}
2025-12-09 15:08:24 - DEBUG - Pruned by budget_infeasible at node 194
2025-12-09 15:08:24 - DEBUG - Bound: 12.00 (ceil_knapsack_dp) = remaining 0.00 + committed 12.00 at depth 2
2025-12-09 15:08:24 - DEBUG - Pruned by bound_dominated at node 194
2025-12-09 15:08:24 - DEBUG - Node 195: {'depth': 1, 'occurrences': [5, 1, 0, 0, 5], 'remaining_budget': 2, 'node_type': 'right'}
2025-12-09 15:08:24 - DEBUG - Pruned by budget_infeasible at node 195
2025-12-09 15:08:24 - DEBUG - Bound: 10.00 (ceil_knapsack_dp) = remaining 0.00 + committed 10.00 at depth 1
2025-12-09 15:08:24 - DEBUG - Pruned by bound_dominated at node 195
2025-12-09 15:08:24 - DEBUG - Node 196: {'depth': 0, 'occurrences': [6, 0, 0, 0, 5], 'remaining_budget': 3, 'node_type': 'right'}
2025-12-09 15:08:24 - DEBUG - Bound: 15.00 (ceil_knapsack_dp) = remaining 7.00 + committed 8.00 at depth 0
2025-12-09 15:08:24 - DEBUG - Node 197: {'depth': 1, 'occurrences': [6, 0, 0, 0, 5], 'remaining_budget': 3, 'node_type': 'root'}
2025-12-09 15:08:24 - DEBUG - Bound: 15.00 (ceil_knapsack_dp) = remaining 7.00 + committed 8.00 at depth 1
2025-12-09 15:08:24 - DEBUG - Node 198: {'depth': 2, 'occurrences': [6, 0, 0, 0, 5], 'remaining_budget': 3, 'node_type': 'root'}
2025-12-09 15:08:24 - DEBUG - Pruned by budget_infeasible at node 198
2025-12-09 15:08:24 - DEBUG - Bound: 15.00 (ceil_knapsack_dp) = remaining 7.00 + committed 8.00 at depth 2
2025-12-09 15:08:24 - DEBUG - Node 199: {'depth': 3, 'occurrences': [6, 0, 0, 0, 5], 'remaining_budget': 3, 'node_type': 'root'}
2025-12-09 15:08:24 - DEBUG - Pruned by budget_infeasible at node 199
2025-12-09 15:08:24 - DEBUG - Bound: 15.00 (ceil_knapsack_dp) = remaining 7.00 + committed 8.00 at depth 3
2025-12-09 15:08:24 - DEBUG - Node 200: {'depth': 4, 'occurrences': [6, 0, 0, 0, 0], 'remaining_budget': 3, 'node_type': 'root'}
2025-12-09 15:08:24 - DEBUG - Evaluated leaf node: makespan=8.0
2025-12-09 15:08:24 - DEBUG -   Node: {'depth': 4, 'occurrences': [6, 0, 0, 0, 0], 'remaining_budget': 3, 'node_type': 'root'}
2025-12-09 15:08:24 - DEBUG - Node 201: {'depth': 4, 'occurrences': [6, 0, 0, 0, 1], 'remaining_budget': 0, 'node_type': 'right'}
2025-12-09 15:08:24 - DEBUG - Pruned by budget_infeasible at node 201
2025-12-09 15:08:24 - DEBUG - Evaluated leaf node: makespan=12.0
2025-12-09 15:08:24 - DEBUG -   Node: {'depth': 4, 'occurrences': [6, 0, 0, 0, 1], 'remaining_budget': 0, 'node_type': 'right'}
2025-12-09 15:08:24 - DEBUG - Node 202: {'depth': 1, 'occurrences': [6, 1, 0, 0, 5], 'remaining_budget': 0, 'node_type': 'right'}
2025-12-09 15:08:24 - DEBUG - Pruned by budget_infeasible at node 202
2025-12-09 15:08:24 - DEBUG - Bound: 14.00 (ceil_knapsack_dp) = remaining 0.00 + committed 14.00 at depth 1
2025-12-09 15:08:24 - DEBUG - Pruned by bound_dominated at node 202
2025-12-09 15:08:24 - DEBUG - Node 203: {'depth': 0, 'occurrences': [7, 0, 0, 0, 5], 'remaining_budget': 1, 'node_type': 'right'}
2025-12-09 15:08:24 - DEBUG - Pruned by budget_infeasible at node 203
2025-12-09 15:08:24 - DEBUG - Bound: 12.00 (ceil_knapsack_dp) = remaining 0.00 + committed 12.00 at depth 0
2025-12-09 15:08:24 - DEBUG - Pruned by bound_dominated at node 203
2025-12-09 15:08:24 - INFO - Computing final schedule for best solution...
2025-12-09 15:08:24 - INFO - Metrics saved to: C:\Users\oleda\.vscode\Solving stuff with Gurobi\logs\Five Jobs_20251209_150824_metrics.json
2025-12-09 15:08:24 - INFO - ============================================================
2025-12-09 15:08:24 - INFO - Branch-and-bound completed
2025-12-09 15:08:24 - INFO - Total runtime: 0.123 seconds
2025-12-09 15:08:24 - INFO - Nodes explored: 203
2025-12-09 15:08:24 - INFO - Nodes pruned: 132
2025-12-09 15:08:24 - INFO - Nodes evaluated: 72
2025-12-09 15:08:24 - INFO - Pruning rate: 65.02%
2025-12-09 15:08:24 - INFO - Final Result:
2025-12-09 15:08:24 - INFO -   Makespan: 14.0
2025-12-09 15:08:24 - INFO -   Selection: [0, 0, 0, 0, 5]
2025-12-09 15:08:24 - INFO -   Schedule makespan: 14.0
2025-12-09 15:08:24 - INFO - ============================================================

======================================================================
ENUMERATION COMPARISON
======================================================================
BnB nodes explored: 203
Enumeration nodes evaluated: 167
Ratio (BnB/Enum): 1.22x
Enumeration makespan: 14.0
BnB makespan: 14.0
Match: YES
======================================================================
