2025-12-08 14:56:53 - INFO - Initialized logger for instance: Five Jobs
2025-12-08 14:56:53 - INFO - Run ID: Five Jobs_20251208_145653
2025-12-08 14:56:53 - INFO - ============================================================
2025-12-08 14:56:53 - INFO - Starting branch-and-bound solver
2025-12-08 14:56:53 - INFO - Problem: {'n_job_types': 5, 'machines': 3, 'budget': 15, 'prices': [2, 3, 5, 4, 3], 'durations': [4, 6, 8, 5, 7], 'max_nodes': 100000}
2025-12-08 14:56:53 - INFO - ============================================================
2025-12-08 14:56:53 - INFO - Computing initial heuristic solution...
2025-12-08 14:56:53 - INFO - ==================================================
2025-12-08 14:56:53 - INFO - NEW INCUMBENT: 14.0
2025-12-08 14:56:53 - INFO - Selection: [0, 0, 0, 0, 5]
2025-12-08 14:56:53 - INFO - Found at node: 0
2025-12-08 14:56:53 - INFO - ==================================================
2025-12-08 14:56:53 - INFO - Starting branch-and-bound with max_nodes=100000
2025-12-08 14:56:53 - INFO - Initializing CeilKnapsackSolver with reversed item order...
2025-12-08 14:56:53 - INFO - CeilKnapsackSolver initialized successfully
2025-12-08 14:56:53 - DEBUG - Node 1: {'depth': 0, 'occurrences': [0, 0, 0, 0, 0], 'remaining_budget': 15}
2025-12-08 14:56:53 - DEBUG - Bound computed: 26.00 (ceil_knapsack_dp) at depth 0
2025-12-08 14:56:53 - DEBUG -   -> DP solution (remaining): 26.00
2025-12-08 14:56:53 - DEBUG -   -> Already committed: 0.00
2025-12-08 14:56:53 - DEBUG - Node 2: {'depth': 1, 'occurrences': [0, 0, 0, 0, 0], 'remaining_budget': 15}
2025-12-08 14:56:53 - DEBUG - Bound computed: 20.00 (ceil_knapsack_dp) at depth 1
2025-12-08 14:56:53 - DEBUG -   -> DP solution (remaining): 20.00
2025-12-08 14:56:53 - DEBUG -   -> Already committed: 0.00
2025-12-08 14:56:53 - DEBUG - Node 3: {'depth': 2, 'occurrences': [0, 0, 0, 0, 0], 'remaining_budget': 15}
2025-12-08 14:56:53 - DEBUG - Bound computed: 14.00 (ceil_knapsack_dp) at depth 2
2025-12-08 14:56:53 - DEBUG -   -> DP solution (remaining): 14.00
2025-12-08 14:56:53 - DEBUG -   -> Already committed: 0.00
2025-12-08 14:56:53 - DEBUG - Pruned (bound_dominated): {'depth': 2, 'occurrences': [0, 0, 0, 0, 0], 'remaining_budget': 15}
2025-12-08 14:56:53 - DEBUG - Node 4: {'depth': 2, 'occurrences': [0, 0, 1, 0, 0], 'remaining_budget': 10}
2025-12-08 14:56:53 - DEBUG - Bound computed: 20.00 (ceil_knapsack_dp) at depth 2
2025-12-08 14:56:53 - DEBUG -   -> DP solution (remaining): 12.00
2025-12-08 14:56:53 - DEBUG -   -> Already committed: 8.00
2025-12-08 14:56:53 - DEBUG - Node 5: {'depth': 3, 'occurrences': [0, 0, 1, 0, 0], 'remaining_budget': 10}
2025-12-08 14:56:53 - DEBUG - Bound computed: 15.00 (ceil_knapsack_dp) at depth 3
2025-12-08 14:56:53 - DEBUG -   -> DP solution (remaining): 7.00
2025-12-08 14:56:53 - DEBUG -   -> Already committed: 8.00
2025-12-08 14:56:53 - DEBUG - Node 6: {'depth': 4, 'occurrences': [0, 0, 1, 0, 0], 'remaining_budget': 10}
2025-12-08 14:56:53 - DEBUG - Evaluated leaf node: makespan=8.0
2025-12-08 14:56:53 - DEBUG -   Node: {'depth': 4, 'occurrences': [0, 0, 1, 0, 0], 'remaining_budget': 10}
2025-12-08 14:56:53 - DEBUG - Node 7: {'depth': 3, 'occurrences': [0, 0, 1, 1, 0], 'remaining_budget': 6}
2025-12-08 14:56:53 - DEBUG - Bound computed: 15.00 (ceil_knapsack_dp) at depth 3
2025-12-08 14:56:53 - DEBUG -   -> DP solution (remaining): 7.00
2025-12-08 14:56:53 - DEBUG -   -> Already committed: 8.00
2025-12-08 14:56:53 - DEBUG - Node 8: {'depth': 4, 'occurrences': [0, 0, 1, 1, 0], 'remaining_budget': 6}
2025-12-08 14:56:53 - DEBUG - Evaluated leaf node: makespan=8.0
2025-12-08 14:56:53 - DEBUG -   Node: {'depth': 4, 'occurrences': [0, 0, 1, 1, 0], 'remaining_budget': 6}
2025-12-08 14:56:53 - DEBUG - Node 9: {'depth': 3, 'occurrences': [0, 0, 1, 2, 0], 'remaining_budget': 2}
2025-12-08 14:56:53 - DEBUG - Pruned (budget_infeasible): {'depth': 3, 'child_type': 'right'}
2025-12-08 14:56:53 - DEBUG - Bound computed: 8.00 (ceil_knapsack_dp) at depth 3
2025-12-08 14:56:53 - DEBUG -   -> DP solution (remaining): 0.00
2025-12-08 14:56:53 - DEBUG -   -> Already committed: 8.00
2025-12-08 14:56:53 - DEBUG - Pruned (bound_dominated): {'depth': 3, 'occurrences': [0, 0, 1, 2, 0], 'remaining_budget': 2}
2025-12-08 14:56:53 - DEBUG - Node 10: {'depth': 2, 'occurrences': [0, 0, 2, 0, 0], 'remaining_budget': 5}
2025-12-08 14:56:53 - DEBUG - Bound computed: 15.00 (ceil_knapsack_dp) at depth 2
2025-12-08 14:56:53 - DEBUG -   -> DP solution (remaining): 7.00
2025-12-08 14:56:53 - DEBUG -   -> Already committed: 8.00
2025-12-08 14:56:53 - DEBUG - Node 11: {'depth': 3, 'occurrences': [0, 0, 2, 0, 0], 'remaining_budget': 5}
2025-12-08 14:56:53 - DEBUG - Bound computed: 15.00 (ceil_knapsack_dp) at depth 3
2025-12-08 14:56:53 - DEBUG -   -> DP solution (remaining): 7.00
2025-12-08 14:56:53 - DEBUG -   -> Already committed: 8.00
2025-12-08 14:56:53 - DEBUG - Node 12: {'depth': 4, 'occurrences': [0, 0, 2, 0, 0], 'remaining_budget': 5}
2025-12-08 14:56:53 - DEBUG - Evaluated leaf node: makespan=8.0
2025-12-08 14:56:53 - DEBUG -   Node: {'depth': 4, 'occurrences': [0, 0, 2, 0, 0], 'remaining_budget': 5}
2025-12-08 14:56:53 - DEBUG - Node 13: {'depth': 3, 'occurrences': [0, 0, 2, 1, 0], 'remaining_budget': 1}
2025-12-08 14:56:53 - DEBUG - Pruned (budget_infeasible): {'depth': 3, 'child_type': 'right'}
2025-12-08 14:56:53 - DEBUG - Bound computed: 8.00 (ceil_knapsack_dp) at depth 3
2025-12-08 14:56:53 - DEBUG -   -> DP solution (remaining): 0.00
2025-12-08 14:56:53 - DEBUG -   -> Already committed: 8.00
2025-12-08 14:56:53 - DEBUG - Pruned (bound_dominated): {'depth': 3, 'occurrences': [0, 0, 2, 1, 0], 'remaining_budget': 1}
2025-12-08 14:56:53 - DEBUG - Node 14: {'depth': 2, 'occurrences': [0, 0, 3, 0, 0], 'remaining_budget': 0}
2025-12-08 14:56:53 - DEBUG - Pruned (budget_infeasible): {'depth': 2, 'child_type': 'right'}
2025-12-08 14:56:53 - DEBUG - Bound computed: 8.00 (ceil_knapsack_dp) at depth 2
2025-12-08 14:56:53 - DEBUG -   -> DP solution (remaining): 0.00
2025-12-08 14:56:53 - DEBUG -   -> Already committed: 8.00
2025-12-08 14:56:53 - DEBUG - Pruned (bound_dominated): {'depth': 2, 'occurrences': [0, 0, 3, 0, 0], 'remaining_budget': 0}
2025-12-08 14:56:53 - DEBUG - Node 15: {'depth': 1, 'occurrences': [0, 1, 0, 0, 0], 'remaining_budget': 12}
2025-12-08 14:56:53 - DEBUG - Bound computed: 26.00 (ceil_knapsack_dp) at depth 1
2025-12-08 14:56:53 - DEBUG -   -> DP solution (remaining): 20.00
2025-12-08 14:56:53 - DEBUG -   -> Already committed: 6.00
2025-12-08 14:56:53 - DEBUG - Node 16: {'depth': 2, 'occurrences': [0, 1, 0, 0, 0], 'remaining_budget': 12}
2025-12-08 14:56:53 - DEBUG - Bound computed: 20.00 (ceil_knapsack_dp) at depth 2
2025-12-08 14:56:53 - DEBUG -   -> DP solution (remaining): 14.00
2025-12-08 14:56:53 - DEBUG -   -> Already committed: 6.00
2025-12-08 14:56:53 - DEBUG - Node 17: {'depth': 3, 'occurrences': [0, 1, 0, 0, 0], 'remaining_budget': 12}
2025-12-08 14:56:53 - DEBUG - Bound computed: 20.00 (ceil_knapsack_dp) at depth 3
2025-12-08 14:56:53 - DEBUG -   -> DP solution (remaining): 14.00
2025-12-08 14:56:53 - DEBUG -   -> Already committed: 6.00
2025-12-08 14:56:53 - DEBUG - Node 18: {'depth': 4, 'occurrences': [0, 1, 0, 0, 0], 'remaining_budget': 12}
2025-12-08 14:56:53 - DEBUG - Evaluated leaf node: makespan=6.0
2025-12-08 14:56:53 - DEBUG -   Node: {'depth': 4, 'occurrences': [0, 1, 0, 0, 0], 'remaining_budget': 12}
2025-12-08 14:56:53 - DEBUG - Node 19: {'depth': 3, 'occurrences': [0, 1, 0, 1, 0], 'remaining_budget': 8}
2025-12-08 14:56:53 - DEBUG - Bound computed: 13.00 (ceil_knapsack_dp) at depth 3
2025-12-08 14:56:53 - DEBUG -   -> DP solution (remaining): 7.00
2025-12-08 14:56:53 - DEBUG -   -> Already committed: 6.00
2025-12-08 14:56:53 - DEBUG - Pruned (bound_dominated): {'depth': 3, 'occurrences': [0, 1, 0, 1, 0], 'remaining_budget': 8}
2025-12-08 14:56:53 - DEBUG - Node 20: {'depth': 3, 'occurrences': [0, 1, 0, 2, 0], 'remaining_budget': 4}
2025-12-08 14:56:53 - DEBUG - Bound computed: 13.00 (ceil_knapsack_dp) at depth 3
2025-12-08 14:56:53 - DEBUG -   -> DP solution (remaining): 7.00
2025-12-08 14:56:53 - DEBUG -   -> Already committed: 6.00
2025-12-08 14:56:53 - DEBUG - Pruned (bound_dominated): {'depth': 3, 'occurrences': [0, 1, 0, 2, 0], 'remaining_budget': 4}
2025-12-08 14:56:53 - DEBUG - Node 21: {'depth': 3, 'occurrences': [0, 1, 0, 3, 0], 'remaining_budget': 0}
2025-12-08 14:56:53 - DEBUG - Pruned (budget_infeasible): {'depth': 3, 'child_type': 'right'}
2025-12-08 14:56:53 - DEBUG - Bound computed: 10.00 (ceil_knapsack_dp) at depth 3
2025-12-08 14:56:53 - DEBUG -   -> DP solution (remaining): 0.00
2025-12-08 14:56:53 - DEBUG -   -> Already committed: 10.00
2025-12-08 14:56:53 - DEBUG - Pruned (bound_dominated): {'depth': 3, 'occurrences': [0, 1, 0, 3, 0], 'remaining_budget': 0}
2025-12-08 14:56:53 - DEBUG - Node 22: {'depth': 2, 'occurrences': [0, 1, 1, 0, 0], 'remaining_budget': 7}
2025-12-08 14:56:53 - DEBUG - Bound computed: 20.00 (ceil_knapsack_dp) at depth 2
2025-12-08 14:56:53 - DEBUG -   -> DP solution (remaining): 12.00
2025-12-08 14:56:53 - DEBUG -   -> Already committed: 8.00
2025-12-08 14:56:53 - DEBUG - Node 23: {'depth': 3, 'occurrences': [0, 1, 1, 0, 0], 'remaining_budget': 7}
2025-12-08 14:56:53 - DEBUG - Bound computed: 15.00 (ceil_knapsack_dp) at depth 3
2025-12-08 14:56:53 - DEBUG -   -> DP solution (remaining): 7.00
2025-12-08 14:56:53 - DEBUG -   -> Already committed: 8.00
2025-12-08 14:56:53 - DEBUG - Node 24: {'depth': 4, 'occurrences': [0, 1, 1, 0, 0], 'remaining_budget': 7}
2025-12-08 14:56:53 - DEBUG - Evaluated leaf node: makespan=8.0
2025-12-08 14:56:53 - DEBUG -   Node: {'depth': 4, 'occurrences': [0, 1, 1, 0, 0], 'remaining_budget': 7}
2025-12-08 14:56:53 - DEBUG - Node 25: {'depth': 3, 'occurrences': [0, 1, 1, 1, 0], 'remaining_budget': 3}
2025-12-08 14:56:53 - DEBUG - Pruned (budget_infeasible): {'depth': 3, 'child_type': 'right'}
2025-12-08 14:56:53 - DEBUG - Bound computed: 15.00 (ceil_knapsack_dp) at depth 3
2025-12-08 14:56:53 - DEBUG -   -> DP solution (remaining): 7.00
2025-12-08 14:56:53 - DEBUG -   -> Already committed: 8.00
2025-12-08 14:56:53 - DEBUG - Node 26: {'depth': 4, 'occurrences': [0, 1, 1, 1, 0], 'remaining_budget': 3}
2025-12-08 14:56:53 - DEBUG - Evaluated leaf node: makespan=8.0
2025-12-08 14:56:53 - DEBUG -   Node: {'depth': 4, 'occurrences': [0, 1, 1, 1, 0], 'remaining_budget': 3}
2025-12-08 14:56:53 - DEBUG - Node 27: {'depth': 2, 'occurrences': [0, 1, 2, 0, 0], 'remaining_budget': 2}
2025-12-08 14:56:53 - DEBUG - Pruned (budget_infeasible): {'depth': 2, 'child_type': 'right'}
2025-12-08 14:56:53 - DEBUG - Bound computed: 8.00 (ceil_knapsack_dp) at depth 2
2025-12-08 14:56:53 - DEBUG -   -> DP solution (remaining): 0.00
2025-12-08 14:56:53 - DEBUG -   -> Already committed: 8.00
2025-12-08 14:56:53 - DEBUG - Pruned (bound_dominated): {'depth': 2, 'occurrences': [0, 1, 2, 0, 0], 'remaining_budget': 2}
2025-12-08 14:56:53 - DEBUG - Node 28: {'depth': 1, 'occurrences': [0, 2, 0, 0, 0], 'remaining_budget': 9}
2025-12-08 14:56:53 - DEBUG - Bound computed: 21.00 (ceil_knapsack_dp) at depth 1
2025-12-08 14:56:53 - DEBUG -   -> DP solution (remaining): 15.00
2025-12-08 14:56:53 - DEBUG -   -> Already committed: 6.00
2025-12-08 14:56:53 - DEBUG - Node 29: {'depth': 2, 'occurrences': [0, 2, 0, 0, 0], 'remaining_budget': 9}
2025-12-08 14:56:53 - DEBUG - Bound computed: 18.00 (ceil_knapsack_dp) at depth 2
2025-12-08 14:56:53 - DEBUG -   -> DP solution (remaining): 12.00
2025-12-08 14:56:53 - DEBUG -   -> Already committed: 6.00
2025-12-08 14:56:53 - DEBUG - Node 30: {'depth': 3, 'occurrences': [0, 2, 0, 0, 0], 'remaining_budget': 9}
2025-12-08 14:56:53 - DEBUG - Bound computed: 13.00 (ceil_knapsack_dp) at depth 3
2025-12-08 14:56:53 - DEBUG -   -> DP solution (remaining): 7.00
2025-12-08 14:56:53 - DEBUG -   -> Already committed: 6.00
2025-12-08 14:56:53 - DEBUG - Pruned (bound_dominated): {'depth': 3, 'occurrences': [0, 2, 0, 0, 0], 'remaining_budget': 9}
2025-12-08 14:56:53 - DEBUG - Node 31: {'depth': 3, 'occurrences': [0, 2, 0, 1, 0], 'remaining_budget': 5}
2025-12-08 14:56:53 - DEBUG - Bound computed: 13.00 (ceil_knapsack_dp) at depth 3
2025-12-08 14:56:53 - DEBUG -   -> DP solution (remaining): 7.00
2025-12-08 14:56:53 - DEBUG -   -> Already committed: 6.00
2025-12-08 14:56:53 - DEBUG - Pruned (bound_dominated): {'depth': 3, 'occurrences': [0, 2, 0, 1, 0], 'remaining_budget': 5}
2025-12-08 14:56:53 - DEBUG - Node 32: {'depth': 3, 'occurrences': [0, 2, 0, 2, 0], 'remaining_budget': 1}
2025-12-08 14:56:53 - DEBUG - Pruned (budget_infeasible): {'depth': 3, 'child_type': 'right'}
2025-12-08 14:56:53 - DEBUG - Bound computed: 10.00 (ceil_knapsack_dp) at depth 3
2025-12-08 14:56:53 - DEBUG -   -> DP solution (remaining): 0.00
2025-12-08 14:56:53 - DEBUG -   -> Already committed: 10.00
2025-12-08 14:56:53 - DEBUG - Pruned (bound_dominated): {'depth': 3, 'occurrences': [0, 2, 0, 2, 0], 'remaining_budget': 1}
2025-12-08 14:56:53 - DEBUG - Node 33: {'depth': 2, 'occurrences': [0, 2, 1, 0, 0], 'remaining_budget': 4}
2025-12-08 14:56:53 - DEBUG - Pruned (budget_infeasible): {'depth': 2, 'child_type': 'right'}
2025-12-08 14:56:53 - DEBUG - Bound computed: 15.00 (ceil_knapsack_dp) at depth 2
2025-12-08 14:56:53 - DEBUG -   -> DP solution (remaining): 7.00
2025-12-08 14:56:53 - DEBUG -   -> Already committed: 8.00
2025-12-08 14:56:53 - DEBUG - Node 34: {'depth': 3, 'occurrences': [0, 2, 1, 0, 0], 'remaining_budget': 4}
2025-12-08 14:56:53 - DEBUG - Bound computed: 15.00 (ceil_knapsack_dp) at depth 3
2025-12-08 14:56:53 - DEBUG -   -> DP solution (remaining): 7.00
2025-12-08 14:56:53 - DEBUG -   -> Already committed: 8.00
2025-12-08 14:56:53 - DEBUG - Node 35: {'depth': 4, 'occurrences': [0, 2, 1, 0, 0], 'remaining_budget': 4}
2025-12-08 14:56:53 - DEBUG - Evaluated leaf node: makespan=8.0
2025-12-08 14:56:53 - DEBUG -   Node: {'depth': 4, 'occurrences': [0, 2, 1, 0, 0], 'remaining_budget': 4}
2025-12-08 14:56:53 - DEBUG - Node 36: {'depth': 3, 'occurrences': [0, 2, 1, 1, 0], 'remaining_budget': 0}
2025-12-08 14:56:53 - DEBUG - Pruned (budget_infeasible): {'depth': 3, 'child_type': 'right'}
2025-12-08 14:56:53 - DEBUG - Bound computed: 11.00 (ceil_knapsack_dp) at depth 3
2025-12-08 14:56:53 - DEBUG -   -> DP solution (remaining): 0.00
2025-12-08 14:56:53 - DEBUG -   -> Already committed: 11.00
2025-12-08 14:56:53 - DEBUG - Pruned (bound_dominated): {'depth': 3, 'occurrences': [0, 2, 1, 1, 0], 'remaining_budget': 0}
2025-12-08 14:56:53 - DEBUG - Node 37: {'depth': 1, 'occurrences': [0, 3, 0, 0, 0], 'remaining_budget': 6}
2025-12-08 14:56:53 - DEBUG - Bound computed: 14.00 (ceil_knapsack_dp) at depth 1
2025-12-08 14:56:53 - DEBUG -   -> DP solution (remaining): 8.00
2025-12-08 14:56:53 - DEBUG -   -> Already committed: 6.00
2025-12-08 14:56:53 - DEBUG - Pruned (bound_dominated): {'depth': 1, 'occurrences': [0, 3, 0, 0, 0], 'remaining_budget': 6}
2025-12-08 14:56:53 - DEBUG - Node 38: {'depth': 1, 'occurrences': [0, 4, 0, 0, 0], 'remaining_budget': 3}
2025-12-08 14:56:53 - DEBUG - Bound computed: 19.00 (ceil_knapsack_dp) at depth 1
2025-12-08 14:56:53 - DEBUG -   -> DP solution (remaining): 7.00
2025-12-08 14:56:53 - DEBUG -   -> Already committed: 12.00
2025-12-08 14:56:53 - DEBUG - Node 39: {'depth': 2, 'occurrences': [0, 4, 0, 0, 0], 'remaining_budget': 3}
2025-12-08 14:56:53 - DEBUG - Pruned (budget_infeasible): {'depth': 2, 'child_type': 'right'}
2025-12-08 14:56:53 - DEBUG - Bound computed: 19.00 (ceil_knapsack_dp) at depth 2
2025-12-08 14:56:53 - DEBUG -   -> DP solution (remaining): 7.00
2025-12-08 14:56:53 - DEBUG -   -> Already committed: 12.00
2025-12-08 14:56:53 - DEBUG - Node 40: {'depth': 3, 'occurrences': [0, 4, 0, 0, 0], 'remaining_budget': 3}
2025-12-08 14:56:53 - DEBUG - Pruned (budget_infeasible): {'depth': 3, 'child_type': 'right'}
2025-12-08 14:56:53 - DEBUG - Bound computed: 19.00 (ceil_knapsack_dp) at depth 3
2025-12-08 14:56:53 - DEBUG -   -> DP solution (remaining): 7.00
2025-12-08 14:56:53 - DEBUG -   -> Already committed: 12.00
2025-12-08 14:56:53 - DEBUG - Node 41: {'depth': 4, 'occurrences': [0, 4, 0, 0, 0], 'remaining_budget': 3}
2025-12-08 14:56:53 - DEBUG - Evaluated leaf node: makespan=12.0
2025-12-08 14:56:53 - DEBUG -   Node: {'depth': 4, 'occurrences': [0, 4, 0, 0, 0], 'remaining_budget': 3}
2025-12-08 14:56:53 - DEBUG - Node 42: {'depth': 1, 'occurrences': [0, 5, 0, 0, 0], 'remaining_budget': 0}
2025-12-08 14:56:53 - DEBUG - Pruned (budget_infeasible): {'depth': 1, 'child_type': 'right'}
2025-12-08 14:56:53 - DEBUG - Bound computed: 12.00 (ceil_knapsack_dp) at depth 1
2025-12-08 14:56:53 - DEBUG -   -> DP solution (remaining): 0.00
2025-12-08 14:56:53 - DEBUG -   -> Already committed: 12.00
2025-12-08 14:56:53 - DEBUG - Pruned (bound_dominated): {'depth': 1, 'occurrences': [0, 5, 0, 0, 0], 'remaining_budget': 0}
2025-12-08 14:56:53 - DEBUG - Node 43: {'depth': 0, 'occurrences': [1, 0, 0, 0, 0], 'remaining_budget': 13}
2025-12-08 14:56:53 - DEBUG - Bound computed: 25.00 (ceil_knapsack_dp) at depth 0
2025-12-08 14:56:53 - DEBUG -   -> DP solution (remaining): 21.00
2025-12-08 14:56:53 - DEBUG -   -> Already committed: 4.00
2025-12-08 14:56:53 - DEBUG - Node 44: {'depth': 1, 'occurrences': [1, 0, 0, 0, 0], 'remaining_budget': 13}
2025-12-08 14:56:53 - DEBUG - Bound computed: 24.00 (ceil_knapsack_dp) at depth 1
2025-12-08 14:56:53 - DEBUG -   -> DP solution (remaining): 20.00
2025-12-08 14:56:53 - DEBUG -   -> Already committed: 4.00
2025-12-08 14:56:53 - DEBUG - Node 45: {'depth': 2, 'occurrences': [1, 0, 0, 0, 0], 'remaining_budget': 13}
2025-12-08 14:56:53 - DEBUG - Bound computed: 18.00 (ceil_knapsack_dp) at depth 2
2025-12-08 14:56:53 - DEBUG -   -> DP solution (remaining): 14.00
2025-12-08 14:56:53 - DEBUG -   -> Already committed: 4.00
2025-12-08 14:56:53 - DEBUG - Node 46: {'depth': 3, 'occurrences': [1, 0, 0, 0, 0], 'remaining_budget': 13}
2025-12-08 14:56:53 - DEBUG - Bound computed: 18.00 (ceil_knapsack_dp) at depth 3
2025-12-08 14:56:53 - DEBUG -   -> DP solution (remaining): 14.00
2025-12-08 14:56:53 - DEBUG -   -> Already committed: 4.00
2025-12-08 14:56:53 - DEBUG - Node 47: {'depth': 4, 'occurrences': [1, 0, 0, 0, 0], 'remaining_budget': 13}
2025-12-08 14:56:53 - DEBUG - Evaluated leaf node: makespan=4.0
2025-12-08 14:56:53 - DEBUG -   Node: {'depth': 4, 'occurrences': [1, 0, 0, 0, 0], 'remaining_budget': 13}
2025-12-08 14:56:53 - DEBUG - Node 48: {'depth': 3, 'occurrences': [1, 0, 0, 1, 0], 'remaining_budget': 9}
2025-12-08 14:56:53 - DEBUG - Bound computed: 12.00 (ceil_knapsack_dp) at depth 3
2025-12-08 14:56:53 - DEBUG -   -> DP solution (remaining): 7.00
2025-12-08 14:56:53 - DEBUG -   -> Already committed: 5.00
2025-12-08 14:56:53 - DEBUG - Pruned (bound_dominated): {'depth': 3, 'occurrences': [1, 0, 0, 1, 0], 'remaining_budget': 9}
2025-12-08 14:56:53 - DEBUG - Node 49: {'depth': 3, 'occurrences': [1, 0, 0, 2, 0], 'remaining_budget': 5}
2025-12-08 14:56:53 - DEBUG - Bound computed: 12.00 (ceil_knapsack_dp) at depth 3
2025-12-08 14:56:53 - DEBUG -   -> DP solution (remaining): 7.00
2025-12-08 14:56:53 - DEBUG -   -> Already committed: 5.00
2025-12-08 14:56:53 - DEBUG - Pruned (bound_dominated): {'depth': 3, 'occurrences': [1, 0, 0, 2, 0], 'remaining_budget': 5}
2025-12-08 14:56:53 - DEBUG - Node 50: {'depth': 3, 'occurrences': [1, 0, 0, 3, 0], 'remaining_budget': 1}
2025-12-08 14:56:53 - DEBUG - Pruned (budget_infeasible): {'depth': 3, 'child_type': 'right'}
2025-12-08 14:56:53 - DEBUG - Bound computed: 9.00 (ceil_knapsack_dp) at depth 3
2025-12-08 14:56:53 - DEBUG -   -> DP solution (remaining): 0.00
2025-12-08 14:56:53 - DEBUG -   -> Already committed: 9.00
2025-12-08 14:56:53 - DEBUG - Pruned (bound_dominated): {'depth': 3, 'occurrences': [1, 0, 0, 3, 0], 'remaining_budget': 1}
2025-12-08 14:56:53 - DEBUG - Node 51: {'depth': 2, 'occurrences': [1, 0, 1, 0, 0], 'remaining_budget': 8}
2025-12-08 14:56:53 - DEBUG - Bound computed: 20.00 (ceil_knapsack_dp) at depth 2
2025-12-08 14:56:53 - DEBUG -   -> DP solution (remaining): 12.00
2025-12-08 14:56:53 - DEBUG -   -> Already committed: 8.00
2025-12-08 14:56:53 - DEBUG - Node 52: {'depth': 3, 'occurrences': [1, 0, 1, 0, 0], 'remaining_budget': 8}
2025-12-08 14:56:53 - DEBUG - Bound computed: 15.00 (ceil_knapsack_dp) at depth 3
2025-12-08 14:56:53 - DEBUG -   -> DP solution (remaining): 7.00
2025-12-08 14:56:53 - DEBUG -   -> Already committed: 8.00
2025-12-08 14:56:53 - DEBUG - Node 53: {'depth': 4, 'occurrences': [1, 0, 1, 0, 0], 'remaining_budget': 8}
2025-12-08 14:56:53 - DEBUG - Evaluated leaf node: makespan=8.0
2025-12-08 14:56:53 - DEBUG -   Node: {'depth': 4, 'occurrences': [1, 0, 1, 0, 0], 'remaining_budget': 8}
2025-12-08 14:56:53 - DEBUG - Node 54: {'depth': 3, 'occurrences': [1, 0, 1, 1, 0], 'remaining_budget': 4}
2025-12-08 14:56:53 - DEBUG - Bound computed: 15.00 (ceil_knapsack_dp) at depth 3
2025-12-08 14:56:53 - DEBUG -   -> DP solution (remaining): 7.00
2025-12-08 14:56:53 - DEBUG -   -> Already committed: 8.00
2025-12-08 14:56:53 - DEBUG - Node 55: {'depth': 4, 'occurrences': [1, 0, 1, 1, 0], 'remaining_budget': 4}
2025-12-08 14:56:53 - DEBUG - Evaluated leaf node: makespan=8.0
2025-12-08 14:56:53 - DEBUG -   Node: {'depth': 4, 'occurrences': [1, 0, 1, 1, 0], 'remaining_budget': 4}
2025-12-08 14:56:53 - DEBUG - Node 56: {'depth': 3, 'occurrences': [1, 0, 1, 2, 0], 'remaining_budget': 0}
2025-12-08 14:56:53 - DEBUG - Pruned (budget_infeasible): {'depth': 3, 'child_type': 'right'}
2025-12-08 14:56:53 - DEBUG - Bound computed: 9.00 (ceil_knapsack_dp) at depth 3
2025-12-08 14:56:53 - DEBUG -   -> DP solution (remaining): 0.00
2025-12-08 14:56:53 - DEBUG -   -> Already committed: 9.00
2025-12-08 14:56:53 - DEBUG - Pruned (bound_dominated): {'depth': 3, 'occurrences': [1, 0, 1, 2, 0], 'remaining_budget': 0}
2025-12-08 14:56:53 - DEBUG - Node 57: {'depth': 2, 'occurrences': [1, 0, 2, 0, 0], 'remaining_budget': 3}
2025-12-08 14:56:53 - DEBUG - Pruned (budget_infeasible): {'depth': 2, 'child_type': 'right'}
2025-12-08 14:56:53 - DEBUG - Bound computed: 15.00 (ceil_knapsack_dp) at depth 2
2025-12-08 14:56:53 - DEBUG -   -> DP solution (remaining): 7.00
2025-12-08 14:56:53 - DEBUG -   -> Already committed: 8.00
2025-12-08 14:56:53 - DEBUG - Node 58: {'depth': 3, 'occurrences': [1, 0, 2, 0, 0], 'remaining_budget': 3}
2025-12-08 14:56:53 - DEBUG - Pruned (budget_infeasible): {'depth': 3, 'child_type': 'right'}
2025-12-08 14:56:53 - DEBUG - Bound computed: 15.00 (ceil_knapsack_dp) at depth 3
2025-12-08 14:56:53 - DEBUG -   -> DP solution (remaining): 7.00
2025-12-08 14:56:53 - DEBUG -   -> Already committed: 8.00
2025-12-08 14:56:53 - DEBUG - Node 59: {'depth': 4, 'occurrences': [1, 0, 2, 0, 0], 'remaining_budget': 3}
2025-12-08 14:56:53 - DEBUG - Evaluated leaf node: makespan=8.0
2025-12-08 14:56:53 - DEBUG -   Node: {'depth': 4, 'occurrences': [1, 0, 2, 0, 0], 'remaining_budget': 3}
2025-12-08 14:56:53 - DEBUG - Node 60: {'depth': 1, 'occurrences': [1, 1, 0, 0, 0], 'remaining_budget': 10}
2025-12-08 14:56:53 - DEBUG - Bound computed: 21.00 (ceil_knapsack_dp) at depth 1
2025-12-08 14:56:53 - DEBUG -   -> DP solution (remaining): 15.00
2025-12-08 14:56:53 - DEBUG -   -> Already committed: 6.00
2025-12-08 14:56:53 - DEBUG - Node 61: {'depth': 2, 'occurrences': [1, 1, 0, 0, 0], 'remaining_budget': 10}
2025-12-08 14:56:53 - DEBUG - Bound computed: 18.00 (ceil_knapsack_dp) at depth 2
2025-12-08 14:56:53 - DEBUG -   -> DP solution (remaining): 12.00
2025-12-08 14:56:53 - DEBUG -   -> Already committed: 6.00
2025-12-08 14:56:53 - DEBUG - Node 62: {'depth': 3, 'occurrences': [1, 1, 0, 0, 0], 'remaining_budget': 10}
2025-12-08 14:56:53 - DEBUG - Bound computed: 13.00 (ceil_knapsack_dp) at depth 3
2025-12-08 14:56:53 - DEBUG -   -> DP solution (remaining): 7.00
2025-12-08 14:56:53 - DEBUG -   -> Already committed: 6.00
2025-12-08 14:56:53 - DEBUG - Pruned (bound_dominated): {'depth': 3, 'occurrences': [1, 1, 0, 0, 0], 'remaining_budget': 10}
2025-12-08 14:56:53 - DEBUG - Node 63: {'depth': 3, 'occurrences': [1, 1, 0, 1, 0], 'remaining_budget': 6}
2025-12-08 14:56:53 - DEBUG - Bound computed: 13.00 (ceil_knapsack_dp) at depth 3
2025-12-08 14:56:53 - DEBUG -   -> DP solution (remaining): 7.00
2025-12-08 14:56:53 - DEBUG -   -> Already committed: 6.00
2025-12-08 14:56:53 - DEBUG - Pruned (bound_dominated): {'depth': 3, 'occurrences': [1, 1, 0, 1, 0], 'remaining_budget': 6}
2025-12-08 14:56:53 - DEBUG - Node 64: {'depth': 3, 'occurrences': [1, 1, 0, 2, 0], 'remaining_budget': 2}
2025-12-08 14:56:53 - DEBUG - Pruned (budget_infeasible): {'depth': 3, 'child_type': 'right'}
2025-12-08 14:56:53 - DEBUG - Bound computed: 9.00 (ceil_knapsack_dp) at depth 3
2025-12-08 14:56:53 - DEBUG -   -> DP solution (remaining): 0.00
2025-12-08 14:56:53 - DEBUG -   -> Already committed: 9.00
2025-12-08 14:56:53 - DEBUG - Pruned (bound_dominated): {'depth': 3, 'occurrences': [1, 1, 0, 2, 0], 'remaining_budget': 2}
2025-12-08 14:56:53 - DEBUG - Node 65: {'depth': 2, 'occurrences': [1, 1, 1, 0, 0], 'remaining_budget': 5}
2025-12-08 14:56:53 - DEBUG - Bound computed: 15.00 (ceil_knapsack_dp) at depth 2
2025-12-08 14:56:53 - DEBUG -   -> DP solution (remaining): 7.00
2025-12-08 14:56:53 - DEBUG -   -> Already committed: 8.00
2025-12-08 14:56:53 - DEBUG - Node 66: {'depth': 3, 'occurrences': [1, 1, 1, 0, 0], 'remaining_budget': 5}
2025-12-08 14:56:53 - DEBUG - Bound computed: 15.00 (ceil_knapsack_dp) at depth 3
2025-12-08 14:56:53 - DEBUG -   -> DP solution (remaining): 7.00
2025-12-08 14:56:53 - DEBUG -   -> Already committed: 8.00
2025-12-08 14:56:53 - DEBUG - Node 67: {'depth': 4, 'occurrences': [1, 1, 1, 0, 0], 'remaining_budget': 5}
2025-12-08 14:56:53 - DEBUG - Evaluated leaf node: makespan=8.0
2025-12-08 14:56:53 - DEBUG -   Node: {'depth': 4, 'occurrences': [1, 1, 1, 0, 0], 'remaining_budget': 5}
2025-12-08 14:56:53 - DEBUG - Node 68: {'depth': 3, 'occurrences': [1, 1, 1, 1, 0], 'remaining_budget': 1}
2025-12-08 14:56:53 - DEBUG - Pruned (budget_infeasible): {'depth': 3, 'child_type': 'right'}
2025-12-08 14:56:53 - DEBUG - Bound computed: 9.00 (ceil_knapsack_dp) at depth 3
2025-12-08 14:56:53 - DEBUG -   -> DP solution (remaining): 0.00
2025-12-08 14:56:53 - DEBUG -   -> Already committed: 9.00
2025-12-08 14:56:53 - DEBUG - Pruned (bound_dominated): {'depth': 3, 'occurrences': [1, 1, 1, 1, 0], 'remaining_budget': 1}
2025-12-08 14:56:53 - DEBUG - Node 69: {'depth': 2, 'occurrences': [1, 1, 2, 0, 0], 'remaining_budget': 0}
2025-12-08 14:56:53 - DEBUG - Pruned (budget_infeasible): {'depth': 2, 'child_type': 'right'}
2025-12-08 14:56:53 - DEBUG - Bound computed: 12.00 (ceil_knapsack_dp) at depth 2
2025-12-08 14:56:53 - DEBUG -   -> DP solution (remaining): 0.00
2025-12-08 14:56:53 - DEBUG -   -> Already committed: 12.00
2025-12-08 14:56:53 - DEBUG - Pruned (bound_dominated): {'depth': 2, 'occurrences': [1, 1, 2, 0, 0], 'remaining_budget': 0}
2025-12-08 14:56:53 - DEBUG - Node 70: {'depth': 1, 'occurrences': [1, 2, 0, 0, 0], 'remaining_budget': 7}
2025-12-08 14:56:53 - DEBUG - Bound computed: 18.00 (ceil_knapsack_dp) at depth 1
2025-12-08 14:56:53 - DEBUG -   -> DP solution (remaining): 12.00
2025-12-08 14:56:53 - DEBUG -   -> Already committed: 6.00
2025-12-08 14:56:53 - DEBUG - Node 71: {'depth': 2, 'occurrences': [1, 2, 0, 0, 0], 'remaining_budget': 7}
2025-12-08 14:56:53 - DEBUG - Bound computed: 18.00 (ceil_knapsack_dp) at depth 2
2025-12-08 14:56:53 - DEBUG -   -> DP solution (remaining): 12.00
2025-12-08 14:56:53 - DEBUG -   -> Already committed: 6.00
2025-12-08 14:56:53 - DEBUG - Node 72: {'depth': 3, 'occurrences': [1, 2, 0, 0, 0], 'remaining_budget': 7}
2025-12-08 14:56:53 - DEBUG - Bound computed: 13.00 (ceil_knapsack_dp) at depth 3
2025-12-08 14:56:53 - DEBUG -   -> DP solution (remaining): 7.00
2025-12-08 14:56:53 - DEBUG -   -> Already committed: 6.00
2025-12-08 14:56:53 - DEBUG - Pruned (bound_dominated): {'depth': 3, 'occurrences': [1, 2, 0, 0, 0], 'remaining_budget': 7}
2025-12-08 14:56:53 - DEBUG - Node 73: {'depth': 3, 'occurrences': [1, 2, 0, 1, 0], 'remaining_budget': 3}
2025-12-08 14:56:53 - DEBUG - Pruned (budget_infeasible): {'depth': 3, 'child_type': 'right'}
2025-12-08 14:56:53 - DEBUG - Bound computed: 16.00 (ceil_knapsack_dp) at depth 3
2025-12-08 14:56:53 - DEBUG -   -> DP solution (remaining): 7.00
2025-12-08 14:56:53 - DEBUG -   -> Already committed: 9.00
2025-12-08 14:56:53 - DEBUG - Node 74: {'depth': 4, 'occurrences': [1, 2, 0, 1, 0], 'remaining_budget': 3}
2025-12-08 14:56:53 - DEBUG - Evaluated leaf node: makespan=9.0
2025-12-08 14:56:53 - DEBUG -   Node: {'depth': 4, 'occurrences': [1, 2, 0, 1, 0], 'remaining_budget': 3}
2025-12-08 14:56:53 - DEBUG - Node 75: {'depth': 2, 'occurrences': [1, 2, 1, 0, 0], 'remaining_budget': 2}
2025-12-08 14:56:53 - DEBUG - Pruned (budget_infeasible): {'depth': 2, 'child_type': 'right'}
2025-12-08 14:56:53 - DEBUG - Bound computed: 12.00 (ceil_knapsack_dp) at depth 2
2025-12-08 14:56:53 - DEBUG -   -> DP solution (remaining): 0.00
2025-12-08 14:56:53 - DEBUG -   -> Already committed: 12.00
2025-12-08 14:56:53 - DEBUG - Pruned (bound_dominated): {'depth': 2, 'occurrences': [1, 2, 1, 0, 0], 'remaining_budget': 2}
2025-12-08 14:56:53 - DEBUG - Node 76: {'depth': 1, 'occurrences': [1, 3, 0, 0, 0], 'remaining_budget': 4}
2025-12-08 14:56:53 - DEBUG - Bound computed: 17.00 (ceil_knapsack_dp) at depth 1
2025-12-08 14:56:53 - DEBUG -   -> DP solution (remaining): 7.00
2025-12-08 14:56:53 - DEBUG -   -> Already committed: 10.00
2025-12-08 14:56:53 - DEBUG - Node 77: {'depth': 2, 'occurrences': [1, 3, 0, 0, 0], 'remaining_budget': 4}
2025-12-08 14:56:53 - DEBUG - Pruned (budget_infeasible): {'depth': 2, 'child_type': 'right'}
2025-12-08 14:56:53 - DEBUG - Bound computed: 17.00 (ceil_knapsack_dp) at depth 2
2025-12-08 14:56:53 - DEBUG -   -> DP solution (remaining): 7.00
2025-12-08 14:56:53 - DEBUG -   -> Already committed: 10.00
2025-12-08 14:56:53 - DEBUG - Node 78: {'depth': 3, 'occurrences': [1, 3, 0, 0, 0], 'remaining_budget': 4}
2025-12-08 14:56:53 - DEBUG - Bound computed: 17.00 (ceil_knapsack_dp) at depth 3
2025-12-08 14:56:53 - DEBUG -   -> DP solution (remaining): 7.00
2025-12-08 14:56:53 - DEBUG -   -> Already committed: 10.00
2025-12-08 14:56:53 - DEBUG - Node 79: {'depth': 4, 'occurrences': [1, 3, 0, 0, 0], 'remaining_budget': 4}
2025-12-08 14:56:53 - DEBUG - Evaluated leaf node: makespan=10.0
2025-12-08 14:56:53 - DEBUG -   Node: {'depth': 4, 'occurrences': [1, 3, 0, 0, 0], 'remaining_budget': 4}
2025-12-08 14:56:53 - DEBUG - Node 80: {'depth': 3, 'occurrences': [1, 3, 0, 1, 0], 'remaining_budget': 0}
2025-12-08 14:56:53 - DEBUG - Pruned (budget_infeasible): {'depth': 3, 'child_type': 'right'}
2025-12-08 14:56:53 - DEBUG - Bound computed: 11.00 (ceil_knapsack_dp) at depth 3
2025-12-08 14:56:53 - DEBUG -   -> DP solution (remaining): 0.00
2025-12-08 14:56:53 - DEBUG -   -> Already committed: 11.00
2025-12-08 14:56:53 - DEBUG - Pruned (bound_dominated): {'depth': 3, 'occurrences': [1, 3, 0, 1, 0], 'remaining_budget': 0}
2025-12-08 14:56:53 - DEBUG - Node 81: {'depth': 1, 'occurrences': [1, 4, 0, 0, 0], 'remaining_budget': 1}
2025-12-08 14:56:53 - DEBUG - Pruned (budget_infeasible): {'depth': 1, 'child_type': 'right'}
2025-12-08 14:56:53 - DEBUG - Bound computed: 12.00 (ceil_knapsack_dp) at depth 1
2025-12-08 14:56:53 - DEBUG -   -> DP solution (remaining): 0.00
2025-12-08 14:56:53 - DEBUG -   -> Already committed: 12.00
2025-12-08 14:56:53 - DEBUG - Pruned (bound_dominated): {'depth': 1, 'occurrences': [1, 4, 0, 0, 0], 'remaining_budget': 1}
2025-12-08 14:56:53 - DEBUG - Node 82: {'depth': 0, 'occurrences': [2, 0, 0, 0, 0], 'remaining_budget': 11}
2025-12-08 14:56:53 - DEBUG - Bound computed: 25.00 (ceil_knapsack_dp) at depth 0
2025-12-08 14:56:53 - DEBUG -   -> DP solution (remaining): 21.00
2025-12-08 14:56:53 - DEBUG -   -> Already committed: 4.00
2025-12-08 14:56:53 - DEBUG - Node 83: {'depth': 1, 'occurrences': [2, 0, 0, 0, 0], 'remaining_budget': 11}
2025-12-08 14:56:53 - DEBUG - Bound computed: 19.00 (ceil_knapsack_dp) at depth 1
2025-12-08 14:56:53 - DEBUG -   -> DP solution (remaining): 15.00
2025-12-08 14:56:53 - DEBUG -   -> Already committed: 4.00
2025-12-08 14:56:53 - DEBUG - Node 84: {'depth': 2, 'occurrences': [2, 0, 0, 0, 0], 'remaining_budget': 11}
2025-12-08 14:56:53 - DEBUG - Bound computed: 16.00 (ceil_knapsack_dp) at depth 2
2025-12-08 14:56:53 - DEBUG -   -> DP solution (remaining): 12.00
2025-12-08 14:56:53 - DEBUG -   -> Already committed: 4.00
2025-12-08 14:56:53 - DEBUG - Node 85: {'depth': 3, 'occurrences': [2, 0, 0, 0, 0], 'remaining_budget': 11}
2025-12-08 14:56:53 - DEBUG - Bound computed: 11.00 (ceil_knapsack_dp) at depth 3
2025-12-08 14:56:53 - DEBUG -   -> DP solution (remaining): 7.00
2025-12-08 14:56:53 - DEBUG -   -> Already committed: 4.00
2025-12-08 14:56:53 - DEBUG - Pruned (bound_dominated): {'depth': 3, 'occurrences': [2, 0, 0, 0, 0], 'remaining_budget': 11}
2025-12-08 14:56:53 - DEBUG - Node 86: {'depth': 3, 'occurrences': [2, 0, 0, 1, 0], 'remaining_budget': 7}
2025-12-08 14:56:53 - DEBUG - Bound computed: 12.00 (ceil_knapsack_dp) at depth 3
2025-12-08 14:56:53 - DEBUG -   -> DP solution (remaining): 7.00
2025-12-08 14:56:53 - DEBUG -   -> Already committed: 5.00
2025-12-08 14:56:53 - DEBUG - Pruned (bound_dominated): {'depth': 3, 'occurrences': [2, 0, 0, 1, 0], 'remaining_budget': 7}
2025-12-08 14:56:53 - DEBUG - Node 87: {'depth': 3, 'occurrences': [2, 0, 0, 2, 0], 'remaining_budget': 3}
2025-12-08 14:56:53 - DEBUG - Pruned (budget_infeasible): {'depth': 3, 'child_type': 'right'}
2025-12-08 14:56:53 - DEBUG - Bound computed: 16.00 (ceil_knapsack_dp) at depth 3
2025-12-08 14:56:53 - DEBUG -   -> DP solution (remaining): 7.00
2025-12-08 14:56:53 - DEBUG -   -> Already committed: 9.00
2025-12-08 14:56:53 - DEBUG - Node 88: {'depth': 4, 'occurrences': [2, 0, 0, 2, 0], 'remaining_budget': 3}
2025-12-08 14:56:53 - DEBUG - Evaluated leaf node: makespan=8.0
2025-12-08 14:56:53 - DEBUG -   Node: {'depth': 4, 'occurrences': [2, 0, 0, 2, 0], 'remaining_budget': 3}
2025-12-08 14:56:53 - DEBUG - Node 89: {'depth': 2, 'occurrences': [2, 0, 1, 0, 0], 'remaining_budget': 6}
2025-12-08 14:56:53 - DEBUG - Bound computed: 15.00 (ceil_knapsack_dp) at depth 2
2025-12-08 14:56:53 - DEBUG -   -> DP solution (remaining): 7.00
2025-12-08 14:56:53 - DEBUG -   -> Already committed: 8.00
2025-12-08 14:56:53 - DEBUG - Node 90: {'depth': 3, 'occurrences': [2, 0, 1, 0, 0], 'remaining_budget': 6}
2025-12-08 14:56:53 - DEBUG - Bound computed: 15.00 (ceil_knapsack_dp) at depth 3
2025-12-08 14:56:53 - DEBUG -   -> DP solution (remaining): 7.00
2025-12-08 14:56:53 - DEBUG -   -> Already committed: 8.00
2025-12-08 14:56:53 - DEBUG - Node 91: {'depth': 4, 'occurrences': [2, 0, 1, 0, 0], 'remaining_budget': 6}
2025-12-08 14:56:53 - DEBUG - Evaluated leaf node: makespan=8.0
2025-12-08 14:56:53 - DEBUG -   Node: {'depth': 4, 'occurrences': [2, 0, 1, 0, 0], 'remaining_budget': 6}
2025-12-08 14:56:53 - DEBUG - Node 92: {'depth': 3, 'occurrences': [2, 0, 1, 1, 0], 'remaining_budget': 2}
2025-12-08 14:56:53 - DEBUG - Pruned (budget_infeasible): {'depth': 3, 'child_type': 'right'}
2025-12-08 14:56:53 - DEBUG - Bound computed: 9.00 (ceil_knapsack_dp) at depth 3
2025-12-08 14:56:53 - DEBUG -   -> DP solution (remaining): 0.00
2025-12-08 14:56:53 - DEBUG -   -> Already committed: 9.00
2025-12-08 14:56:53 - DEBUG - Pruned (bound_dominated): {'depth': 3, 'occurrences': [2, 0, 1, 1, 0], 'remaining_budget': 2}
2025-12-08 14:56:53 - DEBUG - Node 93: {'depth': 2, 'occurrences': [2, 0, 2, 0, 0], 'remaining_budget': 1}
2025-12-08 14:56:53 - DEBUG - Pruned (budget_infeasible): {'depth': 2, 'child_type': 'right'}
2025-12-08 14:56:53 - DEBUG - Bound computed: 12.00 (ceil_knapsack_dp) at depth 2
2025-12-08 14:56:53 - DEBUG -   -> DP solution (remaining): 0.00
2025-12-08 14:56:53 - DEBUG -   -> Already committed: 12.00
2025-12-08 14:56:53 - DEBUG - Pruned (bound_dominated): {'depth': 2, 'occurrences': [2, 0, 2, 0, 0], 'remaining_budget': 1}
2025-12-08 14:56:53 - DEBUG - Node 94: {'depth': 1, 'occurrences': [2, 1, 0, 0, 0], 'remaining_budget': 8}
2025-12-08 14:56:53 - DEBUG - Bound computed: 21.00 (ceil_knapsack_dp) at depth 1
2025-12-08 14:56:53 - DEBUG -   -> DP solution (remaining): 15.00
2025-12-08 14:56:53 - DEBUG -   -> Already committed: 6.00
2025-12-08 14:56:53 - DEBUG - Node 95: {'depth': 2, 'occurrences': [2, 1, 0, 0, 0], 'remaining_budget': 8}
2025-12-08 14:56:53 - DEBUG - Bound computed: 18.00 (ceil_knapsack_dp) at depth 2
2025-12-08 14:56:53 - DEBUG -   -> DP solution (remaining): 12.00
2025-12-08 14:56:53 - DEBUG -   -> Already committed: 6.00
2025-12-08 14:56:53 - DEBUG - Node 96: {'depth': 3, 'occurrences': [2, 1, 0, 0, 0], 'remaining_budget': 8}
2025-12-08 14:56:53 - DEBUG - Bound computed: 13.00 (ceil_knapsack_dp) at depth 3
2025-12-08 14:56:53 - DEBUG -   -> DP solution (remaining): 7.00
2025-12-08 14:56:53 - DEBUG -   -> Already committed: 6.00
2025-12-08 14:56:53 - DEBUG - Pruned (bound_dominated): {'depth': 3, 'occurrences': [2, 1, 0, 0, 0], 'remaining_budget': 8}
2025-12-08 14:56:53 - DEBUG - Node 97: {'depth': 3, 'occurrences': [2, 1, 0, 1, 0], 'remaining_budget': 4}
2025-12-08 14:56:53 - DEBUG - Bound computed: 16.00 (ceil_knapsack_dp) at depth 3
2025-12-08 14:56:53 - DEBUG -   -> DP solution (remaining): 7.00
2025-12-08 14:56:53 - DEBUG -   -> Already committed: 9.00
2025-12-08 14:56:53 - DEBUG - Node 98: {'depth': 4, 'occurrences': [2, 1, 0, 1, 0], 'remaining_budget': 4}
2025-12-08 14:56:53 - DEBUG - Evaluated leaf node: makespan=8.0
2025-12-08 14:56:53 - DEBUG -   Node: {'depth': 4, 'occurrences': [2, 1, 0, 1, 0], 'remaining_budget': 4}
2025-12-08 14:56:53 - DEBUG - Node 99: {'depth': 3, 'occurrences': [2, 1, 0, 2, 0], 'remaining_budget': 0}
2025-12-08 14:56:53 - DEBUG - Pruned (budget_infeasible): {'depth': 3, 'child_type': 'right'}
2025-12-08 14:56:53 - DEBUG - Bound computed: 9.00 (ceil_knapsack_dp) at depth 3
2025-12-08 14:56:53 - DEBUG -   -> DP solution (remaining): 0.00
2025-12-08 14:56:53 - DEBUG -   -> Already committed: 9.00
2025-12-08 14:56:53 - DEBUG - Pruned (bound_dominated): {'depth': 3, 'occurrences': [2, 1, 0, 2, 0], 'remaining_budget': 0}
2025-12-08 14:56:53 - DEBUG - Node 100: {'depth': 2, 'occurrences': [2, 1, 1, 0, 0], 'remaining_budget': 3}
2025-12-08 14:56:53 - DEBUG - Pruned (budget_infeasible): {'depth': 2, 'child_type': 'right'}
2025-12-08 14:56:53 - DEBUG - Bound computed: 19.00 (ceil_knapsack_dp) at depth 2
2025-12-08 14:56:53 - DEBUG -   -> DP solution (remaining): 7.00
2025-12-08 14:56:53 - DEBUG -   -> Already committed: 12.00
2025-12-08 14:56:53 - DEBUG - Node 101: {'depth': 3, 'occurrences': [2, 1, 1, 0, 0], 'remaining_budget': 3}
2025-12-08 14:56:53 - DEBUG - Pruned (budget_infeasible): {'depth': 3, 'child_type': 'right'}
2025-12-08 14:56:53 - DEBUG - Bound computed: 19.00 (ceil_knapsack_dp) at depth 3
2025-12-08 14:56:53 - DEBUG -   -> DP solution (remaining): 7.00
2025-12-08 14:56:53 - DEBUG -   -> Already committed: 12.00
2025-12-08 14:56:53 - DEBUG - Node 102: {'depth': 4, 'occurrences': [2, 1, 1, 0, 0], 'remaining_budget': 3}
2025-12-08 14:56:53 - DEBUG - Evaluated leaf node: makespan=8.0
2025-12-08 14:56:53 - DEBUG -   Node: {'depth': 4, 'occurrences': [2, 1, 1, 0, 0], 'remaining_budget': 3}
2025-12-08 14:56:53 - DEBUG - Node 103: {'depth': 1, 'occurrences': [2, 2, 0, 0, 0], 'remaining_budget': 5}
2025-12-08 14:56:53 - DEBUG - Bound computed: 18.00 (ceil_knapsack_dp) at depth 1
2025-12-08 14:56:53 - DEBUG -   -> DP solution (remaining): 8.00
2025-12-08 14:56:53 - DEBUG -   -> Already committed: 10.00
2025-12-08 14:56:53 - DEBUG - Node 104: {'depth': 2, 'occurrences': [2, 2, 0, 0, 0], 'remaining_budget': 5}
2025-12-08 14:56:53 - DEBUG - Bound computed: 17.00 (ceil_knapsack_dp) at depth 2
2025-12-08 14:56:53 - DEBUG -   -> DP solution (remaining): 7.00
2025-12-08 14:56:53 - DEBUG -   -> Already committed: 10.00
2025-12-08 14:56:53 - DEBUG - Node 105: {'depth': 3, 'occurrences': [2, 2, 0, 0, 0], 'remaining_budget': 5}
2025-12-08 14:56:53 - DEBUG - Bound computed: 17.00 (ceil_knapsack_dp) at depth 3
2025-12-08 14:56:53 - DEBUG -   -> DP solution (remaining): 7.00
2025-12-08 14:56:53 - DEBUG -   -> Already committed: 10.00
2025-12-08 14:56:53 - DEBUG - Node 106: {'depth': 4, 'occurrences': [2, 2, 0, 0, 0], 'remaining_budget': 5}
2025-12-08 14:56:53 - DEBUG - Evaluated leaf node: makespan=8.0
2025-12-08 14:56:53 - DEBUG -   Node: {'depth': 4, 'occurrences': [2, 2, 0, 0, 0], 'remaining_budget': 5}
2025-12-08 14:56:53 - DEBUG - Node 107: {'depth': 3, 'occurrences': [2, 2, 0, 1, 0], 'remaining_budget': 1}
2025-12-08 14:56:53 - DEBUG - Pruned (budget_infeasible): {'depth': 3, 'child_type': 'right'}
2025-12-08 14:56:53 - DEBUG - Bound computed: 10.00 (ceil_knapsack_dp) at depth 3
2025-12-08 14:56:53 - DEBUG -   -> DP solution (remaining): 0.00
2025-12-08 14:56:53 - DEBUG -   -> Already committed: 10.00
2025-12-08 14:56:53 - DEBUG - Pruned (bound_dominated): {'depth': 3, 'occurrences': [2, 2, 0, 1, 0], 'remaining_budget': 1}
2025-12-08 14:56:53 - DEBUG - Node 108: {'depth': 2, 'occurrences': [2, 2, 1, 0, 0], 'remaining_budget': 0}
2025-12-08 14:56:53 - DEBUG - Pruned (budget_infeasible): {'depth': 2, 'child_type': 'right'}
2025-12-08 14:56:53 - DEBUG - Bound computed: 12.00 (ceil_knapsack_dp) at depth 2
2025-12-08 14:56:53 - DEBUG -   -> DP solution (remaining): 0.00
2025-12-08 14:56:53 - DEBUG -   -> Already committed: 12.00
2025-12-08 14:56:53 - DEBUG - Pruned (bound_dominated): {'depth': 2, 'occurrences': [2, 2, 1, 0, 0], 'remaining_budget': 0}
2025-12-08 14:56:53 - DEBUG - Node 109: {'depth': 1, 'occurrences': [2, 3, 0, 0, 0], 'remaining_budget': 2}
2025-12-08 14:56:53 - DEBUG - Pruned (budget_infeasible): {'depth': 1, 'child_type': 'right'}
2025-12-08 14:56:53 - DEBUG - Bound computed: 10.00 (ceil_knapsack_dp) at depth 1
2025-12-08 14:56:53 - DEBUG -   -> DP solution (remaining): 0.00
2025-12-08 14:56:53 - DEBUG -   -> Already committed: 10.00
2025-12-08 14:56:53 - DEBUG - Pruned (bound_dominated): {'depth': 1, 'occurrences': [2, 3, 0, 0, 0], 'remaining_budget': 2}
2025-12-08 14:56:53 - DEBUG - Node 110: {'depth': 0, 'occurrences': [3, 0, 0, 0, 0], 'remaining_budget': 9}
2025-12-08 14:56:53 - DEBUG - Bound computed: 19.00 (ceil_knapsack_dp) at depth 0
2025-12-08 14:56:53 - DEBUG -   -> DP solution (remaining): 15.00
2025-12-08 14:56:53 - DEBUG -   -> Already committed: 4.00
2025-12-08 14:56:53 - DEBUG - Node 111: {'depth': 1, 'occurrences': [3, 0, 0, 0, 0], 'remaining_budget': 9}
2025-12-08 14:56:53 - DEBUG - Bound computed: 19.00 (ceil_knapsack_dp) at depth 1
2025-12-08 14:56:53 - DEBUG -   -> DP solution (remaining): 15.00
2025-12-08 14:56:53 - DEBUG -   -> Already committed: 4.00
2025-12-08 14:56:53 - DEBUG - Node 112: {'depth': 2, 'occurrences': [3, 0, 0, 0, 0], 'remaining_budget': 9}
2025-12-08 14:56:53 - DEBUG - Bound computed: 16.00 (ceil_knapsack_dp) at depth 2
2025-12-08 14:56:53 - DEBUG -   -> DP solution (remaining): 12.00
2025-12-08 14:56:53 - DEBUG -   -> Already committed: 4.00
2025-12-08 14:56:53 - DEBUG - Node 113: {'depth': 3, 'occurrences': [3, 0, 0, 0, 0], 'remaining_budget': 9}
2025-12-08 14:56:53 - DEBUG - Bound computed: 11.00 (ceil_knapsack_dp) at depth 3
2025-12-08 14:56:53 - DEBUG -   -> DP solution (remaining): 7.00
2025-12-08 14:56:53 - DEBUG -   -> Already committed: 4.00
2025-12-08 14:56:53 - DEBUG - Pruned (bound_dominated): {'depth': 3, 'occurrences': [3, 0, 0, 0, 0], 'remaining_budget': 9}
2025-12-08 14:56:53 - DEBUG - Node 114: {'depth': 3, 'occurrences': [3, 0, 0, 1, 0], 'remaining_budget': 5}
2025-12-08 14:56:53 - DEBUG - Bound computed: 16.00 (ceil_knapsack_dp) at depth 3
2025-12-08 14:56:53 - DEBUG -   -> DP solution (remaining): 7.00
2025-12-08 14:56:53 - DEBUG -   -> Already committed: 9.00
2025-12-08 14:56:53 - DEBUG - Node 115: {'depth': 4, 'occurrences': [3, 0, 0, 1, 0], 'remaining_budget': 5}
2025-12-08 14:56:53 - DEBUG - Evaluated leaf node: makespan=8.0
2025-12-08 14:56:53 - DEBUG -   Node: {'depth': 4, 'occurrences': [3, 0, 0, 1, 0], 'remaining_budget': 5}
2025-12-08 14:56:53 - DEBUG - Node 116: {'depth': 3, 'occurrences': [3, 0, 0, 2, 0], 'remaining_budget': 1}
2025-12-08 14:56:53 - DEBUG - Pruned (budget_infeasible): {'depth': 3, 'child_type': 'right'}
2025-12-08 14:56:53 - DEBUG - Bound computed: 9.00 (ceil_knapsack_dp) at depth 3
2025-12-08 14:56:53 - DEBUG -   -> DP solution (remaining): 0.00
2025-12-08 14:56:53 - DEBUG -   -> Already committed: 9.00
2025-12-08 14:56:53 - DEBUG - Pruned (bound_dominated): {'depth': 3, 'occurrences': [3, 0, 0, 2, 0], 'remaining_budget': 1}
2025-12-08 14:56:53 - DEBUG - Node 117: {'depth': 2, 'occurrences': [3, 0, 1, 0, 0], 'remaining_budget': 4}
2025-12-08 14:56:53 - DEBUG - Pruned (budget_infeasible): {'depth': 2, 'child_type': 'right'}
2025-12-08 14:56:53 - DEBUG - Bound computed: 19.00 (ceil_knapsack_dp) at depth 2
2025-12-08 14:56:53 - DEBUG -   -> DP solution (remaining): 7.00
2025-12-08 14:56:53 - DEBUG -   -> Already committed: 12.00
2025-12-08 14:56:53 - DEBUG - Node 118: {'depth': 3, 'occurrences': [3, 0, 1, 0, 0], 'remaining_budget': 4}
2025-12-08 14:56:53 - DEBUG - Bound computed: 19.00 (ceil_knapsack_dp) at depth 3
2025-12-08 14:56:53 - DEBUG -   -> DP solution (remaining): 7.00
2025-12-08 14:56:53 - DEBUG -   -> Already committed: 12.00
2025-12-08 14:56:53 - DEBUG - Node 119: {'depth': 4, 'occurrences': [3, 0, 1, 0, 0], 'remaining_budget': 4}
2025-12-08 14:56:53 - DEBUG - Evaluated leaf node: makespan=8.0
2025-12-08 14:56:53 - DEBUG -   Node: {'depth': 4, 'occurrences': [3, 0, 1, 0, 0], 'remaining_budget': 4}
2025-12-08 14:56:53 - DEBUG - Node 120: {'depth': 3, 'occurrences': [3, 0, 1, 1, 0], 'remaining_budget': 0}
2025-12-08 14:56:53 - DEBUG - Pruned (budget_infeasible): {'depth': 3, 'child_type': 'right'}
2025-12-08 14:56:53 - DEBUG - Bound computed: 12.00 (ceil_knapsack_dp) at depth 3
2025-12-08 14:56:53 - DEBUG -   -> DP solution (remaining): 0.00
2025-12-08 14:56:53 - DEBUG -   -> Already committed: 12.00
2025-12-08 14:56:53 - DEBUG - Pruned (bound_dominated): {'depth': 3, 'occurrences': [3, 0, 1, 1, 0], 'remaining_budget': 0}
2025-12-08 14:56:53 - DEBUG - Node 121: {'depth': 1, 'occurrences': [3, 1, 0, 0, 0], 'remaining_budget': 6}
2025-12-08 14:56:53 - DEBUG - Bound computed: 18.00 (ceil_knapsack_dp) at depth 1
2025-12-08 14:56:53 - DEBUG -   -> DP solution (remaining): 8.00
2025-12-08 14:56:53 - DEBUG -   -> Already committed: 10.00
2025-12-08 14:56:53 - DEBUG - Node 122: {'depth': 2, 'occurrences': [3, 1, 0, 0, 0], 'remaining_budget': 6}
2025-12-08 14:56:53 - DEBUG - Bound computed: 17.00 (ceil_knapsack_dp) at depth 2
2025-12-08 14:56:53 - DEBUG -   -> DP solution (remaining): 7.00
2025-12-08 14:56:53 - DEBUG -   -> Already committed: 10.00
2025-12-08 14:56:53 - DEBUG - Node 123: {'depth': 3, 'occurrences': [3, 1, 0, 0, 0], 'remaining_budget': 6}
2025-12-08 14:56:53 - DEBUG - Bound computed: 17.00 (ceil_knapsack_dp) at depth 3
2025-12-08 14:56:53 - DEBUG -   -> DP solution (remaining): 7.00
2025-12-08 14:56:53 - DEBUG -   -> Already committed: 10.00
2025-12-08 14:56:53 - DEBUG - Node 124: {'depth': 4, 'occurrences': [3, 1, 0, 0, 0], 'remaining_budget': 6}
2025-12-08 14:56:53 - DEBUG - Evaluated leaf node: makespan=8.0
2025-12-08 14:56:53 - DEBUG -   Node: {'depth': 4, 'occurrences': [3, 1, 0, 0, 0], 'remaining_budget': 6}
2025-12-08 14:56:53 - DEBUG - Node 125: {'depth': 3, 'occurrences': [3, 1, 0, 1, 0], 'remaining_budget': 2}
2025-12-08 14:56:53 - DEBUG - Pruned (budget_infeasible): {'depth': 3, 'child_type': 'right'}
2025-12-08 14:56:53 - DEBUG - Bound computed: 10.00 (ceil_knapsack_dp) at depth 3
2025-12-08 14:56:53 - DEBUG -   -> DP solution (remaining): 0.00
2025-12-08 14:56:53 - DEBUG -   -> Already committed: 10.00
2025-12-08 14:56:53 - DEBUG - Pruned (bound_dominated): {'depth': 3, 'occurrences': [3, 1, 0, 1, 0], 'remaining_budget': 2}
2025-12-08 14:56:53 - DEBUG - Node 126: {'depth': 2, 'occurrences': [3, 1, 1, 0, 0], 'remaining_budget': 1}
2025-12-08 14:56:53 - DEBUG - Pruned (budget_infeasible): {'depth': 2, 'child_type': 'right'}
2025-12-08 14:56:53 - DEBUG - Bound computed: 12.00 (ceil_knapsack_dp) at depth 2
2025-12-08 14:56:53 - DEBUG -   -> DP solution (remaining): 0.00
2025-12-08 14:56:53 - DEBUG -   -> Already committed: 12.00
2025-12-08 14:56:53 - DEBUG - Pruned (bound_dominated): {'depth': 2, 'occurrences': [3, 1, 1, 0, 0], 'remaining_budget': 1}
2025-12-08 14:56:53 - DEBUG - Node 127: {'depth': 1, 'occurrences': [3, 2, 0, 0, 0], 'remaining_budget': 3}
2025-12-08 14:56:53 - DEBUG - Bound computed: 17.00 (ceil_knapsack_dp) at depth 1
2025-12-08 14:56:53 - DEBUG -   -> DP solution (remaining): 7.00
2025-12-08 14:56:53 - DEBUG -   -> Already committed: 10.00
2025-12-08 14:56:53 - DEBUG - Node 128: {'depth': 2, 'occurrences': [3, 2, 0, 0, 0], 'remaining_budget': 3}
2025-12-08 14:56:53 - DEBUG - Pruned (budget_infeasible): {'depth': 2, 'child_type': 'right'}
2025-12-08 14:56:53 - DEBUG - Bound computed: 17.00 (ceil_knapsack_dp) at depth 2
2025-12-08 14:56:53 - DEBUG -   -> DP solution (remaining): 7.00
2025-12-08 14:56:53 - DEBUG -   -> Already committed: 10.00
2025-12-08 14:56:53 - DEBUG - Node 129: {'depth': 3, 'occurrences': [3, 2, 0, 0, 0], 'remaining_budget': 3}
2025-12-08 14:56:53 - DEBUG - Pruned (budget_infeasible): {'depth': 3, 'child_type': 'right'}
2025-12-08 14:56:53 - DEBUG - Bound computed: 17.00 (ceil_knapsack_dp) at depth 3
2025-12-08 14:56:53 - DEBUG -   -> DP solution (remaining): 7.00
2025-12-08 14:56:53 - DEBUG -   -> Already committed: 10.00
2025-12-08 14:56:53 - DEBUG - Node 130: {'depth': 4, 'occurrences': [3, 2, 0, 0, 0], 'remaining_budget': 3}
2025-12-08 14:56:53 - DEBUG - Evaluated leaf node: makespan=10.0
2025-12-08 14:56:53 - DEBUG -   Node: {'depth': 4, 'occurrences': [3, 2, 0, 0, 0], 'remaining_budget': 3}
2025-12-08 14:56:53 - DEBUG - Node 131: {'depth': 1, 'occurrences': [3, 3, 0, 0, 0], 'remaining_budget': 0}
2025-12-08 14:56:53 - DEBUG - Pruned (budget_infeasible): {'depth': 1, 'child_type': 'right'}
2025-12-08 14:56:53 - DEBUG - Bound computed: 10.00 (ceil_knapsack_dp) at depth 1
2025-12-08 14:56:53 - DEBUG -   -> DP solution (remaining): 0.00
2025-12-08 14:56:53 - DEBUG -   -> Already committed: 10.00
2025-12-08 14:56:53 - DEBUG - Pruned (bound_dominated): {'depth': 1, 'occurrences': [3, 3, 0, 0, 0], 'remaining_budget': 0}
2025-12-08 14:56:53 - DEBUG - Node 132: {'depth': 0, 'occurrences': [4, 0, 0, 0, 0], 'remaining_budget': 7}
2025-12-08 14:56:53 - DEBUG - Bound computed: 21.00 (ceil_knapsack_dp) at depth 0
2025-12-08 14:56:53 - DEBUG -   -> DP solution (remaining): 13.00
2025-12-08 14:56:53 - DEBUG -   -> Already committed: 8.00
2025-12-08 14:56:53 - DEBUG - Node 133: {'depth': 1, 'occurrences': [4, 0, 0, 0, 0], 'remaining_budget': 7}
2025-12-08 14:56:53 - DEBUG - Bound computed: 20.00 (ceil_knapsack_dp) at depth 1
2025-12-08 14:56:53 - DEBUG -   -> DP solution (remaining): 12.00
2025-12-08 14:56:53 - DEBUG -   -> Already committed: 8.00
2025-12-08 14:56:53 - DEBUG - Node 134: {'depth': 2, 'occurrences': [4, 0, 0, 0, 0], 'remaining_budget': 7}
2025-12-08 14:56:53 - DEBUG - Bound computed: 20.00 (ceil_knapsack_dp) at depth 2
2025-12-08 14:56:53 - DEBUG -   -> DP solution (remaining): 12.00
2025-12-08 14:56:53 - DEBUG -   -> Already committed: 8.00
2025-12-08 14:56:53 - DEBUG - Node 135: {'depth': 3, 'occurrences': [4, 0, 0, 0, 0], 'remaining_budget': 7}
2025-12-08 14:56:53 - DEBUG - Bound computed: 15.00 (ceil_knapsack_dp) at depth 3
2025-12-08 14:56:53 - DEBUG -   -> DP solution (remaining): 7.00
2025-12-08 14:56:53 - DEBUG -   -> Already committed: 8.00
2025-12-08 14:56:53 - DEBUG - Node 136: {'depth': 4, 'occurrences': [4, 0, 0, 0, 0], 'remaining_budget': 7}
2025-12-08 14:56:53 - DEBUG - Evaluated leaf node: makespan=8.0
2025-12-08 14:56:53 - DEBUG -   Node: {'depth': 4, 'occurrences': [4, 0, 0, 0, 0], 'remaining_budget': 7}
2025-12-08 14:56:53 - DEBUG - Node 137: {'depth': 3, 'occurrences': [4, 0, 0, 1, 0], 'remaining_budget': 3}
2025-12-08 14:56:53 - DEBUG - Pruned (budget_infeasible): {'depth': 3, 'child_type': 'right'}
2025-12-08 14:56:53 - DEBUG - Bound computed: 16.00 (ceil_knapsack_dp) at depth 3
2025-12-08 14:56:53 - DEBUG -   -> DP solution (remaining): 7.00
2025-12-08 14:56:53 - DEBUG -   -> Already committed: 9.00
2025-12-08 14:56:53 - DEBUG - Node 138: {'depth': 4, 'occurrences': [4, 0, 0, 1, 0], 'remaining_budget': 3}
2025-12-08 14:56:53 - DEBUG - Evaluated leaf node: makespan=8.0
2025-12-08 14:56:53 - DEBUG -   Node: {'depth': 4, 'occurrences': [4, 0, 0, 1, 0], 'remaining_budget': 3}
2025-12-08 14:56:53 - DEBUG - Node 139: {'depth': 2, 'occurrences': [4, 0, 1, 0, 0], 'remaining_budget': 2}
2025-12-08 14:56:53 - DEBUG - Pruned (budget_infeasible): {'depth': 2, 'child_type': 'right'}
2025-12-08 14:56:53 - DEBUG - Bound computed: 12.00 (ceil_knapsack_dp) at depth 2
2025-12-08 14:56:53 - DEBUG -   -> DP solution (remaining): 0.00
2025-12-08 14:56:53 - DEBUG -   -> Already committed: 12.00
2025-12-08 14:56:53 - DEBUG - Pruned (bound_dominated): {'depth': 2, 'occurrences': [4, 0, 1, 0, 0], 'remaining_budget': 2}
2025-12-08 14:56:53 - DEBUG - Node 140: {'depth': 1, 'occurrences': [4, 1, 0, 0, 0], 'remaining_budget': 4}
2025-12-08 14:56:53 - DEBUG - Bound computed: 17.00 (ceil_knapsack_dp) at depth 1
2025-12-08 14:56:53 - DEBUG -   -> DP solution (remaining): 7.00
2025-12-08 14:56:53 - DEBUG -   -> Already committed: 10.00
2025-12-08 14:56:53 - DEBUG - Node 141: {'depth': 2, 'occurrences': [4, 1, 0, 0, 0], 'remaining_budget': 4}
2025-12-08 14:56:53 - DEBUG - Pruned (budget_infeasible): {'depth': 2, 'child_type': 'right'}
2025-12-08 14:56:53 - DEBUG - Bound computed: 17.00 (ceil_knapsack_dp) at depth 2
2025-12-08 14:56:53 - DEBUG -   -> DP solution (remaining): 7.00
2025-12-08 14:56:53 - DEBUG -   -> Already committed: 10.00
2025-12-08 14:56:53 - DEBUG - Node 142: {'depth': 3, 'occurrences': [4, 1, 0, 0, 0], 'remaining_budget': 4}
2025-12-08 14:56:53 - DEBUG - Bound computed: 17.00 (ceil_knapsack_dp) at depth 3
2025-12-08 14:56:53 - DEBUG -   -> DP solution (remaining): 7.00
2025-12-08 14:56:53 - DEBUG -   -> Already committed: 10.00
2025-12-08 14:56:53 - DEBUG - Node 143: {'depth': 4, 'occurrences': [4, 1, 0, 0, 0], 'remaining_budget': 4}
2025-12-08 14:56:53 - DEBUG - Evaluated leaf node: makespan=8.0
2025-12-08 14:56:53 - DEBUG -   Node: {'depth': 4, 'occurrences': [4, 1, 0, 0, 0], 'remaining_budget': 4}
2025-12-08 14:56:53 - DEBUG - Node 144: {'depth': 3, 'occurrences': [4, 1, 0, 1, 0], 'remaining_budget': 0}
2025-12-08 14:56:53 - DEBUG - Pruned (budget_infeasible): {'depth': 3, 'child_type': 'right'}
2025-12-08 14:56:53 - DEBUG - Bound computed: 10.00 (ceil_knapsack_dp) at depth 3
2025-12-08 14:56:53 - DEBUG -   -> DP solution (remaining): 0.00
2025-12-08 14:56:53 - DEBUG -   -> Already committed: 10.00
2025-12-08 14:56:53 - DEBUG - Pruned (bound_dominated): {'depth': 3, 'occurrences': [4, 1, 0, 1, 0], 'remaining_budget': 0}
2025-12-08 14:56:53 - DEBUG - Node 145: {'depth': 1, 'occurrences': [4, 2, 0, 0, 0], 'remaining_budget': 1}
2025-12-08 14:56:53 - DEBUG - Pruned (budget_infeasible): {'depth': 1, 'child_type': 'right'}
2025-12-08 14:56:53 - DEBUG - Bound computed: 10.00 (ceil_knapsack_dp) at depth 1
2025-12-08 14:56:53 - DEBUG -   -> DP solution (remaining): 0.00
2025-12-08 14:56:53 - DEBUG -   -> Already committed: 10.00
2025-12-08 14:56:53 - DEBUG - Pruned (bound_dominated): {'depth': 1, 'occurrences': [4, 2, 0, 0, 0], 'remaining_budget': 1}
2025-12-08 14:56:53 - DEBUG - Node 146: {'depth': 0, 'occurrences': [5, 0, 0, 0, 0], 'remaining_budget': 5}
2025-12-08 14:56:53 - DEBUG - Bound computed: 16.00 (ceil_knapsack_dp) at depth 0
2025-12-08 14:56:53 - DEBUG -   -> DP solution (remaining): 8.00
2025-12-08 14:56:53 - DEBUG -   -> Already committed: 8.00
2025-12-08 14:56:53 - DEBUG - Node 147: {'depth': 1, 'occurrences': [5, 0, 0, 0, 0], 'remaining_budget': 5}
2025-12-08 14:56:53 - DEBUG - Bound computed: 16.00 (ceil_knapsack_dp) at depth 1
2025-12-08 14:56:53 - DEBUG -   -> DP solution (remaining): 8.00
2025-12-08 14:56:53 - DEBUG -   -> Already committed: 8.00
2025-12-08 14:56:53 - DEBUG - Node 148: {'depth': 2, 'occurrences': [5, 0, 0, 0, 0], 'remaining_budget': 5}
2025-12-08 14:56:53 - DEBUG - Bound computed: 15.00 (ceil_knapsack_dp) at depth 2
2025-12-08 14:56:53 - DEBUG -   -> DP solution (remaining): 7.00
2025-12-08 14:56:53 - DEBUG -   -> Already committed: 8.00
2025-12-08 14:56:53 - DEBUG - Node 149: {'depth': 3, 'occurrences': [5, 0, 0, 0, 0], 'remaining_budget': 5}
2025-12-08 14:56:53 - DEBUG - Bound computed: 15.00 (ceil_knapsack_dp) at depth 3
2025-12-08 14:56:53 - DEBUG -   -> DP solution (remaining): 7.00
2025-12-08 14:56:53 - DEBUG -   -> Already committed: 8.00
2025-12-08 14:56:53 - DEBUG - Node 150: {'depth': 4, 'occurrences': [5, 0, 0, 0, 0], 'remaining_budget': 5}
2025-12-08 14:56:53 - DEBUG - Evaluated leaf node: makespan=8.0
2025-12-08 14:56:53 - DEBUG -   Node: {'depth': 4, 'occurrences': [5, 0, 0, 0, 0], 'remaining_budget': 5}
2025-12-08 14:56:53 - DEBUG - Node 151: {'depth': 3, 'occurrences': [5, 0, 0, 1, 0], 'remaining_budget': 1}
2025-12-08 14:56:53 - DEBUG - Pruned (budget_infeasible): {'depth': 3, 'child_type': 'right'}
2025-12-08 14:56:53 - DEBUG - Bound computed: 9.00 (ceil_knapsack_dp) at depth 3
2025-12-08 14:56:53 - DEBUG -   -> DP solution (remaining): 0.00
2025-12-08 14:56:53 - DEBUG -   -> Already committed: 9.00
2025-12-08 14:56:53 - DEBUG - Pruned (bound_dominated): {'depth': 3, 'occurrences': [5, 0, 0, 1, 0], 'remaining_budget': 1}
2025-12-08 14:56:53 - DEBUG - Node 152: {'depth': 2, 'occurrences': [5, 0, 1, 0, 0], 'remaining_budget': 0}
2025-12-08 14:56:53 - DEBUG - Pruned (budget_infeasible): {'depth': 2, 'child_type': 'right'}
2025-12-08 14:56:53 - DEBUG - Bound computed: 12.00 (ceil_knapsack_dp) at depth 2
2025-12-08 14:56:53 - DEBUG -   -> DP solution (remaining): 0.00
2025-12-08 14:56:53 - DEBUG -   -> Already committed: 12.00
2025-12-08 14:56:53 - DEBUG - Pruned (bound_dominated): {'depth': 2, 'occurrences': [5, 0, 1, 0, 0], 'remaining_budget': 0}
2025-12-08 14:56:53 - DEBUG - Node 153: {'depth': 1, 'occurrences': [5, 1, 0, 0, 0], 'remaining_budget': 2}
2025-12-08 14:56:53 - DEBUG - Pruned (budget_infeasible): {'depth': 1, 'child_type': 'right'}
2025-12-08 14:56:53 - DEBUG - Bound computed: 10.00 (ceil_knapsack_dp) at depth 1
2025-12-08 14:56:53 - DEBUG -   -> DP solution (remaining): 0.00
2025-12-08 14:56:53 - DEBUG -   -> Already committed: 10.00
2025-12-08 14:56:53 - DEBUG - Pruned (bound_dominated): {'depth': 1, 'occurrences': [5, 1, 0, 0, 0], 'remaining_budget': 2}
2025-12-08 14:56:53 - DEBUG - Node 154: {'depth': 0, 'occurrences': [6, 0, 0, 0, 0], 'remaining_budget': 3}
2025-12-08 14:56:53 - DEBUG - Bound computed: 15.00 (ceil_knapsack_dp) at depth 0
2025-12-08 14:56:53 - DEBUG -   -> DP solution (remaining): 7.00
2025-12-08 14:56:53 - DEBUG -   -> Already committed: 8.00
2025-12-08 14:56:53 - DEBUG - Node 155: {'depth': 1, 'occurrences': [6, 0, 0, 0, 0], 'remaining_budget': 3}
2025-12-08 14:56:53 - DEBUG - Bound computed: 15.00 (ceil_knapsack_dp) at depth 1
2025-12-08 14:56:53 - DEBUG -   -> DP solution (remaining): 7.00
2025-12-08 14:56:53 - DEBUG -   -> Already committed: 8.00
2025-12-08 14:56:53 - DEBUG - Node 156: {'depth': 2, 'occurrences': [6, 0, 0, 0, 0], 'remaining_budget': 3}
2025-12-08 14:56:53 - DEBUG - Pruned (budget_infeasible): {'depth': 2, 'child_type': 'right'}
2025-12-08 14:56:53 - DEBUG - Bound computed: 15.00 (ceil_knapsack_dp) at depth 2
2025-12-08 14:56:53 - DEBUG -   -> DP solution (remaining): 7.00
2025-12-08 14:56:53 - DEBUG -   -> Already committed: 8.00
2025-12-08 14:56:53 - DEBUG - Node 157: {'depth': 3, 'occurrences': [6, 0, 0, 0, 0], 'remaining_budget': 3}
2025-12-08 14:56:53 - DEBUG - Pruned (budget_infeasible): {'depth': 3, 'child_type': 'right'}
2025-12-08 14:56:53 - DEBUG - Bound computed: 15.00 (ceil_knapsack_dp) at depth 3
2025-12-08 14:56:53 - DEBUG -   -> DP solution (remaining): 7.00
2025-12-08 14:56:53 - DEBUG -   -> Already committed: 8.00
2025-12-08 14:56:53 - DEBUG - Node 158: {'depth': 4, 'occurrences': [6, 0, 0, 0, 0], 'remaining_budget': 3}
2025-12-08 14:56:53 - DEBUG - Evaluated leaf node: makespan=8.0
2025-12-08 14:56:53 - DEBUG -   Node: {'depth': 4, 'occurrences': [6, 0, 0, 0, 0], 'remaining_budget': 3}
2025-12-08 14:56:53 - DEBUG - Node 159: {'depth': 1, 'occurrences': [6, 1, 0, 0, 0], 'remaining_budget': 0}
2025-12-08 14:56:53 - DEBUG - Pruned (budget_infeasible): {'depth': 1, 'child_type': 'right'}
2025-12-08 14:56:53 - DEBUG - Bound computed: 14.00 (ceil_knapsack_dp) at depth 1
2025-12-08 14:56:53 - DEBUG -   -> DP solution (remaining): 0.00
2025-12-08 14:56:53 - DEBUG -   -> Already committed: 14.00
2025-12-08 14:56:53 - DEBUG - Pruned (bound_dominated): {'depth': 1, 'occurrences': [6, 1, 0, 0, 0], 'remaining_budget': 0}
2025-12-08 14:56:53 - DEBUG - Node 160: {'depth': 0, 'occurrences': [7, 0, 0, 0, 0], 'remaining_budget': 1}
2025-12-08 14:56:53 - DEBUG - Pruned (budget_infeasible): {'depth': 0, 'child_type': 'right'}
2025-12-08 14:56:53 - DEBUG - Bound computed: 12.00 (ceil_knapsack_dp) at depth 0
2025-12-08 14:56:53 - DEBUG -   -> DP solution (remaining): 0.00
2025-12-08 14:56:53 - DEBUG -   -> Already committed: 12.00
2025-12-08 14:56:53 - DEBUG - Pruned (bound_dominated): {'depth': 0, 'occurrences': [7, 0, 0, 0, 0], 'remaining_budget': 1}
2025-12-08 14:56:53 - INFO - Computing final schedule for best solution...
2025-12-08 14:56:53 - INFO - Metrics saved to: C:\Users\oleda\.vscode\Solving stuff with Gurobi\logs\Five Jobs_20251208_145653_metrics.json
2025-12-08 14:56:53 - INFO - ============================================================
2025-12-08 14:56:53 - INFO - Branch-and-bound completed
2025-12-08 14:56:53 - INFO - Total runtime: 0.049 seconds
2025-12-08 14:56:53 - INFO - Nodes explored: 160
2025-12-08 14:56:53 - INFO - Nodes pruned: 103
2025-12-08 14:56:53 - INFO - Nodes evaluated: 29
2025-12-08 14:56:53 - INFO - Pruning rate: 64.38%
2025-12-08 14:56:53 - INFO - ============================================================

======================================================================
ENUMERATION COMPARISON
======================================================================
BnB nodes explored: 160
Enumeration nodes evaluated: 167
Ratio (BnB/Enum): 0.96x
Enumeration makespan: 14.0
BnB makespan: 14.0
Match: YES
======================================================================
