2025-12-11 10:44:03 - INFO - Initialized logger for instance: Large Budget
2025-12-11 10:44:03 - INFO - Run ID: Large Budget_20251211_104403
2025-12-11 10:44:03 - INFO - ============================================================
2025-12-11 10:44:03 - INFO - Starting branch-and-bound solver
2025-12-11 10:44:03 - INFO - Problem: {'n_job_types': 4, 'machines': 2, 'budget': 20, 'prices': [2, 3, 4, 5], 'durations': [3, 7, 5, 9], 'max_nodes': 100000}
2025-12-11 10:44:03 - INFO - ============================================================
2025-12-11 10:44:03 - INFO - Computing initial heuristic solution...
2025-12-11 10:44:03 - INFO - ==================================================
2025-12-11 10:44:03 - INFO - NEW INCUMBENT: 24.0
2025-12-11 10:44:03 - INFO - Selection: [1, 6, 0, 0]
2025-12-11 10:44:03 - INFO - Found at node: 0
2025-12-11 10:44:03 - INFO - ==================================================
2025-12-11 10:44:03 - INFO - Initializing CeilKnapsackSolver with reversed item order...
2025-12-11 10:44:03 - INFO - CeilKnapsackSolver initialized successfully
2025-12-11 10:44:03 - INFO - Starting branch-and-bound with max_nodes=100000
2025-12-11 10:44:03 - DEBUG - Node 1: {'depth': 0, 'occurrences': [1, 6, 0, 0], 'remaining_budget': 18, 'node_type': 'root'}
2025-12-11 10:44:03 - DEBUG - Bound: 31.00 (ceil_knapsack_dp) = remaining 28.00 + committed 3.00 at depth 0
2025-12-11 10:44:03 - DEBUG - Node 2: {'depth': 1, 'occurrences': [1, 6, 0, 0], 'remaining_budget': 0, 'node_type': 'root'}
2025-12-11 10:44:03 - DEBUG - Pruned by budget_infeasible at node 2
2025-12-11 10:44:03 - DEBUG - Bound: 24.00 (ceil_knapsack_dp) = remaining 0.00 + committed 24.00 at depth 1
2025-12-11 10:44:03 - DEBUG - Pruned by bound_dominated at node 2
2025-12-11 10:44:03 - DEBUG - Node 3: {'depth': 1, 'occurrences': [1, 5, 0, 0], 'remaining_budget': 3, 'node_type': 'left'}
2025-12-11 10:44:03 - DEBUG - Bound: 21.00 (ceil_knapsack_dp) = remaining 0.00 + committed 21.00 at depth 1
2025-12-11 10:44:03 - DEBUG - Pruned by bound_dominated at node 3
2025-12-11 10:44:03 - DEBUG - Node 4: {'depth': 1, 'occurrences': [1, 4, 0, 0], 'remaining_budget': 6, 'node_type': 'left'}
2025-12-11 10:44:03 - DEBUG - Bound: 26.00 (ceil_knapsack_dp) = remaining 9.00 + committed 17.00 at depth 1
2025-12-11 10:44:03 - DEBUG - Node 5: {'depth': 2, 'occurrences': [1, 4, 0, 0], 'remaining_budget': 6, 'node_type': 'root'}
2025-12-11 10:44:03 - DEBUG - Bound: 26.00 (ceil_knapsack_dp) = remaining 9.00 + committed 17.00 at depth 2
2025-12-11 10:44:03 - DEBUG - Node 6: {'depth': 3, 'occurrences': [1, 4, 0, 0], 'remaining_budget': 6, 'node_type': 'root'}
2025-12-11 10:44:03 - DEBUG - Evaluated leaf node: makespan=17.0
2025-12-11 10:44:03 - DEBUG -   Node: {'depth': 3, 'occurrences': [1, 4, 0, 0], 'remaining_budget': 6, 'node_type': 'root'}
2025-12-11 10:44:03 - DEBUG - Node 7: {'depth': 3, 'occurrences': [1, 4, 0, 1], 'remaining_budget': 1, 'node_type': 'right'}
2025-12-11 10:44:03 - DEBUG - Pruned by budget_infeasible at node 7
2025-12-11 10:44:03 - DEBUG - Evaluated leaf node: makespan=21.0
2025-12-11 10:44:03 - DEBUG -   Node: {'depth': 3, 'occurrences': [1, 4, 0, 1], 'remaining_budget': 1, 'node_type': 'right'}
2025-12-11 10:44:03 - DEBUG - Node 8: {'depth': 2, 'occurrences': [1, 4, 1, 0], 'remaining_budget': 2, 'node_type': 'right'}
2025-12-11 10:44:03 - DEBUG - Pruned by budget_infeasible at node 8
2025-12-11 10:44:03 - DEBUG - Bound: 19.00 (ceil_knapsack_dp) = remaining 0.00 + committed 19.00 at depth 2
2025-12-11 10:44:03 - DEBUG - Pruned by bound_dominated at node 8
2025-12-11 10:44:03 - DEBUG - Node 9: {'depth': 1, 'occurrences': [1, 3, 0, 0], 'remaining_budget': 9, 'node_type': 'left'}
2025-12-11 10:44:03 - DEBUG - Bound: 28.00 (ceil_knapsack_dp) = remaining 14.00 + committed 14.00 at depth 1
2025-12-11 10:44:03 - DEBUG - Node 10: {'depth': 2, 'occurrences': [1, 3, 0, 0], 'remaining_budget': 9, 'node_type': 'root'}
2025-12-11 10:44:03 - DEBUG - Bound: 23.00 (ceil_knapsack_dp) = remaining 9.00 + committed 14.00 at depth 2
2025-12-11 10:44:03 - DEBUG - Pruned by bound_dominated at node 10
2025-12-11 10:44:03 - DEBUG - Node 11: {'depth': 2, 'occurrences': [1, 3, 1, 0], 'remaining_budget': 5, 'node_type': 'right'}
2025-12-11 10:44:03 - DEBUG - Bound: 24.00 (ceil_knapsack_dp) = remaining 9.00 + committed 15.00 at depth 2
2025-12-11 10:44:03 - DEBUG - Pruned by bound_dominated at node 11
2025-12-11 10:44:03 - DEBUG - Node 12: {'depth': 2, 'occurrences': [1, 3, 2, 0], 'remaining_budget': 1, 'node_type': 'right'}
2025-12-11 10:44:03 - DEBUG - Pruned by budget_infeasible at node 12
2025-12-11 10:44:03 - DEBUG - Bound: 19.00 (ceil_knapsack_dp) = remaining 0.00 + committed 19.00 at depth 2
2025-12-11 10:44:03 - DEBUG - Pruned by bound_dominated at node 12
2025-12-11 10:44:03 - DEBUG - Node 13: {'depth': 1, 'occurrences': [1, 2, 0, 0], 'remaining_budget': 12, 'node_type': 'left'}
2025-12-11 10:44:03 - DEBUG - Bound: 24.00 (ceil_knapsack_dp) = remaining 14.00 + committed 10.00 at depth 1
2025-12-11 10:44:03 - DEBUG - Pruned by bound_dominated at node 13
2025-12-11 10:44:03 - DEBUG - Node 14: {'depth': 1, 'occurrences': [1, 1, 0, 0], 'remaining_budget': 15, 'node_type': 'left'}
2025-12-11 10:44:03 - DEBUG - Bound: 25.00 (ceil_knapsack_dp) = remaining 18.00 + committed 7.00 at depth 1
2025-12-11 10:44:03 - DEBUG - Node 15: {'depth': 2, 'occurrences': [1, 1, 0, 0], 'remaining_budget': 15, 'node_type': 'root'}
2025-12-11 10:44:03 - DEBUG - Bound: 25.00 (ceil_knapsack_dp) = remaining 18.00 + committed 7.00 at depth 2
2025-12-11 10:44:03 - DEBUG - Node 16: {'depth': 3, 'occurrences': [1, 1, 0, 0], 'remaining_budget': 15, 'node_type': 'root'}
2025-12-11 10:44:03 - DEBUG - Evaluated leaf node: makespan=7.0
2025-12-11 10:44:03 - DEBUG -   Node: {'depth': 3, 'occurrences': [1, 1, 0, 0], 'remaining_budget': 15, 'node_type': 'root'}
2025-12-11 10:44:03 - DEBUG - Node 17: {'depth': 3, 'occurrences': [1, 1, 0, 1], 'remaining_budget': 10, 'node_type': 'right'}
2025-12-11 10:44:03 - DEBUG - Evaluated leaf node: makespan=10.0
2025-12-11 10:44:03 - DEBUG -   Node: {'depth': 3, 'occurrences': [1, 1, 0, 1], 'remaining_budget': 10, 'node_type': 'right'}
2025-12-11 10:44:03 - DEBUG - Node 18: {'depth': 3, 'occurrences': [1, 1, 0, 2], 'remaining_budget': 5, 'node_type': 'right'}
2025-12-11 10:44:03 - DEBUG - Evaluated leaf node: makespan=16.0
2025-12-11 10:44:03 - DEBUG -   Node: {'depth': 3, 'occurrences': [1, 1, 0, 2], 'remaining_budget': 5, 'node_type': 'right'}
2025-12-11 10:44:03 - DEBUG - Node 19: {'depth': 3, 'occurrences': [1, 1, 0, 3], 'remaining_budget': 0, 'node_type': 'right'}
2025-12-11 10:44:03 - DEBUG - Pruned by budget_infeasible at node 19
2025-12-11 10:44:03 - DEBUG - Evaluated leaf node: makespan=19.0
2025-12-11 10:44:03 - DEBUG -   Node: {'depth': 3, 'occurrences': [1, 1, 0, 3], 'remaining_budget': 0, 'node_type': 'right'}
2025-12-11 10:44:03 - DEBUG - Node 20: {'depth': 2, 'occurrences': [1, 1, 1, 0], 'remaining_budget': 11, 'node_type': 'right'}
2025-12-11 10:44:03 - DEBUG - Bound: 17.00 (ceil_knapsack_dp) = remaining 9.00 + committed 8.00 at depth 2
2025-12-11 10:44:03 - DEBUG - Pruned by bound_dominated at node 20
2025-12-11 10:44:03 - DEBUG - Node 21: {'depth': 2, 'occurrences': [1, 1, 2, 0], 'remaining_budget': 7, 'node_type': 'right'}
2025-12-11 10:44:03 - DEBUG - Bound: 21.00 (ceil_knapsack_dp) = remaining 9.00 + committed 12.00 at depth 2
2025-12-11 10:44:03 - DEBUG - Pruned by bound_dominated at node 21
2025-12-11 10:44:03 - DEBUG - Node 22: {'depth': 2, 'occurrences': [1, 1, 3, 0], 'remaining_budget': 3, 'node_type': 'right'}
2025-12-11 10:44:03 - DEBUG - Pruned by budget_infeasible at node 22
2025-12-11 10:44:03 - DEBUG - Bound: 13.00 (ceil_knapsack_dp) = remaining 0.00 + committed 13.00 at depth 2
2025-12-11 10:44:03 - DEBUG - Pruned by bound_dominated at node 22
2025-12-11 10:44:03 - DEBUG - Node 23: {'depth': 1, 'occurrences': [1, 0, 0, 0], 'remaining_budget': 18, 'node_type': 'left'}
2025-12-11 10:44:03 - DEBUG - Bound: 22.00 (ceil_knapsack_dp) = remaining 19.00 + committed 3.00 at depth 1
2025-12-11 10:44:03 - DEBUG - Pruned by bound_dominated at node 23
2025-12-11 10:44:03 - DEBUG - Node 24: {'depth': 0, 'occurrences': [0, 6, 0, 0], 'remaining_budget': 20, 'node_type': 'left'}
2025-12-11 10:44:03 - DEBUG - Bound: 30.00 (ceil_knapsack_dp) = remaining 30.00 + committed 0.00 at depth 0
2025-12-11 10:44:03 - DEBUG - Node 25: {'depth': 1, 'occurrences': [0, 6, 0, 0], 'remaining_budget': 2, 'node_type': 'root'}
2025-12-11 10:44:03 - DEBUG - Pruned by budget_infeasible at node 25
2025-12-11 10:44:03 - DEBUG - Bound: 21.00 (ceil_knapsack_dp) = remaining 0.00 + committed 21.00 at depth 1
2025-12-11 10:44:03 - DEBUG - Pruned by bound_dominated at node 25
2025-12-11 10:44:03 - DEBUG - Node 26: {'depth': 1, 'occurrences': [0, 5, 0, 0], 'remaining_budget': 5, 'node_type': 'left'}
2025-12-11 10:44:03 - DEBUG - Bound: 30.00 (ceil_knapsack_dp) = remaining 9.00 + committed 21.00 at depth 1
2025-12-11 10:44:03 - DEBUG - Node 27: {'depth': 2, 'occurrences': [0, 5, 0, 0], 'remaining_budget': 5, 'node_type': 'root'}
2025-12-11 10:44:03 - DEBUG - Bound: 30.00 (ceil_knapsack_dp) = remaining 9.00 + committed 21.00 at depth 2
2025-12-11 10:44:03 - DEBUG - Node 28: {'depth': 3, 'occurrences': [0, 5, 0, 0], 'remaining_budget': 5, 'node_type': 'root'}
2025-12-11 10:44:03 - DEBUG - Evaluated leaf node: makespan=21.0
2025-12-11 10:44:03 - DEBUG -   Node: {'depth': 3, 'occurrences': [0, 5, 0, 0], 'remaining_budget': 5, 'node_type': 'root'}
2025-12-11 10:44:03 - DEBUG - Node 29: {'depth': 3, 'occurrences': [0, 5, 0, 1], 'remaining_budget': 0, 'node_type': 'right'}
2025-12-11 10:44:03 - DEBUG - Pruned by budget_infeasible at node 29
2025-12-11 10:44:03 - DEBUG - Evaluated leaf node: makespan=23.0
2025-12-11 10:44:03 - DEBUG -   Node: {'depth': 3, 'occurrences': [0, 5, 0, 1], 'remaining_budget': 0, 'node_type': 'right'}
2025-12-11 10:44:03 - DEBUG - Node 30: {'depth': 2, 'occurrences': [0, 5, 1, 0], 'remaining_budget': 1, 'node_type': 'right'}
2025-12-11 10:44:03 - DEBUG - Pruned by budget_infeasible at node 30
2025-12-11 10:44:03 - DEBUG - Bound: 21.00 (ceil_knapsack_dp) = remaining 0.00 + committed 21.00 at depth 2
2025-12-11 10:44:03 - DEBUG - Pruned by bound_dominated at node 30
2025-12-11 10:44:03 - DEBUG - Node 31: {'depth': 1, 'occurrences': [0, 4, 0, 0], 'remaining_budget': 8, 'node_type': 'left'}
2025-12-11 10:44:03 - DEBUG - Bound: 23.00 (ceil_knapsack_dp) = remaining 9.00 + committed 14.00 at depth 1
2025-12-11 10:44:03 - DEBUG - Pruned by bound_dominated at node 31
2025-12-11 10:44:03 - DEBUG - Node 32: {'depth': 1, 'occurrences': [0, 3, 0, 0], 'remaining_budget': 11, 'node_type': 'left'}
2025-12-11 10:44:03 - DEBUG - Bound: 28.00 (ceil_knapsack_dp) = remaining 14.00 + committed 14.00 at depth 1
2025-12-11 10:44:03 - DEBUG - Node 33: {'depth': 2, 'occurrences': [0, 3, 0, 0], 'remaining_budget': 11, 'node_type': 'root'}
2025-12-11 10:44:03 - DEBUG - Bound: 23.00 (ceil_knapsack_dp) = remaining 9.00 + committed 14.00 at depth 2
2025-12-11 10:44:03 - DEBUG - Pruned by bound_dominated at node 33
2025-12-11 10:44:03 - DEBUG - Node 34: {'depth': 2, 'occurrences': [0, 3, 1, 0], 'remaining_budget': 7, 'node_type': 'right'}
2025-12-11 10:44:03 - DEBUG - Bound: 23.00 (ceil_knapsack_dp) = remaining 9.00 + committed 14.00 at depth 2
2025-12-11 10:44:03 - DEBUG - Pruned by bound_dominated at node 34
2025-12-11 10:44:03 - DEBUG - Node 35: {'depth': 2, 'occurrences': [0, 3, 2, 0], 'remaining_budget': 3, 'node_type': 'right'}
2025-12-11 10:44:03 - DEBUG - Pruned by budget_infeasible at node 35
2025-12-11 10:44:03 - DEBUG - Bound: 17.00 (ceil_knapsack_dp) = remaining 0.00 + committed 17.00 at depth 2
2025-12-11 10:44:03 - DEBUG - Pruned by bound_dominated at node 35
2025-12-11 10:44:03 - DEBUG - Node 36: {'depth': 1, 'occurrences': [0, 2, 0, 0], 'remaining_budget': 14, 'node_type': 'left'}
2025-12-11 10:44:03 - DEBUG - Bound: 21.00 (ceil_knapsack_dp) = remaining 14.00 + committed 7.00 at depth 1
2025-12-11 10:44:03 - DEBUG - Pruned by bound_dominated at node 36
2025-12-11 10:44:03 - DEBUG - Node 37: {'depth': 1, 'occurrences': [0, 1, 0, 0], 'remaining_budget': 17, 'node_type': 'left'}
2025-12-11 10:44:03 - DEBUG - Bound: 26.00 (ceil_knapsack_dp) = remaining 19.00 + committed 7.00 at depth 1
2025-12-11 10:44:03 - DEBUG - Node 38: {'depth': 2, 'occurrences': [0, 1, 0, 0], 'remaining_budget': 17, 'node_type': 'root'}
2025-12-11 10:44:03 - DEBUG - Bound: 25.00 (ceil_knapsack_dp) = remaining 18.00 + committed 7.00 at depth 2
2025-12-11 10:44:03 - DEBUG - Node 39: {'depth': 3, 'occurrences': [0, 1, 0, 0], 'remaining_budget': 17, 'node_type': 'root'}
2025-12-11 10:44:03 - DEBUG - Evaluated leaf node: makespan=7.0
2025-12-11 10:44:03 - DEBUG -   Node: {'depth': 3, 'occurrences': [0, 1, 0, 0], 'remaining_budget': 17, 'node_type': 'root'}
2025-12-11 10:44:03 - DEBUG - Node 40: {'depth': 3, 'occurrences': [0, 1, 0, 1], 'remaining_budget': 12, 'node_type': 'right'}
2025-12-11 10:44:03 - DEBUG - Evaluated leaf node: makespan=9.0
2025-12-11 10:44:03 - DEBUG -   Node: {'depth': 3, 'occurrences': [0, 1, 0, 1], 'remaining_budget': 12, 'node_type': 'right'}
2025-12-11 10:44:03 - DEBUG - Node 41: {'depth': 3, 'occurrences': [0, 1, 0, 2], 'remaining_budget': 7, 'node_type': 'right'}
2025-12-11 10:44:03 - DEBUG - Evaluated leaf node: makespan=16.0
2025-12-11 10:44:03 - DEBUG -   Node: {'depth': 3, 'occurrences': [0, 1, 0, 2], 'remaining_budget': 7, 'node_type': 'right'}
2025-12-11 10:44:03 - DEBUG - Node 42: {'depth': 3, 'occurrences': [0, 1, 0, 3], 'remaining_budget': 2, 'node_type': 'right'}
2025-12-11 10:44:03 - DEBUG - Pruned by budget_infeasible at node 42
2025-12-11 10:44:03 - DEBUG - Evaluated leaf node: makespan=18.0
2025-12-11 10:44:03 - DEBUG -   Node: {'depth': 3, 'occurrences': [0, 1, 0, 3], 'remaining_budget': 2, 'node_type': 'right'}
2025-12-11 10:44:03 - DEBUG - Node 43: {'depth': 2, 'occurrences': [0, 1, 1, 0], 'remaining_budget': 13, 'node_type': 'right'}
2025-12-11 10:44:03 - DEBUG - Bound: 16.00 (ceil_knapsack_dp) = remaining 9.00 + committed 7.00 at depth 2
2025-12-11 10:44:03 - DEBUG - Pruned by bound_dominated at node 43
2025-12-11 10:44:03 - DEBUG - Node 44: {'depth': 2, 'occurrences': [0, 1, 2, 0], 'remaining_budget': 9, 'node_type': 'right'}
2025-12-11 10:44:03 - DEBUG - Bound: 19.00 (ceil_knapsack_dp) = remaining 9.00 + committed 10.00 at depth 2
2025-12-11 10:44:03 - DEBUG - Pruned by bound_dominated at node 44
2025-12-11 10:44:03 - DEBUG - Node 45: {'depth': 2, 'occurrences': [0, 1, 3, 0], 'remaining_budget': 5, 'node_type': 'right'}
2025-12-11 10:44:03 - DEBUG - Bound: 21.00 (ceil_knapsack_dp) = remaining 9.00 + committed 12.00 at depth 2
2025-12-11 10:44:03 - DEBUG - Pruned by bound_dominated at node 45
2025-12-11 10:44:03 - DEBUG - Node 46: {'depth': 2, 'occurrences': [0, 1, 4, 0], 'remaining_budget': 1, 'node_type': 'right'}
2025-12-11 10:44:03 - DEBUG - Pruned by budget_infeasible at node 46
2025-12-11 10:44:03 - DEBUG - Bound: 15.00 (ceil_knapsack_dp) = remaining 0.00 + committed 15.00 at depth 2
2025-12-11 10:44:03 - DEBUG - Pruned by bound_dominated at node 46
2025-12-11 10:44:03 - DEBUG - Node 47: {'depth': 1, 'occurrences': [0, 0, 0, 0], 'remaining_budget': 20, 'node_type': 'left'}
2025-12-11 10:44:03 - DEBUG - Bound: 23.00 (ceil_knapsack_dp) = remaining 23.00 + committed 0.00 at depth 1
2025-12-11 10:44:03 - DEBUG - Pruned by bound_dominated at node 47
2025-12-11 10:44:03 - DEBUG - Node 48: {'depth': 0, 'occurrences': [2, 6, 0, 0], 'remaining_budget': 16, 'node_type': 'right'}
2025-12-11 10:44:03 - DEBUG - Bound: 26.00 (ceil_knapsack_dp) = remaining 23.00 + committed 3.00 at depth 0
2025-12-11 10:44:03 - DEBUG - Node 49: {'depth': 1, 'occurrences': [2, 0, 0, 0], 'remaining_budget': 16, 'node_type': 'root'}
2025-12-11 10:44:03 - DEBUG - Bound: 21.00 (ceil_knapsack_dp) = remaining 18.00 + committed 3.00 at depth 1
2025-12-11 10:44:03 - DEBUG - Pruned by bound_dominated at node 49
2025-12-11 10:44:03 - DEBUG - Node 50: {'depth': 1, 'occurrences': [2, 1, 0, 0], 'remaining_budget': 13, 'node_type': 'right'}
2025-12-11 10:44:03 - DEBUG - Bound: 24.00 (ceil_knapsack_dp) = remaining 14.00 + committed 10.00 at depth 1
2025-12-11 10:44:03 - DEBUG - Pruned by bound_dominated at node 50
2025-12-11 10:44:03 - DEBUG - Node 51: {'depth': 1, 'occurrences': [2, 2, 0, 0], 'remaining_budget': 10, 'node_type': 'right'}
2025-12-11 10:44:03 - DEBUG - Bound: 24.00 (ceil_knapsack_dp) = remaining 14.00 + committed 10.00 at depth 1
2025-12-11 10:44:03 - DEBUG - Pruned by bound_dominated at node 51
2025-12-11 10:44:03 - DEBUG - Node 52: {'depth': 1, 'occurrences': [2, 3, 0, 0], 'remaining_budget': 7, 'node_type': 'right'}
2025-12-11 10:44:03 - DEBUG - Bound: 26.00 (ceil_knapsack_dp) = remaining 9.00 + committed 17.00 at depth 1
2025-12-11 10:44:03 - DEBUG - Node 53: {'depth': 2, 'occurrences': [2, 3, 0, 0], 'remaining_budget': 7, 'node_type': 'root'}
2025-12-11 10:44:03 - DEBUG - Bound: 26.00 (ceil_knapsack_dp) = remaining 9.00 + committed 17.00 at depth 2
2025-12-11 10:44:03 - DEBUG - Node 54: {'depth': 3, 'occurrences': [2, 3, 0, 0], 'remaining_budget': 7, 'node_type': 'root'}
2025-12-11 10:44:03 - DEBUG - Evaluated leaf node: makespan=14.0
2025-12-11 10:44:03 - DEBUG -   Node: {'depth': 3, 'occurrences': [2, 3, 0, 0], 'remaining_budget': 7, 'node_type': 'root'}
2025-12-11 10:44:03 - DEBUG - Node 55: {'depth': 3, 'occurrences': [2, 3, 0, 1], 'remaining_budget': 2, 'node_type': 'right'}
2025-12-11 10:44:03 - DEBUG - Pruned by budget_infeasible at node 55
2025-12-11 10:44:03 - DEBUG - Evaluated leaf node: makespan=19.0
2025-12-11 10:44:03 - DEBUG -   Node: {'depth': 3, 'occurrences': [2, 3, 0, 1], 'remaining_budget': 2, 'node_type': 'right'}
2025-12-11 10:44:03 - DEBUG - Node 56: {'depth': 2, 'occurrences': [2, 3, 1, 0], 'remaining_budget': 3, 'node_type': 'right'}
2025-12-11 10:44:03 - DEBUG - Pruned by budget_infeasible at node 56
2025-12-11 10:44:03 - DEBUG - Bound: 17.00 (ceil_knapsack_dp) = remaining 0.00 + committed 17.00 at depth 2
2025-12-11 10:44:03 - DEBUG - Pruned by bound_dominated at node 56
2025-12-11 10:44:03 - DEBUG - Node 57: {'depth': 1, 'occurrences': [2, 4, 0, 0], 'remaining_budget': 4, 'node_type': 'right'}
2025-12-11 10:44:03 - DEBUG - Bound: 22.00 (ceil_knapsack_dp) = remaining 5.00 + committed 17.00 at depth 1
2025-12-11 10:44:03 - DEBUG - Pruned by bound_dominated at node 57
2025-12-11 10:44:03 - DEBUG - Node 58: {'depth': 1, 'occurrences': [2, 5, 0, 0], 'remaining_budget': 1, 'node_type': 'right'}
2025-12-11 10:44:03 - DEBUG - Pruned by budget_infeasible at node 58
2025-12-11 10:44:03 - DEBUG - Bound: 24.00 (ceil_knapsack_dp) = remaining 0.00 + committed 24.00 at depth 1
2025-12-11 10:44:03 - DEBUG - Pruned by bound_dominated at node 58
2025-12-11 10:44:03 - DEBUG - Node 59: {'depth': 0, 'occurrences': [3, 6, 0, 0], 'remaining_budget': 14, 'node_type': 'right'}
2025-12-11 10:44:03 - DEBUG - Bound: 29.00 (ceil_knapsack_dp) = remaining 23.00 + committed 6.00 at depth 0
2025-12-11 10:44:03 - DEBUG - Node 60: {'depth': 1, 'occurrences': [3, 0, 0, 0], 'remaining_budget': 14, 'node_type': 'root'}
2025-12-11 10:44:03 - DEBUG - Bound: 20.00 (ceil_knapsack_dp) = remaining 14.00 + committed 6.00 at depth 1
2025-12-11 10:44:03 - DEBUG - Pruned by bound_dominated at node 60
2025-12-11 10:44:03 - DEBUG - Node 61: {'depth': 1, 'occurrences': [3, 1, 0, 0], 'remaining_budget': 11, 'node_type': 'right'}
2025-12-11 10:44:03 - DEBUG - Bound: 24.00 (ceil_knapsack_dp) = remaining 14.00 + committed 10.00 at depth 1
2025-12-11 10:44:03 - DEBUG - Pruned by bound_dominated at node 61
2025-12-11 10:44:03 - DEBUG - Node 62: {'depth': 1, 'occurrences': [3, 2, 0, 0], 'remaining_budget': 8, 'node_type': 'right'}
2025-12-11 10:44:03 - DEBUG - Bound: 22.00 (ceil_knapsack_dp) = remaining 9.00 + committed 13.00 at depth 1
2025-12-11 10:44:03 - DEBUG - Pruned by bound_dominated at node 62
2025-12-11 10:44:03 - DEBUG - Node 63: {'depth': 1, 'occurrences': [3, 3, 0, 0], 'remaining_budget': 5, 'node_type': 'right'}
2025-12-11 10:44:03 - DEBUG - Bound: 26.00 (ceil_knapsack_dp) = remaining 9.00 + committed 17.00 at depth 1
2025-12-11 10:44:03 - DEBUG - Node 64: {'depth': 2, 'occurrences': [3, 3, 0, 0], 'remaining_budget': 5, 'node_type': 'root'}
2025-12-11 10:44:03 - DEBUG - Bound: 26.00 (ceil_knapsack_dp) = remaining 9.00 + committed 17.00 at depth 2
2025-12-11 10:44:03 - DEBUG - Node 65: {'depth': 3, 'occurrences': [3, 3, 0, 0], 'remaining_budget': 5, 'node_type': 'root'}
2025-12-11 10:44:03 - DEBUG - Evaluated leaf node: makespan=16.0
2025-12-11 10:44:03 - DEBUG -   Node: {'depth': 3, 'occurrences': [3, 3, 0, 0], 'remaining_budget': 5, 'node_type': 'root'}
2025-12-11 10:44:03 - DEBUG - Node 66: {'depth': 3, 'occurrences': [3, 3, 0, 1], 'remaining_budget': 0, 'node_type': 'right'}
2025-12-11 10:44:03 - DEBUG - Pruned by budget_infeasible at node 66
2025-12-11 10:44:03 - DEBUG - Evaluated leaf node: makespan=20.0
2025-12-11 10:44:03 - DEBUG -   Node: {'depth': 3, 'occurrences': [3, 3, 0, 1], 'remaining_budget': 0, 'node_type': 'right'}
2025-12-11 10:44:03 - DEBUG - Node 67: {'depth': 2, 'occurrences': [3, 3, 1, 0], 'remaining_budget': 1, 'node_type': 'right'}
2025-12-11 10:44:03 - DEBUG - Pruned by budget_infeasible at node 67
2025-12-11 10:44:03 - DEBUG - Bound: 18.00 (ceil_knapsack_dp) = remaining 0.00 + committed 18.00 at depth 2
2025-12-11 10:44:03 - DEBUG - Pruned by bound_dominated at node 67
2025-12-11 10:44:03 - DEBUG - Node 68: {'depth': 1, 'occurrences': [3, 4, 0, 0], 'remaining_budget': 2, 'node_type': 'right'}
2025-12-11 10:44:03 - DEBUG - Pruned by budget_infeasible at node 68
2025-12-11 10:44:03 - DEBUG - Bound: 20.00 (ceil_knapsack_dp) = remaining 0.00 + committed 20.00 at depth 1
2025-12-11 10:44:03 - DEBUG - Pruned by bound_dominated at node 68
2025-12-11 10:44:03 - DEBUG - Node 69: {'depth': 0, 'occurrences': [4, 6, 0, 0], 'remaining_budget': 12, 'node_type': 'right'}
2025-12-11 10:44:03 - DEBUG - Bound: 27.00 (ceil_knapsack_dp) = remaining 21.00 + committed 6.00 at depth 0
2025-12-11 10:44:03 - DEBUG - Node 70: {'depth': 1, 'occurrences': [4, 0, 0, 0], 'remaining_budget': 12, 'node_type': 'root'}
2025-12-11 10:44:03 - DEBUG - Bound: 20.00 (ceil_knapsack_dp) = remaining 14.00 + committed 6.00 at depth 1
2025-12-11 10:44:03 - DEBUG - Pruned by bound_dominated at node 70
2025-12-11 10:44:03 - DEBUG - Node 71: {'depth': 1, 'occurrences': [4, 1, 0, 0], 'remaining_budget': 9, 'node_type': 'right'}
2025-12-11 10:44:03 - DEBUG - Bound: 27.00 (ceil_knapsack_dp) = remaining 14.00 + committed 13.00 at depth 1
2025-12-11 10:44:03 - DEBUG - Node 72: {'depth': 2, 'occurrences': [4, 1, 0, 0], 'remaining_budget': 9, 'node_type': 'root'}
2025-12-11 10:44:03 - DEBUG - Bound: 22.00 (ceil_knapsack_dp) = remaining 9.00 + committed 13.00 at depth 2
2025-12-11 10:44:03 - DEBUG - Pruned by bound_dominated at node 72
2025-12-11 10:44:03 - DEBUG - Node 73: {'depth': 2, 'occurrences': [4, 1, 1, 0], 'remaining_budget': 5, 'node_type': 'right'}
2025-12-11 10:44:03 - DEBUG - Bound: 22.00 (ceil_knapsack_dp) = remaining 9.00 + committed 13.00 at depth 2
2025-12-11 10:44:03 - DEBUG - Pruned by bound_dominated at node 73
2025-12-11 10:44:03 - DEBUG - Node 74: {'depth': 2, 'occurrences': [4, 1, 2, 0], 'remaining_budget': 1, 'node_type': 'right'}
2025-12-11 10:44:03 - DEBUG - Pruned by budget_infeasible at node 74
2025-12-11 10:44:03 - DEBUG - Bound: 16.00 (ceil_knapsack_dp) = remaining 0.00 + committed 16.00 at depth 2
2025-12-11 10:44:03 - DEBUG - Pruned by bound_dominated at node 74
2025-12-11 10:44:03 - DEBUG - Node 75: {'depth': 1, 'occurrences': [4, 2, 0, 0], 'remaining_budget': 6, 'node_type': 'right'}
2025-12-11 10:44:03 - DEBUG - Bound: 22.00 (ceil_knapsack_dp) = remaining 9.00 + committed 13.00 at depth 1
2025-12-11 10:44:03 - DEBUG - Pruned by bound_dominated at node 75
2025-12-11 10:44:03 - DEBUG - Node 76: {'depth': 1, 'occurrences': [4, 3, 0, 0], 'remaining_budget': 3, 'node_type': 'right'}
2025-12-11 10:44:03 - DEBUG - Bound: 20.00 (ceil_knapsack_dp) = remaining 0.00 + committed 20.00 at depth 1
2025-12-11 10:44:03 - DEBUG - Pruned by bound_dominated at node 76
2025-12-11 10:44:03 - DEBUG - Node 77: {'depth': 1, 'occurrences': [4, 4, 0, 0], 'remaining_budget': 0, 'node_type': 'right'}
2025-12-11 10:44:03 - DEBUG - Pruned by budget_infeasible at node 77
2025-12-11 10:44:03 - DEBUG - Bound: 20.00 (ceil_knapsack_dp) = remaining 0.00 + committed 20.00 at depth 1
2025-12-11 10:44:03 - DEBUG - Pruned by bound_dominated at node 77
2025-12-11 10:44:03 - DEBUG - Node 78: {'depth': 0, 'occurrences': [5, 6, 0, 0], 'remaining_budget': 10, 'node_type': 'right'}
2025-12-11 10:44:03 - DEBUG - Bound: 25.00 (ceil_knapsack_dp) = remaining 16.00 + committed 9.00 at depth 0
2025-12-11 10:44:03 - DEBUG - Node 79: {'depth': 1, 'occurrences': [5, 0, 0, 0], 'remaining_budget': 10, 'node_type': 'root'}
2025-12-11 10:44:03 - DEBUG - Bound: 23.00 (ceil_knapsack_dp) = remaining 14.00 + committed 9.00 at depth 1
2025-12-11 10:44:03 - DEBUG - Pruned by bound_dominated at node 79
2025-12-11 10:44:03 - DEBUG - Node 80: {'depth': 1, 'occurrences': [5, 1, 0, 0], 'remaining_budget': 7, 'node_type': 'right'}
2025-12-11 10:44:03 - DEBUG - Bound: 22.00 (ceil_knapsack_dp) = remaining 9.00 + committed 13.00 at depth 1
2025-12-11 10:44:03 - DEBUG - Pruned by bound_dominated at node 80
2025-12-11 10:44:03 - DEBUG - Node 81: {'depth': 1, 'occurrences': [5, 2, 0, 0], 'remaining_budget': 4, 'node_type': 'right'}
2025-12-11 10:44:03 - DEBUG - Bound: 21.00 (ceil_knapsack_dp) = remaining 5.00 + committed 16.00 at depth 1
2025-12-11 10:44:03 - DEBUG - Pruned by bound_dominated at node 81
2025-12-11 10:44:03 - DEBUG - Node 82: {'depth': 1, 'occurrences': [5, 3, 0, 0], 'remaining_budget': 1, 'node_type': 'right'}
2025-12-11 10:44:03 - DEBUG - Pruned by budget_infeasible at node 82
2025-12-11 10:44:03 - DEBUG - Bound: 20.00 (ceil_knapsack_dp) = remaining 0.00 + committed 20.00 at depth 1
2025-12-11 10:44:03 - DEBUG - Pruned by bound_dominated at node 82
2025-12-11 10:44:03 - DEBUG - Node 83: {'depth': 0, 'occurrences': [6, 6, 0, 0], 'remaining_budget': 8, 'node_type': 'right'}
2025-12-11 10:44:03 - DEBUG - Bound: 25.00 (ceil_knapsack_dp) = remaining 16.00 + committed 9.00 at depth 0
2025-12-11 10:44:03 - DEBUG - Node 84: {'depth': 1, 'occurrences': [6, 0, 0, 0], 'remaining_budget': 8, 'node_type': 'root'}
2025-12-11 10:44:03 - DEBUG - Bound: 18.00 (ceil_knapsack_dp) = remaining 9.00 + committed 9.00 at depth 1
2025-12-11 10:44:03 - DEBUG - Pruned by bound_dominated at node 84
2025-12-11 10:44:03 - DEBUG - Node 85: {'depth': 1, 'occurrences': [6, 1, 0, 0], 'remaining_budget': 5, 'node_type': 'right'}
2025-12-11 10:44:03 - DEBUG - Bound: 25.00 (ceil_knapsack_dp) = remaining 9.00 + committed 16.00 at depth 1
2025-12-11 10:44:03 - DEBUG - Node 86: {'depth': 2, 'occurrences': [6, 1, 0, 0], 'remaining_budget': 5, 'node_type': 'root'}
2025-12-11 10:44:03 - DEBUG - Bound: 25.00 (ceil_knapsack_dp) = remaining 9.00 + committed 16.00 at depth 2
2025-12-11 10:44:03 - DEBUG - Node 87: {'depth': 3, 'occurrences': [6, 1, 0, 0], 'remaining_budget': 5, 'node_type': 'root'}
2025-12-11 10:44:03 - DEBUG - Evaluated leaf node: makespan=13.0
2025-12-11 10:44:03 - DEBUG -   Node: {'depth': 3, 'occurrences': [6, 1, 0, 0], 'remaining_budget': 5, 'node_type': 'root'}
2025-12-11 10:44:03 - DEBUG - Node 88: {'depth': 3, 'occurrences': [6, 1, 0, 1], 'remaining_budget': 0, 'node_type': 'right'}
2025-12-11 10:44:03 - DEBUG - Pruned by budget_infeasible at node 88
2025-12-11 10:44:03 - DEBUG - Evaluated leaf node: makespan=18.0
2025-12-11 10:44:03 - DEBUG -   Node: {'depth': 3, 'occurrences': [6, 1, 0, 1], 'remaining_budget': 0, 'node_type': 'right'}
2025-12-11 10:44:03 - DEBUG - Node 89: {'depth': 2, 'occurrences': [6, 1, 1, 0], 'remaining_budget': 1, 'node_type': 'right'}
2025-12-11 10:44:03 - DEBUG - Pruned by budget_infeasible at node 89
2025-12-11 10:44:03 - DEBUG - Bound: 16.00 (ceil_knapsack_dp) = remaining 0.00 + committed 16.00 at depth 2
2025-12-11 10:44:03 - DEBUG - Pruned by bound_dominated at node 89
2025-12-11 10:44:03 - DEBUG - Node 90: {'depth': 1, 'occurrences': [6, 2, 0, 0], 'remaining_budget': 2, 'node_type': 'right'}
2025-12-11 10:44:03 - DEBUG - Pruned by budget_infeasible at node 90
2025-12-11 10:44:03 - DEBUG - Bound: 16.00 (ceil_knapsack_dp) = remaining 0.00 + committed 16.00 at depth 1
2025-12-11 10:44:03 - DEBUG - Pruned by bound_dominated at node 90
2025-12-11 10:44:03 - DEBUG - Node 91: {'depth': 0, 'occurrences': [7, 6, 0, 0], 'remaining_budget': 6, 'node_type': 'right'}
2025-12-11 10:44:03 - DEBUG - Bound: 21.00 (ceil_knapsack_dp) = remaining 9.00 + committed 12.00 at depth 0
2025-12-11 10:44:03 - DEBUG - Pruned by bound_dominated at node 91
2025-12-11 10:44:03 - DEBUG - Node 92: {'depth': 0, 'occurrences': [8, 6, 0, 0], 'remaining_budget': 4, 'node_type': 'right'}
2025-12-11 10:44:03 - DEBUG - Bound: 19.00 (ceil_knapsack_dp) = remaining 7.00 + committed 12.00 at depth 0
2025-12-11 10:44:03 - DEBUG - Pruned by bound_dominated at node 92
2025-12-11 10:44:03 - DEBUG - Node 93: {'depth': 0, 'occurrences': [9, 6, 0, 0], 'remaining_budget': 2, 'node_type': 'right'}
2025-12-11 10:44:03 - DEBUG - Bound: 15.00 (ceil_knapsack_dp) = remaining 0.00 + committed 15.00 at depth 0
2025-12-11 10:44:03 - DEBUG - Pruned by bound_dominated at node 93
2025-12-11 10:44:03 - DEBUG - Node 94: {'depth': 0, 'occurrences': [10, 6, 0, 0], 'remaining_budget': 0, 'node_type': 'right'}
2025-12-11 10:44:03 - DEBUG - Pruned by budget_infeasible at node 94
2025-12-11 10:44:03 - DEBUG - Bound: 15.00 (ceil_knapsack_dp) = remaining 0.00 + committed 15.00 at depth 0
2025-12-11 10:44:03 - DEBUG - Pruned by bound_dominated at node 94
2025-12-11 10:44:03 - INFO - Computing final schedule for best solution...
2025-12-11 10:44:03 - INFO - Metrics saved to: C:\Users\oleda\.vscode\Solving stuff with Gurobi\logs\Large Budget_20251211_104403_metrics.json
2025-12-11 10:44:03 - INFO - ============================================================
2025-12-11 10:44:03 - INFO - Branch-and-bound completed
2025-12-11 10:44:03 - INFO - Total runtime: 0.026 seconds
2025-12-11 10:44:03 - INFO - Nodes explored: 94
2025-12-11 10:44:03 - INFO - Nodes pruned: 52
2025-12-11 10:44:03 - INFO - Nodes evaluated: 18
2025-12-11 10:44:03 - INFO - Pruning rate: 55.32%
2025-12-11 10:44:03 - INFO - Final Result:
2025-12-11 10:44:03 - INFO -   Makespan: 24.0
2025-12-11 10:44:03 - INFO -   Selection: [1, 6, 0, 0]
2025-12-11 10:44:03 - INFO -   Schedule makespan: 24.0
2025-12-11 10:44:03 - INFO - ============================================================

======================================================================
ENUMERATION COMPARISON
======================================================================
BnB nodes explored: 94
Enumeration nodes evaluated: 191
Ratio (BnB/Enum): 0.49x
BnB runtime: 0.0260s
Enumeration runtime: 0.1390s
Speedup (Enum/BnB): 5.35x
Enumeration makespan: 24.0
BnB makespan: 24.0
Match: YES
======================================================================
