2025-12-08 16:50:21 - INFO - Initialized logger for instance: Tight Budget
2025-12-08 16:50:21 - INFO - Run ID: Tight Budget_20251208_165021
2025-12-08 16:50:21 - INFO - ============================================================
2025-12-08 16:50:21 - INFO - Starting branch-and-bound solver
2025-12-08 16:50:21 - INFO - Problem: {'n_job_types': 4, 'machines': 2, 'budget': 6, 'prices': [5, 4, 3, 2], 'durations': [10, 8, 6, 4], 'max_nodes': 100000}
2025-12-08 16:50:21 - INFO - ============================================================
2025-12-08 16:50:21 - INFO - Computing initial heuristic solution...
2025-12-08 16:50:21 - INFO - ==================================================
2025-12-08 16:50:21 - INFO - NEW INCUMBENT: 6.0
2025-12-08 16:50:21 - INFO - Selection: [0, 0, 2, 0]
2025-12-08 16:50:21 - INFO - Found at node: 0
2025-12-08 16:50:21 - INFO - ==================================================
2025-12-08 16:50:21 - INFO - Starting branch-and-bound with max_nodes=100000
2025-12-08 16:50:21 - INFO - Initializing CeilKnapsackSolver with reversed item order...
2025-12-08 16:50:21 - INFO - CeilKnapsackSolver initialized successfully
2025-12-08 16:50:21 - DEBUG - Node 1: {'depth': 0, 'occurrences': [0, 0, 0, 0], 'remaining_budget': 6}
2025-12-08 16:50:21 - DEBUG - Bound computed: 12.00 (ceil_knapsack_dp) at depth 0
2025-12-08 16:50:21 - DEBUG -   -> DP solution (remaining): 12.00
2025-12-08 16:50:21 - DEBUG -   -> Already committed: 0.00
2025-12-08 16:50:21 - DEBUG - Node 2: {'depth': 1, 'occurrences': [0, 0, 0, 0], 'remaining_budget': 6}
2025-12-08 16:50:21 - DEBUG - Bound computed: 10.00 (ceil_knapsack_dp) at depth 1
2025-12-08 16:50:21 - DEBUG -   -> DP solution (remaining): 10.00
2025-12-08 16:50:21 - DEBUG -   -> Already committed: 0.00
2025-12-08 16:50:21 - DEBUG - Node 3: {'depth': 2, 'occurrences': [0, 0, 0, 0], 'remaining_budget': 6}
2025-12-08 16:50:21 - DEBUG - Bound computed: 8.00 (ceil_knapsack_dp) at depth 2
2025-12-08 16:50:21 - DEBUG -   -> DP solution (remaining): 8.00
2025-12-08 16:50:21 - DEBUG -   -> Already committed: 0.00
2025-12-08 16:50:21 - DEBUG - Node 4: {'depth': 3, 'occurrences': [0, 0, 0, 0], 'remaining_budget': 6}
2025-12-08 16:50:21 - DEBUG - Evaluated leaf node: makespan=0.0
2025-12-08 16:50:21 - DEBUG -   Node: {'depth': 3, 'occurrences': [0, 0, 0, 0], 'remaining_budget': 6}
2025-12-08 16:50:21 - DEBUG - Node 5: {'depth': 3, 'occurrences': [0, 0, 0, 1], 'remaining_budget': 4}
2025-12-08 16:50:21 - DEBUG - Evaluated leaf node: makespan=4.0
2025-12-08 16:50:21 - DEBUG -   Node: {'depth': 3, 'occurrences': [0, 0, 0, 1], 'remaining_budget': 4}
2025-12-08 16:50:21 - DEBUG - Node 6: {'depth': 3, 'occurrences': [0, 0, 0, 2], 'remaining_budget': 2}
2025-12-08 16:50:21 - DEBUG - Evaluated leaf node: makespan=4.0
2025-12-08 16:50:21 - DEBUG -   Node: {'depth': 3, 'occurrences': [0, 0, 0, 2], 'remaining_budget': 2}
2025-12-08 16:50:21 - DEBUG - Node 7: {'depth': 3, 'occurrences': [0, 0, 0, 3], 'remaining_budget': 0}
2025-12-08 16:50:21 - DEBUG - Pruned (budget_infeasible): {'depth': 3, 'child_type': 'right'}
2025-12-08 16:50:21 - DEBUG - Evaluated leaf node: makespan=8.0
2025-12-08 16:50:21 - DEBUG -   Node: {'depth': 3, 'occurrences': [0, 0, 0, 3], 'remaining_budget': 0}
2025-12-08 16:50:21 - INFO - ==================================================
2025-12-08 16:50:21 - INFO - NEW INCUMBENT: 8.0
2025-12-08 16:50:21 - INFO - Selection: [0, 0, 0, 3]
2025-12-08 16:50:21 - INFO - Found at node: 7
2025-12-08 16:50:21 - INFO - ==================================================
2025-12-08 16:50:21 - DEBUG - Node 8: {'depth': 2, 'occurrences': [0, 0, 1, 0], 'remaining_budget': 3}
2025-12-08 16:50:21 - DEBUG - Bound computed: 10.00 (ceil_knapsack_dp) at depth 2
2025-12-08 16:50:21 - DEBUG -   -> DP solution (remaining): 4.00
2025-12-08 16:50:21 - DEBUG -   -> Already committed: 6.00
2025-12-08 16:50:21 - DEBUG - Node 9: {'depth': 3, 'occurrences': [0, 0, 1, 0], 'remaining_budget': 3}
2025-12-08 16:50:21 - DEBUG - Evaluated leaf node: makespan=6.0
2025-12-08 16:50:21 - DEBUG -   Node: {'depth': 3, 'occurrences': [0, 0, 1, 0], 'remaining_budget': 3}
2025-12-08 16:50:21 - DEBUG - Node 10: {'depth': 3, 'occurrences': [0, 0, 1, 1], 'remaining_budget': 1}
2025-12-08 16:50:21 - DEBUG - Pruned (budget_infeasible): {'depth': 3, 'child_type': 'right'}
2025-12-08 16:50:21 - DEBUG - Evaluated leaf node: makespan=6.0
2025-12-08 16:50:21 - DEBUG -   Node: {'depth': 3, 'occurrences': [0, 0, 1, 1], 'remaining_budget': 1}
2025-12-08 16:50:21 - DEBUG - Node 11: {'depth': 2, 'occurrences': [0, 0, 2, 0], 'remaining_budget': 0}
2025-12-08 16:50:21 - DEBUG - Pruned (budget_infeasible): {'depth': 2, 'child_type': 'right'}
2025-12-08 16:50:21 - DEBUG - Bound computed: 6.00 (ceil_knapsack_dp) at depth 2
2025-12-08 16:50:21 - DEBUG -   -> DP solution (remaining): 0.00
2025-12-08 16:50:21 - DEBUG -   -> Already committed: 6.00
2025-12-08 16:50:21 - DEBUG - Pruned (bound_dominated): {'depth': 2, 'occurrences': [0, 0, 2, 0], 'remaining_budget': 0}
2025-12-08 16:50:21 - DEBUG - Node 12: {'depth': 1, 'occurrences': [0, 1, 0, 0], 'remaining_budget': 2}
2025-12-08 16:50:21 - DEBUG - Pruned (budget_infeasible): {'depth': 1, 'child_type': 'right'}
2025-12-08 16:50:21 - DEBUG - Bound computed: 12.00 (ceil_knapsack_dp) at depth 1
2025-12-08 16:50:21 - DEBUG -   -> DP solution (remaining): 4.00
2025-12-08 16:50:21 - DEBUG -   -> Already committed: 8.00
2025-12-08 16:50:21 - DEBUG - Node 13: {'depth': 2, 'occurrences': [0, 1, 0, 0], 'remaining_budget': 2}
2025-12-08 16:50:21 - DEBUG - Pruned (budget_infeasible): {'depth': 2, 'child_type': 'right'}
2025-12-08 16:50:21 - DEBUG - Bound computed: 12.00 (ceil_knapsack_dp) at depth 2
2025-12-08 16:50:21 - DEBUG -   -> DP solution (remaining): 4.00
2025-12-08 16:50:21 - DEBUG -   -> Already committed: 8.00
2025-12-08 16:50:21 - DEBUG - Node 14: {'depth': 3, 'occurrences': [0, 1, 0, 0], 'remaining_budget': 2}
2025-12-08 16:50:21 - DEBUG - Evaluated leaf node: makespan=8.0
2025-12-08 16:50:21 - DEBUG -   Node: {'depth': 3, 'occurrences': [0, 1, 0, 0], 'remaining_budget': 2}
2025-12-08 16:50:21 - DEBUG - Node 15: {'depth': 3, 'occurrences': [0, 1, 0, 1], 'remaining_budget': 0}
2025-12-08 16:50:21 - DEBUG - Pruned (budget_infeasible): {'depth': 3, 'child_type': 'right'}
2025-12-08 16:50:21 - DEBUG - Evaluated leaf node: makespan=8.0
2025-12-08 16:50:21 - DEBUG -   Node: {'depth': 3, 'occurrences': [0, 1, 0, 1], 'remaining_budget': 0}
2025-12-08 16:50:21 - DEBUG - Node 16: {'depth': 0, 'occurrences': [1, 0, 0, 0], 'remaining_budget': 1}
2025-12-08 16:50:21 - DEBUG - Pruned (budget_infeasible): {'depth': 0, 'child_type': 'right'}
2025-12-08 16:50:21 - DEBUG - Bound computed: 10.00 (ceil_knapsack_dp) at depth 0
2025-12-08 16:50:21 - DEBUG -   -> DP solution (remaining): 0.00
2025-12-08 16:50:21 - DEBUG -   -> Already committed: 10.00
2025-12-08 16:50:21 - DEBUG - Node 17: {'depth': 1, 'occurrences': [1, 0, 0, 0], 'remaining_budget': 1}
2025-12-08 16:50:21 - DEBUG - Pruned (budget_infeasible): {'depth': 1, 'child_type': 'right'}
2025-12-08 16:50:21 - DEBUG - Bound computed: 10.00 (ceil_knapsack_dp) at depth 1
2025-12-08 16:50:21 - DEBUG -   -> DP solution (remaining): 0.00
2025-12-08 16:50:21 - DEBUG -   -> Already committed: 10.00
2025-12-08 16:50:21 - DEBUG - Node 18: {'depth': 2, 'occurrences': [1, 0, 0, 0], 'remaining_budget': 1}
2025-12-08 16:50:21 - DEBUG - Pruned (budget_infeasible): {'depth': 2, 'child_type': 'right'}
2025-12-08 16:50:21 - DEBUG - Bound computed: 10.00 (ceil_knapsack_dp) at depth 2
2025-12-08 16:50:21 - DEBUG -   -> DP solution (remaining): 0.00
2025-12-08 16:50:21 - DEBUG -   -> Already committed: 10.00
2025-12-08 16:50:21 - DEBUG - Node 19: {'depth': 3, 'occurrences': [1, 0, 0, 0], 'remaining_budget': 1}
2025-12-08 16:50:21 - DEBUG - Pruned (budget_infeasible): {'depth': 3, 'child_type': 'right'}
2025-12-08 16:50:21 - DEBUG - Evaluated leaf node: makespan=10.0
2025-12-08 16:50:21 - DEBUG -   Node: {'depth': 3, 'occurrences': [1, 0, 0, 0], 'remaining_budget': 1}
2025-12-08 16:50:21 - INFO - ==================================================
2025-12-08 16:50:21 - INFO - NEW INCUMBENT: 10.0
2025-12-08 16:50:21 - INFO - Selection: [1, 0, 0, 0]
2025-12-08 16:50:21 - INFO - Found at node: 19
2025-12-08 16:50:21 - INFO - ==================================================
2025-12-08 16:50:21 - INFO - Computing final schedule for best solution...
2025-12-08 16:50:21 - INFO - Metrics saved to: C:\Users\oleda\.vscode\Solving stuff with Gurobi\logs\Tight Budget_20251208_165021_metrics.json
2025-12-08 16:50:21 - INFO - ============================================================
2025-12-08 16:50:21 - INFO - Branch-and-bound completed
2025-12-08 16:50:21 - INFO - Total runtime: 0.007 seconds
2025-12-08 16:50:21 - INFO - Nodes explored: 19
2025-12-08 16:50:21 - INFO - Nodes pruned: 11
2025-12-08 16:50:21 - INFO - Nodes evaluated: 9
2025-12-08 16:50:21 - INFO - Pruning rate: 57.89%
2025-12-08 16:50:21 - INFO - ============================================================

======================================================================
ENUMERATION COMPARISON
======================================================================
BnB nodes explored: 19
Enumeration nodes evaluated: 9
Ratio (BnB/Enum): 2.11x
Enumeration makespan: 10.0
BnB makespan: 10.0
Match: YES
======================================================================
