2025-12-08 09:08:15 - INFO - Initialized logger for instance: Tiny Baseline
2025-12-08 09:08:15 - INFO - Run ID: Tiny Baseline_20251208_090815
2025-12-08 09:08:15 - INFO - ============================================================
2025-12-08 09:08:15 - INFO - Starting branch-and-bound solver
2025-12-08 09:08:15 - INFO - Problem: {'n_job_types': 4, 'machines': 2, 'budget': 10, 'prices': [3, 6, 2, 4], 'durations': [5, 8, 3, 7], 'max_nodes': 100000}
2025-12-08 09:08:15 - INFO - ============================================================
2025-12-08 09:08:15 - INFO - Computing initial heuristic solution...
2025-12-08 09:08:15 - INFO - ==================================================
2025-12-08 09:08:15 - INFO - NEW INCUMBENT: 10.0
2025-12-08 09:08:15 - INFO - Selection: [2, 0, 0, 1]
2025-12-08 09:08:15 - INFO - Found at node: 0
2025-12-08 09:08:15 - INFO - ==================================================
2025-12-08 09:08:15 - INFO - Starting branch-and-bound with max_nodes=100000
2025-12-08 09:08:15 - INFO - Initializing CeilKnapsackSolver with reversed item order...
2025-12-08 09:08:15 - INFO - CeilKnapsackSolver initialized successfully
2025-12-08 09:08:15 - DEBUG - Node 1: {'depth': 0, 'occurrences': [0, 0, 0, 0], 'remaining_budget': 10}
2025-12-08 09:08:15 - DEBUG - Bound computed: 15.00 (ceil_knapsack_dp) at depth 0
2025-12-08 09:08:15 - DEBUG -   -> DP solution (remaining): 15.00
2025-12-08 09:08:15 - DEBUG -   -> Already committed: 0.00
2025-12-08 09:08:15 - DEBUG -   -> Verification: DP and IP match OK
2025-12-08 09:08:15 - WARNING - Bound computation failed: name 'ceil_time' is not defined
2025-12-08 09:08:15 - DEBUG - Node 2: {'depth': 1, 'occurrences': [0, 0, 0, 0], 'remaining_budget': 10}
2025-12-08 09:08:15 - DEBUG - Bound computed: 13.00 (ceil_knapsack_dp) at depth 1
2025-12-08 09:08:15 - DEBUG -   -> DP solution (remaining): 13.00
2025-12-08 09:08:15 - DEBUG -   -> Already committed: 0.00
2025-12-08 09:08:15 - DEBUG -   -> Verification: DP and IP match OK
2025-12-08 09:08:15 - WARNING - Bound computation failed: name 'ceil_time' is not defined
2025-12-08 09:08:15 - DEBUG - Node 3: {'depth': 2, 'occurrences': [0, 0, 0, 0], 'remaining_budget': 10}
2025-12-08 09:08:15 - DEBUG - Bound computed: 7.00 (ceil_knapsack_dp) at depth 2
2025-12-08 09:08:15 - DEBUG -   -> DP solution (remaining): 7.00
2025-12-08 09:08:15 - DEBUG -   -> Already committed: 0.00
2025-12-08 09:08:15 - DEBUG -   -> Verification: DP and IP match OK
2025-12-08 09:08:15 - WARNING - Bound computation failed: name 'ceil_time' is not defined
2025-12-08 09:08:15 - DEBUG - Node 4: {'depth': 3, 'occurrences': [0, 0, 0, 0], 'remaining_budget': 10}
2025-12-08 09:08:15 - DEBUG - Evaluated leaf node: makespan=0.0
2025-12-08 09:08:15 - DEBUG -   Node: {'depth': 3, 'occurrences': [0, 0, 0, 0], 'remaining_budget': 10}
2025-12-08 09:08:15 - DEBUG - Node 5: {'depth': 2, 'occurrences': [0, 0, 1, 0], 'remaining_budget': 8}
2025-12-08 09:08:15 - DEBUG - Bound computed: 10.00 (ceil_knapsack_dp) at depth 2
2025-12-08 09:08:15 - DEBUG -   -> DP solution (remaining): 7.00
2025-12-08 09:08:15 - DEBUG -   -> Already committed: 3.00
2025-12-08 09:08:15 - DEBUG -   -> Verification: DP and IP match OK
2025-12-08 09:08:15 - WARNING - Bound computation failed: name 'ceil_time' is not defined
2025-12-08 09:08:15 - DEBUG - Node 6: {'depth': 3, 'occurrences': [0, 0, 1, 0], 'remaining_budget': 8}
2025-12-08 09:08:15 - DEBUG - Evaluated leaf node: makespan=3.0
2025-12-08 09:08:15 - DEBUG -   Node: {'depth': 3, 'occurrences': [0, 0, 1, 0], 'remaining_budget': 8}
2025-12-08 09:08:15 - DEBUG - Node 7: {'depth': 2, 'occurrences': [0, 0, 2, 0], 'remaining_budget': 6}
2025-12-08 09:08:15 - DEBUG - Bound computed: 10.00 (ceil_knapsack_dp) at depth 2
2025-12-08 09:08:15 - DEBUG -   -> DP solution (remaining): 7.00
2025-12-08 09:08:15 - DEBUG -   -> Already committed: 3.00
2025-12-08 09:08:15 - DEBUG -   -> Verification: DP and IP match OK
2025-12-08 09:08:15 - WARNING - Bound computation failed: name 'ceil_time' is not defined
2025-12-08 09:08:15 - DEBUG - Node 8: {'depth': 3, 'occurrences': [0, 0, 2, 0], 'remaining_budget': 6}
2025-12-08 09:08:15 - DEBUG - Evaluated leaf node: makespan=3.0
2025-12-08 09:08:15 - DEBUG -   Node: {'depth': 3, 'occurrences': [0, 0, 2, 0], 'remaining_budget': 6}
2025-12-08 09:08:15 - DEBUG - Node 9: {'depth': 2, 'occurrences': [0, 0, 3, 0], 'remaining_budget': 4}
2025-12-08 09:08:15 - DEBUG - Bound computed: 13.00 (ceil_knapsack_dp) at depth 2
2025-12-08 09:08:15 - DEBUG -   -> DP solution (remaining): 7.00
2025-12-08 09:08:15 - DEBUG -   -> Already committed: 6.00
2025-12-08 09:08:15 - DEBUG -   -> Verification: DP and IP match OK
2025-12-08 09:08:15 - WARNING - Bound computation failed: name 'ceil_time' is not defined
2025-12-08 09:08:15 - DEBUG - Node 10: {'depth': 3, 'occurrences': [0, 0, 3, 0], 'remaining_budget': 4}
2025-12-08 09:08:15 - DEBUG - Evaluated leaf node: makespan=6.0
2025-12-08 09:08:15 - DEBUG -   Node: {'depth': 3, 'occurrences': [0, 0, 3, 0], 'remaining_budget': 4}
2025-12-08 09:08:15 - DEBUG - Node 11: {'depth': 2, 'occurrences': [0, 0, 4, 0], 'remaining_budget': 2}
2025-12-08 09:08:15 - DEBUG - Bound computed: 6.00 (ceil_knapsack_dp) at depth 2
2025-12-08 09:08:15 - DEBUG -   -> DP solution (remaining): 0.00
2025-12-08 09:08:15 - DEBUG -   -> Already committed: 6.00
2025-12-08 09:08:15 - DEBUG -   -> Verification: DP and IP match OK
2025-12-08 09:08:15 - WARNING - Bound computation failed: name 'ceil_time' is not defined
2025-12-08 09:08:15 - DEBUG - Node 12: {'depth': 3, 'occurrences': [0, 0, 4, 0], 'remaining_budget': 2}
2025-12-08 09:08:15 - DEBUG - Evaluated leaf node: makespan=6.0
2025-12-08 09:08:15 - DEBUG -   Node: {'depth': 3, 'occurrences': [0, 0, 4, 0], 'remaining_budget': 2}
2025-12-08 09:08:15 - DEBUG - Node 13: {'depth': 2, 'occurrences': [0, 0, 5, 0], 'remaining_budget': 0}
2025-12-08 09:08:15 - DEBUG - Pruned (budget_infeasible): {'depth': 2, 'child_type': 'right'}
2025-12-08 09:08:15 - DEBUG - Bound computed: 9.00 (ceil_knapsack_dp) at depth 2
2025-12-08 09:08:15 - DEBUG -   -> DP solution (remaining): 0.00
2025-12-08 09:08:15 - DEBUG -   -> Already committed: 9.00
2025-12-08 09:08:15 - DEBUG -   -> Verification: DP and IP match OK
2025-12-08 09:08:15 - WARNING - Bound computation failed: name 'ceil_time' is not defined
2025-12-08 09:08:15 - DEBUG - Node 14: {'depth': 3, 'occurrences': [0, 0, 5, 0], 'remaining_budget': 0}
2025-12-08 09:08:15 - DEBUG - Evaluated leaf node: makespan=9.0
2025-12-08 09:08:15 - DEBUG -   Node: {'depth': 3, 'occurrences': [0, 0, 5, 0], 'remaining_budget': 0}
2025-12-08 09:08:15 - DEBUG - Node 15: {'depth': 1, 'occurrences': [0, 1, 0, 0], 'remaining_budget': 4}
2025-12-08 09:08:15 - DEBUG - Pruned (budget_infeasible): {'depth': 1, 'child_type': 'right'}
2025-12-08 09:08:15 - DEBUG - Bound computed: 15.00 (ceil_knapsack_dp) at depth 1
2025-12-08 09:08:15 - DEBUG -   -> DP solution (remaining): 7.00
2025-12-08 09:08:15 - DEBUG -   -> Already committed: 8.00
2025-12-08 09:08:15 - DEBUG -   -> Verification: DP and IP match OK
2025-12-08 09:08:15 - WARNING - Bound computation failed: name 'ceil_time' is not defined
2025-12-08 09:08:15 - DEBUG - Node 16: {'depth': 2, 'occurrences': [0, 1, 0, 0], 'remaining_budget': 4}
2025-12-08 09:08:15 - DEBUG - Bound computed: 15.00 (ceil_knapsack_dp) at depth 2
2025-12-08 09:08:15 - DEBUG -   -> DP solution (remaining): 7.00
2025-12-08 09:08:15 - DEBUG -   -> Already committed: 8.00
2025-12-08 09:08:15 - DEBUG -   -> Verification: DP and IP match OK
2025-12-08 09:08:15 - WARNING - Bound computation failed: name 'ceil_time' is not defined
2025-12-08 09:08:15 - DEBUG - Node 17: {'depth': 3, 'occurrences': [0, 1, 0, 0], 'remaining_budget': 4}
2025-12-08 09:08:15 - DEBUG - Evaluated leaf node: makespan=8.0
2025-12-08 09:08:15 - DEBUG -   Node: {'depth': 3, 'occurrences': [0, 1, 0, 0], 'remaining_budget': 4}
2025-12-08 09:08:15 - DEBUG - Node 18: {'depth': 2, 'occurrences': [0, 1, 1, 0], 'remaining_budget': 2}
2025-12-08 09:08:15 - DEBUG - Bound computed: 8.00 (ceil_knapsack_dp) at depth 2
2025-12-08 09:08:15 - DEBUG -   -> DP solution (remaining): 0.00
2025-12-08 09:08:15 - DEBUG -   -> Already committed: 8.00
2025-12-08 09:08:15 - DEBUG -   -> Verification: DP and IP match OK
2025-12-08 09:08:15 - WARNING - Bound computation failed: name 'ceil_time' is not defined
2025-12-08 09:08:15 - DEBUG - Node 19: {'depth': 3, 'occurrences': [0, 1, 1, 0], 'remaining_budget': 2}
2025-12-08 09:08:15 - DEBUG - Evaluated leaf node: makespan=8.0
2025-12-08 09:08:15 - DEBUG -   Node: {'depth': 3, 'occurrences': [0, 1, 1, 0], 'remaining_budget': 2}
2025-12-08 09:08:15 - DEBUG - Node 20: {'depth': 2, 'occurrences': [0, 1, 2, 0], 'remaining_budget': 0}
2025-12-08 09:08:15 - DEBUG - Pruned (budget_infeasible): {'depth': 2, 'child_type': 'right'}
2025-12-08 09:08:15 - DEBUG - Bound computed: 8.00 (ceil_knapsack_dp) at depth 2
2025-12-08 09:08:15 - DEBUG -   -> DP solution (remaining): 0.00
2025-12-08 09:08:15 - DEBUG -   -> Already committed: 8.00
2025-12-08 09:08:15 - DEBUG -   -> Verification: DP and IP match OK
2025-12-08 09:08:15 - WARNING - Bound computation failed: name 'ceil_time' is not defined
2025-12-08 09:08:15 - DEBUG - Node 21: {'depth': 3, 'occurrences': [0, 1, 2, 0], 'remaining_budget': 0}
2025-12-08 09:08:15 - DEBUG - Evaluated leaf node: makespan=8.0
2025-12-08 09:08:15 - DEBUG -   Node: {'depth': 3, 'occurrences': [0, 1, 2, 0], 'remaining_budget': 0}
2025-12-08 09:08:15 - DEBUG - Node 22: {'depth': 0, 'occurrences': [1, 0, 0, 0], 'remaining_budget': 7}
2025-12-08 09:08:15 - DEBUG - Bound computed: 15.00 (ceil_knapsack_dp) at depth 0
2025-12-08 09:08:15 - DEBUG -   -> DP solution (remaining): 10.00
2025-12-08 09:08:15 - DEBUG -   -> Already committed: 5.00
2025-12-08 09:08:15 - DEBUG -   -> Verification: DP and IP match OK
2025-12-08 09:08:15 - WARNING - Bound computation failed: name 'ceil_time' is not defined
2025-12-08 09:08:15 - DEBUG - Node 23: {'depth': 1, 'occurrences': [1, 0, 0, 0], 'remaining_budget': 7}
2025-12-08 09:08:15 - DEBUG - Bound computed: 15.00 (ceil_knapsack_dp) at depth 1
2025-12-08 09:08:15 - DEBUG -   -> DP solution (remaining): 10.00
2025-12-08 09:08:15 - DEBUG -   -> Already committed: 5.00
2025-12-08 09:08:15 - DEBUG -   -> Verification: DP and IP match OK
2025-12-08 09:08:15 - WARNING - Bound computation failed: name 'ceil_time' is not defined
2025-12-08 09:08:15 - DEBUG - Node 24: {'depth': 2, 'occurrences': [1, 0, 0, 0], 'remaining_budget': 7}
2025-12-08 09:08:15 - DEBUG - Bound computed: 12.00 (ceil_knapsack_dp) at depth 2
2025-12-08 09:08:15 - DEBUG -   -> DP solution (remaining): 7.00
2025-12-08 09:08:15 - DEBUG -   -> Already committed: 5.00
2025-12-08 09:08:15 - DEBUG -   -> Verification: DP and IP match OK
2025-12-08 09:08:15 - WARNING - Bound computation failed: name 'ceil_time' is not defined
2025-12-08 09:08:15 - DEBUG - Node 25: {'depth': 3, 'occurrences': [1, 0, 0, 0], 'remaining_budget': 7}
2025-12-08 09:08:15 - DEBUG - Evaluated leaf node: makespan=5.0
2025-12-08 09:08:15 - DEBUG -   Node: {'depth': 3, 'occurrences': [1, 0, 0, 0], 'remaining_budget': 7}
2025-12-08 09:08:15 - DEBUG - Node 26: {'depth': 2, 'occurrences': [1, 0, 1, 0], 'remaining_budget': 5}
2025-12-08 09:08:15 - DEBUG - Bound computed: 12.00 (ceil_knapsack_dp) at depth 2
2025-12-08 09:08:15 - DEBUG -   -> DP solution (remaining): 7.00
2025-12-08 09:08:15 - DEBUG -   -> Already committed: 5.00
2025-12-08 09:08:15 - DEBUG -   -> Verification: DP and IP match OK
2025-12-08 09:08:15 - WARNING - Bound computation failed: name 'ceil_time' is not defined
2025-12-08 09:08:15 - DEBUG - Node 27: {'depth': 3, 'occurrences': [1, 0, 1, 0], 'remaining_budget': 5}
2025-12-08 09:08:15 - DEBUG - Evaluated leaf node: makespan=5.0
2025-12-08 09:08:15 - DEBUG -   Node: {'depth': 3, 'occurrences': [1, 0, 1, 0], 'remaining_budget': 5}
2025-12-08 09:08:15 - DEBUG - Node 28: {'depth': 2, 'occurrences': [1, 0, 2, 0], 'remaining_budget': 3}
2025-12-08 09:08:15 - DEBUG - Bound computed: 6.00 (ceil_knapsack_dp) at depth 2
2025-12-08 09:08:15 - DEBUG -   -> DP solution (remaining): 0.00
2025-12-08 09:08:15 - DEBUG -   -> Already committed: 6.00
2025-12-08 09:08:15 - DEBUG -   -> Verification: DP and IP match OK
2025-12-08 09:08:15 - WARNING - Bound computation failed: name 'ceil_time' is not defined
2025-12-08 09:08:15 - DEBUG - Node 29: {'depth': 3, 'occurrences': [1, 0, 2, 0], 'remaining_budget': 3}
2025-12-08 09:08:15 - DEBUG - Evaluated leaf node: makespan=6.0
2025-12-08 09:08:15 - DEBUG -   Node: {'depth': 3, 'occurrences': [1, 0, 2, 0], 'remaining_budget': 3}
2025-12-08 09:08:15 - DEBUG - Node 30: {'depth': 2, 'occurrences': [1, 0, 3, 0], 'remaining_budget': 1}
2025-12-08 09:08:15 - DEBUG - Pruned (budget_infeasible): {'depth': 2, 'child_type': 'right'}
2025-12-08 09:08:15 - DEBUG - Bound computed: 8.00 (ceil_knapsack_dp) at depth 2
2025-12-08 09:08:15 - DEBUG -   -> DP solution (remaining): 0.00
2025-12-08 09:08:15 - DEBUG -   -> Already committed: 8.00
2025-12-08 09:08:15 - DEBUG -   -> Verification: DP and IP match OK
2025-12-08 09:08:15 - WARNING - Bound computation failed: name 'ceil_time' is not defined
2025-12-08 09:08:15 - DEBUG - Node 31: {'depth': 3, 'occurrences': [1, 0, 3, 0], 'remaining_budget': 1}
2025-12-08 09:08:15 - DEBUG - Evaluated leaf node: makespan=8.0
2025-12-08 09:08:15 - DEBUG -   Node: {'depth': 3, 'occurrences': [1, 0, 3, 0], 'remaining_budget': 1}
2025-12-08 09:08:15 - DEBUG - Node 32: {'depth': 1, 'occurrences': [1, 1, 0, 0], 'remaining_budget': 1}
2025-12-08 09:08:15 - DEBUG - Pruned (budget_infeasible): {'depth': 1, 'child_type': 'right'}
2025-12-08 09:08:15 - DEBUG - Bound computed: 8.00 (ceil_knapsack_dp) at depth 1
2025-12-08 09:08:15 - DEBUG -   -> DP solution (remaining): 0.00
2025-12-08 09:08:15 - DEBUG -   -> Already committed: 8.00
2025-12-08 09:08:15 - DEBUG -   -> Verification: DP and IP match OK
2025-12-08 09:08:15 - WARNING - Bound computation failed: name 'ceil_time' is not defined
2025-12-08 09:08:15 - DEBUG - Node 33: {'depth': 2, 'occurrences': [1, 1, 0, 0], 'remaining_budget': 1}
2025-12-08 09:08:15 - DEBUG - Pruned (budget_infeasible): {'depth': 2, 'child_type': 'right'}
2025-12-08 09:08:15 - DEBUG - Bound computed: 8.00 (ceil_knapsack_dp) at depth 2
2025-12-08 09:08:15 - DEBUG -   -> DP solution (remaining): 0.00
2025-12-08 09:08:15 - DEBUG -   -> Already committed: 8.00
2025-12-08 09:08:15 - DEBUG -   -> Verification: DP and IP match OK
2025-12-08 09:08:15 - WARNING - Bound computation failed: name 'ceil_time' is not defined
2025-12-08 09:08:15 - DEBUG - Node 34: {'depth': 3, 'occurrences': [1, 1, 0, 0], 'remaining_budget': 1}
2025-12-08 09:08:15 - DEBUG - Evaluated leaf node: makespan=8.0
2025-12-08 09:08:15 - DEBUG -   Node: {'depth': 3, 'occurrences': [1, 1, 0, 0], 'remaining_budget': 1}
2025-12-08 09:08:15 - DEBUG - Node 35: {'depth': 0, 'occurrences': [2, 0, 0, 0], 'remaining_budget': 4}
2025-12-08 09:08:15 - DEBUG - Bound computed: 12.00 (ceil_knapsack_dp) at depth 0
2025-12-08 09:08:15 - DEBUG -   -> DP solution (remaining): 7.00
2025-12-08 09:08:15 - DEBUG -   -> Already committed: 5.00
2025-12-08 09:08:15 - DEBUG -   -> Verification: DP and IP match OK
2025-12-08 09:08:15 - WARNING - Bound computation failed: name 'ceil_time' is not defined
2025-12-08 09:08:15 - DEBUG - Node 36: {'depth': 1, 'occurrences': [2, 0, 0, 0], 'remaining_budget': 4}
2025-12-08 09:08:15 - DEBUG - Pruned (budget_infeasible): {'depth': 1, 'child_type': 'right'}
2025-12-08 09:08:15 - DEBUG - Bound computed: 12.00 (ceil_knapsack_dp) at depth 1
2025-12-08 09:08:15 - DEBUG -   -> DP solution (remaining): 7.00
2025-12-08 09:08:15 - DEBUG -   -> Already committed: 5.00
2025-12-08 09:08:15 - DEBUG -   -> Verification: DP and IP match OK
2025-12-08 09:08:15 - WARNING - Bound computation failed: name 'ceil_time' is not defined
2025-12-08 09:08:15 - DEBUG - Node 37: {'depth': 2, 'occurrences': [2, 0, 0, 0], 'remaining_budget': 4}
2025-12-08 09:08:15 - DEBUG - Bound computed: 12.00 (ceil_knapsack_dp) at depth 2
2025-12-08 09:08:15 - DEBUG -   -> DP solution (remaining): 7.00
2025-12-08 09:08:15 - DEBUG -   -> Already committed: 5.00
2025-12-08 09:08:15 - DEBUG -   -> Verification: DP and IP match OK
2025-12-08 09:08:15 - WARNING - Bound computation failed: name 'ceil_time' is not defined
2025-12-08 09:08:15 - DEBUG - Node 38: {'depth': 3, 'occurrences': [2, 0, 0, 0], 'remaining_budget': 4}
2025-12-08 09:08:15 - DEBUG - Evaluated leaf node: makespan=5.0
2025-12-08 09:08:15 - DEBUG -   Node: {'depth': 3, 'occurrences': [2, 0, 0, 0], 'remaining_budget': 4}
2025-12-08 09:08:15 - DEBUG - Node 39: {'depth': 2, 'occurrences': [2, 0, 1, 0], 'remaining_budget': 2}
2025-12-08 09:08:15 - DEBUG - Bound computed: 8.00 (ceil_knapsack_dp) at depth 2
2025-12-08 09:08:15 - DEBUG -   -> DP solution (remaining): 0.00
2025-12-08 09:08:15 - DEBUG -   -> Already committed: 8.00
2025-12-08 09:08:15 - DEBUG -   -> Verification: DP and IP match OK
2025-12-08 09:08:15 - WARNING - Bound computation failed: name 'ceil_time' is not defined
2025-12-08 09:08:15 - DEBUG - Node 40: {'depth': 3, 'occurrences': [2, 0, 1, 0], 'remaining_budget': 2}
2025-12-08 09:08:15 - DEBUG - Evaluated leaf node: makespan=8.0
2025-12-08 09:08:15 - DEBUG -   Node: {'depth': 3, 'occurrences': [2, 0, 1, 0], 'remaining_budget': 2}
2025-12-08 09:08:15 - DEBUG - Node 41: {'depth': 2, 'occurrences': [2, 0, 2, 0], 'remaining_budget': 0}
2025-12-08 09:08:15 - DEBUG - Pruned (budget_infeasible): {'depth': 2, 'child_type': 'right'}
2025-12-08 09:08:15 - DEBUG - Bound computed: 8.00 (ceil_knapsack_dp) at depth 2
2025-12-08 09:08:15 - DEBUG -   -> DP solution (remaining): 0.00
2025-12-08 09:08:15 - DEBUG -   -> Already committed: 8.00
2025-12-08 09:08:15 - DEBUG -   -> Verification: DP and IP match OK
2025-12-08 09:08:15 - WARNING - Bound computation failed: name 'ceil_time' is not defined
2025-12-08 09:08:15 - DEBUG - Node 42: {'depth': 3, 'occurrences': [2, 0, 2, 0], 'remaining_budget': 0}
2025-12-08 09:08:15 - DEBUG - Evaluated leaf node: makespan=8.0
2025-12-08 09:08:15 - DEBUG -   Node: {'depth': 3, 'occurrences': [2, 0, 2, 0], 'remaining_budget': 0}
2025-12-08 09:08:15 - DEBUG - Node 43: {'depth': 0, 'occurrences': [3, 0, 0, 0], 'remaining_budget': 1}
2025-12-08 09:08:15 - DEBUG - Pruned (budget_infeasible): {'depth': 0, 'child_type': 'right'}
2025-12-08 09:08:15 - DEBUG - Bound computed: 10.00 (ceil_knapsack_dp) at depth 0
2025-12-08 09:08:15 - DEBUG -   -> DP solution (remaining): 0.00
2025-12-08 09:08:15 - DEBUG -   -> Already committed: 10.00
2025-12-08 09:08:15 - DEBUG -   -> Verification: DP and IP match OK
2025-12-08 09:08:15 - WARNING - Bound computation failed: name 'ceil_time' is not defined
2025-12-08 09:08:15 - DEBUG - Node 44: {'depth': 1, 'occurrences': [3, 0, 0, 0], 'remaining_budget': 1}
2025-12-08 09:08:15 - DEBUG - Pruned (budget_infeasible): {'depth': 1, 'child_type': 'right'}
2025-12-08 09:08:15 - DEBUG - Bound computed: 10.00 (ceil_knapsack_dp) at depth 1
2025-12-08 09:08:15 - DEBUG -   -> DP solution (remaining): 0.00
2025-12-08 09:08:15 - DEBUG -   -> Already committed: 10.00
2025-12-08 09:08:15 - DEBUG -   -> Verification: DP and IP match OK
2025-12-08 09:08:15 - WARNING - Bound computation failed: name 'ceil_time' is not defined
2025-12-08 09:08:15 - DEBUG - Node 45: {'depth': 2, 'occurrences': [3, 0, 0, 0], 'remaining_budget': 1}
2025-12-08 09:08:15 - DEBUG - Pruned (budget_infeasible): {'depth': 2, 'child_type': 'right'}
2025-12-08 09:08:15 - DEBUG - Bound computed: 10.00 (ceil_knapsack_dp) at depth 2
2025-12-08 09:08:15 - DEBUG -   -> DP solution (remaining): 0.00
2025-12-08 09:08:15 - DEBUG -   -> Already committed: 10.00
2025-12-08 09:08:15 - DEBUG -   -> Verification: DP and IP match OK
2025-12-08 09:08:15 - WARNING - Bound computation failed: name 'ceil_time' is not defined
2025-12-08 09:08:15 - DEBUG - Node 46: {'depth': 3, 'occurrences': [3, 0, 0, 0], 'remaining_budget': 1}
2025-12-08 09:08:15 - DEBUG - Evaluated leaf node: makespan=10.0
2025-12-08 09:08:15 - DEBUG -   Node: {'depth': 3, 'occurrences': [3, 0, 0, 0], 'remaining_budget': 1}
2025-12-08 09:08:15 - INFO - Computing final schedule for best solution...
2025-12-08 09:08:15 - INFO - Metrics saved to: logs\Tiny Baseline_20251208_090815_metrics.json
2025-12-08 09:08:15 - INFO - ============================================================
2025-12-08 09:08:15 - INFO - Branch-and-bound completed
2025-12-08 09:08:15 - INFO - Total runtime: 0.024 seconds
2025-12-08 09:08:15 - INFO - Nodes explored: 46
2025-12-08 09:08:15 - INFO - Nodes pruned: 11
2025-12-08 09:08:15 - INFO - Nodes evaluated: 18
2025-12-08 09:08:15 - INFO - Pruning rate: 23.91%
2025-12-08 09:08:15 - INFO - ============================================================

======================================================================
ENUMERATION COMPARISON
======================================================================
BnB nodes explored: 46
Enumeration nodes evaluated: 27
Ratio (BnB/Enum): 1.70x
Enumeration makespan: 10.0
BnB makespan: 10.0
Match: YES
======================================================================
