2025-12-08 14:54:11 - INFO - Initialized logger for instance: Uniform Ratios
2025-12-08 14:54:11 - INFO - Run ID: Uniform Ratios_20251208_145411
2025-12-08 14:54:11 - INFO - ============================================================
2025-12-08 14:54:11 - INFO - Starting branch-and-bound solver
2025-12-08 14:54:11 - INFO - Problem: {'n_job_types': 4, 'machines': 2, 'budget': 12, 'prices': [2, 3, 4, 5], 'durations': [4, 6, 8, 10], 'max_nodes': 100000}
2025-12-08 14:54:11 - INFO - ============================================================
2025-12-08 14:54:11 - INFO - Computing initial heuristic solution...
2025-12-08 14:54:11 - INFO - ==================================================
2025-12-08 14:54:11 - INFO - NEW INCUMBENT: 12.0
2025-12-08 14:54:11 - INFO - Selection: [6, 0, 0, 0]
2025-12-08 14:54:11 - INFO - Found at node: 0
2025-12-08 14:54:11 - INFO - ==================================================
2025-12-08 14:54:11 - INFO - Starting branch-and-bound with max_nodes=100000
2025-12-08 14:54:11 - INFO - Initializing CeilKnapsackSolver with reversed item order...
2025-12-08 14:54:11 - INFO - CeilKnapsackSolver initialized successfully
2025-12-08 14:54:11 - DEBUG - Node 1: {'depth': 0, 'occurrences': [0, 0, 0, 0], 'remaining_budget': 12}
2025-12-08 14:54:11 - DEBUG - Bound computed: 24.00 (ceil_knapsack_dp) at depth 0
2025-12-08 14:54:11 - DEBUG -   -> DP solution (remaining): 24.00
2025-12-08 14:54:11 - DEBUG -   -> Already committed: 0.00
2025-12-08 14:54:11 - DEBUG -   -> Verification: DP and IP match OK
2025-12-08 14:54:11 - WARNING - Bound computation failed: name 'ceil_time' is not defined
2025-12-08 14:54:11 - DEBUG - Node 2: {'depth': 1, 'occurrences': [0, 0, 0, 0], 'remaining_budget': 12}
2025-12-08 14:54:11 - DEBUG - Bound computed: 18.00 (ceil_knapsack_dp) at depth 1
2025-12-08 14:54:11 - DEBUG -   -> DP solution (remaining): 18.00
2025-12-08 14:54:11 - DEBUG -   -> Already committed: 0.00
2025-12-08 14:54:11 - DEBUG -   -> Verification: DP and IP match OK
2025-12-08 14:54:11 - WARNING - Bound computation failed: name 'ceil_time' is not defined
2025-12-08 14:54:11 - DEBUG - Node 3: {'depth': 2, 'occurrences': [0, 0, 0, 0], 'remaining_budget': 12}
2025-12-08 14:54:11 - DEBUG - Bound computed: 10.00 (ceil_knapsack_dp) at depth 2
2025-12-08 14:54:11 - DEBUG -   -> DP solution (remaining): 10.00
2025-12-08 14:54:11 - DEBUG -   -> Already committed: 0.00
2025-12-08 14:54:11 - DEBUG -   -> Verification: DP and IP match OK
2025-12-08 14:54:11 - WARNING - Bound computation failed: name 'ceil_time' is not defined
2025-12-08 14:54:11 - DEBUG - Node 4: {'depth': 3, 'occurrences': [0, 0, 0, 0], 'remaining_budget': 12}
2025-12-08 14:54:11 - DEBUG - Evaluated leaf node: makespan=0.0
2025-12-08 14:54:11 - DEBUG -   Node: {'depth': 3, 'occurrences': [0, 0, 0, 0], 'remaining_budget': 12}
2025-12-08 14:54:11 - DEBUG - Node 5: {'depth': 2, 'occurrences': [0, 0, 1, 0], 'remaining_budget': 8}
2025-12-08 14:54:11 - DEBUG - Bound computed: 18.00 (ceil_knapsack_dp) at depth 2
2025-12-08 14:54:11 - DEBUG -   -> DP solution (remaining): 10.00
2025-12-08 14:54:11 - DEBUG -   -> Already committed: 8.00
2025-12-08 14:54:11 - DEBUG -   -> Verification: DP and IP match OK
2025-12-08 14:54:11 - WARNING - Bound computation failed: name 'ceil_time' is not defined
2025-12-08 14:54:11 - DEBUG - Node 6: {'depth': 3, 'occurrences': [0, 0, 1, 0], 'remaining_budget': 8}
2025-12-08 14:54:11 - DEBUG - Evaluated leaf node: makespan=8.0
2025-12-08 14:54:11 - DEBUG -   Node: {'depth': 3, 'occurrences': [0, 0, 1, 0], 'remaining_budget': 8}
2025-12-08 14:54:11 - DEBUG - Node 7: {'depth': 2, 'occurrences': [0, 0, 2, 0], 'remaining_budget': 4}
2025-12-08 14:54:11 - DEBUG - Bound computed: 8.00 (ceil_knapsack_dp) at depth 2
2025-12-08 14:54:11 - DEBUG -   -> DP solution (remaining): 0.00
2025-12-08 14:54:11 - DEBUG -   -> Already committed: 8.00
2025-12-08 14:54:11 - DEBUG -   -> Verification: DP and IP match OK
2025-12-08 14:54:11 - WARNING - Bound computation failed: name 'ceil_time' is not defined
2025-12-08 14:54:11 - DEBUG - Node 8: {'depth': 3, 'occurrences': [0, 0, 2, 0], 'remaining_budget': 4}
2025-12-08 14:54:11 - DEBUG - Evaluated leaf node: makespan=8.0
2025-12-08 14:54:11 - DEBUG -   Node: {'depth': 3, 'occurrences': [0, 0, 2, 0], 'remaining_budget': 4}
2025-12-08 14:54:11 - DEBUG - Node 9: {'depth': 2, 'occurrences': [0, 0, 3, 0], 'remaining_budget': 0}
2025-12-08 14:54:11 - DEBUG - Pruned (budget_infeasible): {'depth': 2, 'child_type': 'right'}
2025-12-08 14:54:11 - DEBUG - Bound computed: 16.00 (ceil_knapsack_dp) at depth 2
2025-12-08 14:54:11 - DEBUG -   -> DP solution (remaining): 0.00
2025-12-08 14:54:11 - DEBUG -   -> Already committed: 16.00
2025-12-08 14:54:11 - DEBUG -   -> Verification: DP and IP match OK
2025-12-08 14:54:11 - WARNING - Bound computation failed: name 'ceil_time' is not defined
2025-12-08 14:54:11 - DEBUG - Node 10: {'depth': 3, 'occurrences': [0, 0, 3, 0], 'remaining_budget': 0}
2025-12-08 14:54:11 - DEBUG - Evaluated leaf node: makespan=16.0
2025-12-08 14:54:11 - DEBUG -   Node: {'depth': 3, 'occurrences': [0, 0, 3, 0], 'remaining_budget': 0}
2025-12-08 14:54:11 - INFO - ==================================================
2025-12-08 14:54:11 - INFO - NEW INCUMBENT: 16.0
2025-12-08 14:54:11 - INFO - Selection: [0, 0, 3, 0]
2025-12-08 14:54:11 - INFO - Found at node: 10
2025-12-08 14:54:11 - INFO - ==================================================
2025-12-08 14:54:11 - DEBUG - Node 11: {'depth': 1, 'occurrences': [0, 1, 0, 0], 'remaining_budget': 9}
2025-12-08 14:54:11 - DEBUG - Bound computed: 24.00 (ceil_knapsack_dp) at depth 1
2025-12-08 14:54:11 - DEBUG -   -> DP solution (remaining): 18.00
2025-12-08 14:54:11 - DEBUG -   -> Already committed: 6.00
2025-12-08 14:54:11 - DEBUG -   -> Verification: DP and IP match OK
2025-12-08 14:54:11 - WARNING - Bound computation failed: name 'ceil_time' is not defined
2025-12-08 14:54:11 - DEBUG - Node 12: {'depth': 2, 'occurrences': [0, 1, 0, 0], 'remaining_budget': 9}
2025-12-08 14:54:11 - DEBUG - Bound computed: 16.00 (ceil_knapsack_dp) at depth 2
2025-12-08 14:54:11 - DEBUG -   -> DP solution (remaining): 10.00
2025-12-08 14:54:11 - DEBUG -   -> Already committed: 6.00
2025-12-08 14:54:11 - DEBUG -   -> Verification: DP and IP match OK
2025-12-08 14:54:11 - WARNING - Bound computation failed: name 'ceil_time' is not defined
2025-12-08 14:54:11 - DEBUG - Node 13: {'depth': 3, 'occurrences': [0, 1, 0, 0], 'remaining_budget': 9}
2025-12-08 14:54:11 - DEBUG - Evaluated leaf node: makespan=6.0
2025-12-08 14:54:11 - DEBUG -   Node: {'depth': 3, 'occurrences': [0, 1, 0, 0], 'remaining_budget': 9}
2025-12-08 14:54:11 - DEBUG - Node 14: {'depth': 2, 'occurrences': [0, 1, 1, 0], 'remaining_budget': 5}
2025-12-08 14:54:11 - DEBUG - Bound computed: 18.00 (ceil_knapsack_dp) at depth 2
2025-12-08 14:54:11 - DEBUG -   -> DP solution (remaining): 10.00
2025-12-08 14:54:11 - DEBUG -   -> Already committed: 8.00
2025-12-08 14:54:11 - DEBUG -   -> Verification: DP and IP match OK
2025-12-08 14:54:11 - WARNING - Bound computation failed: name 'ceil_time' is not defined
2025-12-08 14:54:11 - DEBUG - Node 15: {'depth': 3, 'occurrences': [0, 1, 1, 0], 'remaining_budget': 5}
2025-12-08 14:54:11 - DEBUG - Evaluated leaf node: makespan=8.0
2025-12-08 14:54:11 - DEBUG -   Node: {'depth': 3, 'occurrences': [0, 1, 1, 0], 'remaining_budget': 5}
2025-12-08 14:54:11 - DEBUG - Node 16: {'depth': 2, 'occurrences': [0, 1, 2, 0], 'remaining_budget': 1}
2025-12-08 14:54:11 - DEBUG - Pruned (budget_infeasible): {'depth': 2, 'child_type': 'right'}
2025-12-08 14:54:11 - DEBUG - Bound computed: 14.00 (ceil_knapsack_dp) at depth 2
2025-12-08 14:54:11 - DEBUG -   -> DP solution (remaining): 0.00
2025-12-08 14:54:11 - DEBUG -   -> Already committed: 14.00
2025-12-08 14:54:11 - DEBUG -   -> Verification: DP and IP match OK
2025-12-08 14:54:11 - WARNING - Bound computation failed: name 'ceil_time' is not defined
2025-12-08 14:54:11 - DEBUG - Node 17: {'depth': 3, 'occurrences': [0, 1, 2, 0], 'remaining_budget': 1}
2025-12-08 14:54:11 - DEBUG - Evaluated leaf node: makespan=14.0
2025-12-08 14:54:11 - DEBUG -   Node: {'depth': 3, 'occurrences': [0, 1, 2, 0], 'remaining_budget': 1}
2025-12-08 14:54:11 - DEBUG - Node 18: {'depth': 1, 'occurrences': [0, 2, 0, 0], 'remaining_budget': 6}
2025-12-08 14:54:11 - DEBUG - Bound computed: 16.00 (ceil_knapsack_dp) at depth 1
2025-12-08 14:54:11 - DEBUG -   -> DP solution (remaining): 10.00
2025-12-08 14:54:11 - DEBUG -   -> Already committed: 6.00
2025-12-08 14:54:11 - DEBUG -   -> Verification: DP and IP match OK
2025-12-08 14:54:11 - WARNING - Bound computation failed: name 'ceil_time' is not defined
2025-12-08 14:54:11 - DEBUG - Node 19: {'depth': 2, 'occurrences': [0, 2, 0, 0], 'remaining_budget': 6}
2025-12-08 14:54:11 - DEBUG - Bound computed: 16.00 (ceil_knapsack_dp) at depth 2
2025-12-08 14:54:11 - DEBUG -   -> DP solution (remaining): 10.00
2025-12-08 14:54:11 - DEBUG -   -> Already committed: 6.00
2025-12-08 14:54:11 - DEBUG -   -> Verification: DP and IP match OK
2025-12-08 14:54:11 - WARNING - Bound computation failed: name 'ceil_time' is not defined
2025-12-08 14:54:11 - DEBUG - Node 20: {'depth': 3, 'occurrences': [0, 2, 0, 0], 'remaining_budget': 6}
2025-12-08 14:54:11 - DEBUG - Evaluated leaf node: makespan=6.0
2025-12-08 14:54:11 - DEBUG -   Node: {'depth': 3, 'occurrences': [0, 2, 0, 0], 'remaining_budget': 6}
2025-12-08 14:54:11 - DEBUG - Node 21: {'depth': 2, 'occurrences': [0, 2, 1, 0], 'remaining_budget': 2}
2025-12-08 14:54:11 - DEBUG - Pruned (budget_infeasible): {'depth': 2, 'child_type': 'right'}
2025-12-08 14:54:11 - DEBUG - Bound computed: 14.00 (ceil_knapsack_dp) at depth 2
2025-12-08 14:54:11 - DEBUG -   -> DP solution (remaining): 0.00
2025-12-08 14:54:11 - DEBUG -   -> Already committed: 14.00
2025-12-08 14:54:11 - DEBUG -   -> Verification: DP and IP match OK
2025-12-08 14:54:11 - WARNING - Bound computation failed: name 'ceil_time' is not defined
2025-12-08 14:54:11 - DEBUG - Node 22: {'depth': 3, 'occurrences': [0, 2, 1, 0], 'remaining_budget': 2}
2025-12-08 14:54:11 - DEBUG - Evaluated leaf node: makespan=12.0
2025-12-08 14:54:11 - DEBUG -   Node: {'depth': 3, 'occurrences': [0, 2, 1, 0], 'remaining_budget': 2}
2025-12-08 14:54:11 - DEBUG - Node 23: {'depth': 1, 'occurrences': [0, 3, 0, 0], 'remaining_budget': 3}
2025-12-08 14:54:11 - DEBUG - Bound computed: 12.00 (ceil_knapsack_dp) at depth 1
2025-12-08 14:54:11 - DEBUG -   -> DP solution (remaining): 0.00
2025-12-08 14:54:11 - DEBUG -   -> Already committed: 12.00
2025-12-08 14:54:11 - DEBUG -   -> Verification: DP and IP match OK
2025-12-08 14:54:11 - WARNING - Bound computation failed: name 'ceil_time' is not defined
2025-12-08 14:54:11 - DEBUG - Node 24: {'depth': 2, 'occurrences': [0, 3, 0, 0], 'remaining_budget': 3}
2025-12-08 14:54:11 - DEBUG - Pruned (budget_infeasible): {'depth': 2, 'child_type': 'right'}
2025-12-08 14:54:11 - DEBUG - Bound computed: 12.00 (ceil_knapsack_dp) at depth 2
2025-12-08 14:54:11 - DEBUG -   -> DP solution (remaining): 0.00
2025-12-08 14:54:11 - DEBUG -   -> Already committed: 12.00
2025-12-08 14:54:11 - DEBUG -   -> Verification: DP and IP match OK
2025-12-08 14:54:11 - WARNING - Bound computation failed: name 'ceil_time' is not defined
2025-12-08 14:54:11 - DEBUG - Node 25: {'depth': 3, 'occurrences': [0, 3, 0, 0], 'remaining_budget': 3}
2025-12-08 14:54:11 - DEBUG - Evaluated leaf node: makespan=12.0
2025-12-08 14:54:11 - DEBUG -   Node: {'depth': 3, 'occurrences': [0, 3, 0, 0], 'remaining_budget': 3}
2025-12-08 14:54:11 - DEBUG - Node 26: {'depth': 1, 'occurrences': [0, 4, 0, 0], 'remaining_budget': 0}
2025-12-08 14:54:11 - DEBUG - Pruned (budget_infeasible): {'depth': 1, 'child_type': 'right'}
2025-12-08 14:54:11 - DEBUG - Bound computed: 12.00 (ceil_knapsack_dp) at depth 1
2025-12-08 14:54:11 - DEBUG -   -> DP solution (remaining): 0.00
2025-12-08 14:54:11 - DEBUG -   -> Already committed: 12.00
2025-12-08 14:54:11 - DEBUG -   -> Verification: DP and IP match OK
2025-12-08 14:54:11 - WARNING - Bound computation failed: name 'ceil_time' is not defined
2025-12-08 14:54:11 - DEBUG - Node 27: {'depth': 2, 'occurrences': [0, 4, 0, 0], 'remaining_budget': 0}
2025-12-08 14:54:11 - DEBUG - Pruned (budget_infeasible): {'depth': 2, 'child_type': 'right'}
2025-12-08 14:54:11 - DEBUG - Bound computed: 12.00 (ceil_knapsack_dp) at depth 2
2025-12-08 14:54:11 - DEBUG -   -> DP solution (remaining): 0.00
2025-12-08 14:54:11 - DEBUG -   -> Already committed: 12.00
2025-12-08 14:54:11 - DEBUG -   -> Verification: DP and IP match OK
2025-12-08 14:54:11 - WARNING - Bound computation failed: name 'ceil_time' is not defined
2025-12-08 14:54:11 - DEBUG - Node 28: {'depth': 3, 'occurrences': [0, 4, 0, 0], 'remaining_budget': 0}
2025-12-08 14:54:11 - DEBUG - Evaluated leaf node: makespan=12.0
2025-12-08 14:54:11 - DEBUG -   Node: {'depth': 3, 'occurrences': [0, 4, 0, 0], 'remaining_budget': 0}
2025-12-08 14:54:11 - DEBUG - Node 29: {'depth': 0, 'occurrences': [1, 0, 0, 0], 'remaining_budget': 10}
2025-12-08 14:54:11 - DEBUG - Bound computed: 22.00 (ceil_knapsack_dp) at depth 0
2025-12-08 14:54:11 - DEBUG -   -> DP solution (remaining): 18.00
2025-12-08 14:54:11 - DEBUG -   -> Already committed: 4.00
2025-12-08 14:54:11 - DEBUG -   -> Verification: DP and IP match OK
2025-12-08 14:54:11 - WARNING - Bound computation failed: name 'ceil_time' is not defined
2025-12-08 14:54:11 - DEBUG - Node 30: {'depth': 1, 'occurrences': [1, 0, 0, 0], 'remaining_budget': 10}
2025-12-08 14:54:11 - DEBUG - Bound computed: 22.00 (ceil_knapsack_dp) at depth 1
2025-12-08 14:54:11 - DEBUG -   -> DP solution (remaining): 18.00
2025-12-08 14:54:11 - DEBUG -   -> Already committed: 4.00
2025-12-08 14:54:11 - DEBUG -   -> Verification: DP and IP match OK
2025-12-08 14:54:11 - WARNING - Bound computation failed: name 'ceil_time' is not defined
2025-12-08 14:54:11 - DEBUG - Node 31: {'depth': 2, 'occurrences': [1, 0, 0, 0], 'remaining_budget': 10}
2025-12-08 14:54:11 - DEBUG - Bound computed: 14.00 (ceil_knapsack_dp) at depth 2
2025-12-08 14:54:11 - DEBUG -   -> DP solution (remaining): 10.00
2025-12-08 14:54:11 - DEBUG -   -> Already committed: 4.00
2025-12-08 14:54:11 - DEBUG -   -> Verification: DP and IP match OK
2025-12-08 14:54:11 - WARNING - Bound computation failed: name 'ceil_time' is not defined
2025-12-08 14:54:11 - DEBUG - Node 32: {'depth': 3, 'occurrences': [1, 0, 0, 0], 'remaining_budget': 10}
2025-12-08 14:54:11 - DEBUG - Evaluated leaf node: makespan=4.0
2025-12-08 14:54:11 - DEBUG -   Node: {'depth': 3, 'occurrences': [1, 0, 0, 0], 'remaining_budget': 10}
2025-12-08 14:54:11 - DEBUG - Node 33: {'depth': 2, 'occurrences': [1, 0, 1, 0], 'remaining_budget': 6}
2025-12-08 14:54:11 - DEBUG - Bound computed: 18.00 (ceil_knapsack_dp) at depth 2
2025-12-08 14:54:11 - DEBUG -   -> DP solution (remaining): 10.00
2025-12-08 14:54:11 - DEBUG -   -> Already committed: 8.00
2025-12-08 14:54:11 - DEBUG -   -> Verification: DP and IP match OK
2025-12-08 14:54:11 - WARNING - Bound computation failed: name 'ceil_time' is not defined
2025-12-08 14:54:11 - DEBUG - Node 34: {'depth': 3, 'occurrences': [1, 0, 1, 0], 'remaining_budget': 6}
2025-12-08 14:54:11 - DEBUG - Evaluated leaf node: makespan=8.0
2025-12-08 14:54:11 - DEBUG -   Node: {'depth': 3, 'occurrences': [1, 0, 1, 0], 'remaining_budget': 6}
2025-12-08 14:54:11 - DEBUG - Node 35: {'depth': 2, 'occurrences': [1, 0, 2, 0], 'remaining_budget': 2}
2025-12-08 14:54:11 - DEBUG - Pruned (budget_infeasible): {'depth': 2, 'child_type': 'right'}
2025-12-08 14:54:11 - DEBUG - Bound computed: 12.00 (ceil_knapsack_dp) at depth 2
2025-12-08 14:54:11 - DEBUG -   -> DP solution (remaining): 0.00
2025-12-08 14:54:11 - DEBUG -   -> Already committed: 12.00
2025-12-08 14:54:11 - DEBUG -   -> Verification: DP and IP match OK
2025-12-08 14:54:11 - WARNING - Bound computation failed: name 'ceil_time' is not defined
2025-12-08 14:54:11 - DEBUG - Node 36: {'depth': 3, 'occurrences': [1, 0, 2, 0], 'remaining_budget': 2}
2025-12-08 14:54:11 - DEBUG - Evaluated leaf node: makespan=12.0
2025-12-08 14:54:11 - DEBUG -   Node: {'depth': 3, 'occurrences': [1, 0, 2, 0], 'remaining_budget': 2}
2025-12-08 14:54:11 - DEBUG - Node 37: {'depth': 1, 'occurrences': [1, 1, 0, 0], 'remaining_budget': 7}
2025-12-08 14:54:11 - DEBUG - Bound computed: 16.00 (ceil_knapsack_dp) at depth 1
2025-12-08 14:54:11 - DEBUG -   -> DP solution (remaining): 10.00
2025-12-08 14:54:11 - DEBUG -   -> Already committed: 6.00
2025-12-08 14:54:11 - DEBUG -   -> Verification: DP and IP match OK
2025-12-08 14:54:11 - WARNING - Bound computation failed: name 'ceil_time' is not defined
2025-12-08 14:54:11 - DEBUG - Node 38: {'depth': 2, 'occurrences': [1, 1, 0, 0], 'remaining_budget': 7}
2025-12-08 14:54:11 - DEBUG - Bound computed: 16.00 (ceil_knapsack_dp) at depth 2
2025-12-08 14:54:11 - DEBUG -   -> DP solution (remaining): 10.00
2025-12-08 14:54:11 - DEBUG -   -> Already committed: 6.00
2025-12-08 14:54:11 - DEBUG -   -> Verification: DP and IP match OK
2025-12-08 14:54:11 - WARNING - Bound computation failed: name 'ceil_time' is not defined
2025-12-08 14:54:11 - DEBUG - Node 39: {'depth': 3, 'occurrences': [1, 1, 0, 0], 'remaining_budget': 7}
2025-12-08 14:54:11 - DEBUG - Evaluated leaf node: makespan=6.0
2025-12-08 14:54:11 - DEBUG -   Node: {'depth': 3, 'occurrences': [1, 1, 0, 0], 'remaining_budget': 7}
2025-12-08 14:54:11 - DEBUG - Node 40: {'depth': 2, 'occurrences': [1, 1, 1, 0], 'remaining_budget': 3}
2025-12-08 14:54:11 - DEBUG - Pruned (budget_infeasible): {'depth': 2, 'child_type': 'right'}
2025-12-08 14:54:11 - DEBUG - Bound computed: 12.00 (ceil_knapsack_dp) at depth 2
2025-12-08 14:54:11 - DEBUG -   -> DP solution (remaining): 0.00
2025-12-08 14:54:11 - DEBUG -   -> Already committed: 12.00
2025-12-08 14:54:11 - DEBUG -   -> Verification: DP and IP match OK
2025-12-08 14:54:11 - WARNING - Bound computation failed: name 'ceil_time' is not defined
2025-12-08 14:54:11 - DEBUG - Node 41: {'depth': 3, 'occurrences': [1, 1, 1, 0], 'remaining_budget': 3}
2025-12-08 14:54:11 - DEBUG - Evaluated leaf node: makespan=10.0
2025-12-08 14:54:11 - DEBUG -   Node: {'depth': 3, 'occurrences': [1, 1, 1, 0], 'remaining_budget': 3}
2025-12-08 14:54:11 - DEBUG - Node 42: {'depth': 1, 'occurrences': [1, 2, 0, 0], 'remaining_budget': 4}
2025-12-08 14:54:11 - DEBUG - Bound computed: 18.00 (ceil_knapsack_dp) at depth 1
2025-12-08 14:54:11 - DEBUG -   -> DP solution (remaining): 8.00
2025-12-08 14:54:11 - DEBUG -   -> Already committed: 10.00
2025-12-08 14:54:11 - DEBUG -   -> Verification: DP and IP match OK
2025-12-08 14:54:11 - WARNING - Bound computation failed: name 'ceil_time' is not defined
2025-12-08 14:54:11 - DEBUG - Node 43: {'depth': 2, 'occurrences': [1, 2, 0, 0], 'remaining_budget': 4}
2025-12-08 14:54:11 - DEBUG - Bound computed: 10.00 (ceil_knapsack_dp) at depth 2
2025-12-08 14:54:11 - DEBUG -   -> DP solution (remaining): 0.00
2025-12-08 14:54:11 - DEBUG -   -> Already committed: 10.00
2025-12-08 14:54:11 - DEBUG -   -> Verification: DP and IP match OK
2025-12-08 14:54:11 - WARNING - Bound computation failed: name 'ceil_time' is not defined
2025-12-08 14:54:11 - DEBUG - Node 44: {'depth': 3, 'occurrences': [1, 2, 0, 0], 'remaining_budget': 4}
2025-12-08 14:54:11 - DEBUG - Evaluated leaf node: makespan=10.0
2025-12-08 14:54:11 - DEBUG -   Node: {'depth': 3, 'occurrences': [1, 2, 0, 0], 'remaining_budget': 4}
2025-12-08 14:54:11 - DEBUG - Node 45: {'depth': 2, 'occurrences': [1, 2, 1, 0], 'remaining_budget': 0}
2025-12-08 14:54:11 - DEBUG - Pruned (budget_infeasible): {'depth': 2, 'child_type': 'right'}
2025-12-08 14:54:11 - DEBUG - Bound computed: 14.00 (ceil_knapsack_dp) at depth 2
2025-12-08 14:54:11 - DEBUG -   -> DP solution (remaining): 0.00
2025-12-08 14:54:11 - DEBUG -   -> Already committed: 14.00
2025-12-08 14:54:11 - DEBUG -   -> Verification: DP and IP match OK
2025-12-08 14:54:11 - WARNING - Bound computation failed: name 'ceil_time' is not defined
2025-12-08 14:54:11 - DEBUG - Node 46: {'depth': 3, 'occurrences': [1, 2, 1, 0], 'remaining_budget': 0}
2025-12-08 14:54:11 - DEBUG - Evaluated leaf node: makespan=12.0
2025-12-08 14:54:11 - DEBUG -   Node: {'depth': 3, 'occurrences': [1, 2, 1, 0], 'remaining_budget': 0}
2025-12-08 14:54:11 - DEBUG - Node 47: {'depth': 1, 'occurrences': [1, 3, 0, 0], 'remaining_budget': 1}
2025-12-08 14:54:11 - DEBUG - Pruned (budget_infeasible): {'depth': 1, 'child_type': 'right'}
2025-12-08 14:54:11 - DEBUG - Bound computed: 12.00 (ceil_knapsack_dp) at depth 1
2025-12-08 14:54:11 - DEBUG -   -> DP solution (remaining): 0.00
2025-12-08 14:54:11 - DEBUG -   -> Already committed: 12.00
2025-12-08 14:54:11 - DEBUG -   -> Verification: DP and IP match OK
2025-12-08 14:54:11 - WARNING - Bound computation failed: name 'ceil_time' is not defined
2025-12-08 14:54:11 - DEBUG - Node 48: {'depth': 2, 'occurrences': [1, 3, 0, 0], 'remaining_budget': 1}
2025-12-08 14:54:11 - DEBUG - Pruned (budget_infeasible): {'depth': 2, 'child_type': 'right'}
2025-12-08 14:54:11 - DEBUG - Bound computed: 12.00 (ceil_knapsack_dp) at depth 2
2025-12-08 14:54:11 - DEBUG -   -> DP solution (remaining): 0.00
2025-12-08 14:54:11 - DEBUG -   -> Already committed: 12.00
2025-12-08 14:54:11 - DEBUG -   -> Verification: DP and IP match OK
2025-12-08 14:54:11 - WARNING - Bound computation failed: name 'ceil_time' is not defined
2025-12-08 14:54:11 - DEBUG - Node 49: {'depth': 3, 'occurrences': [1, 3, 0, 0], 'remaining_budget': 1}
2025-12-08 14:54:11 - DEBUG - Evaluated leaf node: makespan=12.0
2025-12-08 14:54:11 - DEBUG -   Node: {'depth': 3, 'occurrences': [1, 3, 0, 0], 'remaining_budget': 1}
2025-12-08 14:54:11 - DEBUG - Node 50: {'depth': 0, 'occurrences': [2, 0, 0, 0], 'remaining_budget': 8}
2025-12-08 14:54:11 - DEBUG - Bound computed: 20.00 (ceil_knapsack_dp) at depth 0
2025-12-08 14:54:11 - DEBUG -   -> DP solution (remaining): 16.00
2025-12-08 14:54:11 - DEBUG -   -> Already committed: 4.00
2025-12-08 14:54:11 - DEBUG -   -> Verification: DP and IP match OK
2025-12-08 14:54:11 - WARNING - Bound computation failed: name 'ceil_time' is not defined
2025-12-08 14:54:11 - DEBUG - Node 51: {'depth': 1, 'occurrences': [2, 0, 0, 0], 'remaining_budget': 8}
2025-12-08 14:54:11 - DEBUG - Bound computed: 14.00 (ceil_knapsack_dp) at depth 1
2025-12-08 14:54:11 - DEBUG -   -> DP solution (remaining): 10.00
2025-12-08 14:54:11 - DEBUG -   -> Already committed: 4.00
2025-12-08 14:54:11 - DEBUG -   -> Verification: DP and IP match OK
2025-12-08 14:54:11 - WARNING - Bound computation failed: name 'ceil_time' is not defined
2025-12-08 14:54:11 - DEBUG - Node 52: {'depth': 2, 'occurrences': [2, 0, 0, 0], 'remaining_budget': 8}
2025-12-08 14:54:11 - DEBUG - Bound computed: 14.00 (ceil_knapsack_dp) at depth 2
2025-12-08 14:54:11 - DEBUG -   -> DP solution (remaining): 10.00
2025-12-08 14:54:11 - DEBUG -   -> Already committed: 4.00
2025-12-08 14:54:11 - DEBUG -   -> Verification: DP and IP match OK
2025-12-08 14:54:11 - WARNING - Bound computation failed: name 'ceil_time' is not defined
2025-12-08 14:54:11 - DEBUG - Node 53: {'depth': 3, 'occurrences': [2, 0, 0, 0], 'remaining_budget': 8}
2025-12-08 14:54:11 - DEBUG - Evaluated leaf node: makespan=4.0
2025-12-08 14:54:11 - DEBUG -   Node: {'depth': 3, 'occurrences': [2, 0, 0, 0], 'remaining_budget': 8}
2025-12-08 14:54:11 - DEBUG - Node 54: {'depth': 2, 'occurrences': [2, 0, 1, 0], 'remaining_budget': 4}
2025-12-08 14:54:11 - DEBUG - Bound computed: 12.00 (ceil_knapsack_dp) at depth 2
2025-12-08 14:54:11 - DEBUG -   -> DP solution (remaining): 0.00
2025-12-08 14:54:11 - DEBUG -   -> Already committed: 12.00
2025-12-08 14:54:11 - DEBUG -   -> Verification: DP and IP match OK
2025-12-08 14:54:11 - WARNING - Bound computation failed: name 'ceil_time' is not defined
2025-12-08 14:54:11 - DEBUG - Node 55: {'depth': 3, 'occurrences': [2, 0, 1, 0], 'remaining_budget': 4}
2025-12-08 14:54:11 - DEBUG - Evaluated leaf node: makespan=8.0
2025-12-08 14:54:11 - DEBUG -   Node: {'depth': 3, 'occurrences': [2, 0, 1, 0], 'remaining_budget': 4}
2025-12-08 14:54:11 - DEBUG - Node 56: {'depth': 2, 'occurrences': [2, 0, 2, 0], 'remaining_budget': 0}
2025-12-08 14:54:11 - DEBUG - Pruned (budget_infeasible): {'depth': 2, 'child_type': 'right'}
2025-12-08 14:54:11 - DEBUG - Bound computed: 12.00 (ceil_knapsack_dp) at depth 2
2025-12-08 14:54:11 - DEBUG -   -> DP solution (remaining): 0.00
2025-12-08 14:54:11 - DEBUG -   -> Already committed: 12.00
2025-12-08 14:54:11 - DEBUG -   -> Verification: DP and IP match OK
2025-12-08 14:54:11 - WARNING - Bound computation failed: name 'ceil_time' is not defined
2025-12-08 14:54:11 - DEBUG - Node 57: {'depth': 3, 'occurrences': [2, 0, 2, 0], 'remaining_budget': 0}
2025-12-08 14:54:11 - DEBUG - Evaluated leaf node: makespan=12.0
2025-12-08 14:54:11 - DEBUG -   Node: {'depth': 3, 'occurrences': [2, 0, 2, 0], 'remaining_budget': 0}
2025-12-08 14:54:11 - DEBUG - Node 58: {'depth': 1, 'occurrences': [2, 1, 0, 0], 'remaining_budget': 5}
2025-12-08 14:54:11 - DEBUG - Bound computed: 20.00 (ceil_knapsack_dp) at depth 1
2025-12-08 14:54:11 - DEBUG -   -> DP solution (remaining): 10.00
2025-12-08 14:54:11 - DEBUG -   -> Already committed: 10.00
2025-12-08 14:54:11 - DEBUG -   -> Verification: DP and IP match OK
2025-12-08 14:54:11 - WARNING - Bound computation failed: name 'ceil_time' is not defined
2025-12-08 14:54:11 - DEBUG - Node 59: {'depth': 2, 'occurrences': [2, 1, 0, 0], 'remaining_budget': 5}
2025-12-08 14:54:11 - DEBUG - Bound computed: 20.00 (ceil_knapsack_dp) at depth 2
2025-12-08 14:54:11 - DEBUG -   -> DP solution (remaining): 10.00
2025-12-08 14:54:11 - DEBUG -   -> Already committed: 10.00
2025-12-08 14:54:11 - DEBUG -   -> Verification: DP and IP match OK
2025-12-08 14:54:11 - WARNING - Bound computation failed: name 'ceil_time' is not defined
2025-12-08 14:54:11 - DEBUG - Node 60: {'depth': 3, 'occurrences': [2, 1, 0, 0], 'remaining_budget': 5}
2025-12-08 14:54:11 - DEBUG - Evaluated leaf node: makespan=8.0
2025-12-08 14:54:11 - DEBUG -   Node: {'depth': 3, 'occurrences': [2, 1, 0, 0], 'remaining_budget': 5}
2025-12-08 14:54:11 - DEBUG - Node 61: {'depth': 2, 'occurrences': [2, 1, 1, 0], 'remaining_budget': 1}
2025-12-08 14:54:11 - DEBUG - Pruned (budget_infeasible): {'depth': 2, 'child_type': 'right'}
2025-12-08 14:54:11 - DEBUG - Bound computed: 12.00 (ceil_knapsack_dp) at depth 2
2025-12-08 14:54:11 - DEBUG -   -> DP solution (remaining): 0.00
2025-12-08 14:54:11 - DEBUG -   -> Already committed: 12.00
2025-12-08 14:54:11 - DEBUG -   -> Verification: DP and IP match OK
2025-12-08 14:54:11 - WARNING - Bound computation failed: name 'ceil_time' is not defined
2025-12-08 14:54:11 - DEBUG - Node 62: {'depth': 3, 'occurrences': [2, 1, 1, 0], 'remaining_budget': 1}
2025-12-08 14:54:11 - DEBUG - Evaluated leaf node: makespan=12.0
2025-12-08 14:54:11 - DEBUG -   Node: {'depth': 3, 'occurrences': [2, 1, 1, 0], 'remaining_budget': 1}
2025-12-08 14:54:11 - DEBUG - Node 63: {'depth': 1, 'occurrences': [2, 2, 0, 0], 'remaining_budget': 2}
2025-12-08 14:54:11 - DEBUG - Pruned (budget_infeasible): {'depth': 1, 'child_type': 'right'}
2025-12-08 14:54:11 - DEBUG - Bound computed: 10.00 (ceil_knapsack_dp) at depth 1
2025-12-08 14:54:11 - DEBUG -   -> DP solution (remaining): 0.00
2025-12-08 14:54:11 - DEBUG -   -> Already committed: 10.00
2025-12-08 14:54:11 - DEBUG -   -> Verification: DP and IP match OK
2025-12-08 14:54:11 - WARNING - Bound computation failed: name 'ceil_time' is not defined
2025-12-08 14:54:11 - DEBUG - Node 64: {'depth': 2, 'occurrences': [2, 2, 0, 0], 'remaining_budget': 2}
2025-12-08 14:54:11 - DEBUG - Pruned (budget_infeasible): {'depth': 2, 'child_type': 'right'}
2025-12-08 14:54:11 - DEBUG - Bound computed: 10.00 (ceil_knapsack_dp) at depth 2
2025-12-08 14:54:11 - DEBUG -   -> DP solution (remaining): 0.00
2025-12-08 14:54:11 - DEBUG -   -> Already committed: 10.00
2025-12-08 14:54:11 - DEBUG -   -> Verification: DP and IP match OK
2025-12-08 14:54:11 - WARNING - Bound computation failed: name 'ceil_time' is not defined
2025-12-08 14:54:11 - DEBUG - Node 65: {'depth': 3, 'occurrences': [2, 2, 0, 0], 'remaining_budget': 2}
2025-12-08 14:54:11 - DEBUG - Evaluated leaf node: makespan=10.0
2025-12-08 14:54:11 - DEBUG -   Node: {'depth': 3, 'occurrences': [2, 2, 0, 0], 'remaining_budget': 2}
2025-12-08 14:54:11 - DEBUG - Node 66: {'depth': 0, 'occurrences': [3, 0, 0, 0], 'remaining_budget': 6}
2025-12-08 14:54:11 - DEBUG - Bound computed: 18.00 (ceil_knapsack_dp) at depth 0
2025-12-08 14:54:11 - DEBUG -   -> DP solution (remaining): 10.00
2025-12-08 14:54:11 - DEBUG -   -> Already committed: 8.00
2025-12-08 14:54:11 - DEBUG -   -> Verification: DP and IP match OK
2025-12-08 14:54:11 - WARNING - Bound computation failed: name 'ceil_time' is not defined
2025-12-08 14:54:11 - DEBUG - Node 67: {'depth': 1, 'occurrences': [3, 0, 0, 0], 'remaining_budget': 6}
2025-12-08 14:54:11 - DEBUG - Bound computed: 18.00 (ceil_knapsack_dp) at depth 1
2025-12-08 14:54:11 - DEBUG -   -> DP solution (remaining): 10.00
2025-12-08 14:54:11 - DEBUG -   -> Already committed: 8.00
2025-12-08 14:54:11 - DEBUG -   -> Verification: DP and IP match OK
2025-12-08 14:54:11 - WARNING - Bound computation failed: name 'ceil_time' is not defined
2025-12-08 14:54:11 - DEBUG - Node 68: {'depth': 2, 'occurrences': [3, 0, 0, 0], 'remaining_budget': 6}
2025-12-08 14:54:11 - DEBUG - Bound computed: 18.00 (ceil_knapsack_dp) at depth 2
2025-12-08 14:54:11 - DEBUG -   -> DP solution (remaining): 10.00
2025-12-08 14:54:11 - DEBUG -   -> Already committed: 8.00
2025-12-08 14:54:11 - DEBUG -   -> Verification: DP and IP match OK
2025-12-08 14:54:11 - WARNING - Bound computation failed: name 'ceil_time' is not defined
2025-12-08 14:54:11 - DEBUG - Node 69: {'depth': 3, 'occurrences': [3, 0, 0, 0], 'remaining_budget': 6}
2025-12-08 14:54:11 - DEBUG - Evaluated leaf node: makespan=8.0
2025-12-08 14:54:11 - DEBUG -   Node: {'depth': 3, 'occurrences': [3, 0, 0, 0], 'remaining_budget': 6}
2025-12-08 14:54:11 - DEBUG - Node 70: {'depth': 2, 'occurrences': [3, 0, 1, 0], 'remaining_budget': 2}
2025-12-08 14:54:11 - DEBUG - Pruned (budget_infeasible): {'depth': 2, 'child_type': 'right'}
2025-12-08 14:54:11 - DEBUG - Bound computed: 12.00 (ceil_knapsack_dp) at depth 2
2025-12-08 14:54:11 - DEBUG -   -> DP solution (remaining): 0.00
2025-12-08 14:54:11 - DEBUG -   -> Already committed: 12.00
2025-12-08 14:54:11 - DEBUG -   -> Verification: DP and IP match OK
2025-12-08 14:54:11 - WARNING - Bound computation failed: name 'ceil_time' is not defined
2025-12-08 14:54:11 - DEBUG - Node 71: {'depth': 3, 'occurrences': [3, 0, 1, 0], 'remaining_budget': 2}
2025-12-08 14:54:11 - DEBUG - Evaluated leaf node: makespan=12.0
2025-12-08 14:54:11 - DEBUG -   Node: {'depth': 3, 'occurrences': [3, 0, 1, 0], 'remaining_budget': 2}
2025-12-08 14:54:11 - DEBUG - Node 72: {'depth': 1, 'occurrences': [3, 1, 0, 0], 'remaining_budget': 3}
2025-12-08 14:54:11 - DEBUG - Bound computed: 10.00 (ceil_knapsack_dp) at depth 1
2025-12-08 14:54:11 - DEBUG -   -> DP solution (remaining): 0.00
2025-12-08 14:54:11 - DEBUG -   -> Already committed: 10.00
2025-12-08 14:54:11 - DEBUG -   -> Verification: DP and IP match OK
2025-12-08 14:54:11 - WARNING - Bound computation failed: name 'ceil_time' is not defined
2025-12-08 14:54:11 - DEBUG - Node 73: {'depth': 2, 'occurrences': [3, 1, 0, 0], 'remaining_budget': 3}
2025-12-08 14:54:11 - DEBUG - Pruned (budget_infeasible): {'depth': 2, 'child_type': 'right'}
2025-12-08 14:54:11 - DEBUG - Bound computed: 10.00 (ceil_knapsack_dp) at depth 2
2025-12-08 14:54:11 - DEBUG -   -> DP solution (remaining): 0.00
2025-12-08 14:54:11 - DEBUG -   -> Already committed: 10.00
2025-12-08 14:54:11 - DEBUG -   -> Verification: DP and IP match OK
2025-12-08 14:54:11 - WARNING - Bound computation failed: name 'ceil_time' is not defined
2025-12-08 14:54:11 - DEBUG - Node 74: {'depth': 3, 'occurrences': [3, 1, 0, 0], 'remaining_budget': 3}
2025-12-08 14:54:11 - DEBUG - Evaluated leaf node: makespan=10.0
2025-12-08 14:54:11 - DEBUG -   Node: {'depth': 3, 'occurrences': [3, 1, 0, 0], 'remaining_budget': 3}
2025-12-08 14:54:11 - DEBUG - Node 75: {'depth': 1, 'occurrences': [3, 2, 0, 0], 'remaining_budget': 0}
2025-12-08 14:54:11 - DEBUG - Pruned (budget_infeasible): {'depth': 1, 'child_type': 'right'}
2025-12-08 14:54:11 - DEBUG - Bound computed: 14.00 (ceil_knapsack_dp) at depth 1
2025-12-08 14:54:11 - DEBUG -   -> DP solution (remaining): 0.00
2025-12-08 14:54:11 - DEBUG -   -> Already committed: 14.00
2025-12-08 14:54:11 - DEBUG -   -> Verification: DP and IP match OK
2025-12-08 14:54:11 - WARNING - Bound computation failed: name 'ceil_time' is not defined
2025-12-08 14:54:11 - DEBUG - Node 76: {'depth': 2, 'occurrences': [3, 2, 0, 0], 'remaining_budget': 0}
2025-12-08 14:54:11 - DEBUG - Pruned (budget_infeasible): {'depth': 2, 'child_type': 'right'}
2025-12-08 14:54:11 - DEBUG - Bound computed: 14.00 (ceil_knapsack_dp) at depth 2
2025-12-08 14:54:11 - DEBUG -   -> DP solution (remaining): 0.00
2025-12-08 14:54:11 - DEBUG -   -> Already committed: 14.00
2025-12-08 14:54:11 - DEBUG -   -> Verification: DP and IP match OK
2025-12-08 14:54:11 - WARNING - Bound computation failed: name 'ceil_time' is not defined
2025-12-08 14:54:11 - DEBUG - Node 77: {'depth': 3, 'occurrences': [3, 2, 0, 0], 'remaining_budget': 0}
2025-12-08 14:54:11 - DEBUG - Evaluated leaf node: makespan=12.0
2025-12-08 14:54:11 - DEBUG -   Node: {'depth': 3, 'occurrences': [3, 2, 0, 0], 'remaining_budget': 0}
2025-12-08 14:54:11 - DEBUG - Node 78: {'depth': 0, 'occurrences': [4, 0, 0, 0], 'remaining_budget': 4}
2025-12-08 14:54:11 - DEBUG - Bound computed: 16.00 (ceil_knapsack_dp) at depth 0
2025-12-08 14:54:11 - DEBUG -   -> DP solution (remaining): 8.00
2025-12-08 14:54:11 - DEBUG -   -> Already committed: 8.00
2025-12-08 14:54:11 - DEBUG -   -> Verification: DP and IP match OK
2025-12-08 14:54:11 - WARNING - Bound computation failed: name 'ceil_time' is not defined
2025-12-08 14:54:11 - DEBUG - Node 79: {'depth': 1, 'occurrences': [4, 0, 0, 0], 'remaining_budget': 4}
2025-12-08 14:54:11 - DEBUG - Bound computed: 16.00 (ceil_knapsack_dp) at depth 1
2025-12-08 14:54:11 - DEBUG -   -> DP solution (remaining): 8.00
2025-12-08 14:54:11 - DEBUG -   -> Already committed: 8.00
2025-12-08 14:54:11 - DEBUG -   -> Verification: DP and IP match OK
2025-12-08 14:54:11 - WARNING - Bound computation failed: name 'ceil_time' is not defined
2025-12-08 14:54:11 - DEBUG - Node 80: {'depth': 2, 'occurrences': [4, 0, 0, 0], 'remaining_budget': 4}
2025-12-08 14:54:11 - DEBUG - Bound computed: 8.00 (ceil_knapsack_dp) at depth 2
2025-12-08 14:54:11 - DEBUG -   -> DP solution (remaining): 0.00
2025-12-08 14:54:11 - DEBUG -   -> Already committed: 8.00
2025-12-08 14:54:11 - DEBUG -   -> Verification: DP and IP match OK
2025-12-08 14:54:11 - WARNING - Bound computation failed: name 'ceil_time' is not defined
2025-12-08 14:54:11 - DEBUG - Node 81: {'depth': 3, 'occurrences': [4, 0, 0, 0], 'remaining_budget': 4}
2025-12-08 14:54:11 - DEBUG - Evaluated leaf node: makespan=8.0
2025-12-08 14:54:11 - DEBUG -   Node: {'depth': 3, 'occurrences': [4, 0, 0, 0], 'remaining_budget': 4}
2025-12-08 14:54:11 - DEBUG - Node 82: {'depth': 2, 'occurrences': [4, 0, 1, 0], 'remaining_budget': 0}
2025-12-08 14:54:11 - DEBUG - Pruned (budget_infeasible): {'depth': 2, 'child_type': 'right'}
2025-12-08 14:54:11 - DEBUG - Bound computed: 16.00 (ceil_knapsack_dp) at depth 2
2025-12-08 14:54:11 - DEBUG -   -> DP solution (remaining): 0.00
2025-12-08 14:54:11 - DEBUG -   -> Already committed: 16.00
2025-12-08 14:54:11 - DEBUG -   -> Verification: DP and IP match OK
2025-12-08 14:54:11 - WARNING - Bound computation failed: name 'ceil_time' is not defined
2025-12-08 14:54:11 - DEBUG - Node 83: {'depth': 3, 'occurrences': [4, 0, 1, 0], 'remaining_budget': 0}
2025-12-08 14:54:11 - DEBUG - Evaluated leaf node: makespan=12.0
2025-12-08 14:54:11 - DEBUG -   Node: {'depth': 3, 'occurrences': [4, 0, 1, 0], 'remaining_budget': 0}
2025-12-08 14:54:11 - DEBUG - Node 84: {'depth': 1, 'occurrences': [4, 1, 0, 0], 'remaining_budget': 1}
2025-12-08 14:54:11 - DEBUG - Pruned (budget_infeasible): {'depth': 1, 'child_type': 'right'}
2025-12-08 14:54:11 - DEBUG - Bound computed: 14.00 (ceil_knapsack_dp) at depth 1
2025-12-08 14:54:11 - DEBUG -   -> DP solution (remaining): 0.00
2025-12-08 14:54:11 - DEBUG -   -> Already committed: 14.00
2025-12-08 14:54:11 - DEBUG -   -> Verification: DP and IP match OK
2025-12-08 14:54:11 - WARNING - Bound computation failed: name 'ceil_time' is not defined
2025-12-08 14:54:11 - DEBUG - Node 85: {'depth': 2, 'occurrences': [4, 1, 0, 0], 'remaining_budget': 1}
2025-12-08 14:54:11 - DEBUG - Pruned (budget_infeasible): {'depth': 2, 'child_type': 'right'}
2025-12-08 14:54:11 - DEBUG - Bound computed: 14.00 (ceil_knapsack_dp) at depth 2
2025-12-08 14:54:11 - DEBUG -   -> DP solution (remaining): 0.00
2025-12-08 14:54:11 - DEBUG -   -> Already committed: 14.00
2025-12-08 14:54:11 - DEBUG -   -> Verification: DP and IP match OK
2025-12-08 14:54:11 - WARNING - Bound computation failed: name 'ceil_time' is not defined
2025-12-08 14:54:11 - DEBUG - Node 86: {'depth': 3, 'occurrences': [4, 1, 0, 0], 'remaining_budget': 1}
2025-12-08 14:54:11 - DEBUG - Evaluated leaf node: makespan=12.0
2025-12-08 14:54:11 - DEBUG -   Node: {'depth': 3, 'occurrences': [4, 1, 0, 0], 'remaining_budget': 1}
2025-12-08 14:54:11 - DEBUG - Node 87: {'depth': 0, 'occurrences': [5, 0, 0, 0], 'remaining_budget': 2}
2025-12-08 14:54:11 - DEBUG - Bound computed: 12.00 (ceil_knapsack_dp) at depth 0
2025-12-08 14:54:11 - DEBUG -   -> DP solution (remaining): 0.00
2025-12-08 14:54:11 - DEBUG -   -> Already committed: 12.00
2025-12-08 14:54:11 - DEBUG -   -> Verification: DP and IP match OK
2025-12-08 14:54:11 - WARNING - Bound computation failed: name 'ceil_time' is not defined
2025-12-08 14:54:11 - DEBUG - Node 88: {'depth': 1, 'occurrences': [5, 0, 0, 0], 'remaining_budget': 2}
2025-12-08 14:54:11 - DEBUG - Pruned (budget_infeasible): {'depth': 1, 'child_type': 'right'}
2025-12-08 14:54:11 - DEBUG - Bound computed: 12.00 (ceil_knapsack_dp) at depth 1
2025-12-08 14:54:11 - DEBUG -   -> DP solution (remaining): 0.00
2025-12-08 14:54:11 - DEBUG -   -> Already committed: 12.00
2025-12-08 14:54:11 - DEBUG -   -> Verification: DP and IP match OK
2025-12-08 14:54:11 - WARNING - Bound computation failed: name 'ceil_time' is not defined
2025-12-08 14:54:11 - DEBUG - Node 89: {'depth': 2, 'occurrences': [5, 0, 0, 0], 'remaining_budget': 2}
2025-12-08 14:54:11 - DEBUG - Pruned (budget_infeasible): {'depth': 2, 'child_type': 'right'}
2025-12-08 14:54:11 - DEBUG - Bound computed: 12.00 (ceil_knapsack_dp) at depth 2
2025-12-08 14:54:11 - DEBUG -   -> DP solution (remaining): 0.00
2025-12-08 14:54:11 - DEBUG -   -> Already committed: 12.00
2025-12-08 14:54:11 - DEBUG -   -> Verification: DP and IP match OK
2025-12-08 14:54:11 - WARNING - Bound computation failed: name 'ceil_time' is not defined
2025-12-08 14:54:11 - DEBUG - Node 90: {'depth': 3, 'occurrences': [5, 0, 0, 0], 'remaining_budget': 2}
2025-12-08 14:54:11 - DEBUG - Evaluated leaf node: makespan=12.0
2025-12-08 14:54:11 - DEBUG -   Node: {'depth': 3, 'occurrences': [5, 0, 0, 0], 'remaining_budget': 2}
2025-12-08 14:54:11 - DEBUG - Node 91: {'depth': 0, 'occurrences': [6, 0, 0, 0], 'remaining_budget': 0}
2025-12-08 14:54:11 - DEBUG - Pruned (budget_infeasible): {'depth': 0, 'child_type': 'right'}
2025-12-08 14:54:11 - DEBUG - Bound computed: 12.00 (ceil_knapsack_dp) at depth 0
2025-12-08 14:54:11 - DEBUG -   -> DP solution (remaining): 0.00
2025-12-08 14:54:11 - DEBUG -   -> Already committed: 12.00
2025-12-08 14:54:11 - DEBUG -   -> Verification: DP and IP match OK
2025-12-08 14:54:11 - WARNING - Bound computation failed: name 'ceil_time' is not defined
2025-12-08 14:54:11 - DEBUG - Node 92: {'depth': 1, 'occurrences': [6, 0, 0, 0], 'remaining_budget': 0}
2025-12-08 14:54:11 - DEBUG - Pruned (budget_infeasible): {'depth': 1, 'child_type': 'right'}
2025-12-08 14:54:11 - DEBUG - Bound computed: 12.00 (ceil_knapsack_dp) at depth 1
2025-12-08 14:54:11 - DEBUG -   -> DP solution (remaining): 0.00
2025-12-08 14:54:11 - DEBUG -   -> Already committed: 12.00
2025-12-08 14:54:11 - DEBUG -   -> Verification: DP and IP match OK
2025-12-08 14:54:11 - WARNING - Bound computation failed: name 'ceil_time' is not defined
2025-12-08 14:54:11 - DEBUG - Node 93: {'depth': 2, 'occurrences': [6, 0, 0, 0], 'remaining_budget': 0}
2025-12-08 14:54:11 - DEBUG - Pruned (budget_infeasible): {'depth': 2, 'child_type': 'right'}
2025-12-08 14:54:11 - DEBUG - Bound computed: 12.00 (ceil_knapsack_dp) at depth 2
2025-12-08 14:54:11 - DEBUG -   -> DP solution (remaining): 0.00
2025-12-08 14:54:11 - DEBUG -   -> Already committed: 12.00
2025-12-08 14:54:11 - DEBUG -   -> Verification: DP and IP match OK
2025-12-08 14:54:11 - WARNING - Bound computation failed: name 'ceil_time' is not defined
2025-12-08 14:54:11 - DEBUG - Node 94: {'depth': 3, 'occurrences': [6, 0, 0, 0], 'remaining_budget': 0}
2025-12-08 14:54:11 - DEBUG - Evaluated leaf node: makespan=12.0
2025-12-08 14:54:11 - DEBUG -   Node: {'depth': 3, 'occurrences': [6, 0, 0, 0], 'remaining_budget': 0}
2025-12-08 14:54:11 - INFO - Computing final schedule for best solution...
2025-12-08 14:54:11 - INFO - Metrics saved to: C:\Users\oleda\.vscode\Solving stuff with Gurobi\logs\Uniform Ratios_20251208_145411_metrics.json
2025-12-08 14:54:11 - INFO - ============================================================
2025-12-08 14:54:11 - INFO - Branch-and-bound completed
2025-12-08 14:54:11 - INFO - Total runtime: 0.029 seconds
2025-12-08 14:54:11 - INFO - Nodes explored: 94
2025-12-08 14:54:11 - INFO - Nodes pruned: 27
2025-12-08 14:54:11 - INFO - Nodes evaluated: 34
2025-12-08 14:54:11 - INFO - Pruning rate: 28.72%
2025-12-08 14:54:11 - INFO - ============================================================

======================================================================
ENUMERATION COMPARISON
======================================================================
BnB nodes explored: 94
Enumeration nodes evaluated: 46
Ratio (BnB/Enum): 2.04x
Enumeration makespan: 16.0
BnB makespan: 16.0
Match: YES
======================================================================
