2025-12-08 14:56:53 - INFO - Initialized logger for instance: Uniform Ratios
2025-12-08 14:56:53 - INFO - Run ID: Uniform Ratios_20251208_145653
2025-12-08 14:56:53 - INFO - ============================================================
2025-12-08 14:56:53 - INFO - Starting branch-and-bound solver
2025-12-08 14:56:53 - INFO - Problem: {'n_job_types': 4, 'machines': 2, 'budget': 12, 'prices': [2, 3, 4, 5], 'durations': [4, 6, 8, 10], 'max_nodes': 100000}
2025-12-08 14:56:53 - INFO - ============================================================
2025-12-08 14:56:53 - INFO - Computing initial heuristic solution...
2025-12-08 14:56:53 - INFO - ==================================================
2025-12-08 14:56:53 - INFO - NEW INCUMBENT: 12.0
2025-12-08 14:56:53 - INFO - Selection: [6, 0, 0, 0]
2025-12-08 14:56:53 - INFO - Found at node: 0
2025-12-08 14:56:53 - INFO - ==================================================
2025-12-08 14:56:53 - INFO - Starting branch-and-bound with max_nodes=100000
2025-12-08 14:56:53 - INFO - Initializing CeilKnapsackSolver with reversed item order...
2025-12-08 14:56:53 - INFO - CeilKnapsackSolver initialized successfully
2025-12-08 14:56:53 - DEBUG - Node 1: {'depth': 0, 'occurrences': [0, 0, 0, 0], 'remaining_budget': 12}
2025-12-08 14:56:53 - DEBUG - Bound computed: 24.00 (ceil_knapsack_dp) at depth 0
2025-12-08 14:56:53 - DEBUG -   -> DP solution (remaining): 24.00
2025-12-08 14:56:53 - DEBUG -   -> Already committed: 0.00
2025-12-08 14:56:53 - DEBUG - Node 2: {'depth': 1, 'occurrences': [0, 0, 0, 0], 'remaining_budget': 12}
2025-12-08 14:56:53 - DEBUG - Bound computed: 18.00 (ceil_knapsack_dp) at depth 1
2025-12-08 14:56:53 - DEBUG -   -> DP solution (remaining): 18.00
2025-12-08 14:56:53 - DEBUG -   -> Already committed: 0.00
2025-12-08 14:56:53 - DEBUG - Node 3: {'depth': 2, 'occurrences': [0, 0, 0, 0], 'remaining_budget': 12}
2025-12-08 14:56:53 - DEBUG - Bound computed: 10.00 (ceil_knapsack_dp) at depth 2
2025-12-08 14:56:53 - DEBUG -   -> DP solution (remaining): 10.00
2025-12-08 14:56:53 - DEBUG -   -> Already committed: 0.00
2025-12-08 14:56:53 - DEBUG - Pruned (bound_dominated): {'depth': 2, 'occurrences': [0, 0, 0, 0], 'remaining_budget': 12}
2025-12-08 14:56:53 - DEBUG - Node 4: {'depth': 2, 'occurrences': [0, 0, 1, 0], 'remaining_budget': 8}
2025-12-08 14:56:53 - DEBUG - Bound computed: 18.00 (ceil_knapsack_dp) at depth 2
2025-12-08 14:56:53 - DEBUG -   -> DP solution (remaining): 10.00
2025-12-08 14:56:53 - DEBUG -   -> Already committed: 8.00
2025-12-08 14:56:53 - DEBUG - Node 5: {'depth': 3, 'occurrences': [0, 0, 1, 0], 'remaining_budget': 8}
2025-12-08 14:56:53 - DEBUG - Evaluated leaf node: makespan=8.0
2025-12-08 14:56:53 - DEBUG -   Node: {'depth': 3, 'occurrences': [0, 0, 1, 0], 'remaining_budget': 8}
2025-12-08 14:56:53 - DEBUG - Node 6: {'depth': 2, 'occurrences': [0, 0, 2, 0], 'remaining_budget': 4}
2025-12-08 14:56:53 - DEBUG - Bound computed: 8.00 (ceil_knapsack_dp) at depth 2
2025-12-08 14:56:53 - DEBUG -   -> DP solution (remaining): 0.00
2025-12-08 14:56:53 - DEBUG -   -> Already committed: 8.00
2025-12-08 14:56:53 - DEBUG - Pruned (bound_dominated): {'depth': 2, 'occurrences': [0, 0, 2, 0], 'remaining_budget': 4}
2025-12-08 14:56:53 - DEBUG - Node 7: {'depth': 2, 'occurrences': [0, 0, 3, 0], 'remaining_budget': 0}
2025-12-08 14:56:53 - DEBUG - Pruned (budget_infeasible): {'depth': 2, 'child_type': 'right'}
2025-12-08 14:56:53 - DEBUG - Bound computed: 16.00 (ceil_knapsack_dp) at depth 2
2025-12-08 14:56:53 - DEBUG -   -> DP solution (remaining): 0.00
2025-12-08 14:56:53 - DEBUG -   -> Already committed: 16.00
2025-12-08 14:56:53 - DEBUG - Node 8: {'depth': 3, 'occurrences': [0, 0, 3, 0], 'remaining_budget': 0}
2025-12-08 14:56:53 - DEBUG - Evaluated leaf node: makespan=16.0
2025-12-08 14:56:53 - DEBUG -   Node: {'depth': 3, 'occurrences': [0, 0, 3, 0], 'remaining_budget': 0}
2025-12-08 14:56:53 - INFO - ==================================================
2025-12-08 14:56:53 - INFO - NEW INCUMBENT: 16.0
2025-12-08 14:56:53 - INFO - Selection: [0, 0, 3, 0]
2025-12-08 14:56:53 - INFO - Found at node: 8
2025-12-08 14:56:53 - INFO - ==================================================
2025-12-08 14:56:53 - DEBUG - Node 9: {'depth': 1, 'occurrences': [0, 1, 0, 0], 'remaining_budget': 9}
2025-12-08 14:56:53 - DEBUG - Bound computed: 24.00 (ceil_knapsack_dp) at depth 1
2025-12-08 14:56:53 - DEBUG -   -> DP solution (remaining): 18.00
2025-12-08 14:56:53 - DEBUG -   -> Already committed: 6.00
2025-12-08 14:56:53 - DEBUG - Node 10: {'depth': 2, 'occurrences': [0, 1, 0, 0], 'remaining_budget': 9}
2025-12-08 14:56:53 - DEBUG - Bound computed: 16.00 (ceil_knapsack_dp) at depth 2
2025-12-08 14:56:53 - DEBUG -   -> DP solution (remaining): 10.00
2025-12-08 14:56:53 - DEBUG -   -> Already committed: 6.00
2025-12-08 14:56:53 - DEBUG - Pruned (bound_dominated): {'depth': 2, 'occurrences': [0, 1, 0, 0], 'remaining_budget': 9}
2025-12-08 14:56:53 - DEBUG - Node 11: {'depth': 2, 'occurrences': [0, 1, 1, 0], 'remaining_budget': 5}
2025-12-08 14:56:53 - DEBUG - Bound computed: 18.00 (ceil_knapsack_dp) at depth 2
2025-12-08 14:56:53 - DEBUG -   -> DP solution (remaining): 10.00
2025-12-08 14:56:53 - DEBUG -   -> Already committed: 8.00
2025-12-08 14:56:53 - DEBUG - Node 12: {'depth': 3, 'occurrences': [0, 1, 1, 0], 'remaining_budget': 5}
2025-12-08 14:56:53 - DEBUG - Evaluated leaf node: makespan=8.0
2025-12-08 14:56:53 - DEBUG -   Node: {'depth': 3, 'occurrences': [0, 1, 1, 0], 'remaining_budget': 5}
2025-12-08 14:56:53 - DEBUG - Node 13: {'depth': 2, 'occurrences': [0, 1, 2, 0], 'remaining_budget': 1}
2025-12-08 14:56:53 - DEBUG - Pruned (budget_infeasible): {'depth': 2, 'child_type': 'right'}
2025-12-08 14:56:53 - DEBUG - Bound computed: 14.00 (ceil_knapsack_dp) at depth 2
2025-12-08 14:56:53 - DEBUG -   -> DP solution (remaining): 0.00
2025-12-08 14:56:53 - DEBUG -   -> Already committed: 14.00
2025-12-08 14:56:53 - DEBUG - Pruned (bound_dominated): {'depth': 2, 'occurrences': [0, 1, 2, 0], 'remaining_budget': 1}
2025-12-08 14:56:53 - DEBUG - Node 14: {'depth': 1, 'occurrences': [0, 2, 0, 0], 'remaining_budget': 6}
2025-12-08 14:56:53 - DEBUG - Bound computed: 16.00 (ceil_knapsack_dp) at depth 1
2025-12-08 14:56:53 - DEBUG -   -> DP solution (remaining): 10.00
2025-12-08 14:56:53 - DEBUG -   -> Already committed: 6.00
2025-12-08 14:56:53 - DEBUG - Pruned (bound_dominated): {'depth': 1, 'occurrences': [0, 2, 0, 0], 'remaining_budget': 6}
2025-12-08 14:56:53 - DEBUG - Node 15: {'depth': 1, 'occurrences': [0, 3, 0, 0], 'remaining_budget': 3}
2025-12-08 14:56:53 - DEBUG - Bound computed: 12.00 (ceil_knapsack_dp) at depth 1
2025-12-08 14:56:53 - DEBUG -   -> DP solution (remaining): 0.00
2025-12-08 14:56:53 - DEBUG -   -> Already committed: 12.00
2025-12-08 14:56:53 - DEBUG - Pruned (bound_dominated): {'depth': 1, 'occurrences': [0, 3, 0, 0], 'remaining_budget': 3}
2025-12-08 14:56:53 - DEBUG - Node 16: {'depth': 1, 'occurrences': [0, 4, 0, 0], 'remaining_budget': 0}
2025-12-08 14:56:53 - DEBUG - Pruned (budget_infeasible): {'depth': 1, 'child_type': 'right'}
2025-12-08 14:56:53 - DEBUG - Bound computed: 12.00 (ceil_knapsack_dp) at depth 1
2025-12-08 14:56:53 - DEBUG -   -> DP solution (remaining): 0.00
2025-12-08 14:56:53 - DEBUG -   -> Already committed: 12.00
2025-12-08 14:56:53 - DEBUG - Pruned (bound_dominated): {'depth': 1, 'occurrences': [0, 4, 0, 0], 'remaining_budget': 0}
2025-12-08 14:56:53 - DEBUG - Node 17: {'depth': 0, 'occurrences': [1, 0, 0, 0], 'remaining_budget': 10}
2025-12-08 14:56:53 - DEBUG - Bound computed: 22.00 (ceil_knapsack_dp) at depth 0
2025-12-08 14:56:53 - DEBUG -   -> DP solution (remaining): 18.00
2025-12-08 14:56:53 - DEBUG -   -> Already committed: 4.00
2025-12-08 14:56:53 - DEBUG - Node 18: {'depth': 1, 'occurrences': [1, 0, 0, 0], 'remaining_budget': 10}
2025-12-08 14:56:53 - DEBUG - Bound computed: 22.00 (ceil_knapsack_dp) at depth 1
2025-12-08 14:56:53 - DEBUG -   -> DP solution (remaining): 18.00
2025-12-08 14:56:53 - DEBUG -   -> Already committed: 4.00
2025-12-08 14:56:53 - DEBUG - Node 19: {'depth': 2, 'occurrences': [1, 0, 0, 0], 'remaining_budget': 10}
2025-12-08 14:56:53 - DEBUG - Bound computed: 14.00 (ceil_knapsack_dp) at depth 2
2025-12-08 14:56:53 - DEBUG -   -> DP solution (remaining): 10.00
2025-12-08 14:56:53 - DEBUG -   -> Already committed: 4.00
2025-12-08 14:56:53 - DEBUG - Pruned (bound_dominated): {'depth': 2, 'occurrences': [1, 0, 0, 0], 'remaining_budget': 10}
2025-12-08 14:56:53 - DEBUG - Node 20: {'depth': 2, 'occurrences': [1, 0, 1, 0], 'remaining_budget': 6}
2025-12-08 14:56:53 - DEBUG - Bound computed: 18.00 (ceil_knapsack_dp) at depth 2
2025-12-08 14:56:53 - DEBUG -   -> DP solution (remaining): 10.00
2025-12-08 14:56:53 - DEBUG -   -> Already committed: 8.00
2025-12-08 14:56:53 - DEBUG - Node 21: {'depth': 3, 'occurrences': [1, 0, 1, 0], 'remaining_budget': 6}
2025-12-08 14:56:53 - DEBUG - Evaluated leaf node: makespan=8.0
2025-12-08 14:56:53 - DEBUG -   Node: {'depth': 3, 'occurrences': [1, 0, 1, 0], 'remaining_budget': 6}
2025-12-08 14:56:53 - DEBUG - Node 22: {'depth': 2, 'occurrences': [1, 0, 2, 0], 'remaining_budget': 2}
2025-12-08 14:56:53 - DEBUG - Pruned (budget_infeasible): {'depth': 2, 'child_type': 'right'}
2025-12-08 14:56:53 - DEBUG - Bound computed: 12.00 (ceil_knapsack_dp) at depth 2
2025-12-08 14:56:53 - DEBUG -   -> DP solution (remaining): 0.00
2025-12-08 14:56:53 - DEBUG -   -> Already committed: 12.00
2025-12-08 14:56:53 - DEBUG - Pruned (bound_dominated): {'depth': 2, 'occurrences': [1, 0, 2, 0], 'remaining_budget': 2}
2025-12-08 14:56:53 - DEBUG - Node 23: {'depth': 1, 'occurrences': [1, 1, 0, 0], 'remaining_budget': 7}
2025-12-08 14:56:53 - DEBUG - Bound computed: 16.00 (ceil_knapsack_dp) at depth 1
2025-12-08 14:56:53 - DEBUG -   -> DP solution (remaining): 10.00
2025-12-08 14:56:53 - DEBUG -   -> Already committed: 6.00
2025-12-08 14:56:53 - DEBUG - Pruned (bound_dominated): {'depth': 1, 'occurrences': [1, 1, 0, 0], 'remaining_budget': 7}
2025-12-08 14:56:53 - DEBUG - Node 24: {'depth': 1, 'occurrences': [1, 2, 0, 0], 'remaining_budget': 4}
2025-12-08 14:56:53 - DEBUG - Bound computed: 18.00 (ceil_knapsack_dp) at depth 1
2025-12-08 14:56:53 - DEBUG -   -> DP solution (remaining): 8.00
2025-12-08 14:56:53 - DEBUG -   -> Already committed: 10.00
2025-12-08 14:56:53 - DEBUG - Node 25: {'depth': 2, 'occurrences': [1, 2, 0, 0], 'remaining_budget': 4}
2025-12-08 14:56:53 - DEBUG - Bound computed: 10.00 (ceil_knapsack_dp) at depth 2
2025-12-08 14:56:53 - DEBUG -   -> DP solution (remaining): 0.00
2025-12-08 14:56:53 - DEBUG -   -> Already committed: 10.00
2025-12-08 14:56:53 - DEBUG - Pruned (bound_dominated): {'depth': 2, 'occurrences': [1, 2, 0, 0], 'remaining_budget': 4}
2025-12-08 14:56:53 - DEBUG - Node 26: {'depth': 2, 'occurrences': [1, 2, 1, 0], 'remaining_budget': 0}
2025-12-08 14:56:53 - DEBUG - Pruned (budget_infeasible): {'depth': 2, 'child_type': 'right'}
2025-12-08 14:56:53 - DEBUG - Bound computed: 14.00 (ceil_knapsack_dp) at depth 2
2025-12-08 14:56:53 - DEBUG -   -> DP solution (remaining): 0.00
2025-12-08 14:56:53 - DEBUG -   -> Already committed: 14.00
2025-12-08 14:56:53 - DEBUG - Pruned (bound_dominated): {'depth': 2, 'occurrences': [1, 2, 1, 0], 'remaining_budget': 0}
2025-12-08 14:56:53 - DEBUG - Node 27: {'depth': 1, 'occurrences': [1, 3, 0, 0], 'remaining_budget': 1}
2025-12-08 14:56:53 - DEBUG - Pruned (budget_infeasible): {'depth': 1, 'child_type': 'right'}
2025-12-08 14:56:53 - DEBUG - Bound computed: 12.00 (ceil_knapsack_dp) at depth 1
2025-12-08 14:56:53 - DEBUG -   -> DP solution (remaining): 0.00
2025-12-08 14:56:53 - DEBUG -   -> Already committed: 12.00
2025-12-08 14:56:53 - DEBUG - Pruned (bound_dominated): {'depth': 1, 'occurrences': [1, 3, 0, 0], 'remaining_budget': 1}
2025-12-08 14:56:53 - DEBUG - Node 28: {'depth': 0, 'occurrences': [2, 0, 0, 0], 'remaining_budget': 8}
2025-12-08 14:56:53 - DEBUG - Bound computed: 20.00 (ceil_knapsack_dp) at depth 0
2025-12-08 14:56:53 - DEBUG -   -> DP solution (remaining): 16.00
2025-12-08 14:56:53 - DEBUG -   -> Already committed: 4.00
2025-12-08 14:56:53 - DEBUG - Node 29: {'depth': 1, 'occurrences': [2, 0, 0, 0], 'remaining_budget': 8}
2025-12-08 14:56:53 - DEBUG - Bound computed: 14.00 (ceil_knapsack_dp) at depth 1
2025-12-08 14:56:53 - DEBUG -   -> DP solution (remaining): 10.00
2025-12-08 14:56:53 - DEBUG -   -> Already committed: 4.00
2025-12-08 14:56:53 - DEBUG - Pruned (bound_dominated): {'depth': 1, 'occurrences': [2, 0, 0, 0], 'remaining_budget': 8}
2025-12-08 14:56:53 - DEBUG - Node 30: {'depth': 1, 'occurrences': [2, 1, 0, 0], 'remaining_budget': 5}
2025-12-08 14:56:53 - DEBUG - Bound computed: 20.00 (ceil_knapsack_dp) at depth 1
2025-12-08 14:56:53 - DEBUG -   -> DP solution (remaining): 10.00
2025-12-08 14:56:53 - DEBUG -   -> Already committed: 10.00
2025-12-08 14:56:53 - DEBUG - Node 31: {'depth': 2, 'occurrences': [2, 1, 0, 0], 'remaining_budget': 5}
2025-12-08 14:56:53 - DEBUG - Bound computed: 20.00 (ceil_knapsack_dp) at depth 2
2025-12-08 14:56:53 - DEBUG -   -> DP solution (remaining): 10.00
2025-12-08 14:56:53 - DEBUG -   -> Already committed: 10.00
2025-12-08 14:56:53 - DEBUG - Node 32: {'depth': 3, 'occurrences': [2, 1, 0, 0], 'remaining_budget': 5}
2025-12-08 14:56:53 - DEBUG - Evaluated leaf node: makespan=8.0
2025-12-08 14:56:53 - DEBUG -   Node: {'depth': 3, 'occurrences': [2, 1, 0, 0], 'remaining_budget': 5}
2025-12-08 14:56:53 - DEBUG - Node 33: {'depth': 2, 'occurrences': [2, 1, 1, 0], 'remaining_budget': 1}
2025-12-08 14:56:53 - DEBUG - Pruned (budget_infeasible): {'depth': 2, 'child_type': 'right'}
2025-12-08 14:56:53 - DEBUG - Bound computed: 12.00 (ceil_knapsack_dp) at depth 2
2025-12-08 14:56:53 - DEBUG -   -> DP solution (remaining): 0.00
2025-12-08 14:56:53 - DEBUG -   -> Already committed: 12.00
2025-12-08 14:56:53 - DEBUG - Pruned (bound_dominated): {'depth': 2, 'occurrences': [2, 1, 1, 0], 'remaining_budget': 1}
2025-12-08 14:56:53 - DEBUG - Node 34: {'depth': 1, 'occurrences': [2, 2, 0, 0], 'remaining_budget': 2}
2025-12-08 14:56:53 - DEBUG - Pruned (budget_infeasible): {'depth': 1, 'child_type': 'right'}
2025-12-08 14:56:53 - DEBUG - Bound computed: 10.00 (ceil_knapsack_dp) at depth 1
2025-12-08 14:56:53 - DEBUG -   -> DP solution (remaining): 0.00
2025-12-08 14:56:53 - DEBUG -   -> Already committed: 10.00
2025-12-08 14:56:53 - DEBUG - Pruned (bound_dominated): {'depth': 1, 'occurrences': [2, 2, 0, 0], 'remaining_budget': 2}
2025-12-08 14:56:53 - DEBUG - Node 35: {'depth': 0, 'occurrences': [3, 0, 0, 0], 'remaining_budget': 6}
2025-12-08 14:56:53 - DEBUG - Bound computed: 18.00 (ceil_knapsack_dp) at depth 0
2025-12-08 14:56:53 - DEBUG -   -> DP solution (remaining): 10.00
2025-12-08 14:56:53 - DEBUG -   -> Already committed: 8.00
2025-12-08 14:56:53 - DEBUG - Node 36: {'depth': 1, 'occurrences': [3, 0, 0, 0], 'remaining_budget': 6}
2025-12-08 14:56:53 - DEBUG - Bound computed: 18.00 (ceil_knapsack_dp) at depth 1
2025-12-08 14:56:53 - DEBUG -   -> DP solution (remaining): 10.00
2025-12-08 14:56:53 - DEBUG -   -> Already committed: 8.00
2025-12-08 14:56:53 - DEBUG - Node 37: {'depth': 2, 'occurrences': [3, 0, 0, 0], 'remaining_budget': 6}
2025-12-08 14:56:53 - DEBUG - Bound computed: 18.00 (ceil_knapsack_dp) at depth 2
2025-12-08 14:56:53 - DEBUG -   -> DP solution (remaining): 10.00
2025-12-08 14:56:53 - DEBUG -   -> Already committed: 8.00
2025-12-08 14:56:53 - DEBUG - Node 38: {'depth': 3, 'occurrences': [3, 0, 0, 0], 'remaining_budget': 6}
2025-12-08 14:56:53 - DEBUG - Evaluated leaf node: makespan=8.0
2025-12-08 14:56:53 - DEBUG -   Node: {'depth': 3, 'occurrences': [3, 0, 0, 0], 'remaining_budget': 6}
2025-12-08 14:56:53 - DEBUG - Node 39: {'depth': 2, 'occurrences': [3, 0, 1, 0], 'remaining_budget': 2}
2025-12-08 14:56:53 - DEBUG - Pruned (budget_infeasible): {'depth': 2, 'child_type': 'right'}
2025-12-08 14:56:53 - DEBUG - Bound computed: 12.00 (ceil_knapsack_dp) at depth 2
2025-12-08 14:56:53 - DEBUG -   -> DP solution (remaining): 0.00
2025-12-08 14:56:53 - DEBUG -   -> Already committed: 12.00
2025-12-08 14:56:53 - DEBUG - Pruned (bound_dominated): {'depth': 2, 'occurrences': [3, 0, 1, 0], 'remaining_budget': 2}
2025-12-08 14:56:53 - DEBUG - Node 40: {'depth': 1, 'occurrences': [3, 1, 0, 0], 'remaining_budget': 3}
2025-12-08 14:56:53 - DEBUG - Bound computed: 10.00 (ceil_knapsack_dp) at depth 1
2025-12-08 14:56:53 - DEBUG -   -> DP solution (remaining): 0.00
2025-12-08 14:56:53 - DEBUG -   -> Already committed: 10.00
2025-12-08 14:56:53 - DEBUG - Pruned (bound_dominated): {'depth': 1, 'occurrences': [3, 1, 0, 0], 'remaining_budget': 3}
2025-12-08 14:56:53 - DEBUG - Node 41: {'depth': 1, 'occurrences': [3, 2, 0, 0], 'remaining_budget': 0}
2025-12-08 14:56:53 - DEBUG - Pruned (budget_infeasible): {'depth': 1, 'child_type': 'right'}
2025-12-08 14:56:53 - DEBUG - Bound computed: 14.00 (ceil_knapsack_dp) at depth 1
2025-12-08 14:56:53 - DEBUG -   -> DP solution (remaining): 0.00
2025-12-08 14:56:53 - DEBUG -   -> Already committed: 14.00
2025-12-08 14:56:53 - DEBUG - Pruned (bound_dominated): {'depth': 1, 'occurrences': [3, 2, 0, 0], 'remaining_budget': 0}
2025-12-08 14:56:53 - DEBUG - Node 42: {'depth': 0, 'occurrences': [4, 0, 0, 0], 'remaining_budget': 4}
2025-12-08 14:56:53 - DEBUG - Bound computed: 16.00 (ceil_knapsack_dp) at depth 0
2025-12-08 14:56:53 - DEBUG -   -> DP solution (remaining): 8.00
2025-12-08 14:56:53 - DEBUG -   -> Already committed: 8.00
2025-12-08 14:56:53 - DEBUG - Pruned (bound_dominated): {'depth': 0, 'occurrences': [4, 0, 0, 0], 'remaining_budget': 4}
2025-12-08 14:56:53 - DEBUG - Node 43: {'depth': 0, 'occurrences': [5, 0, 0, 0], 'remaining_budget': 2}
2025-12-08 14:56:53 - DEBUG - Bound computed: 12.00 (ceil_knapsack_dp) at depth 0
2025-12-08 14:56:53 - DEBUG -   -> DP solution (remaining): 0.00
2025-12-08 14:56:53 - DEBUG -   -> Already committed: 12.00
2025-12-08 14:56:53 - DEBUG - Pruned (bound_dominated): {'depth': 0, 'occurrences': [5, 0, 0, 0], 'remaining_budget': 2}
2025-12-08 14:56:53 - DEBUG - Node 44: {'depth': 0, 'occurrences': [6, 0, 0, 0], 'remaining_budget': 0}
2025-12-08 14:56:53 - DEBUG - Pruned (budget_infeasible): {'depth': 0, 'child_type': 'right'}
2025-12-08 14:56:53 - DEBUG - Bound computed: 12.00 (ceil_knapsack_dp) at depth 0
2025-12-08 14:56:53 - DEBUG -   -> DP solution (remaining): 0.00
2025-12-08 14:56:53 - DEBUG -   -> Already committed: 12.00
2025-12-08 14:56:53 - DEBUG - Pruned (bound_dominated): {'depth': 0, 'occurrences': [6, 0, 0, 0], 'remaining_budget': 0}
2025-12-08 14:56:53 - INFO - Computing final schedule for best solution...
2025-12-08 14:56:53 - INFO - Metrics saved to: C:\Users\oleda\.vscode\Solving stuff with Gurobi\logs\Uniform Ratios_20251208_145653_metrics.json
2025-12-08 14:56:53 - INFO - ============================================================
2025-12-08 14:56:53 - INFO - Branch-and-bound completed
2025-12-08 14:56:53 - INFO - Total runtime: 0.008 seconds
2025-12-08 14:56:53 - INFO - Nodes explored: 44
2025-12-08 14:56:53 - INFO - Nodes pruned: 33
2025-12-08 14:56:53 - INFO - Nodes evaluated: 6
2025-12-08 14:56:53 - INFO - Pruning rate: 75.00%
2025-12-08 14:56:53 - INFO - ============================================================

======================================================================
ENUMERATION COMPARISON
======================================================================
BnB nodes explored: 44
Enumeration nodes evaluated: 46
Ratio (BnB/Enum): 0.96x
Enumeration makespan: 16.0
BnB makespan: 16.0
Match: YES
======================================================================
