2025-12-11 10:44:03 - INFO - Initialized logger for instance: Uniform Ratios
2025-12-11 10:44:03 - INFO - Run ID: Uniform Ratios_20251211_104403
2025-12-11 10:44:03 - INFO - ============================================================
2025-12-11 10:44:03 - INFO - Starting branch-and-bound solver
2025-12-11 10:44:03 - INFO - Problem: {'n_job_types': 4, 'machines': 2, 'budget': 12, 'prices': [2, 3, 4, 5], 'durations': [4, 6, 8, 10], 'max_nodes': 100000}
2025-12-11 10:44:03 - INFO - ============================================================
2025-12-11 10:44:03 - INFO - Computing initial heuristic solution...
2025-12-11 10:44:03 - INFO - ==================================================
2025-12-11 10:44:03 - INFO - NEW INCUMBENT: 12.0
2025-12-11 10:44:03 - INFO - Selection: [6, 0, 0, 0]
2025-12-11 10:44:03 - INFO - Found at node: 0
2025-12-11 10:44:03 - INFO - ==================================================
2025-12-11 10:44:03 - INFO - Initializing CeilKnapsackSolver with reversed item order...
2025-12-11 10:44:03 - INFO - CeilKnapsackSolver initialized successfully
2025-12-11 10:44:03 - INFO - Starting branch-and-bound with max_nodes=100000
2025-12-11 10:44:03 - DEBUG - Node 1: {'depth': 0, 'occurrences': [6, 0, 0, 0], 'remaining_budget': 0, 'node_type': 'root'}
2025-12-11 10:44:03 - DEBUG - Pruned by budget_infeasible at node 1
2025-12-11 10:44:03 - DEBUG - Bound: 12.00 (ceil_knapsack_dp) = remaining 0.00 + committed 12.00 at depth 0
2025-12-11 10:44:03 - DEBUG - Pruned by bound_dominated at node 1
2025-12-11 10:44:03 - DEBUG - Node 2: {'depth': 0, 'occurrences': [5, 0, 0, 0], 'remaining_budget': 2, 'node_type': 'left'}
2025-12-11 10:44:03 - DEBUG - Bound: 12.00 (ceil_knapsack_dp) = remaining 0.00 + committed 12.00 at depth 0
2025-12-11 10:44:03 - DEBUG - Pruned by bound_dominated at node 2
2025-12-11 10:44:03 - DEBUG - Node 3: {'depth': 0, 'occurrences': [4, 0, 0, 0], 'remaining_budget': 4, 'node_type': 'left'}
2025-12-11 10:44:03 - DEBUG - Bound: 16.00 (ceil_knapsack_dp) = remaining 8.00 + committed 8.00 at depth 0
2025-12-11 10:44:03 - DEBUG - Node 4: {'depth': 1, 'occurrences': [4, 0, 0, 0], 'remaining_budget': 4, 'node_type': 'root'}
2025-12-11 10:44:03 - DEBUG - Bound: 16.00 (ceil_knapsack_dp) = remaining 8.00 + committed 8.00 at depth 1
2025-12-11 10:44:03 - DEBUG - Node 5: {'depth': 2, 'occurrences': [4, 0, 0, 0], 'remaining_budget': 4, 'node_type': 'root'}
2025-12-11 10:44:03 - DEBUG - Bound: 8.00 (ceil_knapsack_dp) = remaining 0.00 + committed 8.00 at depth 2
2025-12-11 10:44:03 - DEBUG - Pruned by bound_dominated at node 5
2025-12-11 10:44:03 - DEBUG - Node 6: {'depth': 2, 'occurrences': [4, 0, 1, 0], 'remaining_budget': 0, 'node_type': 'right'}
2025-12-11 10:44:03 - DEBUG - Pruned by budget_infeasible at node 6
2025-12-11 10:44:03 - DEBUG - Bound: 16.00 (ceil_knapsack_dp) = remaining 0.00 + committed 16.00 at depth 2
2025-12-11 10:44:03 - DEBUG - Node 7: {'depth': 3, 'occurrences': [4, 0, 1, 0], 'remaining_budget': 0, 'node_type': 'root'}
2025-12-11 10:44:03 - DEBUG - Pruned by budget_infeasible at node 7
2025-12-11 10:44:03 - DEBUG - Evaluated leaf node: makespan=12.0
2025-12-11 10:44:03 - DEBUG -   Node: {'depth': 3, 'occurrences': [4, 0, 1, 0], 'remaining_budget': 0, 'node_type': 'root'}
2025-12-11 10:44:03 - DEBUG - Node 8: {'depth': 1, 'occurrences': [4, 1, 0, 0], 'remaining_budget': 1, 'node_type': 'right'}
2025-12-11 10:44:03 - DEBUG - Pruned by budget_infeasible at node 8
2025-12-11 10:44:03 - DEBUG - Bound: 14.00 (ceil_knapsack_dp) = remaining 0.00 + committed 14.00 at depth 1
2025-12-11 10:44:03 - DEBUG - Node 9: {'depth': 2, 'occurrences': [4, 1, 0, 0], 'remaining_budget': 1, 'node_type': 'root'}
2025-12-11 10:44:03 - DEBUG - Pruned by budget_infeasible at node 9
2025-12-11 10:44:03 - DEBUG - Bound: 14.00 (ceil_knapsack_dp) = remaining 0.00 + committed 14.00 at depth 2
2025-12-11 10:44:03 - DEBUG - Node 10: {'depth': 3, 'occurrences': [4, 1, 0, 0], 'remaining_budget': 1, 'node_type': 'root'}
2025-12-11 10:44:03 - DEBUG - Pruned by budget_infeasible at node 10
2025-12-11 10:44:03 - DEBUG - Evaluated leaf node: makespan=12.0
2025-12-11 10:44:03 - DEBUG -   Node: {'depth': 3, 'occurrences': [4, 1, 0, 0], 'remaining_budget': 1, 'node_type': 'root'}
2025-12-11 10:44:03 - DEBUG - Node 11: {'depth': 0, 'occurrences': [3, 0, 0, 0], 'remaining_budget': 6, 'node_type': 'left'}
2025-12-11 10:44:03 - DEBUG - Bound: 18.00 (ceil_knapsack_dp) = remaining 10.00 + committed 8.00 at depth 0
2025-12-11 10:44:03 - DEBUG - Node 12: {'depth': 1, 'occurrences': [3, 0, 0, 0], 'remaining_budget': 6, 'node_type': 'root'}
2025-12-11 10:44:03 - DEBUG - Bound: 18.00 (ceil_knapsack_dp) = remaining 10.00 + committed 8.00 at depth 1
2025-12-11 10:44:03 - DEBUG - Node 13: {'depth': 2, 'occurrences': [3, 0, 0, 0], 'remaining_budget': 6, 'node_type': 'root'}
2025-12-11 10:44:03 - DEBUG - Bound: 18.00 (ceil_knapsack_dp) = remaining 10.00 + committed 8.00 at depth 2
2025-12-11 10:44:03 - DEBUG - Node 14: {'depth': 3, 'occurrences': [3, 0, 0, 0], 'remaining_budget': 6, 'node_type': 'root'}
2025-12-11 10:44:03 - DEBUG - Evaluated leaf node: makespan=8.0
2025-12-11 10:44:03 - DEBUG -   Node: {'depth': 3, 'occurrences': [3, 0, 0, 0], 'remaining_budget': 6, 'node_type': 'root'}
2025-12-11 10:44:03 - DEBUG - Node 15: {'depth': 3, 'occurrences': [3, 0, 0, 1], 'remaining_budget': 1, 'node_type': 'right'}
2025-12-11 10:44:03 - DEBUG - Pruned by budget_infeasible at node 15
2025-12-11 10:44:03 - DEBUG - Evaluated leaf node: makespan=12.0
2025-12-11 10:44:03 - DEBUG -   Node: {'depth': 3, 'occurrences': [3, 0, 0, 1], 'remaining_budget': 1, 'node_type': 'right'}
2025-12-11 10:44:03 - DEBUG - Node 16: {'depth': 2, 'occurrences': [3, 0, 1, 0], 'remaining_budget': 2, 'node_type': 'right'}
2025-12-11 10:44:03 - DEBUG - Pruned by budget_infeasible at node 16
2025-12-11 10:44:03 - DEBUG - Bound: 12.00 (ceil_knapsack_dp) = remaining 0.00 + committed 12.00 at depth 2
2025-12-11 10:44:03 - DEBUG - Pruned by bound_dominated at node 16
2025-12-11 10:44:03 - DEBUG - Node 17: {'depth': 1, 'occurrences': [3, 1, 0, 0], 'remaining_budget': 3, 'node_type': 'right'}
2025-12-11 10:44:03 - DEBUG - Bound: 10.00 (ceil_knapsack_dp) = remaining 0.00 + committed 10.00 at depth 1
2025-12-11 10:44:03 - DEBUG - Pruned by bound_dominated at node 17
2025-12-11 10:44:03 - DEBUG - Node 18: {'depth': 1, 'occurrences': [3, 2, 0, 0], 'remaining_budget': 0, 'node_type': 'right'}
2025-12-11 10:44:03 - DEBUG - Pruned by budget_infeasible at node 18
2025-12-11 10:44:03 - DEBUG - Bound: 14.00 (ceil_knapsack_dp) = remaining 0.00 + committed 14.00 at depth 1
2025-12-11 10:44:03 - DEBUG - Node 19: {'depth': 2, 'occurrences': [3, 2, 0, 0], 'remaining_budget': 0, 'node_type': 'root'}
2025-12-11 10:44:03 - DEBUG - Pruned by budget_infeasible at node 19
2025-12-11 10:44:03 - DEBUG - Bound: 14.00 (ceil_knapsack_dp) = remaining 0.00 + committed 14.00 at depth 2
2025-12-11 10:44:03 - DEBUG - Node 20: {'depth': 3, 'occurrences': [3, 2, 0, 0], 'remaining_budget': 0, 'node_type': 'root'}
2025-12-11 10:44:03 - DEBUG - Pruned by budget_infeasible at node 20
2025-12-11 10:44:03 - DEBUG - Evaluated leaf node: makespan=12.0
2025-12-11 10:44:03 - DEBUG -   Node: {'depth': 3, 'occurrences': [3, 2, 0, 0], 'remaining_budget': 0, 'node_type': 'root'}
2025-12-11 10:44:03 - DEBUG - Node 21: {'depth': 0, 'occurrences': [2, 0, 0, 0], 'remaining_budget': 8, 'node_type': 'left'}
2025-12-11 10:44:03 - DEBUG - Bound: 20.00 (ceil_knapsack_dp) = remaining 16.00 + committed 4.00 at depth 0
2025-12-11 10:44:03 - DEBUG - Node 22: {'depth': 1, 'occurrences': [2, 0, 0, 0], 'remaining_budget': 8, 'node_type': 'root'}
2025-12-11 10:44:03 - DEBUG - Bound: 14.00 (ceil_knapsack_dp) = remaining 10.00 + committed 4.00 at depth 1
2025-12-11 10:44:03 - DEBUG - Node 23: {'depth': 2, 'occurrences': [2, 0, 0, 0], 'remaining_budget': 8, 'node_type': 'root'}
2025-12-11 10:44:03 - DEBUG - Bound: 14.00 (ceil_knapsack_dp) = remaining 10.00 + committed 4.00 at depth 2
2025-12-11 10:44:03 - DEBUG - Node 24: {'depth': 3, 'occurrences': [2, 0, 0, 0], 'remaining_budget': 8, 'node_type': 'root'}
2025-12-11 10:44:03 - DEBUG - Evaluated leaf node: makespan=4.0
2025-12-11 10:44:03 - DEBUG -   Node: {'depth': 3, 'occurrences': [2, 0, 0, 0], 'remaining_budget': 8, 'node_type': 'root'}
2025-12-11 10:44:03 - DEBUG - Node 25: {'depth': 3, 'occurrences': [2, 0, 0, 1], 'remaining_budget': 3, 'node_type': 'right'}
2025-12-11 10:44:03 - DEBUG - Pruned by budget_infeasible at node 25
2025-12-11 10:44:03 - DEBUG - Evaluated leaf node: makespan=10.0
2025-12-11 10:44:03 - DEBUG -   Node: {'depth': 3, 'occurrences': [2, 0, 0, 1], 'remaining_budget': 3, 'node_type': 'right'}
2025-12-11 10:44:03 - DEBUG - Node 26: {'depth': 2, 'occurrences': [2, 0, 1, 0], 'remaining_budget': 4, 'node_type': 'right'}
2025-12-11 10:44:03 - DEBUG - Bound: 12.00 (ceil_knapsack_dp) = remaining 0.00 + committed 12.00 at depth 2
2025-12-11 10:44:03 - DEBUG - Pruned by bound_dominated at node 26
2025-12-11 10:44:03 - DEBUG - Node 27: {'depth': 2, 'occurrences': [2, 0, 2, 0], 'remaining_budget': 0, 'node_type': 'right'}
2025-12-11 10:44:03 - DEBUG - Pruned by budget_infeasible at node 27
2025-12-11 10:44:03 - DEBUG - Bound: 12.00 (ceil_knapsack_dp) = remaining 0.00 + committed 12.00 at depth 2
2025-12-11 10:44:03 - DEBUG - Pruned by bound_dominated at node 27
2025-12-11 10:44:03 - DEBUG - Node 28: {'depth': 1, 'occurrences': [2, 1, 0, 0], 'remaining_budget': 5, 'node_type': 'right'}
2025-12-11 10:44:03 - DEBUG - Bound: 20.00 (ceil_knapsack_dp) = remaining 10.00 + committed 10.00 at depth 1
2025-12-11 10:44:03 - DEBUG - Node 29: {'depth': 2, 'occurrences': [2, 1, 0, 0], 'remaining_budget': 5, 'node_type': 'root'}
2025-12-11 10:44:03 - DEBUG - Bound: 20.00 (ceil_knapsack_dp) = remaining 10.00 + committed 10.00 at depth 2
2025-12-11 10:44:03 - DEBUG - Node 30: {'depth': 3, 'occurrences': [2, 1, 0, 0], 'remaining_budget': 5, 'node_type': 'root'}
2025-12-11 10:44:03 - DEBUG - Evaluated leaf node: makespan=8.0
2025-12-11 10:44:03 - DEBUG -   Node: {'depth': 3, 'occurrences': [2, 1, 0, 0], 'remaining_budget': 5, 'node_type': 'root'}
2025-12-11 10:44:03 - DEBUG - Node 31: {'depth': 3, 'occurrences': [2, 1, 0, 1], 'remaining_budget': 0, 'node_type': 'right'}
2025-12-11 10:44:03 - DEBUG - Pruned by budget_infeasible at node 31
2025-12-11 10:44:03 - DEBUG - Evaluated leaf node: makespan=14.0
2025-12-11 10:44:03 - DEBUG -   Node: {'depth': 3, 'occurrences': [2, 1, 0, 1], 'remaining_budget': 0, 'node_type': 'right'}
2025-12-11 10:44:03 - INFO - ==================================================
2025-12-11 10:44:03 - INFO - NEW INCUMBENT: 14.0
2025-12-11 10:44:03 - INFO - Selection: [2, 1, 0, 1]
2025-12-11 10:44:03 - INFO - Found at node: 31
2025-12-11 10:44:03 - INFO - ==================================================
2025-12-11 10:44:03 - DEBUG - Node 32: {'depth': 2, 'occurrences': [2, 1, 1, 0], 'remaining_budget': 1, 'node_type': 'right'}
2025-12-11 10:44:03 - DEBUG - Pruned by budget_infeasible at node 32
2025-12-11 10:44:03 - DEBUG - Bound: 12.00 (ceil_knapsack_dp) = remaining 0.00 + committed 12.00 at depth 2
2025-12-11 10:44:03 - DEBUG - Pruned by bound_dominated at node 32
2025-12-11 10:44:03 - DEBUG - Node 33: {'depth': 1, 'occurrences': [2, 2, 0, 0], 'remaining_budget': 2, 'node_type': 'right'}
2025-12-11 10:44:03 - DEBUG - Pruned by budget_infeasible at node 33
2025-12-11 10:44:03 - DEBUG - Bound: 10.00 (ceil_knapsack_dp) = remaining 0.00 + committed 10.00 at depth 1
2025-12-11 10:44:03 - DEBUG - Pruned by bound_dominated at node 33
2025-12-11 10:44:03 - DEBUG - Node 34: {'depth': 0, 'occurrences': [1, 0, 0, 0], 'remaining_budget': 10, 'node_type': 'left'}
2025-12-11 10:44:03 - DEBUG - Bound: 22.00 (ceil_knapsack_dp) = remaining 18.00 + committed 4.00 at depth 0
2025-12-11 10:44:03 - DEBUG - Node 35: {'depth': 1, 'occurrences': [1, 0, 0, 0], 'remaining_budget': 10, 'node_type': 'root'}
2025-12-11 10:44:03 - DEBUG - Bound: 22.00 (ceil_knapsack_dp) = remaining 18.00 + committed 4.00 at depth 1
2025-12-11 10:44:03 - DEBUG - Node 36: {'depth': 2, 'occurrences': [1, 0, 0, 0], 'remaining_budget': 10, 'node_type': 'root'}
2025-12-11 10:44:03 - DEBUG - Bound: 14.00 (ceil_knapsack_dp) = remaining 10.00 + committed 4.00 at depth 2
2025-12-11 10:44:03 - DEBUG - Pruned by bound_dominated at node 36
2025-12-11 10:44:03 - DEBUG - Node 37: {'depth': 2, 'occurrences': [1, 0, 1, 0], 'remaining_budget': 6, 'node_type': 'right'}
2025-12-11 10:44:03 - DEBUG - Bound: 18.00 (ceil_knapsack_dp) = remaining 10.00 + committed 8.00 at depth 2
2025-12-11 10:44:03 - DEBUG - Node 38: {'depth': 3, 'occurrences': [1, 0, 1, 0], 'remaining_budget': 6, 'node_type': 'root'}
2025-12-11 10:44:03 - DEBUG - Evaluated leaf node: makespan=8.0
2025-12-11 10:44:03 - DEBUG -   Node: {'depth': 3, 'occurrences': [1, 0, 1, 0], 'remaining_budget': 6, 'node_type': 'root'}
2025-12-11 10:44:03 - DEBUG - Node 39: {'depth': 3, 'occurrences': [1, 0, 1, 1], 'remaining_budget': 1, 'node_type': 'right'}
2025-12-11 10:44:03 - DEBUG - Pruned by budget_infeasible at node 39
2025-12-11 10:44:03 - DEBUG - Evaluated leaf node: makespan=12.0
2025-12-11 10:44:03 - DEBUG -   Node: {'depth': 3, 'occurrences': [1, 0, 1, 1], 'remaining_budget': 1, 'node_type': 'right'}
2025-12-11 10:44:03 - DEBUG - Node 40: {'depth': 2, 'occurrences': [1, 0, 2, 0], 'remaining_budget': 2, 'node_type': 'right'}
2025-12-11 10:44:03 - DEBUG - Pruned by budget_infeasible at node 40
2025-12-11 10:44:03 - DEBUG - Bound: 12.00 (ceil_knapsack_dp) = remaining 0.00 + committed 12.00 at depth 2
2025-12-11 10:44:03 - DEBUG - Pruned by bound_dominated at node 40
2025-12-11 10:44:03 - DEBUG - Node 41: {'depth': 1, 'occurrences': [1, 1, 0, 0], 'remaining_budget': 7, 'node_type': 'right'}
2025-12-11 10:44:03 - DEBUG - Bound: 16.00 (ceil_knapsack_dp) = remaining 10.00 + committed 6.00 at depth 1
2025-12-11 10:44:03 - DEBUG - Node 42: {'depth': 2, 'occurrences': [1, 1, 0, 0], 'remaining_budget': 7, 'node_type': 'root'}
2025-12-11 10:44:03 - DEBUG - Bound: 16.00 (ceil_knapsack_dp) = remaining 10.00 + committed 6.00 at depth 2
2025-12-11 10:44:03 - DEBUG - Node 43: {'depth': 3, 'occurrences': [1, 1, 0, 0], 'remaining_budget': 7, 'node_type': 'root'}
2025-12-11 10:44:03 - DEBUG - Evaluated leaf node: makespan=6.0
2025-12-11 10:44:03 - DEBUG -   Node: {'depth': 3, 'occurrences': [1, 1, 0, 0], 'remaining_budget': 7, 'node_type': 'root'}
2025-12-11 10:44:03 - DEBUG - Node 44: {'depth': 3, 'occurrences': [1, 1, 0, 1], 'remaining_budget': 2, 'node_type': 'right'}
2025-12-11 10:44:03 - DEBUG - Pruned by budget_infeasible at node 44
2025-12-11 10:44:03 - DEBUG - Evaluated leaf node: makespan=10.0
2025-12-11 10:44:03 - DEBUG -   Node: {'depth': 3, 'occurrences': [1, 1, 0, 1], 'remaining_budget': 2, 'node_type': 'right'}
2025-12-11 10:44:03 - DEBUG - Node 45: {'depth': 2, 'occurrences': [1, 1, 1, 0], 'remaining_budget': 3, 'node_type': 'right'}
2025-12-11 10:44:03 - DEBUG - Pruned by budget_infeasible at node 45
2025-12-11 10:44:03 - DEBUG - Bound: 12.00 (ceil_knapsack_dp) = remaining 0.00 + committed 12.00 at depth 2
2025-12-11 10:44:03 - DEBUG - Pruned by bound_dominated at node 45
2025-12-11 10:44:03 - DEBUG - Node 46: {'depth': 1, 'occurrences': [1, 2, 0, 0], 'remaining_budget': 4, 'node_type': 'right'}
2025-12-11 10:44:03 - DEBUG - Bound: 18.00 (ceil_knapsack_dp) = remaining 8.00 + committed 10.00 at depth 1
2025-12-11 10:44:03 - DEBUG - Node 47: {'depth': 2, 'occurrences': [1, 2, 0, 0], 'remaining_budget': 4, 'node_type': 'root'}
2025-12-11 10:44:03 - DEBUG - Bound: 10.00 (ceil_knapsack_dp) = remaining 0.00 + committed 10.00 at depth 2
2025-12-11 10:44:03 - DEBUG - Pruned by bound_dominated at node 47
2025-12-11 10:44:03 - DEBUG - Node 48: {'depth': 2, 'occurrences': [1, 2, 1, 0], 'remaining_budget': 0, 'node_type': 'right'}
2025-12-11 10:44:03 - DEBUG - Pruned by budget_infeasible at node 48
2025-12-11 10:44:03 - DEBUG - Bound: 14.00 (ceil_knapsack_dp) = remaining 0.00 + committed 14.00 at depth 2
2025-12-11 10:44:03 - DEBUG - Pruned by bound_dominated at node 48
2025-12-11 10:44:03 - DEBUG - Node 49: {'depth': 1, 'occurrences': [1, 3, 0, 0], 'remaining_budget': 1, 'node_type': 'right'}
2025-12-11 10:44:03 - DEBUG - Pruned by budget_infeasible at node 49
2025-12-11 10:44:03 - DEBUG - Bound: 12.00 (ceil_knapsack_dp) = remaining 0.00 + committed 12.00 at depth 1
2025-12-11 10:44:03 - DEBUG - Pruned by bound_dominated at node 49
2025-12-11 10:44:03 - DEBUG - Node 50: {'depth': 0, 'occurrences': [0, 0, 0, 0], 'remaining_budget': 12, 'node_type': 'left'}
2025-12-11 10:44:03 - DEBUG - Bound: 24.00 (ceil_knapsack_dp) = remaining 24.00 + committed 0.00 at depth 0
2025-12-11 10:44:03 - DEBUG - Node 51: {'depth': 1, 'occurrences': [0, 0, 0, 0], 'remaining_budget': 12, 'node_type': 'root'}
2025-12-11 10:44:03 - DEBUG - Bound: 18.00 (ceil_knapsack_dp) = remaining 18.00 + committed 0.00 at depth 1
2025-12-11 10:44:03 - DEBUG - Node 52: {'depth': 2, 'occurrences': [0, 0, 0, 0], 'remaining_budget': 12, 'node_type': 'root'}
2025-12-11 10:44:03 - DEBUG - Bound: 10.00 (ceil_knapsack_dp) = remaining 10.00 + committed 0.00 at depth 2
2025-12-11 10:44:03 - DEBUG - Pruned by bound_dominated at node 52
2025-12-11 10:44:03 - DEBUG - Node 53: {'depth': 2, 'occurrences': [0, 0, 1, 0], 'remaining_budget': 8, 'node_type': 'right'}
2025-12-11 10:44:03 - DEBUG - Bound: 18.00 (ceil_knapsack_dp) = remaining 10.00 + committed 8.00 at depth 2
2025-12-11 10:44:03 - DEBUG - Node 54: {'depth': 3, 'occurrences': [0, 0, 1, 0], 'remaining_budget': 8, 'node_type': 'root'}
2025-12-11 10:44:03 - DEBUG - Evaluated leaf node: makespan=8.0
2025-12-11 10:44:03 - DEBUG -   Node: {'depth': 3, 'occurrences': [0, 0, 1, 0], 'remaining_budget': 8, 'node_type': 'root'}
2025-12-11 10:44:03 - DEBUG - Node 55: {'depth': 3, 'occurrences': [0, 0, 1, 1], 'remaining_budget': 3, 'node_type': 'right'}
2025-12-11 10:44:03 - DEBUG - Pruned by budget_infeasible at node 55
2025-12-11 10:44:03 - DEBUG - Evaluated leaf node: makespan=10.0
2025-12-11 10:44:03 - DEBUG -   Node: {'depth': 3, 'occurrences': [0, 0, 1, 1], 'remaining_budget': 3, 'node_type': 'right'}
2025-12-11 10:44:03 - DEBUG - Node 56: {'depth': 2, 'occurrences': [0, 0, 2, 0], 'remaining_budget': 4, 'node_type': 'right'}
2025-12-11 10:44:03 - DEBUG - Bound: 8.00 (ceil_knapsack_dp) = remaining 0.00 + committed 8.00 at depth 2
2025-12-11 10:44:03 - DEBUG - Pruned by bound_dominated at node 56
2025-12-11 10:44:03 - DEBUG - Node 57: {'depth': 2, 'occurrences': [0, 0, 3, 0], 'remaining_budget': 0, 'node_type': 'right'}
2025-12-11 10:44:03 - DEBUG - Pruned by budget_infeasible at node 57
2025-12-11 10:44:03 - DEBUG - Bound: 16.00 (ceil_knapsack_dp) = remaining 0.00 + committed 16.00 at depth 2
2025-12-11 10:44:03 - DEBUG - Node 58: {'depth': 3, 'occurrences': [0, 0, 3, 0], 'remaining_budget': 0, 'node_type': 'root'}
2025-12-11 10:44:03 - DEBUG - Pruned by budget_infeasible at node 58
2025-12-11 10:44:03 - DEBUG - Evaluated leaf node: makespan=16.0
2025-12-11 10:44:03 - DEBUG -   Node: {'depth': 3, 'occurrences': [0, 0, 3, 0], 'remaining_budget': 0, 'node_type': 'root'}
2025-12-11 10:44:03 - INFO - ==================================================
2025-12-11 10:44:03 - INFO - NEW INCUMBENT: 16.0
2025-12-11 10:44:03 - INFO - Selection: [0, 0, 3, 0]
2025-12-11 10:44:03 - INFO - Found at node: 58
2025-12-11 10:44:03 - INFO - ==================================================
2025-12-11 10:44:03 - DEBUG - Node 59: {'depth': 1, 'occurrences': [0, 1, 0, 0], 'remaining_budget': 9, 'node_type': 'right'}
2025-12-11 10:44:03 - DEBUG - Bound: 24.00 (ceil_knapsack_dp) = remaining 18.00 + committed 6.00 at depth 1
2025-12-11 10:44:03 - DEBUG - Node 60: {'depth': 2, 'occurrences': [0, 1, 0, 0], 'remaining_budget': 9, 'node_type': 'root'}
2025-12-11 10:44:03 - DEBUG - Bound: 16.00 (ceil_knapsack_dp) = remaining 10.00 + committed 6.00 at depth 2
2025-12-11 10:44:03 - DEBUG - Pruned by bound_dominated at node 60
2025-12-11 10:44:03 - DEBUG - Node 61: {'depth': 2, 'occurrences': [0, 1, 1, 0], 'remaining_budget': 5, 'node_type': 'right'}
2025-12-11 10:44:03 - DEBUG - Bound: 18.00 (ceil_knapsack_dp) = remaining 10.00 + committed 8.00 at depth 2
2025-12-11 10:44:03 - DEBUG - Node 62: {'depth': 3, 'occurrences': [0, 1, 1, 0], 'remaining_budget': 5, 'node_type': 'root'}
2025-12-11 10:44:03 - DEBUG - Evaluated leaf node: makespan=8.0
2025-12-11 10:44:03 - DEBUG -   Node: {'depth': 3, 'occurrences': [0, 1, 1, 0], 'remaining_budget': 5, 'node_type': 'root'}
2025-12-11 10:44:03 - DEBUG - Node 63: {'depth': 3, 'occurrences': [0, 1, 1, 1], 'remaining_budget': 0, 'node_type': 'right'}
2025-12-11 10:44:03 - DEBUG - Pruned by budget_infeasible at node 63
2025-12-11 10:44:03 - DEBUG - Evaluated leaf node: makespan=14.0
2025-12-11 10:44:03 - DEBUG -   Node: {'depth': 3, 'occurrences': [0, 1, 1, 1], 'remaining_budget': 0, 'node_type': 'right'}
2025-12-11 10:44:03 - DEBUG - Node 64: {'depth': 2, 'occurrences': [0, 1, 2, 0], 'remaining_budget': 1, 'node_type': 'right'}
2025-12-11 10:44:03 - DEBUG - Pruned by budget_infeasible at node 64
2025-12-11 10:44:03 - DEBUG - Bound: 14.00 (ceil_knapsack_dp) = remaining 0.00 + committed 14.00 at depth 2
2025-12-11 10:44:03 - DEBUG - Pruned by bound_dominated at node 64
2025-12-11 10:44:03 - DEBUG - Node 65: {'depth': 1, 'occurrences': [0, 2, 0, 0], 'remaining_budget': 6, 'node_type': 'right'}
2025-12-11 10:44:03 - DEBUG - Bound: 16.00 (ceil_knapsack_dp) = remaining 10.00 + committed 6.00 at depth 1
2025-12-11 10:44:03 - DEBUG - Pruned by bound_dominated at node 65
2025-12-11 10:44:03 - DEBUG - Node 66: {'depth': 1, 'occurrences': [0, 3, 0, 0], 'remaining_budget': 3, 'node_type': 'right'}
2025-12-11 10:44:03 - DEBUG - Bound: 12.00 (ceil_knapsack_dp) = remaining 0.00 + committed 12.00 at depth 1
2025-12-11 10:44:03 - DEBUG - Pruned by bound_dominated at node 66
2025-12-11 10:44:03 - DEBUG - Node 67: {'depth': 1, 'occurrences': [0, 4, 0, 0], 'remaining_budget': 0, 'node_type': 'right'}
2025-12-11 10:44:03 - DEBUG - Pruned by budget_infeasible at node 67
2025-12-11 10:44:03 - DEBUG - Bound: 12.00 (ceil_knapsack_dp) = remaining 0.00 + committed 12.00 at depth 1
2025-12-11 10:44:03 - DEBUG - Pruned by bound_dominated at node 67
2025-12-11 10:44:03 - INFO - Computing final schedule for best solution...
2025-12-11 10:44:03 - INFO - Metrics saved to: C:\Users\oleda\.vscode\Solving stuff with Gurobi\logs\Uniform Ratios_20251211_104403_metrics.json
2025-12-11 10:44:03 - INFO - ============================================================
2025-12-11 10:44:03 - INFO - Branch-and-bound completed
2025-12-11 10:44:03 - INFO - Total runtime: 0.019 seconds
2025-12-11 10:44:03 - INFO - Nodes explored: 67
2025-12-11 10:44:03 - INFO - Nodes pruned: 22
2025-12-11 10:44:03 - INFO - Nodes evaluated: 18
2025-12-11 10:44:03 - INFO - Pruning rate: 32.84%
2025-12-11 10:44:03 - INFO - Final Result:
2025-12-11 10:44:03 - INFO -   Makespan: 16.0
2025-12-11 10:44:03 - INFO -   Selection: [0, 0, 3, 0]
2025-12-11 10:44:03 - INFO -   Schedule makespan: 16.0
2025-12-11 10:44:03 - INFO - ============================================================

======================================================================
ENUMERATION COMPARISON
======================================================================
BnB nodes explored: 67
Enumeration nodes evaluated: 46
Ratio (BnB/Enum): 1.46x
BnB runtime: 0.0190s
Enumeration runtime: 0.0240s
Speedup (Enum/BnB): 1.26x
Enumeration makespan: 16.0
BnB makespan: 16.0
Match: YES
======================================================================
